#
# A fatal error has been detected by the Java Runtime Environment:
#
#  EXCEPTION_ACCESS_VIOLATION (0xc0000005) at pc=0x00007fff9ffdf97b, pid=8384, tid=5364
#
# JRE version: Java(TM) SE Runtime Environment (20.0.1+9) (build 20.0.1+9-29)
# Java VM: Java HotSpot(TM) 64-Bit Server VM (20.0.1+9-29, mixed mode, sharing, tiered, compressed oops, compressed class ptrs, g1 gc, windows-amd64)
# Problematic frame:
# V  [jvm.dll+0xaf97b]
#
# No core dump will be written. Minidumps are not enabled by default on client versions of Windows
#
# If you would like to submit a bug report, please visit:
#   https://bugreport.java.com/bugreport/crash.jsp
#

---------------  S U M M A R Y ------------

Command Line: -javaagent:C:\Program Files\JetBrains\IntelliJ IDEA Community Edition 2023.1.3\lib\idea_rt.jar=53107:C:\Program Files\JetBrains\IntelliJ IDEA Community Edition 2023.1.3\bin -Dfile.encoding=UTF-8 -Dsun.stdout.encoding=UTF-8 -Dsun.stderr.encoding=UTF-8 com.example.ElectroJwt.ElectroJwtApplication

Host: Intel(R) Core(TM) i3-10110U CPU @ 2.10GHz, 4 cores, 7G,  Windows 10 , 64 bit Build 10586 (10.0.10586.0)
Time: Thu Jul  6 10:27:52 2023 Afr. centrale Ouest elapsed time: 2.956959 seconds (0d 0h 0m 2s)

---------------  T H R E A D  ---------------

Current thread (0x000001f1c6e34830):  JavaThread "C2 CompilerThread0" daemon [_thread_in_native, id=5364, stack(0x0000009eaaa00000,0x0000009eaab00000)]


Current CompileTask:
C2:   2957 3640       4       org.springframework.core.annotation.AnnotationsScanner::getDeclaredAnnotations (166 bytes)

Stack: [0x0000009eaaa00000,0x0000009eaab00000],  sp=0x0000009eaaafba70,  free space=1006k
Native frames: (J=compiled Java code, j=interpreted, Vv=VM code, C=native code)
V  [jvm.dll+0xaf97b]
V  [jvm.dll+0x1e915e]
V  [jvm.dll+0x1e6ac4]
V  [jvm.dll+0x24b3ab]
V  [jvm.dll+0x24a651]
V  [jvm.dll+0x1ce491]
V  [jvm.dll+0x259e1b]
V  [jvm.dll+0x2584f0]
V  [jvm.dll+0x3f2895]
V  [jvm.dll+0x7f4b56]
V  [jvm.dll+0x6ba5cb]
C  [ucrtbase.dll+0x6be1d]
C  [KERNEL32.DLL+0x18102]
C  [ntdll.dll+0x5c5b4]


siginfo: EXCEPTION_ACCESS_VIOLATION (0xc0000005), reading address 0x00007fff807f4938


Registers:
RAX=0x00007fff807f4908, RBX=0x000001f1cdba7d90, RCX=0x000001f1cb943310, RDX=0x00000000000006e6
RSP=0x0000009eaaafba70, RBP=0x000001f1cb6a36c8, RSI=0x0000009eaaafbfc0, RDI=0xffffffffffffffff
R8 =0x00000000ffffffff, R9 =0x0000000000000001, R10=0x0000000000000008, R11=0x3333333333333333
R12=0x0000000000000001, R13=0x0000000000000001, R14=0x000001f1cb943280, R15=0x000001f1cb73e520
RIP=0x00007fff9ffdf97b, EFLAGS=0x0000000000010202


Register to memory mapping:

RIP=0x00007fff9ffdf97b jvm.dll
RAX=0x00007fff807f4908 is an unknown value
RBX=0x000001f1cdba7d90 points into unknown readable memory: 0x0000000000000000 | 00 00 00 00 00 00 00 00
RCX=0x000001f1cb943310 points into unknown readable memory: 0x00007fff807f4908 | 08 49 7f 80 ff 7f 00 00
RDX=0x00000000000006e6 is an unknown value
RSP=0x0000009eaaafba70 is pointing into the stack for thread: 0x000001f1c6e34830
RBP=0x000001f1cb6a36c8 points into unknown readable memory: 0x00007fffa0875b90 | 90 5b 87 a0 ff 7f 00 00
RSI=0x0000009eaaafbfc0 is pointing into the stack for thread: 0x000001f1c6e34830
RDI=0xffffffffffffffff is an unknown value
R8 =0x00000000ffffffff is an unallocated location in the heap
R9 =0x0000000000000001 is an unknown value
R10=0x0000000000000008 is an unknown value
R11=0x3333333333333333 is an unknown value
R12=0x0000000000000001 is an unknown value
R13=0x0000000000000001 is an unknown value
R14=0x000001f1cb943280 points into unknown readable memory: 0x00007fffa0802d38 | 38 2d 80 a0 ff 7f 00 00
R15=0x000001f1cb73e520 points into unknown readable memory: 0xffffffff3f3fffff | ff ff 3f 3f ff ff ff ff


Top of Stack: (sp=0x0000009eaaafba70)
0x0000009eaaafba70:   000001f1cb8733b0 0000009eaaafbfc0
0x0000009eaaafba80:   000001f1cb73e470 000001f1cb945540
0x0000009eaaafba90:   ffffffffffffffff 00007fffa011915e
0x0000009eaaafbaa0:   000001f1cdba7ce0 00000000000003e7
0x0000009eaaafbab0:   000001f1cb6a3988 000001f1cb9c79a0
0x0000009eaaafbac0:   000003fa00000001 00007fff00000005
0x0000009eaaafbad0:   000001f1cb6a36c8 000000000005dd80
0x0000009eaaafbae0:   0000000000000000 0000000000000000
0x0000009eaaafbaf0:   000000000005dcd0 000001f1c6e64a60
0x0000009eaaafbb00:   0000009eaaafc0a0 0000000000000001
0x0000009eaaafbb10:   000001f1c6e64a70 0000009eaaafbc40
0x0000009eaaafbb20:   0000000000000000 000001f1c6e64e48
0x0000009eaaafbb30:   0000009eaaafbfc0 00007fffa0116ac4
0x0000009eaaafbb40:   0000009eaaafbfc0 0000009eaaafbf01
0x0000009eaaafbb50:   0000009eaaafbc01 00007fffffffffff
0x0000009eaaafbb60:   0000000000000000 0000000000000001
0x0000009eaaafbb70:   0000000000000007 000001f1c6e64a60
0x0000009eaaafbb80:   000001f1cdb5bf60 000001f1cdbb9cf0
0x0000009eaaafbb90:   000001f1cdbb9cf0 00000000000b3658
0x0000009eaaafbba0:   000001f1c6e64a70 0000000000000000
0x0000009eaaafbbb0:   0000000000000000 0000000000000000
0x0000009eaaafbbc0:   0000000000000000 0000000000000000
0x0000009eaaafbbd0:   0000000000000000 00007fffa08890c0
0x0000009eaaafbbe0:   0000000000000000 0000000000000000
0x0000009eaaafbbf0:   0000000000000000 00007fffa08890c0
0x0000009eaaafbc00:   0000009eaaafbc00 000001f13f4f392f
0x0000009eaaafbc10:   000001f10000000c 0000009eaaafe500
0x0000009eaaafbc20:   000001f1cdcb0090 00007fff9fff2a00
0x0000009eaaafbc30:   000001f1cdb5bf70 000001f100000888
0x0000009eaaafbc40:   0000009eaaafbb70 000001f1c6e64a70
0x0000009eaaafbc50:   00007fffa0889090 000000000000000d
0x0000009eaaafbc60:   0000009eaaafe500 0000009eaaafbfc0 

Instructions: (pc=0x00007fff9ffdf97b)
0x00007fff9ffdf87b:   3b 53 04 7c f0 48 8b 4b 08 48 85 c9 74 0b f6 43
0x00007fff9ffdf88b:   10 01 74 05 e8 dc 1d 2f 00 48 89 7b 08 48 8b 7c
0x00007fff9ffdf89b:   24 48 48 63 13 4c 8b c6 48 3b d6 7d 1b 0f 1f 84
0x00007fff9ffdf8ab:   00 00 00 00 00 48 8b 4b 08 49 8b 06 48 89 04 d1
0x00007fff9ffdf8bb:   48 ff c2 48 3b d6 7c ed 89 2b 48 8b 6c 24 40 eb
0x00007fff9ffdf8cb:   03 4c 8b c6 48 8b 4b 08 49 8b 07 48 8b 5c 24 50
0x00007fff9ffdf8db:   4a 89 04 c1 48 83 c4 20 41 5f 41 5e 5e c3 cc cc
0x00007fff9ffdf8eb:   cc cc cc cc cc 48 83 ec 28 48 8b 49 50 48 8b 01
0x00007fff9ffdf8fb:   ff 50 40 48 83 c4 28 e9 59 6f 75 00 cc cc cc cc
0x00007fff9ffdf90b:   cc cc cc cc cc 48 83 ec 28 48 8b 89 80 00 00 00
0x00007fff9ffdf91b:   48 8b 01 ff 50 40 48 83 c4 28 e9 36 6f 75 00 cc
0x00007fff9ffdf92b:   cc cc cc cc cc 48 83 ec 28 48 8b 49 50 48 8b 01
0x00007fff9ffdf93b:   ff 50 48 48 83 c4 28 e9 79 6f 75 00 cc cc cc cc
0x00007fff9ffdf94b:   cc cc cc cc cc 48 83 ec 28 48 8b 89 80 00 00 00
0x00007fff9ffdf95b:   48 8b 01 ff 50 48 48 83 c4 28 e9 56 6f 75 00 cc
0x00007fff9ffdf96b:   cc cc cc cc cc 48 83 ec 28 48 8b 49 50 48 8b 01
0x00007fff9ffdf97b:   ff 50 30 48 8b c8 48 83 c4 28 e9 86 73 75 00 cc
0x00007fff9ffdf98b:   cc cc cc cc cc 48 83 ec 28 48 8b 49 50 48 8b 01
0x00007fff9ffdf99b:   ff 50 50 48 8b c8 48 83 c4 28 e9 06 76 75 00 cc
0x00007fff9ffdf9ab:   cc cc cc cc cc 48 8b 49 50 48 8b 01 48 ff a0 d8
0x00007fff9ffdf9bb:   00 00 00 cc cc 48 8b 05 09 b1 b3 00 c3 cc cc cc
0x00007fff9ffdf9cb:   cc cc cc cc cc 48 8b 41 08 48 8b 48 08 48 8b 01
0x00007fff9ffdf9db:   48 ff 60 28 cc 48 8b 05 71 b1 b3 00 c3 cc cc cc
0x00007fff9ffdf9eb:   cc cc cc cc cc 48 8b 41 58 c3 cc cc cc cc cc cc
0x00007fff9ffdf9fb:   cc cc cc cc cc 48 8b 41 68 c3 cc cc cc cc cc cc
0x00007fff9ffdfa0b:   cc cc cc cc cc 48 83 ec 28 ba df 01 00 00 48 8d
0x00007fff9ffdfa1b:   0d b8 a7 80 00 e8 2b 0f 1d 00 48 83 c4 28 e9 e2
0x00007fff9ffdfa2b:   b8 60 00 cc cc b8 99 00 00 00 c3 cc cc cc cc cc
0x00007fff9ffdfa3b:   cc cc cc cc cc b8 f0 00 00 00 c3 cc cc cc cc cc
0x00007fff9ffdfa4b:   cc cc cc cc cc b8 ee 00 00 00 c3 cc cc cc cc cc
0x00007fff9ffdfa5b:   cc cc cc cc cc b8 ec 00 00 00 c3 cc cc cc cc cc
0x00007fff9ffdfa6b:   cc cc cc cc cc b8 c1 01 00 00 c3 cc cc cc cc cc 


Stack slot to memory mapping:
stack at sp + 0 slots: 0x000001f1cb8733b0 points into unknown readable memory: 0x0000000000c00000 | 00 00 c0 00 00 00 00 00
stack at sp + 1 slots: 0x0000009eaaafbfc0 is pointing into the stack for thread: 0x000001f1c6e34830
stack at sp + 2 slots: 0x000001f1cb73e470 points into unknown readable memory: 0xffffffff3f3fffff | ff ff 3f 3f ff ff ff ff
stack at sp + 3 slots: 0x000001f1cb945540 points into unknown readable memory: 0x00007fffa0802d38 | 38 2d 80 a0 ff 7f 00 00
stack at sp + 4 slots: 0xffffffffffffffff is an unknown value
stack at sp + 5 slots: 0x00007fffa011915e jvm.dll
stack at sp + 6 slots: 0x000001f1cdba7ce0 points into unknown readable memory: 0x0000000000000000 | 00 00 00 00 00 00 00 00
stack at sp + 7 slots: 0x00000000000003e7 is an unknown value


---------------  P R O C E S S  ---------------

Threads class SMR info:
_java_thread_list=0x000001f1cc412980, length=15, elements={
0x000001f1aad742d0, 0x000001f1c6e22ad0, 0x000001f1c6e23570, 0x000001f1c6e2ab00,
0x000001f1c6e2c5b0, 0x000001f1c6e2d690, 0x000001f1c6e2f780, 0x000001f1c6e34830,
0x000001f1c6e37960, 0x000001f1cb0a0840, 0x000001f1cb243d90, 0x000001f1cb392fa0,
0x000001f1cb3934f0, 0x000001f1cbd2cdf0, 0x000001f1cbd1a0a0
}

Java Threads: ( => current thread )
  0x000001f1aad742d0 JavaThread "main" [_thread_blocked, id=940, stack(0x0000009ea9d00000,0x0000009ea9e00000)]
  0x000001f1c6e22ad0 JavaThread "Reference Handler" daemon [_thread_blocked, id=4196, stack(0x0000009eaa400000,0x0000009eaa500000)]
  0x000001f1c6e23570 JavaThread "Finalizer" daemon [_thread_blocked, id=5416, stack(0x0000009eaa500000,0x0000009eaa600000)]
  0x000001f1c6e2ab00 JavaThread "Signal Dispatcher" daemon [_thread_blocked, id=7824, stack(0x0000009eaa600000,0x0000009eaa700000)]
  0x000001f1c6e2c5b0 JavaThread "Attach Listener" daemon [_thread_blocked, id=7904, stack(0x0000009eaa700000,0x0000009eaa800000)]
  0x000001f1c6e2d690 JavaThread "Service Thread" daemon [_thread_blocked, id=7064, stack(0x0000009eaa800000,0x0000009eaa900000)]
  0x000001f1c6e2f780 JavaThread "Monitor Deflation Thread" daemon [_thread_blocked, id=6996, stack(0x0000009eaa900000,0x0000009eaaa00000)]
=>0x000001f1c6e34830 JavaThread "C2 CompilerThread0" daemon [_thread_in_native, id=5364, stack(0x0000009eaaa00000,0x0000009eaab00000)]
  0x000001f1c6e37960 JavaThread "C1 CompilerThread0" daemon [_thread_blocked, id=7136, stack(0x0000009eaab00000,0x0000009eaac00000)]
  0x000001f1cb0a0840 JavaThread "Common-Cleaner" daemon [_thread_blocked, id=1224, stack(0x0000009eaac00000,0x0000009eaad00000)]
  0x000001f1cb243d90 JavaThread "C2 CompilerThread1" daemon [_thread_in_native, id=7756, stack(0x0000009eaad00000,0x0000009eaae00000)]
  0x000001f1cb392fa0 JavaThread "Monitor Ctrl-Break" daemon [_thread_in_native, id=7828, stack(0x0000009eaae00000,0x0000009eaaf00000)]
  0x000001f1cb3934f0 JavaThread "Notification Thread" daemon [_thread_blocked, id=4144, stack(0x0000009eaaf00000,0x0000009eab000000)]
  0x000001f1cbd2cdf0 JavaThread "Thread-0" [_thread_blocked, id=6592, stack(0x0000009eab400000,0x0000009eab500000)]
  0x000001f1cbd1a0a0 JavaThread "restartedMain" [_thread_in_vm, id=1644, stack(0x0000009eab500000,0x0000009eab600000)]

Other Threads:
  0x000001f1c6e08200 VMThread "VM Thread" [stack: 0x0000009eaa300000,0x0000009eaa400000] [id=7452]
  0x000001f1cb393a40 WatcherThread "VM Periodic Task Thread" [stack: 0x0000009eab000000,0x0000009eab100000] [id=6012]
  0x000001f1aadd2910 WorkerThread "GC Thread#0" [stack: 0x0000009ea9e00000,0x0000009ea9f00000] [id=8092]
  0x000001f1cbbab700 WorkerThread "GC Thread#1" [stack: 0x0000009eab100000,0x0000009eab200000] [id=432]
  0x000001f1cbbab9d0 WorkerThread "GC Thread#2" [stack: 0x0000009eab200000,0x0000009eab300000] [id=2212]
  0x000001f1cbbca430 WorkerThread "GC Thread#3" [stack: 0x0000009eab300000,0x0000009eab400000] [id=552]
  0x000001f1aade3440 ConcurrentGCThread "G1 Main Marker" [stack: 0x0000009ea9f00000,0x0000009eaa000000] [id=8216]
  0x000001f1aade3f10 WorkerThread "G1 Conc#0" [stack: 0x0000009eaa000000,0x0000009eaa100000] [id=8916]
  0x000001f1aae3e640 ConcurrentGCThread "G1 Refine#0" [stack: 0x0000009eaa100000,0x0000009eaa200000] [id=4092]
  0x000001f1c6cc43d0 ConcurrentGCThread "G1 Service" [stack: 0x0000009eaa200000,0x0000009eaa300000] [id=5116]

Threads with active compile tasks:
C2 CompilerThread0     2981 3640       4       org.springframework.core.annotation.AnnotationsScanner::getDeclaredAnnotations (166 bytes)
C2 CompilerThread1     2981 3657   !   4       org.springframework.core.annotation.AnnotationsScanner::processClassHierarchy (234 bytes)

VM state: not at safepoint (normal execution)

VM Mutex/Monitor currently owned by a thread: None

Heap address: 0x0000000082400000, size: 2012 MB, Compressed Oops mode: 32-bit

CDS archive(s) mapped at: [0x0000000800000000-0x0000000800c60000-0x0000000800c60000), size 12976128, SharedBaseAddress: 0x0000000800000000, ArchiveRelocationMode: 0.
Compressed class space mapped at: 0x0000000801000000-0x0000000841000000, reserved size: 1073741824
Narrow klass base: 0x0000000800000000, Narrow klass shift: 0, Narrow klass range: 0x100000000

GC Precious Log:
 CardTable entry size: 512
 Card Set container configuration: InlinePtr #cards 5 size 8 Array Of Cards #cards 12 size 40 Howl #buckets 4 coarsen threshold 1843 Howl Bitmap #cards 512 size 80 coarsen threshold 460 Card regions per heap region 1 cards per card region 2048
 CPUs: 4 total, 4 available
 Memory: 8045M
 Large Page Support: Disabled
 NUMA Support: Disabled
 Compressed Oops: Enabled (32-bit)
 Heap Region Size: 1M
 Heap Min Capacity: 8M
 Heap Initial Capacity: 126M
 Heap Max Capacity: 2012M
 Pre-touch: Disabled
 Parallel Workers: 4
 Concurrent Workers: 1
 Concurrent Refinement Workers: 4
 Periodic GC: Disabled

Heap:
 garbage-first heap   total 48128K, used 19056K [0x0000000082400000, 0x0000000100000000)
  region size 1024K, 7 young (7168K), 3 survivors (3072K)
 Metaspace       used 26451K, committed 26944K, reserved 1114112K
  class space    used 3299K, committed 3520K, reserved 1048576K

Heap Regions: E=young(eden), S=young(survivor), O=old, HS=humongous(starts), HC=humongous(continues), CS=collection set, F=free, OA=open archive, CA=closed archive, TAMS=top-at-mark-start, PB=parsable bottom
|   0|0x0000000082400000, 0x0000000082500000, 0x0000000082500000|100%|HS|  |TAMS 0x0000000082400000| PB 0x0000000082400000| Complete 
|   1|0x0000000082500000, 0x0000000082600000, 0x0000000082600000|100%| O|  |TAMS 0x0000000082500000| PB 0x0000000082500000| Untracked 
|   2|0x0000000082600000, 0x0000000082700000, 0x0000000082700000|100%| O|  |TAMS 0x0000000082600000| PB 0x0000000082600000| Untracked 
|   3|0x0000000082700000, 0x0000000082800000, 0x0000000082800000|100%| O|  |TAMS 0x0000000082700000| PB 0x0000000082700000| Untracked 
|   4|0x0000000082800000, 0x0000000082900000, 0x0000000082900000|100%| O|  |TAMS 0x0000000082800000| PB 0x0000000082800000| Untracked 
|   5|0x0000000082900000, 0x0000000082a00000, 0x0000000082a00000|100%| O|  |TAMS 0x0000000082900000| PB 0x0000000082900000| Untracked 
|   6|0x0000000082a00000, 0x0000000082a8aa00, 0x0000000082b00000| 54%| O|  |TAMS 0x0000000082a00000| PB 0x0000000082a00000| Complete 
|   7|0x0000000082b00000, 0x0000000082c00000, 0x0000000082c00000|100%| O|  |TAMS 0x0000000082b00000| PB 0x0000000082b00000| Untracked 
|   8|0x0000000082c00000, 0x0000000082d00000, 0x0000000082d00000|100%| O|  |TAMS 0x0000000082c00000| PB 0x0000000082c00000| Untracked 
|   9|0x0000000082d00000, 0x0000000082e00000, 0x0000000082e00000|100%| O|  |TAMS 0x0000000082d00000| PB 0x0000000082d00000| Untracked 
|  10|0x0000000082e00000, 0x0000000082f00000, 0x0000000082f00000|100%| O|  |TAMS 0x0000000082e00000| PB 0x0000000082e00000| Untracked 
|  11|0x0000000082f00000, 0x0000000083000000, 0x0000000083000000|100%| O|  |TAMS 0x0000000082f00000| PB 0x0000000082f00000| Untracked 
|  12|0x0000000083000000, 0x0000000083100000, 0x0000000083100000|100%| O|  |TAMS 0x0000000083000000| PB 0x0000000083000000| Untracked 
|  13|0x0000000083100000, 0x0000000083143000, 0x0000000083200000| 26%| O|  |TAMS 0x0000000083100000| PB 0x0000000083100000| Untracked 
|  14|0x0000000083200000, 0x0000000083200000, 0x0000000083300000|  0%| F|  |TAMS 0x0000000083200000| PB 0x0000000083200000| Untracked 
|  15|0x0000000083300000, 0x0000000083300000, 0x0000000083400000|  0%| F|  |TAMS 0x0000000083300000| PB 0x0000000083300000| Untracked 
|  16|0x0000000083400000, 0x00000000834ce820, 0x0000000083500000| 80%| S|CS|TAMS 0x0000000083400000| PB 0x0000000083400000| Complete 
|  17|0x0000000083500000, 0x0000000083600000, 0x0000000083600000|100%| S|CS|TAMS 0x0000000083500000| PB 0x0000000083500000| Complete 
|  18|0x0000000083600000, 0x0000000083700000, 0x0000000083700000|100%| S|CS|TAMS 0x0000000083600000| PB 0x0000000083600000| Complete 
|  19|0x0000000083700000, 0x0000000083700000, 0x0000000083800000|  0%| F|  |TAMS 0x0000000083700000| PB 0x0000000083700000| Untracked 
|  20|0x0000000083800000, 0x0000000083800000, 0x0000000083900000|  0%| F|  |TAMS 0x0000000083800000| PB 0x0000000083800000| Untracked 
|  21|0x0000000083900000, 0x0000000083900000, 0x0000000083a00000|  0%| F|  |TAMS 0x0000000083900000| PB 0x0000000083900000| Untracked 
|  22|0x0000000083a00000, 0x0000000083a00000, 0x0000000083b00000|  0%| F|  |TAMS 0x0000000083a00000| PB 0x0000000083a00000| Untracked 
|  23|0x0000000083b00000, 0x0000000083b00000, 0x0000000083c00000|  0%| F|  |TAMS 0x0000000083b00000| PB 0x0000000083b00000| Untracked 
|  24|0x0000000083c00000, 0x0000000083c00000, 0x0000000083d00000|  0%| F|  |TAMS 0x0000000083c00000| PB 0x0000000083c00000| Untracked 
|  25|0x0000000083d00000, 0x0000000083d00000, 0x0000000083e00000|  0%| F|  |TAMS 0x0000000083d00000| PB 0x0000000083d00000| Untracked 
|  26|0x0000000083e00000, 0x0000000083e00000, 0x0000000083f00000|  0%| F|  |TAMS 0x0000000083e00000| PB 0x0000000083e00000| Untracked 
|  27|0x0000000083f00000, 0x0000000083f00000, 0x0000000084000000|  0%| F|  |TAMS 0x0000000083f00000| PB 0x0000000083f00000| Untracked 
|  28|0x0000000084000000, 0x0000000084000000, 0x0000000084100000|  0%| F|  |TAMS 0x0000000084000000| PB 0x0000000084000000| Untracked 
|  29|0x0000000084100000, 0x0000000084100000, 0x0000000084200000|  0%| F|  |TAMS 0x0000000084100000| PB 0x0000000084100000| Untracked 
|  30|0x0000000084200000, 0x0000000084200000, 0x0000000084300000|  0%| F|  |TAMS 0x0000000084200000| PB 0x0000000084200000| Untracked 
|  31|0x0000000084300000, 0x0000000084300000, 0x0000000084400000|  0%| F|  |TAMS 0x0000000084300000| PB 0x0000000084300000| Untracked 
|  32|0x0000000084400000, 0x0000000084400000, 0x0000000084500000|  0%| F|  |TAMS 0x0000000084400000| PB 0x0000000084400000| Untracked 
|  33|0x0000000084500000, 0x0000000084500000, 0x0000000084600000|  0%| F|  |TAMS 0x0000000084500000| PB 0x0000000084500000| Untracked 
|  34|0x0000000084600000, 0x0000000084600000, 0x0000000084700000|  0%| F|  |TAMS 0x0000000084600000| PB 0x0000000084600000| Untracked 
|  35|0x0000000084700000, 0x0000000084700000, 0x0000000084800000|  0%| F|  |TAMS 0x0000000084700000| PB 0x0000000084700000| Untracked 
|  36|0x0000000084800000, 0x0000000084800000, 0x0000000084900000|  0%| F|  |TAMS 0x0000000084800000| PB 0x0000000084800000| Untracked 
|  37|0x0000000084900000, 0x0000000084900000, 0x0000000084a00000|  0%| F|  |TAMS 0x0000000084900000| PB 0x0000000084900000| Untracked 
|  38|0x0000000084a00000, 0x0000000084a00000, 0x0000000084b00000|  0%| F|  |TAMS 0x0000000084a00000| PB 0x0000000084a00000| Untracked 
|  39|0x0000000084b00000, 0x0000000084b00000, 0x0000000084c00000|  0%| F|  |TAMS 0x0000000084b00000| PB 0x0000000084b00000| Untracked 
|  71|0x0000000086b00000, 0x0000000086b00000, 0x0000000086c00000|  0%| F|  |TAMS 0x0000000086b00000| PB 0x0000000086b00000| Untracked 
|  72|0x0000000086c00000, 0x0000000086c00000, 0x0000000086d00000|  0%| F|  |TAMS 0x0000000086c00000| PB 0x0000000086c00000| Untracked 
|  73|0x0000000086d00000, 0x0000000086d00000, 0x0000000086e00000|  0%| F|  |TAMS 0x0000000086d00000| PB 0x0000000086d00000| Untracked 
|  74|0x0000000086e00000, 0x0000000086f00000, 0x0000000086f00000|100%| E|  |TAMS 0x0000000086e00000| PB 0x0000000086e00000| Complete 
|  75|0x0000000086f00000, 0x0000000087000000, 0x0000000087000000|100%| E|CS|TAMS 0x0000000086f00000| PB 0x0000000086f00000| Complete 
|  76|0x0000000087000000, 0x0000000087100000, 0x0000000087100000|100%| E|CS|TAMS 0x0000000087000000| PB 0x0000000087000000| Complete 
|  77|0x0000000087100000, 0x0000000087200000, 0x0000000087200000|100%| E|CS|TAMS 0x0000000087100000| PB 0x0000000087100000| Complete 

Card table byte_map: [0x000001f1c2220000,0x000001f1c2610000] _byte_map_base: 0x000001f1c1e0e000

Marking Bits: (CMBitMap*) 0x000001f1aadd2e40
 Bits: [0x000001f1c2a00000, 0x000001f1c4970000)

Polling page: 0x000001f1a8c70000

Metaspace:

Usage:
  Non-class:     22.61 MB used.
      Class:      3.22 MB used.
       Both:     25.84 MB used.

Virtual space:
  Non-class space:       64.00 MB reserved,      22.88 MB ( 36%) committed,  1 nodes.
      Class space:        1.00 GB reserved,       3.44 MB ( <1%) committed,  1 nodes.
             Both:        1.06 GB reserved,      26.31 MB (  2%) committed. 

Chunk freelists:
   Non-Class:  816.00 KB
       Class:  608.00 KB
        Both:  1.39 MB

MaxMetaspaceSize: unlimited
CompressedClassSpaceSize: 1.00 GB
Initial GC threshold: 21.00 MB
Current GC threshold: 35.13 MB
CDS: on
MetaspaceReclaimPolicy: balanced
 - commit_granule_bytes: 65536.
 - commit_granule_words: 8192.
 - virtual_space_node_default_size: 8388608.
 - enlarge_chunks_in_place: 1.
 - new_chunks_are_fully_committed: 0.
 - uncommit_free_chunks: 1.
 - use_allocation_guard: 0.


Internal statistics:

num_allocs_failed_limit: 3.
num_arena_births: 532.
num_arena_deaths: 0.
num_vsnodes_births: 2.
num_vsnodes_deaths: 0.
num_space_committed: 421.
num_space_uncommitted: 0.
num_chunks_returned_to_freelist: 3.
num_chunks_taken_from_freelist: 1474.
num_chunk_merges: 3.
num_chunk_splits: 986.
num_chunks_enlarged: 712.
num_inconsistent_stats: 0.

CodeHeap 'non-profiled nmethods': size=120000Kb used=1650Kb max_used=1650Kb free=118350Kb
 bounds [0x000001f1ba900000, 0x000001f1bab70000, 0x000001f1c1e30000]
CodeHeap 'profiled nmethods': size=120000Kb used=7836Kb max_used=7836Kb free=112163Kb
 bounds [0x000001f1b2e30000, 0x000001f1b35e0000, 0x000001f1ba360000]
CodeHeap 'non-nmethods': size=5760Kb used=1487Kb max_used=1548Kb free=4272Kb
 bounds [0x000001f1ba360000, 0x000001f1ba5d0000, 0x000001f1ba900000]
 total_blobs=4239 nmethods=3726 adapters=423
 compilation: enabled
              stopped_count=0, restarted_count=0
 full_count=0

Compilation events (20 events):
Event: 2.949 Thread 0x000001f1c6e37960 nmethod 3724 0x000001f1b35cec90 code [0x000001f1b35cee20, 0x000001f1b35cf0a0]
Event: 2.949 Thread 0x000001f1c6e37960 3729   !   2       sun.nio.fs.WindowsDirectoryStream$WindowsDirectoryIterator::acceptEntry (71 bytes)
Event: 2.950 Thread 0x000001f1c6e37960 nmethod 3729 0x000001f1b35cf190 code [0x000001f1b35cf380, 0x000001f1b35cf720]
Event: 2.950 Thread 0x000001f1c6e37960 3723   !   2       java.nio.charset.Charset::defaultCharset (53 bytes)
Event: 2.950 Thread 0x000001f1c6e37960 nmethod 3723 0x000001f1b35cfa90 code [0x000001f1b35cfc60, 0x000001f1b35d0010]
Event: 2.950 Thread 0x000001f1c6e37960 3730       2       sun.nio.fs.WindowsPath$WindowsPathWithAttributes::<init> (23 bytes)
Event: 2.950 Thread 0x000001f1c6e37960 nmethod 3730 0x000001f1b35d0190 code [0x000001f1b35d0340, 0x000001f1b35d0750]
Event: 2.950 Thread 0x000001f1c6e37960 3731       2       java.nio.file.Files$AcceptAllFilter::accept (9 bytes)
Event: 2.950 Thread 0x000001f1c6e37960 nmethod 3731 0x000001f1b35d0810 code [0x000001f1b35d09a0, 0x000001f1b35d0b08]
Event: 2.950 Thread 0x000001f1c6e37960 3725       2       java.lang.String::getBytes (15 bytes)
Event: 2.950 Thread 0x000001f1c6e37960 nmethod 3725 0x000001f1b35d0b90 code [0x000001f1b35d0d20, 0x000001f1b35d0e70]
Event: 2.950 Thread 0x000001f1c6e37960 3727       2       java.security.MessageDigest::update (14 bytes)
Event: 2.951 Thread 0x000001f1c6e37960 nmethod 3727 0x000001f1b35d0f10 code [0x000001f1b35d10a0, 0x000001f1b35d11f0]
Event: 2.951 Thread 0x000001f1c6e37960 3726       2       sun.security.provider.DigestBase::engineUpdate (176 bytes)
Event: 2.951 Thread 0x000001f1c6e37960 nmethod 3726 0x000001f1b35d1310 code [0x000001f1b35d1520, 0x000001f1b35d1b48]
Event: 2.951 Thread 0x000001f1c6e37960 3735       2       jdk.internal.misc.Unsafe::convEndian (16 bytes)
Event: 2.951 Thread 0x000001f1c6e37960 nmethod 3735 0x000001f1b35d1e10 code [0x000001f1b35d1f80, 0x000001f1b35d20a0]
Event: 2.951 Thread 0x000001f1c6e37960 3734       2       java.lang.Integer::rotateRight (9 bytes)
Event: 2.951 Thread 0x000001f1c6e37960 nmethod 3734 0x000001f1b35d2110 code [0x000001f1b35d2280, 0x000001f1b35d2378]
Event: 2.951 Thread 0x000001f1c6e37960 3713       2       sun.security.provider.ByteArrayAccess::b2iBig64 (231 bytes)

GC Heap History (10 events):
Event: 0.450 GC heap before
{Heap before GC invocations=0 (full 0):
 garbage-first heap   total 129024K, used 13312K [0x0000000082400000, 0x0000000100000000)
  region size 1024K, 13 young (13312K), 0 survivors (0K)
 Metaspace       used 3299K, committed 3456K, reserved 1114112K
  class space    used 336K, committed 448K, reserved 1048576K
}
Event: 0.454 GC heap after
{Heap after GC invocations=1 (full 0):
 garbage-first heap   total 129024K, used 6443K [0x0000000082400000, 0x0000000100000000)
  region size 1024K, 2 young (2048K), 2 survivors (2048K)
 Metaspace       used 3299K, committed 3456K, reserved 1114112K
  class space    used 336K, committed 448K, reserved 1048576K
}
Event: 0.763 GC heap before
{Heap before GC invocations=1 (full 0):
 garbage-first heap   total 129024K, used 18731K [0x0000000082400000, 0x0000000100000000)
  region size 1024K, 15 young (15360K), 2 survivors (2048K)
 Metaspace       used 6751K, committed 6912K, reserved 1114112K
  class space    used 776K, committed 832K, reserved 1048576K
}
Event: 0.765 GC heap after
{Heap after GC invocations=2 (full 0):
 garbage-first heap   total 129024K, used 7697K [0x0000000082400000, 0x0000000100000000)
  region size 1024K, 1 young (1024K), 1 survivors (1024K)
 Metaspace       used 6751K, committed 6912K, reserved 1114112K
  class space    used 776K, committed 832K, reserved 1048576K
}
Event: 1.213 GC heap before
{Heap before GC invocations=2 (full 0):
 garbage-first heap   total 129024K, used 35345K [0x0000000082400000, 0x0000000100000000)
  region size 1024K, 29 young (29696K), 1 survivors (1024K)
 Metaspace       used 14530K, committed 14720K, reserved 1114112K
  class space    used 1707K, committed 1792K, reserved 1048576K
}
Event: 1.217 GC heap after
{Heap after GC invocations=3 (full 0):
 garbage-first heap   total 129024K, used 10296K [0x0000000082400000, 0x0000000100000000)
  region size 1024K, 4 young (4096K), 4 survivors (4096K)
 Metaspace       used 14530K, committed 14720K, reserved 1114112K
  class space    used 1707K, committed 1792K, reserved 1048576K
}
Event: 2.252 GC heap before
{Heap before GC invocations=3 (full 0):
 garbage-first heap   total 129024K, used 53304K [0x0000000082400000, 0x0000000100000000)
  region size 1024K, 48 young (49152K), 4 survivors (4096K)
 Metaspace       used 21186K, committed 21504K, reserved 1114112K
  class space    used 2530K, committed 2688K, reserved 1048576K
}
Event: 2.261 GC heap after
{Heap after GC invocations=4 (full 0):
 garbage-first heap   total 129024K, used 13663K [0x0000000082400000, 0x0000000100000000)
  region size 1024K, 7 young (7168K), 7 survivors (7168K)
 Metaspace       used 21186K, committed 21504K, reserved 1114112K
  class space    used 2530K, committed 2688K, reserved 1048576K
}
Event: 2.869 GC heap before
{Heap before GC invocations=5 (full 0):
 garbage-first heap   total 48128K, used 35167K [0x0000000082400000, 0x0000000100000000)
  region size 1024K, 28 young (28672K), 7 survivors (7168K)
 Metaspace       used 25483K, committed 25920K, reserved 1114112K
  class space    used 3190K, committed 3392K, reserved 1048576K
}
Event: 2.877 GC heap after
{Heap after GC invocations=6 (full 0):
 garbage-first heap   total 48128K, used 15984K [0x0000000082400000, 0x0000000100000000)
  region size 1024K, 3 young (3072K), 3 survivors (3072K)
 Metaspace       used 25483K, committed 25920K, reserved 1114112K
  class space    used 3190K, committed 3392K, reserved 1048576K
}

Dll operation events (12 events):
Event: 0.009 Loaded shared library C:\Program Files\Java\jdk-20\bin\java.dll
Event: 0.022 Loaded shared library C:\Program Files\Java\jdk-20\bin\jsvml.dll
Event: 0.119 Loaded shared library C:\Program Files\Java\jdk-20\bin\zip.dll
Event: 0.121 Loaded shared library C:\Program Files\Java\jdk-20\bin\instrument.dll
Event: 0.126 Loaded shared library C:\Program Files\Java\jdk-20\bin\net.dll
Event: 0.127 Loaded shared library C:\Program Files\Java\jdk-20\bin\nio.dll
Event: 0.130 Loaded shared library C:\Program Files\Java\jdk-20\bin\zip.dll
Event: 0.236 Loaded shared library C:\Program Files\JetBrains\IntelliJ IDEA Community Edition 2023.1.3\bin\breakgen64.dll
Event: 0.244 Loaded shared library C:\Program Files\Java\jdk-20\bin\extnet.dll
Event: 0.272 Loaded shared library C:\Program Files\Java\jdk-20\bin\jimage.dll
Event: 0.534 Loaded shared library C:\Program Files\Java\jdk-20\bin\management.dll
Event: 0.536 Loaded shared library C:\Program Files\Java\jdk-20\bin\management_ext.dll

Deoptimization events (20 events):
Event: 2.675 Thread 0x000001f1cbd1a0a0 Uncommon trap: trap_request=0xffffff45 fr.pc=0x000001f1ba9c8b84 relative=0x0000000000000a64
Event: 2.675 Thread 0x000001f1cbd1a0a0 Uncommon trap: reason=unstable_if action=reinterpret pc=0x000001f1ba9c8b84 method=java.util.Properties$LineReader.readLine()I @ 25 c2
Event: 2.675 Thread 0x000001f1cbd1a0a0 DEOPT PACKING pc=0x000001f1ba9c8b84 sp=0x0000009eab5fcb00
Event: 2.675 Thread 0x000001f1cbd1a0a0 DEOPT UNPACKING pc=0x000001f1ba3c9d22 sp=0x0000009eab5fcaa0 mode 2
Event: 2.676 Thread 0x000001f1cbd1a0a0 Uncommon trap: trap_request=0xffffff76 fr.pc=0x000001f1ba9c0a58 relative=0x0000000000000138
Event: 2.676 Thread 0x000001f1cbd1a0a0 Uncommon trap: reason=predicate action=maybe_recompile pc=0x000001f1ba9c0a58 method=java.util.Properties$LineReader.readLine()I @ 53 c2
Event: 2.676 Thread 0x000001f1cbd1a0a0 DEOPT PACKING pc=0x000001f1ba9c0a58 sp=0x0000009eab5fcaf0
Event: 2.676 Thread 0x000001f1cbd1a0a0 DEOPT UNPACKING pc=0x000001f1ba3c9d22 sp=0x0000009eab5fcaa8 mode 2
Event: 2.726 Thread 0x000001f1cbd1a0a0 Uncommon trap: trap_request=0xffffff45 fr.pc=0x000001f1baa6aba0 relative=0x00000000000004c0
Event: 2.726 Thread 0x000001f1cbd1a0a0 Uncommon trap: reason=unstable_if action=reinterpret pc=0x000001f1baa6aba0 method=jdk.internal.org.objectweb.asm.MethodWriter.visitVarInsn(II)V @ 108 c2
Event: 2.726 Thread 0x000001f1cbd1a0a0 DEOPT PACKING pc=0x000001f1baa6aba0 sp=0x0000009eab5f5070
Event: 2.726 Thread 0x000001f1cbd1a0a0 DEOPT UNPACKING pc=0x000001f1ba3c9d22 sp=0x0000009eab5f5028 mode 2
Event: 2.739 Thread 0x000001f1cbd1a0a0 Uncommon trap: trap_request=0xffffffde fr.pc=0x000001f1baa2b1f8 relative=0x0000000000000258
Event: 2.739 Thread 0x000001f1cbd1a0a0 Uncommon trap: reason=class_check action=maybe_recompile pc=0x000001f1baa2b1f8 method=java.util.Collections$SetFromMap.contains(Ljava/lang/Object;)Z @ 5 c2
Event: 2.739 Thread 0x000001f1cbd1a0a0 DEOPT PACKING pc=0x000001f1baa2b1f8 sp=0x0000009eab5fb730
Event: 2.739 Thread 0x000001f1cbd1a0a0 DEOPT UNPACKING pc=0x000001f1ba3c9d22 sp=0x0000009eab5fb6d8 mode 2
Event: 2.907 Thread 0x000001f1cbd1a0a0 Uncommon trap: trap_request=0xffffff45 fr.pc=0x000001f1ba9ab22c relative=0x000000000000028c
Event: 2.907 Thread 0x000001f1cbd1a0a0 Uncommon trap: reason=unstable_if action=reinterpret pc=0x000001f1ba9ab22c method=java.util.LinkedHashMap.get(Ljava/lang/Object;)Ljava/lang/Object; @ 16 c2
Event: 2.907 Thread 0x000001f1cbd1a0a0 DEOPT PACKING pc=0x000001f1ba9ab22c sp=0x0000009eab5fdf60
Event: 2.907 Thread 0x000001f1cbd1a0a0 DEOPT UNPACKING pc=0x000001f1ba3c9d22 sp=0x0000009eab5fdf08 mode 2

Classes loaded (20 events):
Event: 2.927 Loading class java/lang/constant/DirectMethodHandleDescImpl$1
Event: 2.928 Loading class java/lang/constant/DirectMethodHandleDescImpl$1 done
Event: 2.928 Loading class java/lang/constant/DirectMethodHandleDesc$1
Event: 2.928 Loading class java/lang/constant/DirectMethodHandleDesc$1 done
Event: 2.928 Loading class java/lang/constant/PrimitiveClassDescImpl
Event: 2.928 Loading class java/lang/constant/DynamicConstantDesc
Event: 2.928 Loading class java/lang/constant/DynamicConstantDesc done
Event: 2.928 Loading class java/lang/constant/PrimitiveClassDescImpl done
Event: 2.928 Loading class java/lang/constant/DynamicConstantDesc$AnonymousDynamicConstantDesc
Event: 2.928 Loading class java/lang/constant/DynamicConstantDesc$AnonymousDynamicConstantDesc done
Event: 2.935 Loading class java/net/NetworkInterface$1
Event: 2.936 Loading class java/net/NetworkInterface$1 done
Event: 2.950 Loading class sun/security/provider/AbstractDrbg$NonceProvider
Event: 2.950 Loading class sun/security/provider/AbstractDrbg$NonceProvider done
Event: 2.951 Loading class sun/security/provider/SHA2$SHA256
Event: 2.951 Loading class sun/security/provider/SHA2
Event: 2.951 Loading class sun/security/provider/SHA2 done
Event: 2.951 Loading class sun/security/provider/SHA2$SHA256 done
Event: 2.952 Loading class sun/nio/fs/WindowsPath$1
Event: 2.952 Loading class sun/nio/fs/WindowsPath$1 done

Classes unloaded (0 events):
No events

Classes redefined (0 events):
No events

Internal exceptions (20 events):
Event: 2.511 Thread 0x000001f1cbd1a0a0 Exception <a 'java/lang/NoSuchMethodError'{0x00000000845d78c0}: 'void java.lang.invoke.DirectMethodHandle$Holder.invokeSpecial(java.lang.Object, java.lang.Object, java.lang.Object, java.lang.Object, java.lang.Object, java.lang.Object)'> (0x00000000845d78c0) 
thrown [s\open\src\hotspot\share\interpreter\linkResolver.cpp, line 773]
Event: 2.516 Thread 0x000001f1cbd1a0a0 Exception <a 'java/lang/NoSuchMethodError'{0x0000000084419448}: 'void java.lang.invoke.DirectMethodHandle$Holder.invokeVirtual(java.lang.Object, java.lang.Object, int)'> (0x0000000084419448) 
thrown [s\open\src\hotspot\share\interpreter\linkResolver.cpp, line 773]
Event: 2.517 Thread 0x000001f1cbd1a0a0 Exception <a 'java/lang/NoSuchMethodError'{0x000000008441d2f8}: 'int java.lang.invoke.DirectMethodHandle$Holder.invokeSpecial(java.lang.Object, java.lang.Object, java.lang.Object, int)'> (0x000000008441d2f8) 
thrown [s\open\src\hotspot\share\interpreter\linkResolver.cpp, line 773]
Event: 2.519 Thread 0x000001f1cbd1a0a0 Exception <a 'java/lang/NoSuchMethodError'{0x000000008442f030}: 'java.lang.Object java.lang.invoke.DirectMethodHandle$Holder.invokeStatic(java.lang.Object, java.lang.Object, java.lang.Object, java.lang.Object, int)'> (0x000000008442f030) 
thrown [s\open\src\hotspot\share\interpreter\linkResolver.cpp, line 773]
Event: 2.520 Thread 0x000001f1cbd1a0a0 Exception <a 'java/lang/NoSuchMethodError'{0x00000000844396e8}: 'void java.lang.invoke.DelegatingMethodHandle$Holder.reinvoke_L(java.lang.Object, java.lang.Object, int)'> (0x00000000844396e8) 
thrown [s\open\src\hotspot\share\interpreter\linkResolver.cpp, line 773]
Event: 2.657 Thread 0x000001f1cbd1a0a0 Exception <a 'java/lang/NoSuchMethodError'{0x0000000083f76ef8}: 'java.lang.Object java.lang.invoke.DirectMethodHandle$Holder.invokeVirtual(java.lang.Object, java.lang.Object, java.lang.Object, java.lang.Object, java.lang.Object)'> (0x0000000083f76ef8) 
thrown [s\open\src\hotspot\share\interpreter\linkResolver.cpp, line 773]
Event: 2.726 Thread 0x000001f1cbd1a0a0 Implicit null exception at 0x000001f1baa6a7ac to 0x000001f1baa6ab94
Event: 2.726 Thread 0x000001f1cbd1a0a0 Exception <a 'java/lang/NoSuchMethodError'{0x0000000083c24ae8}: 'java.lang.reflect.Field[] java.lang.Class.getDeclaredFields(java.lang.Class)'> (0x0000000083c24ae8) 
thrown [s\open\src\hotspot\share\interpreter\linkResolver.cpp, line 773]
Event: 2.741 Thread 0x000001f1cbd1a0a0 Exception <a 'java/lang/NoSuchMethodError'{0x0000000083c9e8d8}: 'void java.lang.invoke.DirectMethodHandle$Holder.invokeStatic(java.lang.Object, java.lang.Object, int)'> (0x0000000083c9e8d8) 
thrown [s\open\src\hotspot\share\interpreter\linkResolver.cpp, line 773]
Event: 2.760 Thread 0x000001f1cbd1a0a0 Exception <a 'java/lang/NoSuchMethodError'{0x0000000083b679a0}: 'java.lang.Object java.lang.invoke.DirectMethodHandle$Holder.invokeVirtual(java.lang.Object, java.lang.Object, java.lang.Object, java.lang.Object, java.lang.Object, java.lang.Object)'> (0x0000000083b679a0) 
thrown [s\open\src\hotspot\share\interpreter\linkResolver.cpp, line 773]
Event: 2.793 Thread 0x000001f1cbd1a0a0 Exception <a 'java/lang/NoSuchMethodError'{0x0000000083a7a630}: 'void java.lang.invoke.DirectMethodHandle$Holder.invokeInterface(java.lang.Object, java.lang.Object, int)'> (0x0000000083a7a630) 
thrown [s\open\src\hotspot\share\interpreter\linkResolver.cpp, line 773]
Event: 2.798 Thread 0x000001f1cbd1a0a0 Exception <a 'java/lang/IncompatibleClassChangeError'{0x0000000083ac9778}: Found class java.lang.Object, but interface was expected> (0x0000000083ac9778) 
thrown [s\open\src\hotspot\share\interpreter\linkResolver.cpp, line 840]
Event: 2.799 Thread 0x000001f1cbd1a0a0 Exception <a 'java/lang/NoSuchMethodError'{0x0000000083ada1d8}: 'int java.lang.invoke.DirectMethodHandle$Holder.invokeSpecialIFC(java.lang.Object, java.lang.Object, java.lang.Object)'> (0x0000000083ada1d8) 
thrown [s\open\src\hotspot\share\interpreter\linkResolver.cpp, line 773]
Event: 2.800 Thread 0x000001f1cbd1a0a0 Exception <a 'java/lang/NoSuchMethodError'{0x0000000083ae7d10}: 'void java.lang.invoke.DirectMethodHandle$Holder.invokeStatic(java.lang.Object, int, java.lang.Object)'> (0x0000000083ae7d10) 
thrown [s\open\src\hotspot\share\interpreter\linkResolver.cpp, line 773]
Event: 2.806 Thread 0x000001f1cbd1a0a0 Exception <a 'java/lang/NoSuchMethodError'{0x0000000083925a60}: 'void java.lang.invoke.DirectMethodHandle$Holder.invokeStatic(java.lang.Object, java.lang.Object, java.lang.Object, int, java.lang.Object)'> (0x0000000083925a60) 
thrown [s\open\src\hotspot\share\interpreter\linkResolver.cpp, line 773]
Event: 2.806 Thread 0x000001f1cbd1a0a0 Exception <a 'java/lang/NoSuchMethodError'{0x000000008392cb98}: 'java.lang.Object java.lang.invoke.DirectMethodHandle$Holder.newInvokeSpecial(java.lang.Object, java.lang.Object, java.lang.Object, int)'> (0x000000008392cb98) 
thrown [s\open\src\hotspot\share\interpreter\linkResolver.cpp, line 773]
Event: 2.807 Thread 0x000001f1cbd1a0a0 Exception <a 'java/lang/NoSuchMethodError'{0x0000000083930988}: 'java.lang.Object java.lang.invoke.DirectMethodHandle$Holder.invokeSpecial(java.lang.Object, java.lang.Object, java.lang.Object, java.lang.Object, int)'> (0x0000000083930988) 
thrown [s\open\src\hotspot\share\interpreter\linkResolver.cpp, line 773]
Event: 2.807 Thread 0x000001f1cbd1a0a0 Exception <a 'java/lang/NoSuchMethodError'{0x0000000083933e10}: 'java.lang.Object java.lang.invoke.Invokers$Holder.linkToTargetMethod(java.lang.Object, java.lang.Object, int, java.lang.Object)'> (0x0000000083933e10) 
thrown [s\open\src\hotspot\share\interpreter\linkResolver.cpp, line 773]
Event: 2.921 Thread 0x000001f1cbd1a0a0 Exception <a 'java/lang/NoSuchMethodError'{0x0000000086f12100}: 'java.lang.Object java.lang.invoke.DirectMethodHandle$Holder.invokeStaticInit(java.lang.Object, int, int, int, int)'> (0x0000000086f12100) 
thrown [s\open\src\hotspot\share\interpreter\linkResolver.cpp, line 773]
Event: 2.949 Thread 0x000001f1cbd1a0a0 Exception <a 'java/lang/NoSuchMethodError'{0x0000000086f99770}: 'java.lang.Object java.lang.invoke.DirectMethodHandle$Holder.invokeStaticInit(java.lang.Object, java.lang.Object, int, int, int, int)'> (0x0000000086f99770) 
thrown [s\open\src\hotspot\share\interpreter\linkResolver.cpp, line 773]

VM Operations (20 events):
Event: 2.252 Executing VM operation: CollectForMetadataAllocation
Event: 2.268 Executing VM operation: CollectForMetadataAllocation done
Event: 2.273 Executing VM operation: G1PauseRemark
Event: 2.278 Executing VM operation: G1PauseRemark done
Event: 2.280 Executing VM operation: G1PauseCleanup
Event: 2.281 Executing VM operation: G1PauseCleanup done
Event: 2.338 Executing VM operation: HandshakeAllThreads
Event: 2.338 Executing VM operation: HandshakeAllThreads done
Event: 2.375 Executing VM operation: HandshakeAllThreads
Event: 2.375 Executing VM operation: HandshakeAllThreads done
Event: 2.470 Executing VM operation: HandshakeAllThreads
Event: 2.470 Executing VM operation: HandshakeAllThreads done
Event: 2.728 Executing VM operation: ICBufferFull
Event: 2.728 Executing VM operation: ICBufferFull done
Event: 2.735 Executing VM operation: HandshakeAllThreads
Event: 2.735 Executing VM operation: HandshakeAllThreads done
Event: 2.868 Executing VM operation: G1CollectForAllocation
Event: 2.877 Executing VM operation: G1CollectForAllocation done
Event: 2.886 Executing VM operation: HandshakeAllThreads
Event: 2.886 Executing VM operation: HandshakeAllThreads done

Events (19 events):
Event: 0.022 Thread 0x000001f1aad742d0 Thread added: 0x000001f1aad742d0
Event: 0.036 Thread 0x000001f1c6e22ad0 Thread added: 0x000001f1c6e22ad0
Event: 0.036 Thread 0x000001f1c6e23570 Thread added: 0x000001f1c6e23570
Event: 0.036 Thread 0x000001f1c6e2ab00 Thread added: 0x000001f1c6e2ab00
Event: 0.036 Thread 0x000001f1c6e2c5b0 Thread added: 0x000001f1c6e2c5b0
Event: 0.036 Thread 0x000001f1c6e2d690 Thread added: 0x000001f1c6e2d690
Event: 0.036 Thread 0x000001f1c6e2f780 Thread added: 0x000001f1c6e2f780
Event: 0.036 Thread 0x000001f1c6e34830 Thread added: 0x000001f1c6e34830
Event: 0.036 Thread 0x000001f1c6e37960 Thread added: 0x000001f1c6e37960
Event: 0.095 Thread 0x000001f1cb0a0840 Thread added: 0x000001f1cb0a0840
Event: 0.180 Thread 0x000001f1cb243d90 Thread added: 0x000001f1cb243d90
Event: 0.236 Thread 0x000001f1cb392fa0 Thread added: 0x000001f1cb392fa0
Event: 0.236 Thread 0x000001f1cb3934f0 Thread added: 0x000001f1cb3934f0
Event: 0.583 Thread 0x000001f1cbd2cdf0 Thread added: 0x000001f1cbd2cdf0
Event: 0.586 Thread 0x000001f1cbd1a0a0 Thread added: 0x000001f1cbd1a0a0
Event: 0.966 Thread 0x000001f1cbec8040 Thread added: 0x000001f1cbec8040
Event: 1.298 Thread 0x000001f1cbec8040 Thread exited: 0x000001f1cbec8040
Event: 1.396 Thread 0x000001f1cc3968c0 Thread added: 0x000001f1cc3968c0
Event: 1.458 Thread 0x000001f1cc3968c0 Thread exited: 0x000001f1cc3968c0


Dynamic libraries:
0x00007ff6e5c60000 - 0x00007ff6e5c70000 	C:\Program Files\Java\jdk-20\bin\java.exe
0x00007fffbff30000 - 0x00007fffc00f1000 	C:\Windows\SYSTEM32\ntdll.dll
0x00007fffbfc20000 - 0x00007fffbfccd000 	C:\Windows\system32\KERNEL32.DLL
0x00007fffbc6d0000 - 0x00007fffbc8b8000 	C:\Windows\system32\KERNELBASE.dll
0x00007fffad9f0000 - 0x00007fffada0b000 	C:\Program Files\Java\jdk-20\bin\VCRUNTIME140.dll
0x00007fffadb10000 - 0x00007fffadb29000 	C:\Program Files\Java\jdk-20\bin\jli.dll
0x00007fffbb3b0000 - 0x00007fffbb4a4000 	C:\Windows\SYSTEM32\ucrtbase.dll
0x00007fffbd7c0000 - 0x00007fffbd867000 	C:\Windows\system32\ADVAPI32.dll
0x00007fffbd880000 - 0x00007fffbd91d000 	C:\Windows\system32\msvcrt.dll
0x00007fffbfa60000 - 0x00007fffbfabb000 	C:\Windows\system32\sechost.dll
0x00007fffbfd30000 - 0x00007fffbfe4c000 	C:\Windows\system32\RPCRT4.dll
0x00007fffbe190000 - 0x00007fffbe2e6000 	C:\Windows\system32\USER32.dll
0x00007fffbd630000 - 0x00007fffbd7b6000 	C:\Windows\system32\GDI32.dll
0x00007fffaf760000 - 0x00007fffaf9d4000 	C:\Windows\WinSxS\amd64_microsoft.windows.common-controls_6595b64144ccf1df_6.0.10586.0_none_8c15ae12515e1c22\COMCTL32.dll
0x00007fffbabe0000 - 0x00007fffbabea000 	C:\Windows\SYSTEM32\VERSION.dll
0x00007fffbd330000 - 0x00007fffbd5ad000 	C:\Windows\system32\combase.dll
0x00007fffbd100000 - 0x00007fffbd16a000 	C:\Windows\system32\bcryptPrimitives.dll
0x00007fffbfbe0000 - 0x00007fffbfc1b000 	C:\Windows\system32\IMM32.DLL
0x00007fffb2970000 - 0x00007fffb297c000 	C:\Program Files\Java\jdk-20\bin\vcruntime140_1.dll
0x00007fffa7240000 - 0x00007fffa72ce000 	C:\Program Files\Java\jdk-20\bin\msvcp140.dll
0x00007fff9ff30000 - 0x00007fffa0bc7000 	C:\Program Files\Java\jdk-20\bin\server\jvm.dll
0x00007fffbc0f0000 - 0x00007fffbc0f9000 	C:\Windows\SYSTEM32\WSOCK32.dll
0x00007fffb9f50000 - 0x00007fffb9f73000 	C:\Windows\SYSTEM32\WINMM.dll
0x00007fffbdd50000 - 0x00007fffbddbb000 	C:\Windows\system32\WS2_32.dll
0x00007fffb9ef0000 - 0x00007fffb9f1c000 	C:\Windows\SYSTEM32\WINMMBASE.dll
0x00007fffbd2e0000 - 0x00007fffbd323000 	C:\Windows\system32\cfgmgr32.dll
0x00007fffbc5d0000 - 0x00007fffbc5df000 	C:\Windows\system32\kernel.appcore.dll
0x00007fffb2480000 - 0x00007fffb248a000 	C:\Program Files\Java\jdk-20\bin\jimage.dll
0x00007fffbbf40000 - 0x00007fffbc0cc000 	C:\Windows\SYSTEM32\DBGHELP.DLL
0x00007fffbbee0000 - 0x00007fffbbf05000 	C:\Windows\SYSTEM32\dbgcore.DLL
0x00007fffba2c0000 - 0x00007fffba2ce000 	C:\Program Files\Java\jdk-20\bin\instrument.dll
0x00007fffaa450000 - 0x00007fffaa476000 	C:\Program Files\Java\jdk-20\bin\java.dll
0x00007fffa5f00000 - 0x00007fffa5fd7000 	C:\Program Files\Java\jdk-20\bin\jsvml.dll
0x00007fffbe2f0000 - 0x00007fffbf84c000 	C:\Windows\system32\SHELL32.dll
0x00007fffbcab0000 - 0x00007fffbd0f5000 	C:\Windows\system32\windows.storage.dll
0x00007fffbfcd0000 - 0x00007fffbfd22000 	C:\Windows\system32\shlwapi.dll
0x00007fffbd220000 - 0x00007fffbd2d5000 	C:\Windows\system32\shcore.dll
0x00007fffbc570000 - 0x00007fffbc5bb000 	C:\Windows\system32\powrprof.dll
0x00007fffbc550000 - 0x00007fffbc564000 	C:\Windows\system32\profapi.dll
0x00007fffa75a0000 - 0x00007fffa75b8000 	C:\Program Files\Java\jdk-20\bin\zip.dll
0x00007fffaaf70000 - 0x00007fffaaf83000 	C:\Program Files\Java\jdk-20\bin\net.dll
0x00007fffb4dc0000 - 0x00007fffb4e88000 	C:\Windows\SYSTEM32\WINHTTP.dll
0x00007fffbbb10000 - 0x00007fffbbb6c000 	C:\Windows\system32\mswsock.dll
0x00007fffaabf0000 - 0x00007fffaac06000 	C:\Program Files\Java\jdk-20\bin\nio.dll
0x00007fffb86b0000 - 0x00007fffb86ca000 	C:\Program Files\JetBrains\IntelliJ IDEA Community Edition 2023.1.3\bin\breakgen64.dll
0x00007fffb2360000 - 0x00007fffb2367000 	C:\Program Files\Java\jdk-20\bin\extnet.dll
0x00007fffb8300000 - 0x00007fffb830a000 	C:\Program Files\Java\jdk-20\bin\management.dll
0x00007fffb82f0000 - 0x00007fffb82fb000 	C:\Program Files\Java\jdk-20\bin\management_ext.dll
0x00007fffbfac0000 - 0x00007fffbfac8000 	C:\Windows\system32\PSAPI.DLL
0x00007fffbbbc0000 - 0x00007fffbbbd7000 	C:\Windows\SYSTEM32\CRYPTSP.dll
0x00007fffbb850000 - 0x00007fffbb884000 	C:\Windows\system32\rsaenh.dll
0x00007fffbc490000 - 0x00007fffbc4b9000 	C:\Windows\SYSTEM32\bcrypt.dll
0x00007fffbb9a0000 - 0x00007fffbb9bf000 	C:\Windows\SYSTEM32\USERENV.dll
0x00007fffbbce0000 - 0x00007fffbbceb000 	C:\Windows\SYSTEM32\CRYPTBASE.dll
0x00007fffb7410000 - 0x00007fffb7448000 	C:\Windows\SYSTEM32\IPHLPAPI.DLL
0x00007fffbfe50000 - 0x00007fffbfe58000 	C:\Windows\system32\NSI.dll
0x00007fffb7210000 - 0x00007fffb7226000 	C:\Windows\SYSTEM32\dhcpcsvc6.DLL
0x00007fffb71f0000 - 0x00007fffb720a000 	C:\Windows\SYSTEM32\dhcpcsvc.DLL

dbghelp: loaded successfully - version: 4.0.5 - missing functions: none
symbol engine: initialized successfully - sym options: 0x614 - pdb path: .;C:\Program Files\Java\jdk-20\bin;C:\Windows\SYSTEM32;C:\Windows\WinSxS\amd64_microsoft.windows.common-controls_6595b64144ccf1df_6.0.10586.0_none_8c15ae12515e1c22;C:\Program Files\Java\jdk-20\bin\server;C:\Program Files\JetBrains\IntelliJ IDEA Community Edition 2023.1.3\bin

VM Arguments:
jvm_args: -javaagent:C:\Program Files\JetBrains\IntelliJ IDEA Community Edition 2023.1.3\lib\idea_rt.jar=53107:C:\Program Files\JetBrains\IntelliJ IDEA Community Edition 2023.1.3\bin -Dfile.encoding=UTF-8 -Dsun.stdout.encoding=UTF-8 -Dsun.stderr.encoding=UTF-8 
java_command: com.example.ElectroJwt.ElectroJwtApplication
java_class_path (initial): C:\Users\ASUS\Downloads\ElectroJwt\target\classes;C:\Users\ASUS\.m2\repository\org\springframework\boot\spring-boot-starter-data-jpa\3.1.1\spring-boot-starter-data-jpa-3.1.1.jar;C:\Users\ASUS\.m2\repository\org\springframework\boot\spring-boot-starter-aop\3.1.1\spring-boot-starter-aop-3.1.1.jar;C:\Users\ASUS\.m2\repository\org\aspectj\aspectjweaver\1.9.19\aspectjweaver-1.9.19.jar;C:\Users\ASUS\.m2\repository\org\springframework\boot\spring-boot-starter-jdbc\3.1.1\spring-boot-starter-jdbc-3.1.1.jar;C:\Users\ASUS\.m2\repository\com\zaxxer\HikariCP\5.0.1\HikariCP-5.0.1.jar;C:\Users\ASUS\.m2\repository\org\springframework\spring-jdbc\6.0.10\spring-jdbc-6.0.10.jar;C:\Users\ASUS\.m2\repository\org\hibernate\orm\hibernate-core\6.2.5.Final\hibernate-core-6.2.5.Final.jar;C:\Users\ASUS\.m2\repository\jakarta\persistence\jakarta.persistence-api\3.1.0\jakarta.persistence-api-3.1.0.jar;C:\Users\ASUS\.m2\repository\jakarta\transaction\jakarta.transaction-api\2.0.1\jakarta.transaction-api-2.0.1.jar;C:\Users\ASUS\.m2\repository\org\jboss\logging\jboss-logging\3.5.1.Final\jboss-logging-3.5.1.Final.jar;C:\Users\ASUS\.m2\repository\org\hibernate\common\hibernate-commons-annotations\6.0.6.Final\hibernate-commons-annotations-6.0.6.Final.jar;C:\Users\ASUS\.m2\repository\io\smallrye\jandex\3.0.5\jandex-3.0.5.jar;C:\Users\ASUS\.m2\repository\com\fasterxml\classmate\1.5.1\classmate-1.5.1.jar;C:\Users\ASUS\.m2\repository\net\bytebuddy\byte-buddy\1.14.5\byte-buddy-1.14.5.jar;C:\Users\ASUS\.m2\repository\org\glassfish\jaxb\jaxb-runtime\4.0.3\jaxb-runtime-4.0.3.jar;C:\Users\ASUS\.m2\repository\org\glassfish\jaxb\jaxb-core\4.0.3\jaxb-core-4.0.3.jar;C:\Users\ASUS\.m2\repository\org\eclipse\angus\angus-activation\2.0.1\angus-activation-2.0.1.jar;C:\Users\ASUS\.m2\repository\org\glassfish\jaxb\txw2\4.0.3\txw2-4.0.3.jar;C:\Users\ASUS\.m2\repository\com\sun\istack\istack-commons-runtime\4.1.2\istack-commons-runtime-4.1.2.jar;C:\Users\ASUS\.m2\repository\jakarta\inject\jakarta.inject-api\2.0.1\jakarta.inject-api-2.0.1.jar;C:\Users\ASUS\.m2\repository\org\antlr\antlr4-runtime\4.10.1\antlr4-runtime-4.10.1.jar;C:\Users\ASUS\.m2\repository\org\springframework\data\spring-data-jpa\3.1.1\spring-data-jpa-3.1.1.jar;C:\Users\ASUS\.m2\repository\org\springframework\data\spring-data-commons\3.1.1\spring-data-commons-3.1.1.jar;C:\Users\ASUS\.m2\repository\org\springframework\spring-orm\6.0.10\spring-orm-6.0.10.jar;C:\Users\ASUS\.m2\repository\org\springframework\spring-context\6.0.10\spring-context-6.0.10.jar;C:\Users\ASUS\.m2\repository\org\springframework\spring-tx\6.0.10\spring-tx-6.0.10.jar;C:\Users\ASUS\.m2\repository\org\springframework\spring-beans\6.0.10\spring-beans-6.0.10.jar;C:\Users\ASUS\.m2\repository\jakarta\annotation\jakarta.annotation-api\2.1.1\jakarta.annotation-api-2.1.1.jar;C:\Users\ASUS\.m2\repository\org\slf4j\slf4j-api\2.0.7\slf4j-api-2.0.7.jar;C:\Users\ASUS\.m2\repository\org\springframework\spring-aspects\6.0.10\spring-aspects-6.0.10.jar;C:\Users\ASUS\.m2\repository\org\springframework\boot\spring-boot-starter-data-ldap\3.1.1\spring-boot-starter-data-ldap-3.1.1.jar;C:\Users\ASUS\.m2\repository\org\springframework\boot\spring-boot-starter\3.1.1\spring-boot-starter-3.1.1.jar;C:\Users\ASUS\.m2\repository\org\springframework\boot\spring-boot-starter-logging\3.1.1\spring-boot-starter-logging-3.1.1.jar;C:\Users\ASUS\.m2\repository\ch\qos\logback\logback-classic\1.4.8\logback-classic-1.4.8.jar;C:\Users\ASUS\.m2\repository\ch\qos\logback\logback-core\1.4.8\logback-core-1.4.8.jar;C:\Users\ASUS\.m2\repository\org\apache\logging\log4j\log4j-to-slf4j\2.20.0\log4j-to-slf4j-2.20.0.jar;C:\Users\ASUS\.m2\repository\org\apache\logging\log4j\log4j-api\2.20.0\log4j-api-2.20.0.jar;C:\Users\ASUS\.m2\repository\org\slf4j\jul-to-slf4j\2.0.7\jul-to-slf4j-2.0.7.jar;C:\Users\ASUS\.m2\repository\org\yaml\snakeyaml\1.33\snakeyaml-1.33.jar;C:\Users\ASUS\.m2\repository\org\springframework\data\spring-data-ldap\3.1.1\spring-data-ldap-3.1.1.jar;C:\Users\ASUS\.m2\repository\org\springframework\ldap\spring-ldap-core\3.1.0\spring-ldap-core-3.1.0.jar;C:\Users\ASUS\.m2\repository\org\springframework\boot\spring-boot-starter-data-mongodb\3.1.1\spring-boot-starter-data-mongodb-3.1.1.jar;C:\Users\ASUS\.m2\repository\org\mongodb\mongodb-driver-sync\4.9.1\mongodb-driver-sync-4.9.1.jar;C:\Users\ASUS\.m2\repository\org\mongodb\bson\4.9.1\bson-4.9.1.jar;C:\Users\ASUS\.m2\repository\org\mongodb\mongodb-driver-core\4.9.1\mongodb-driver-core-4.9.1.jar;C:\Users\ASUS\.m2\repository\org\mongodb\bson-record-codec\4.9.1\bson-record-codec-4.9.1.jar;C:\Users\ASUS\.m2\repository\org\springframework\data\spring-data-mongodb\4.1.1\spring-data-mongodb-4.1.1.jar;C:\Users\ASUS\.m2\repository\org\springframework\spring-expression\6.0.10\spring-expression-6.0.10.jar;C:\Users\ASUS\.m2\repository\org\springframework\boot\spring-boot-starter-security\3.1.1\spring-boot-starter-security-3.1.1.jar;C:\Users\ASUS\.m2\repository\org\springframework\spring-aop\6.0.10\spring-aop-6.0.10.jar;C:\Users\ASUS\.m2\repository\org\springframework\security\spring-security-config\6.1.1\spring-security-config-6.1.1.jar;C:\Users\ASUS\.m2\repository\org\springframework\security\spring-security-web\6.1.1\spring-security-web-6.1.1.jar;C:\Users\ASUS\.m2\repository\org\springframework\boot\spring-boot-starter-web\3.1.1\spring-boot-starter-web-3.1.1.jar;C:\Users\ASUS\.m2\repository\org\springframework\boot\spring-boot-starter-json\3.1.1\spring-boot-starter-json-3.1.1.jar;C:\Users\ASUS\.m2\repository\com\fasterxml\jackson\datatype\jackson-datatype-jdk8\2.15.2\jackson-datatype-jdk8-2.15.2.jar;C:\Users\ASUS\.m2\repository\com\fasterxml\jackson\datatype\jackson-datatype-jsr310\2.15.2\jackson-datatype-jsr310-2.15.2.jar;C:\Users\ASUS\.m2\repository\com\fasterxml\jackson\module\jackson-module-parameter-names\2.15.2\jackson-module-parameter-names-2.15.2.jar;C:\Users\ASUS\.m2\repository\org\springframework\boot\spring-boot-starter-tomcat\3.1.1\spring-boot-starter-tomcat-3.1.1.jar;C:\Users\ASUS\.m2\repository\org\apache\tomcat\embed\tomcat-embed-core\10.1.10\tomcat-embed-core-10.1.10.jar;C:\Users\ASUS\.m2\repository\org\apache\tomcat\embed\tomcat-embed-el\10.1.10\tomcat-embed-el-10.1.10.jar;C:\Users\ASUS\.m2\repository\org\apache\tomcat\embed\tomcat-embed-websocket\10.1.10\tomcat-embed-websocket-10.1.10.jar;C:\Users\ASUS\.m2\repository\org\springframework\spring-web\6.0.10\spring-web-6.0.10.jar;C:\Users\ASUS\.m2\repository\io\micrometer\micrometer-observation\1.11.1\micrometer-observation-1.11.1.jar;C:\Users\ASUS\.m2\repository\io\micrometer\micrometer-commons\1.11.1\micrometer-commons-1.11.1.jar;C:\Users\ASUS\.m2\repository\org\springframework\spring-webmvc\6.0.10\spring-webmvc-6.0.10.jar;C:\Users\ASUS\.m2\repository\org\springframework\boot\spring-boot-devtools\3.1.1\spring-boot-devtools-3.1.1.jar;C:\Users\ASUS\.m2\repository\org\springframework\boot\spring-boot\3.1.1\spring-boot-3.1.1.jar;C:\Users\ASUS\.m2\repository\org\springframework\boot\spring-boot-autoconfigure\3.1.1\spring-boot-autoconfigure-3.1.1.jar;C:\Users\ASUS\.m2\repository\org\projectlombok\lombok\1.18.28\lombok-1.18.28.jar;C:\Users\ASUS\.m2\repository\io\jsonwebtoken\jjwt-api\0.11.5\jjwt-api-0.11.5.jar;C:\Users\ASUS\.m2\repository\io\jsonwebtoken\jjwt-impl\0.11.5\jjwt-impl-0.11.5.jar;C:\Users\ASUS\.m2\repository\io\jsonwebtoken\jjwt-jackson\0.11.5\jjwt-jackson-0.11.5.jar;C:\Users\ASUS\.m2\repository\com\fasterxml\jackson\core\jackson-databind\2.15.2\jackson-databind-2.15.2.jar;C:\Users\ASUS\.m2\repository\com\fasterxml\jackson\core\jackson-annotations\2.15.2\jackson-annotations-2.15.2.jar;C:\Users\ASUS\.m2\repository\com\fasterxml\jackson\core\jackson-core\2.15.2\jackson-core-2.15.2.jar;C:\Users\ASUS\.m2\repository\jakarta\xml\bind\jakarta.xml.bind-api\4.0.0\jakarta.xml.bind-api-4.0.0.jar;C:\Users\ASUS\.m2\repository\jakarta\activation\jakarta.activation-api\2.1.2\jakarta.activation-api-2.1.2.jar;C:\Users\ASUS\.m2\repository\org\springframework\spring-core\6.0.10\spring-core-6.0.10.jar;C:\Users\ASUS\.m2\repository\org\springframework\spring-jcl\6.0.10\spring-jcl-6.0.10.jar;C:\Users\ASUS\.m2\repository\org\springframework\security\spring-security-core\6.1.1\spring-security-core-6.1.1.jar;C:\Users\ASUS\.m2\repository\org\springframework\security\spring-security-crypto\6.1.1\spring-security-crypto-6.1.1.jar
Launcher Type: SUN_STANDARD

[Global flags]
     intx CICompilerCount                          = 3                                         {product} {ergonomic}
     uint ConcGCThreads                            = 1                                         {product} {ergonomic}
     uint G1ConcRefinementThreads                  = 4                                         {product} {ergonomic}
   size_t G1HeapRegionSize                         = 1048576                                   {product} {ergonomic}
    uintx GCDrainStackTargetSize                   = 64                                        {product} {ergonomic}
   size_t InitialHeapSize                          = 132120576                                 {product} {ergonomic}
   size_t MarkStackSize                            = 4194304                                   {product} {ergonomic}
   size_t MaxHeapSize                              = 2109734912                                {product} {ergonomic}
   size_t MaxNewSize                               = 1265631232                                {product} {ergonomic}
   size_t MinHeapDeltaBytes                        = 1048576                                   {product} {ergonomic}
   size_t MinHeapSize                              = 8388608                                   {product} {ergonomic}
    uintx NonNMethodCodeHeapSize                   = 5832780                                {pd product} {ergonomic}
    uintx NonProfiledCodeHeapSize                  = 122912730                              {pd product} {ergonomic}
    uintx ProfiledCodeHeapSize                     = 122912730                              {pd product} {ergonomic}
    uintx ReservedCodeCacheSize                    = 251658240                              {pd product} {ergonomic}
     bool SegmentedCodeCache                       = true                                      {product} {ergonomic}
   size_t SoftMaxHeapSize                          = 2109734912                             {manageable} {ergonomic}
     bool UseCompressedClassPointers               = true                           {product lp64_product} {ergonomic}
     bool UseCompressedOops                        = true                           {product lp64_product} {ergonomic}
     bool UseG1GC                                  = true                                      {product} {ergonomic}
     bool UseLargePagesIndividualAllocation        = false                                  {pd product} {ergonomic}

Logging:
Log output configuration:
 #0: stdout all=warning uptime,level,tags foldmultilines=false
 #1: stderr all=off uptime,level,tags foldmultilines=false

Environment Variables:
PATH=C:\Program Files\Common Files\Oracle\Java\javapath;C:\Windows\system32;C:\Windows;C:\Windows\System32\Wbem;C:\Windows\System32\WindowsPowerShell\v1.0\;C:\MinGW\bin;C:\Program Files\nodejs\;C:\Program Files\Git\cmd;C:\ProgramData\Microsoft\Windows\Start Menu\Programs\Node.js;C:\Program Files\Java\jdk-20\bin;C:\Program Files\MongoDB\Server\5.0\bin;C:\Users\ASUS\AppData\Local\Programs\Microsoft VS Code\bin;C:\Users\ASUS\AppData\Roaming\npm;C:\Program Files\JetBrains\IntelliJ IDEA 2023.1.3\bin;;C:\Program Files\JetBrains\IntelliJ IDEA Community Edition 2023.1.3\bin;;C:\Users\ASUS\AppData\Local\GitHubDesktop\bin
USERNAME=ASUS
OS=Windows_NT
PROCESSOR_IDENTIFIER=Intel64 Family 6 Model 142 Stepping 12, GenuineIntel
TMP=C:\Users\ASUS\AppData\Local\Temp
TEMP=C:\Users\ASUS\AppData\Local\Temp




---------------  S Y S T E M  ---------------

OS:
 Windows 10 , 64 bit Build 10586 (10.0.10586.0)
OS uptime: 0 days 11:32 hours

CPU: total 4 (initial active 4) (2 cores per cpu, 2 threads per core) family 6 model 142 stepping 12 microcode 0xde, cx8, cmov, fxsr, ht, mmx, 3dnowpref, sse, sse2, sse3, ssse3, sse4.1, sse4.2, popcnt, lzcnt, tsc, tscinvbit, avx, avx2, aes, erms, clmul, bmi1, bmi2, adx, fma, vzeroupper, clflush, clflushopt, rdtscp, f16c

Memory: 4k page, system-wide physical 8045M (2980M free)
TotalPageFile size 9965M (AvailPageFile size 3424M)
current process WorkingSet (physical memory assigned to process): 160M, peak: 160M
current process commit charge ("private bytes"): 195M, peak: 262M

vm_info: Java HotSpot(TM) 64-Bit Server VM (20.0.1+9-29) for windows-amd64 JRE (20.0.1+9-29), built on 2023-03-07T13:56:11Z by "mach5one" with MS VC++ 17.1 (VS2022)

END.
