#
# A fatal error has been detected by the Java Runtime Environment:
#
#  EXCEPTION_ACCESS_VIOLATION (0xc0000005) at pc=0x00007ff946bdff2c, pid=6324, tid=7220
#
# JRE version: Java(TM) SE Runtime Environment (20.0.1+9) (build 20.0.1+9-29)
# Java VM: Java HotSpot(TM) 64-Bit Server VM (20.0.1+9-29, mixed mode, sharing, tiered, compressed oops, compressed class ptrs, g1 gc, windows-amd64)
# Problematic frame:
# V  [jvm.dll+0x3bff2c]
#
# No core dump will be written. Minidumps are not enabled by default on client versions of Windows
#
# If you would like to submit a bug report, please visit:
#   https://bugreport.java.com/bugreport/crash.jsp
#

---------------  S U M M A R Y ------------

Command Line: -javaagent:C:\Program Files\JetBrains\IntelliJ IDEA Community Edition 2023.1.3\lib\idea_rt.jar=50367:C:\Program Files\JetBrains\IntelliJ IDEA Community Edition 2023.1.3\bin -Dfile.encoding=UTF-8 -Dsun.stdout.encoding=UTF-8 -Dsun.stderr.encoding=UTF-8 com.example.ElectroJwt.ElectroJwtApplication

Host: Intel(R) Core(TM) i3-10110U CPU @ 2.10GHz, 4 cores, 7G,  Windows 10 , 64 bit Build 10586 (10.0.10586.0)
Time: Wed Jul  5 20:49:11 2023 Afr. centrale Ouest elapsed time: 2.709101 seconds (0d 0h 0m 2s)

---------------  T H R E A D  ---------------

Current thread (0x0000027128bed530):  JavaThread "C2 CompilerThread1" daemon [_thread_in_native, id=7220, stack(0x000000c4d2400000,0x000000c4d2500000)]


Current CompileTask:
C2:   2709 3341       4       org.springframework.beans.factory.support.AbstractBeanFactory::isTypeMatch (619 bytes)

Stack: [0x000000c4d2400000,0x000000c4d2500000],  sp=0x000000c4d24fb940,  free space=1006k
Native frames: (J=compiled Java code, j=interpreted, Vv=VM code, C=native code)
V  [jvm.dll+0x3bff2c]
V  [jvm.dll+0x1e9d7f]
V  [jvm.dll+0x1e68f0]
V  [jvm.dll+0x24b3ab]
V  [jvm.dll+0x24a651]
V  [jvm.dll+0x1ce491]
V  [jvm.dll+0x259e1b]
V  [jvm.dll+0x2584f0]
V  [jvm.dll+0x3f2895]
V  [jvm.dll+0x7f4b56]
V  [jvm.dll+0x6ba5cb]
C  [ucrtbase.dll+0x6be1d]
C  [KERNEL32.DLL+0x18102]
C  [ntdll.dll+0x5c5b4]


siginfo: EXCEPTION_ACCESS_VIOLATION (0xc0000005), ExceptionInformation=0x0000000000000003 0x0000000000000000


Registers:
RAX=0x000002712e377f60, RBX=0x000000c4d24fba00, RCX=0x000002712dc15120, RDX=0x0000000000000068
RSP=0x000000c4d24fb940, RBP=0x3fd4e555fe1aff2c, RSI=0x000000c4d24fe4b0, RDI=0x000000000000000c
R8 =0x0000000100000040, R9 =0x0000000000000007, R10=0x0000000000000000, R11=0x0000000000000246
R12=0x000002712d0f23c0, R13=0x0000000000000028, R14=0x0000000000000060, R15=0x000002712f267870
RIP=0x00007ff946bdff2c, EFLAGS=0x0000000000010202


Register to memory mapping:

RIP=0x00007ff946bdff2c jvm.dll
RAX=0x000002712e377f60 points into unknown readable memory: 0x000002712e377fc0 | c0 7f 37 2e 71 02 00 00
RBX=0x000000c4d24fba00 is pointing into the stack for thread: 0x0000027128bed530
RCX=0x000002712dc15120 points into unknown readable memory: 0x0000000000000000 | 00 00 00 00 00 00 00 00
RDX=0x0000000000000068 is an unknown value
RSP=0x000000c4d24fb940 is pointing into the stack for thread: 0x0000027128bed530
RBP=0x3fd4e555fe1aff2c is an unknown value
RSI=0x000000c4d24fe4b0 is pointing into the stack for thread: 0x0000027128bed530
RDI=0x000000000000000c is an unknown value
R8 =0x0000000100000040 is an unknown value
R9 =0x0000000000000007 is an unknown value
R10=0x0 is NULL
R11=0x0000000000000246 is an unknown value
R12=0x000002712d0f23c0 points into unknown readable memory: 0x0000027128bde110 | 10 e1 bd 28 71 02 00 00
R13=0x0000000000000028 is an unknown value
R14=0x0000000000000060 is an unknown value
R15=0x000002712f267870 points into unknown readable memory: 0x0000000400000006 | 06 00 00 00 04 00 00 00


Top of Stack: (sp=0x000000c4d24fb940)
0x000000c4d24fb940:   000000c4d24fba00 000000c4d24fba90
0x000000c4d24fb950:   0000000000000000 00007ff946be0154
0x000000c4d24fb960:   0000000000000001 000002712d944e00
0x000000c4d24fb970:   0000000000000000 000000000000020e
0x000000c4d24fb980:   0000000000000004 00007ff946a09d7f
0x000000c4d24fb990:   000000c4d24fba90 0000000000000000
0x000000c4d24fb9a0:   000000c4d24fbf70 0000000100000001
0x000000c4d24fb9b0:   000002712edbf3a0 000002712d8f1c60
0x000000c4d24fb9c0:   0000000000000000 0000000100000002
0x000000c4d24fb9d0:   0000000100000001 000002712dc15120
0x000000c4d24fb9e0:   000000c4d24fba10 000000c4d24fba00
0x000000c4d24fb9f0:   000002712d944e00 000002712d8f1bb0
0x000000c4d24fba00:   0000000400000006 0000027130b76050
0x000000c4d24fba10:   00007ff9473d11d0 00007ff9473d11d0
0x000000c4d24fba20:   00007ff9473d11d0 00007ff9473d11d0
0x000000c4d24fba30:   00007ff9473d11d0 00007ff9473d11d0
0x000000c4d24fba40:   00007ff9473d11d0 00007ff9473d11d0
0x000000c4d24fba50:   0000000000000438 000002712d0dbe50
0x000000c4d24fba60:   000002712ebb4090 0000000000186bf0
0x000000c4d24fba70:   000002712ebb60e8 000002712ebbc078
0x000000c4d24fba80:   0000027100000040 000002712d8f4180
0x000000c4d24fba90:   0000000020000008 000002712d0dbe50
0x000000c4d24fbaa0:   000000000004d0b0 0000027128c33c40
0x000000c4d24fbab0:   0000000000000001 000000c4d24fbf70
0x000000c4d24fbac0:   000000c4d24fc050 0000027128c33c50
0x000000c4d24fbad0:   00000000000003d8 0000027128c34028
0x000000c4d24fbae0:   000000c4d24fbbf0 00007ff946a068f0
0x000000c4d24fbaf0:   000000c400000702 000000c400000001
0x000000c4d24fbb00:   000002710000020e 000002712e7c2f60
0x000000c4d24fbb10:   0000000000000000 0000000000000001
0x000000c4d24fbb20:   0000000000000007 0000027128c33c40
0x000000c4d24fbb30:   0000027130b76040 0000027230b76090 

Instructions: (pc=0x00007ff946bdff2c)
0x00007ff946bdfe2c:   8b 93 90 00 00 00 b8 28 00 00 00 44 8b e8 48 c1
0x00007ff946bdfe3c:   e2 03 48 8b 04 07 48 8b 88 48 05 00 00 48 8b 81
0x00007ff946bdfe4c:   80 00 00 00 4c 8b 88 c0 08 00 00 49 8b 49 18 49
0x00007ff946bdfe5c:   8b 41 20 48 2b c1 48 3b c2 72 0a 48 8d 04 11 49
0x00007ff946bdfe6c:   89 41 18 eb 0e 45 33 c0 49 8b c9 e8 74 2f d0 ff
0x00007ff946bdfe7c:   48 8b c8 ba 68 00 00 00 33 ff 48 89 4b 08 39 bb
0x00007ff946bdfe8c:   90 00 00 00 0f 86 d6 00 00 00 65 48 8b 04 25 58
0x00007ff946bdfe9c:   00 00 00 48 8d 0d 2a 13 7f 00 48 89 6c 24 50 4c
0x00007ff946bdfeac:   89 64 24 58 4c 89 74 24 60 4c 8d 24 f0 0f 1f 80
0x00007ff946bdfebc:   00 00 00 00 49 8b 47 08 4c 8d 34 fd 00 00 00 00
0x00007ff946bdfecc:   49 8b 2c 06 48 3b e9 75 0a 48 8b 43 08 49 89 0c
0x00007ff946bdfedc:   06 eb 6b 49 8b 34 24 80 3c 16 00 75 05 e8 b2 5d
0x00007ff946bdfeec:   4e 00 4a 8b 04 2e 48 8b 88 48 05 00 00 48 8b b1
0x00007ff946bdfefc:   80 00 00 00 48 8b 8e c8 08 00 00 48 85 c9 75 0c
0x00007ff946bdff0c:   e8 af 0a 00 00 48 8b 8e c8 08 00 00 48 8b 01 0f
0x00007ff946bdff1c:   57 c0 48 89 86 c8 08 00 00 0f 11 01 0f 11 41 10
0x00007ff946bdff2c:   0f 10 45 00 0f 11 01 0f 10 4d 10 0f 11 49 10 48
0x00007ff946bdff3c:   8b 43 08 49 89 0c 06 48 8d 0d 86 12 7f 00 ff c7
0x00007ff946bdff4c:   ba 68 00 00 00 3b bb 90 00 00 00 0f 82 63 ff ff
0x00007ff946bdff5c:   ff 4c 8b 74 24 60 4c 8b 64 24 58 48 8b 6c 24 50
0x00007ff946bdff6c:   48 8b c3 48 83 c4 20 41 5f 41 5d 5f 5e 5b c3 cc
0x00007ff946bdff7c:   cc cc cc cc 48 89 74 24 18 57 48 83 ec 20 8b 51
0x00007ff946bdff8c:   0c 48 8b f9 83 fa 04 73 29 48 8b 49 18 0f 1f 80
0x00007ff946bdff9c:   00 00 00 00 8b c2 44 8d 4a 01 48 83 3c c1 00 4c
0x00007ff946bdffac:   8d 14 c1 0f 85 91 00 00 00 41 8b d1 41 83 f9 04
0x00007ff946bdffbc:   72 e2 48 89 5c 24 30 8b 5f 10 48 89 6c 24 38 3b
0x00007ff946bdffcc:   5f 14 73 5f 48 8d 2d f9 11 7f 00 66 0f 1f 84 00
0x00007ff946bdffdc:   00 00 00 00 48 8b 47 20 8b cb 48 8b 14 c8 48 3b
0x00007ff946bdffec:   d5 74 39 33 c0 48 89 57 18 33 c9 66 0f 1f 84 00
0x00007ff946bdfffc:   00 00 00 00 48 83 3c 11 00 44 8d 48 01 75 78 48
0x00007ff946be000c:   83 c1 08 41 8b c1 41 83 f9 04 72 e8 48 8b 4f 28
0x00007ff946be001c:   48 85 c9 74 07 8b d3 e8 58 01 00 00 ff c3 3b 5f 


Stack slot to memory mapping:
stack at sp + 0 slots: 0x000000c4d24fba00 is pointing into the stack for thread: 0x0000027128bed530
stack at sp + 1 slots: 0x000000c4d24fba90 is pointing into the stack for thread: 0x0000027128bed530
stack at sp + 2 slots: 0x0 is NULL
stack at sp + 3 slots: 0x00007ff946be0154 jvm.dll
stack at sp + 4 slots: 0x0000000000000001 is an unknown value
stack at sp + 5 slots: 0x000002712d944e00 points into unknown readable memory: 0x00007ff947165b90 | 90 5b 16 47 f9 7f 00 00
stack at sp + 6 slots: 0x0 is NULL
stack at sp + 7 slots: 0x000000000000020e is an unknown value


---------------  P R O C E S S  ---------------

Threads class SMR info:
_java_thread_list=0x000002712e3aa920, length=15, elements={
0x000002710cb22c60, 0x0000027128bd0a10, 0x0000027128bd1710, 0x0000027128bd73f0,
0x0000027128bd9d40, 0x0000027128bdb240, 0x0000027128bdf8d0, 0x0000027128beb760,
0x0000027128bef100, 0x000002712d0a8200, 0x0000027128bed530, 0x000002712d2e4b60,
0x000002712d2914c0, 0x000002712da84460, 0x000002712dc3b4a0
}

Java Threads: ( => current thread )
  0x000002710cb22c60 JavaThread "main" [_thread_blocked, id=2608, stack(0x000000c4d1400000,0x000000c4d1500000)]
  0x0000027128bd0a10 JavaThread "Reference Handler" daemon [_thread_blocked, id=8440, stack(0x000000c4d1b00000,0x000000c4d1c00000)]
  0x0000027128bd1710 JavaThread "Finalizer" daemon [_thread_blocked, id=7860, stack(0x000000c4d1c00000,0x000000c4d1d00000)]
  0x0000027128bd73f0 JavaThread "Signal Dispatcher" daemon [_thread_blocked, id=8480, stack(0x000000c4d1d00000,0x000000c4d1e00000)]
  0x0000027128bd9d40 JavaThread "Attach Listener" daemon [_thread_blocked, id=4448, stack(0x000000c4d1e00000,0x000000c4d1f00000)]
  0x0000027128bdb240 JavaThread "Service Thread" daemon [_thread_blocked, id=4452, stack(0x000000c4d1f00000,0x000000c4d2000000)]
  0x0000027128bdf8d0 JavaThread "Monitor Deflation Thread" daemon [_thread_blocked, id=8476, stack(0x000000c4d2000000,0x000000c4d2100000)]
  0x0000027128beb760 JavaThread "C2 CompilerThread0" daemon [_thread_in_native, id=5856, stack(0x000000c4d2100000,0x000000c4d2200000)]
  0x0000027128bef100 JavaThread "C1 CompilerThread0" daemon [_thread_blocked, id=7100, stack(0x000000c4d2200000,0x000000c4d2300000)]
  0x000002712d0a8200 JavaThread "Common-Cleaner" daemon [_thread_blocked, id=8288, stack(0x000000c4d2300000,0x000000c4d2400000)]
=>0x0000027128bed530 JavaThread "C2 CompilerThread1" daemon [_thread_in_native, id=7220, stack(0x000000c4d2400000,0x000000c4d2500000)]
  0x000002712d2e4b60 JavaThread "Monitor Ctrl-Break" daemon [_thread_in_native, id=7408, stack(0x000000c4d2500000,0x000000c4d2600000)]
  0x000002712d2914c0 JavaThread "Notification Thread" daemon [_thread_blocked, id=7332, stack(0x000000c4d2600000,0x000000c4d2700000)]
  0x000002712da84460 JavaThread "Thread-0" [_thread_blocked, id=5196, stack(0x000000c4d2b00000,0x000000c4d2c00000)]
  0x000002712dc3b4a0 JavaThread "restartedMain" [_thread_in_vm, id=1388, stack(0x000000c4d2c00000,0x000000c4d2d00000)]

Other Threads:
  0x0000027128bb71e0 VMThread "VM Thread" [stack: 0x000000c4d1a00000,0x000000c4d1b00000] [id=2532]
  0x000002712d2e50b0 WatcherThread "VM Periodic Task Thread" [stack: 0x000000c4d2700000,0x000000c4d2800000] [id=7172]
  0x000002710cb80390 WorkerThread "GC Thread#0" [stack: 0x000000c4d1500000,0x000000c4d1600000] [id=1380]
  0x000002712dc18c00 WorkerThread "GC Thread#1" [stack: 0x000000c4d2800000,0x000000c4d2900000] [id=8516]
  0x000002712d909b10 WorkerThread "GC Thread#2" [stack: 0x000000c4d2900000,0x000000c4d2a00000] [id=9016]
  0x000002712d8022e0 WorkerThread "GC Thread#3" [stack: 0x000000c4d2a00000,0x000000c4d2b00000] [id=7856]
  0x000002710cb90fc0 ConcurrentGCThread "G1 Main Marker" [stack: 0x000000c4d1600000,0x000000c4d1700000] [id=2596]
  0x000002710cb925b0 WorkerThread "G1 Conc#0" [stack: 0x000000c4d1700000,0x000000c4d1800000] [id=8952]
  0x0000027128a750d0 ConcurrentGCThread "G1 Refine#0" [stack: 0x000000c4d1800000,0x000000c4d1900000] [id=1016]
  0x0000027128a76990 ConcurrentGCThread "G1 Service" [stack: 0x000000c4d1900000,0x000000c4d1a00000] [id=8436]

Threads with active compile tasks:
C2 CompilerThread0     2728 3264       4       java.lang.invoke.MethodType::methodType (69 bytes)
C2 CompilerThread1     2728 3341       4       org.springframework.beans.factory.support.AbstractBeanFactory::isTypeMatch (619 bytes)

VM state: not at safepoint (normal execution)

VM Mutex/Monitor currently owned by a thread:  ([mutex/lock_event])
[0x000002710cb20130] SystemDictionary_lock - owner thread: 0x0000000000000000

Heap address: 0x0000000082400000, size: 2012 MB, Compressed Oops mode: 32-bit

CDS archive(s) mapped at: [0x0000000800000000-0x0000000800c60000-0x0000000800c60000), size 12976128, SharedBaseAddress: 0x0000000800000000, ArchiveRelocationMode: 0.
Compressed class space mapped at: 0x0000000801000000-0x0000000841000000, reserved size: 1073741824
Narrow klass base: 0x0000000800000000, Narrow klass shift: 0, Narrow klass range: 0x100000000

GC Precious Log:
 CardTable entry size: 512
 Card Set container configuration: InlinePtr #cards 5 size 8 Array Of Cards #cards 12 size 40 Howl #buckets 4 coarsen threshold 1843 Howl Bitmap #cards 512 size 80 coarsen threshold 460 Card regions per heap region 1 cards per card region 2048
 CPUs: 4 total, 4 available
 Memory: 8045M
 Large Page Support: Disabled
 NUMA Support: Disabled
 Compressed Oops: Enabled (32-bit)
 Heap Region Size: 1M
 Heap Min Capacity: 8M
 Heap Initial Capacity: 126M
 Heap Max Capacity: 2012M
 Pre-touch: Disabled
 Parallel Workers: 4
 Concurrent Workers: 1
 Concurrent Refinement Workers: 4
 Periodic GC: Disabled

Heap:
 garbage-first heap   total 48128K, used 23738K [0x0000000082400000, 0x0000000100000000)
  region size 1024K, 18 young (18432K), 7 survivors (7168K)
 Metaspace       used 23513K, committed 23936K, reserved 1114112K
  class space    used 2867K, committed 3072K, reserved 1048576K

Heap Regions: E=young(eden), S=young(survivor), O=old, HS=humongous(starts), HC=humongous(continues), CS=collection set, F=free, OA=open archive, CA=closed archive, TAMS=top-at-mark-start, PB=parsable bottom
|   0|0x0000000082400000, 0x0000000082500000, 0x0000000082500000|100%|HS|  |TAMS 0x0000000082400000| PB 0x0000000082400000| Complete 
|   1|0x0000000082500000, 0x0000000082600000, 0x0000000082600000|100%| O|  |TAMS 0x0000000082500000| PB 0x0000000082500000| Untracked 
|   2|0x0000000082600000, 0x0000000082700000, 0x0000000082700000|100%| O|  |TAMS 0x0000000082600000| PB 0x0000000082600000| Untracked 
|   3|0x0000000082700000, 0x0000000082800000, 0x0000000082800000|100%| O|  |TAMS 0x0000000082700000| PB 0x0000000082700000| Untracked 
|   4|0x0000000082800000, 0x0000000082900000, 0x0000000082900000|100%| O|  |TAMS 0x0000000082800000| PB 0x0000000082800000| Untracked 
|   5|0x0000000082900000, 0x0000000082a00000, 0x0000000082a00000|100%| O|  |TAMS 0x0000000082900000| PB 0x0000000082900000| Untracked 
|   6|0x0000000082a00000, 0x0000000082a84a00, 0x0000000082b00000| 51%| O|  |TAMS 0x0000000082a00000| PB 0x0000000082a00000| Complete 
|   7|0x0000000082b00000, 0x0000000082b00000, 0x0000000082c00000|  0%| F|  |TAMS 0x0000000082b00000| PB 0x0000000082b00000| Untracked 
|   8|0x0000000082c00000, 0x0000000082c00000, 0x0000000082d00000|  0%| F|  |TAMS 0x0000000082c00000| PB 0x0000000082c00000| Untracked 
|   9|0x0000000082d00000, 0x0000000082d00000, 0x0000000082e00000|  0%| F|  |TAMS 0x0000000082d00000| PB 0x0000000082d00000| Untracked 
|  10|0x0000000082e00000, 0x0000000082e00000, 0x0000000082f00000|  0%| F|  |TAMS 0x0000000082e00000| PB 0x0000000082e00000| Untracked 
|  11|0x0000000082f00000, 0x0000000082f00000, 0x0000000083000000|  0%| F|  |TAMS 0x0000000082f00000| PB 0x0000000082f00000| Untracked 
|  12|0x0000000083000000, 0x0000000083000000, 0x0000000083100000|  0%| F|  |TAMS 0x0000000083000000| PB 0x0000000083000000| Untracked 
|  13|0x0000000083100000, 0x0000000083100000, 0x0000000083200000|  0%| F|  |TAMS 0x0000000083100000| PB 0x0000000083100000| Untracked 
|  14|0x0000000083200000, 0x0000000083200000, 0x0000000083300000|  0%| F|  |TAMS 0x0000000083200000| PB 0x0000000083200000| Untracked 
|  15|0x0000000083300000, 0x0000000083300000, 0x0000000083400000|  0%| F|  |TAMS 0x0000000083300000| PB 0x0000000083300000| Untracked 
|  16|0x0000000083400000, 0x0000000083400000, 0x0000000083500000|  0%| F|  |TAMS 0x0000000083400000| PB 0x0000000083400000| Untracked 
|  17|0x0000000083500000, 0x0000000083500000, 0x0000000083600000|  0%| F|  |TAMS 0x0000000083500000| PB 0x0000000083500000| Untracked 
|  18|0x0000000083600000, 0x0000000083600000, 0x0000000083700000|  0%| F|  |TAMS 0x0000000083600000| PB 0x0000000083600000| Untracked 
|  19|0x0000000083700000, 0x0000000083700000, 0x0000000083800000|  0%| F|  |TAMS 0x0000000083700000| PB 0x0000000083700000| Untracked 
|  20|0x0000000083800000, 0x0000000083800000, 0x0000000083900000|  0%| F|  |TAMS 0x0000000083800000| PB 0x0000000083800000| Untracked 
|  21|0x0000000083900000, 0x0000000083900000, 0x0000000083a00000|  0%| F|  |TAMS 0x0000000083900000| PB 0x0000000083900000| Untracked 
|  22|0x0000000083a00000, 0x0000000083a00000, 0x0000000083b00000|  0%| F|  |TAMS 0x0000000083a00000| PB 0x0000000083a00000| Untracked 
|  23|0x0000000083b00000, 0x0000000083b00000, 0x0000000083c00000|  0%| F|  |TAMS 0x0000000083b00000| PB 0x0000000083b00000| Untracked 
|  24|0x0000000083c00000, 0x0000000083c00000, 0x0000000083d00000|  0%| F|  |TAMS 0x0000000083c00000| PB 0x0000000083c00000| Untracked 
|  25|0x0000000083d00000, 0x0000000083d00000, 0x0000000083e00000|  0%| F|  |TAMS 0x0000000083d00000| PB 0x0000000083d00000| Untracked 
|  26|0x0000000083e00000, 0x0000000083e00000, 0x0000000083f00000|  0%| F|  |TAMS 0x0000000083e00000| PB 0x0000000083e00000| Untracked 
|  27|0x0000000083f00000, 0x0000000083f00000, 0x0000000084000000|  0%| F|  |TAMS 0x0000000083f00000| PB 0x0000000083f00000| Untracked 
|  28|0x0000000084000000, 0x0000000084000000, 0x0000000084100000|  0%| F|  |TAMS 0x0000000084000000| PB 0x0000000084000000| Untracked 
|  29|0x0000000084100000, 0x0000000084180800, 0x0000000084200000| 50%| E|  |TAMS 0x0000000084100000| PB 0x0000000084100000| Complete 
|  30|0x0000000084200000, 0x0000000084300000, 0x0000000084300000|100%| E|CS|TAMS 0x0000000084200000| PB 0x0000000084200000| Complete 
|  31|0x0000000084300000, 0x0000000084400000, 0x0000000084400000|100%| E|CS|TAMS 0x0000000084300000| PB 0x0000000084300000| Complete 
|  32|0x0000000084400000, 0x0000000084500000, 0x0000000084500000|100%| E|CS|TAMS 0x0000000084400000| PB 0x0000000084400000| Complete 
|  33|0x0000000084500000, 0x0000000084600000, 0x0000000084600000|100%| E|CS|TAMS 0x0000000084500000| PB 0x0000000084500000| Complete 
|  34|0x0000000084600000, 0x0000000084700000, 0x0000000084700000|100%| E|CS|TAMS 0x0000000084600000| PB 0x0000000084600000| Complete 
|  35|0x0000000084700000, 0x0000000084800000, 0x0000000084800000|100%| E|CS|TAMS 0x0000000084700000| PB 0x0000000084700000| Complete 
|  36|0x0000000084800000, 0x0000000084900000, 0x0000000084900000|100%| E|CS|TAMS 0x0000000084800000| PB 0x0000000084800000| Complete 
|  37|0x0000000084900000, 0x0000000084a00000, 0x0000000084a00000|100%| E|CS|TAMS 0x0000000084900000| PB 0x0000000084900000| Complete 
|  38|0x0000000084a00000, 0x0000000084b00000, 0x0000000084b00000|100%| E|CS|TAMS 0x0000000084a00000| PB 0x0000000084a00000| Complete 
|  39|0x0000000084b00000, 0x0000000084c00000, 0x0000000084c00000|100%| E|CS|TAMS 0x0000000084b00000| PB 0x0000000084b00000| Complete 
|  71|0x0000000086b00000, 0x0000000086ba9f88, 0x0000000086c00000| 66%| S|CS|TAMS 0x0000000086b00000| PB 0x0000000086b00000| Complete 
|  72|0x0000000086c00000, 0x0000000086d00000, 0x0000000086d00000|100%| S|CS|TAMS 0x0000000086c00000| PB 0x0000000086c00000| Complete 
|  73|0x0000000086d00000, 0x0000000086e00000, 0x0000000086e00000|100%| S|CS|TAMS 0x0000000086d00000| PB 0x0000000086d00000| Complete 
|  74|0x0000000086e00000, 0x0000000086f00000, 0x0000000086f00000|100%| S|CS|TAMS 0x0000000086e00000| PB 0x0000000086e00000| Complete 
|  75|0x0000000086f00000, 0x0000000087000000, 0x0000000087000000|100%| S|CS|TAMS 0x0000000086f00000| PB 0x0000000086f00000| Complete 
|  76|0x0000000087000000, 0x0000000087100000, 0x0000000087100000|100%| S|CS|TAMS 0x0000000087000000| PB 0x0000000087000000| Complete 
|  77|0x0000000087100000, 0x0000000087200000, 0x0000000087200000|100%| S|CS|TAMS 0x0000000087100000| PB 0x0000000087100000| Complete 

Card table byte_map: [0x0000027123fd0000,0x00000271243c0000] _byte_map_base: 0x0000027123bbe000

Marking Bits: (CMBitMap*) 0x000002710cb809c0
 Bits: [0x00000271247b0000, 0x0000027126720000)

Polling page: 0x000002710ab80000

Metaspace:

Usage:
  Non-class:     20.17 MB used.
      Class:      2.80 MB used.
       Both:     22.97 MB used.

Virtual space:
  Non-class space:       64.00 MB reserved,      20.38 MB ( 32%) committed,  1 nodes.
      Class space:        1.00 GB reserved,       3.00 MB ( <1%) committed,  1 nodes.
             Both:        1.06 GB reserved,      23.38 MB (  2%) committed. 

Chunk freelists:
   Non-Class:  3.66 MB
       Class:  976.00 KB
        Both:  4.61 MB

MaxMetaspaceSize: unlimited
CompressedClassSpaceSize: 1.00 GB
Initial GC threshold: 21.00 MB
Current GC threshold: 35.13 MB
CDS: on
MetaspaceReclaimPolicy: balanced
 - commit_granule_bytes: 65536.
 - commit_granule_words: 8192.
 - virtual_space_node_default_size: 8388608.
 - enlarge_chunks_in_place: 1.
 - new_chunks_are_fully_committed: 0.
 - uncommit_free_chunks: 1.
 - use_allocation_guard: 0.


Internal statistics:

num_allocs_failed_limit: 3.
num_arena_births: 448.
num_arena_deaths: 0.
num_vsnodes_births: 2.
num_vsnodes_deaths: 0.
num_space_committed: 374.
num_space_uncommitted: 0.
num_chunks_returned_to_freelist: 3.
num_chunks_taken_from_freelist: 1283.
num_chunk_merges: 3.
num_chunk_splits: 865.
num_chunks_enlarged: 623.
num_inconsistent_stats: 0.

CodeHeap 'non-profiled nmethods': size=120000Kb used=1467Kb max_used=1467Kb free=118532Kb
 bounds [0x000002711c6b0000, 0x000002711c920000, 0x0000027123be0000]
CodeHeap 'profiled nmethods': size=120000Kb used=7142Kb max_used=7142Kb free=112857Kb
 bounds [0x0000027114be0000, 0x00000271152e0000, 0x000002711c110000]
CodeHeap 'non-nmethods': size=5760Kb used=1543Kb max_used=1553Kb free=4217Kb
 bounds [0x000002711c110000, 0x000002711c380000, 0x000002711c6b0000]
 total_blobs=3943 nmethods=3430 adapters=421
 compilation: enabled
              stopped_count=0, restarted_count=0
 full_count=0

Compilation events (20 events):
Event: 2.694 Thread 0x0000027128bef100 3418       3       java.util.ArrayList::elementAt (4 bytes)
Event: 2.694 Thread 0x0000027128bef100 nmethod 3418 0x00000271152cf910 code [0x00000271152cfaa0, 0x00000271152cfbb8]
Event: 2.695 Thread 0x0000027128bef100 3419       3       org.springframework.core.annotation.AnnotationsScanner::processClassHierarchy (17 bytes)
Event: 2.695 Thread 0x0000027128bef100 nmethod 3419 0x00000271152cfc90 code [0x00000271152cfe20, 0x00000271152cfff0]
Event: 2.695 Thread 0x0000027128bef100 3420       3       org.springframework.beans.factory.support.AbstractBeanFactory::getType (246 bytes)
Event: 2.697 Thread 0x0000027128bef100 nmethod 3420 0x00000271152d0110 code [0x00000271152d0560, 0x00000271152d2dc0]
Event: 2.697 Thread 0x0000027128bef100 3421       3       java.util.Collections$EmptyMap::entrySet (4 bytes)
Event: 2.698 Thread 0x0000027128bef100 nmethod 3421 0x00000271152d3990 code [0x00000271152d3b20, 0x00000271152d3c90]
Event: 2.698 Thread 0x0000027128bef100 3422       3       java.util.ArrayDeque::<init> (14 bytes)
Event: 2.698 Thread 0x0000027128bef100 nmethod 3422 0x00000271152d3d90 code [0x00000271152d3f20, 0x00000271152d41e8]
Event: 2.698 Thread 0x0000027128bef100 3423       3       sun.reflect.annotation.AnnotationParser::contains (36 bytes)
Event: 2.698 Thread 0x0000027128bef100 nmethod 3423 0x00000271152d4310 code [0x00000271152d44a0, 0x00000271152d46b8]
Event: 2.698 Thread 0x0000027128bef100 3424       3       sun.reflect.annotation.AnnotationParser::skipMemberValue (11 bytes)
Event: 2.698 Thread 0x0000027128bef100 nmethod 3424 0x00000271152d4790 code [0x00000271152d4940, 0x00000271152d4b28]
Event: 2.699 Thread 0x0000027128bef100 3425       3       sun.reflect.annotation.AnnotationParser::skipMemberValue (65 bytes)
Event: 2.699 Thread 0x0000027128bef100 nmethod 3425 0x00000271152d4c10 code [0x00000271152d4e20, 0x00000271152d5520]
Event: 2.699 Thread 0x0000027128bef100 3426       1       java.lang.reflect.Proxy$ProxyBuilder$ProxyClassContext::packageName (5 bytes)
Event: 2.699 Thread 0x0000027128bef100 nmethod 3426 0x000002711c81e790 code [0x000002711c81e900, 0x000002711c81e9c8]
Event: 2.700 Thread 0x0000027128bef100 3427       1       java.lang.reflect.Proxy$ProxyBuilder$ProxyClassContext::module (5 bytes)
Event: 2.700 Thread 0x0000027128bef100 nmethod 3427 0x000002711c81ea90 code [0x000002711c81ec00, 0x000002711c81ecc8]

GC Heap History (8 events):
Event: 0.524 GC heap before
{Heap before GC invocations=0 (full 0):
 garbage-first heap   total 129024K, used 13312K [0x0000000082400000, 0x0000000100000000)
  region size 1024K, 13 young (13312K), 0 survivors (0K)
 Metaspace       used 3319K, committed 3520K, reserved 1114112K
  class space    used 336K, committed 448K, reserved 1048576K
}
Event: 0.528 GC heap after
{Heap after GC invocations=1 (full 0):
 garbage-first heap   total 129024K, used 6507K [0x0000000082400000, 0x0000000100000000)
  region size 1024K, 2 young (2048K), 2 survivors (2048K)
 Metaspace       used 3319K, committed 3520K, reserved 1114112K
  class space    used 336K, committed 448K, reserved 1048576K
}
Event: 0.832 GC heap before
{Heap before GC invocations=1 (full 0):
 garbage-first heap   total 129024K, used 18795K [0x0000000082400000, 0x0000000100000000)
  region size 1024K, 15 young (15360K), 2 survivors (2048K)
 Metaspace       used 6751K, committed 6912K, reserved 1114112K
  class space    used 775K, committed 832K, reserved 1048576K
}
Event: 0.834 GC heap after
{Heap after GC invocations=2 (full 0):
 garbage-first heap   total 129024K, used 7698K [0x0000000082400000, 0x0000000100000000)
  region size 1024K, 1 young (1024K), 1 survivors (1024K)
 Metaspace       used 6751K, committed 6912K, reserved 1114112K
  class space    used 775K, committed 832K, reserved 1048576K
}
Event: 1.314 GC heap before
{Heap before GC invocations=2 (full 0):
 garbage-first heap   total 129024K, used 35346K [0x0000000082400000, 0x0000000100000000)
  region size 1024K, 29 young (29696K), 1 survivors (1024K)
 Metaspace       used 14452K, committed 14720K, reserved 1114112K
  class space    used 1695K, committed 1792K, reserved 1048576K
}
Event: 1.318 GC heap after
{Heap after GC invocations=3 (full 0):
 garbage-first heap   total 129024K, used 10196K [0x0000000082400000, 0x0000000100000000)
  region size 1024K, 4 young (4096K), 4 survivors (4096K)
 Metaspace       used 14452K, committed 14720K, reserved 1114112K
  class space    used 1695K, committed 1792K, reserved 1048576K
}
Event: 2.412 GC heap before
{Heap before GC invocations=3 (full 0):
 garbage-first heap   total 129024K, used 53204K [0x0000000082400000, 0x0000000100000000)
  region size 1024K, 48 young (49152K), 4 survivors (4096K)
 Metaspace       used 21201K, committed 21504K, reserved 1114112K
  class space    used 2532K, committed 2688K, reserved 1048576K
}
Event: 2.421 GC heap after
{Heap after GC invocations=4 (full 0):
 garbage-first heap   total 129024K, used 13498K [0x0000000082400000, 0x0000000100000000)
  region size 1024K, 7 young (7168K), 7 survivors (7168K)
 Metaspace       used 21201K, committed 21504K, reserved 1114112K
  class space    used 2532K, committed 2688K, reserved 1048576K
}

Dll operation events (12 events):
Event: 0.005 Loaded shared library C:\Program Files\Java\jdk-20\bin\java.dll
Event: 0.013 Loaded shared library C:\Program Files\Java\jdk-20\bin\jsvml.dll
Event: 0.091 Loaded shared library C:\Program Files\Java\jdk-20\bin\zip.dll
Event: 0.093 Loaded shared library C:\Program Files\Java\jdk-20\bin\instrument.dll
Event: 0.097 Loaded shared library C:\Program Files\Java\jdk-20\bin\net.dll
Event: 0.098 Loaded shared library C:\Program Files\Java\jdk-20\bin\nio.dll
Event: 0.100 Loaded shared library C:\Program Files\Java\jdk-20\bin\zip.dll
Event: 0.197 Loaded shared library C:\Program Files\JetBrains\IntelliJ IDEA Community Edition 2023.1.3\bin\breakgen64.dll
Event: 0.208 Loaded shared library C:\Program Files\Java\jdk-20\bin\extnet.dll
Event: 0.247 Loaded shared library C:\Program Files\Java\jdk-20\bin\jimage.dll
Event: 0.609 Loaded shared library C:\Program Files\Java\jdk-20\bin\management.dll
Event: 0.612 Loaded shared library C:\Program Files\Java\jdk-20\bin\management_ext.dll

Deoptimization events (20 events):
Event: 2.577 Thread 0x000002712dc3b4a0 Uncommon trap: trap_request=0xffffff45 fr.pc=0x000002711c7f9dac relative=0x000000000000046c
Event: 2.577 Thread 0x000002712dc3b4a0 Uncommon trap: reason=unstable_if action=reinterpret pc=0x000002711c7f9dac method=org.springframework.beans.factory.support.AbstractBeanFactory.getBeanPostProcessorCache()Lorg/springframework/beans/factory/support/AbstractBeanFactory$BeanPostProcessorCach
Event: 2.577 Thread 0x000002712dc3b4a0 DEOPT PACKING pc=0x000002711c7f9dac sp=0x000000c4d2cfe620
Event: 2.577 Thread 0x000002712dc3b4a0 DEOPT UNPACKING pc=0x000002711c179d22 sp=0x000000c4d2cfe4e0 mode 2
Event: 2.613 Thread 0x000002712dc3b4a0 Uncommon trap: trap_request=0xffffffcc fr.pc=0x000002711c819924 relative=0x0000000000000384
Event: 2.613 Thread 0x000002712dc3b4a0 Uncommon trap: reason=intrinsic_or_type_checked_inlining action=make_not_entrant pc=0x000002711c819924 method=java.util.Arrays.copyOf([Ljava/lang/Object;ILjava/lang/Class;)[Ljava/lang/Object; @ 35 c2
Event: 2.614 Thread 0x000002712dc3b4a0 DEOPT PACKING pc=0x000002711c819924 sp=0x000000c4d2cfe550
Event: 2.614 Thread 0x000002712dc3b4a0 DEOPT UNPACKING pc=0x000002711c179d22 sp=0x000000c4d2cfe4e0 mode 2
Event: 2.614 Thread 0x000002712dc3b4a0 Uncommon trap: trap_request=0xffffff45 fr.pc=0x000002711c7230f0 relative=0x0000000000000070
Event: 2.614 Thread 0x000002712dc3b4a0 Uncommon trap: reason=unstable_if action=reinterpret pc=0x000002711c7230f0 method=org.springframework.util.ConcurrentReferenceHashMap$Segment.clear()V @ 7 c2
Event: 2.614 Thread 0x000002712dc3b4a0 DEOPT PACKING pc=0x000002711c7230f0 sp=0x000000c4d2cfe5d0
Event: 2.614 Thread 0x000002712dc3b4a0 DEOPT UNPACKING pc=0x000002711c179d22 sp=0x000000c4d2cfe560 mode 2
Event: 2.618 Thread 0x000002712dc3b4a0 Uncommon trap: trap_request=0xffffff45 fr.pc=0x000002711c7ed160 relative=0x00000000000001e0
Event: 2.618 Thread 0x000002712dc3b4a0 Uncommon trap: reason=unstable_if action=reinterpret pc=0x000002711c7ed160 method=org.springframework.beans.factory.support.AbstractBeanFactory.getBeanPostProcessorCache()Lorg/springframework/beans/factory/support/AbstractBeanFactory$BeanPostProcessorCach
Event: 2.618 Thread 0x000002712dc3b4a0 DEOPT PACKING pc=0x000002711c7ed160 sp=0x000000c4d2cfe660
Event: 2.618 Thread 0x000002712dc3b4a0 DEOPT UNPACKING pc=0x000002711c179d22 sp=0x000000c4d2cfe5f0 mode 2
Event: 2.627 Thread 0x000002712dc3b4a0 Uncommon trap: trap_request=0xffffff45 fr.pc=0x000002711c7dbb4c relative=0x000000000000046c
Event: 2.627 Thread 0x000002712dc3b4a0 Uncommon trap: reason=unstable_if action=reinterpret pc=0x000002711c7dbb4c method=org.springframework.beans.factory.support.DefaultSingletonBeanRegistry.getSingleton(Ljava/lang/String;Z)Ljava/lang/Object; @ 20 c2
Event: 2.627 Thread 0x000002712dc3b4a0 DEOPT PACKING pc=0x000002711c7dbb4c sp=0x000000c4d2cfd3e0
Event: 2.627 Thread 0x000002712dc3b4a0 DEOPT UNPACKING pc=0x000002711c179d22 sp=0x000000c4d2cfd378 mode 2

Classes loaded (20 events):
Event: 2.611 Loading class java/security/PublicKey done
Event: 2.611 Loading class java/security/interfaces/RSAKey
Event: 2.611 Loading class java/security/interfaces/RSAKey done
Event: 2.611 Loading class java/security/interfaces/RSAPublicKey done
Event: 2.612 Loading class java/security/interfaces/RSAPrivateKey
Event: 2.612 Loading class java/security/PrivateKey
Event: 2.612 Loading class javax/security/auth/Destroyable
Event: 2.612 Loading class javax/security/auth/Destroyable done
Event: 2.612 Loading class java/security/PrivateKey done
Event: 2.612 Loading class java/security/interfaces/RSAPrivateKey done
Event: 2.624 Loading class javax/naming/NameNotFoundException
Event: 2.625 Loading class javax/naming/NameNotFoundException done
Event: 2.645 Loading class sun/invoke/util/ValueConversions$1
Event: 2.645 Loading class sun/invoke/util/ValueConversions$1 done
Event: 2.646 Loading class java/lang/invoke/BoundMethodHandle$Species_LI
Event: 2.646 Loading class java/lang/invoke/BoundMethodHandle$Species_LI done
Event: 2.666 Loading class java/lang/Class$EnclosingMethodInfo
Event: 2.666 Loading class java/lang/Class$EnclosingMethodInfo done
Event: 2.666 Loading class java/lang/reflect/AnnotatedType
Event: 2.666 Loading class java/lang/reflect/AnnotatedType done

Classes unloaded (0 events):
No events

Classes redefined (0 events):
No events

Internal exceptions (20 events):
Event: 2.507 Thread 0x000002712dc3b4a0 Exception <a 'java/lang/NoSuchMethodError'{0x00000000849b6f08}: 'int java.lang.invoke.DirectMethodHandle$Holder.invokeVirtual(java.lang.Object, java.lang.Object)'> (0x00000000849b6f08) 
thrown [s\open\src\hotspot\share\interpreter\linkResolver.cpp, line 773]
Event: 2.507 Thread 0x000002712dc3b4a0 Exception <a 'java/lang/NoSuchMethodError'{0x00000000849badf0}: 'int java.lang.invoke.DirectMethodHandle$Holder.invokeStaticInit(java.lang.Object, int, int)'> (0x00000000849badf0) 
thrown [s\open\src\hotspot\share\interpreter\linkResolver.cpp, line 773]
Event: 2.508 Thread 0x000002712dc3b4a0 Exception <a 'java/lang/NoSuchMethodError'{0x00000000849c20b8}: 'int java.lang.invoke.DirectMethodHandle$Holder.invokeStaticInit(java.lang.Object, long, long)'> (0x00000000849c20b8) 
thrown [s\open\src\hotspot\share\interpreter\linkResolver.cpp, line 773]
Event: 2.508 Thread 0x000002712dc3b4a0 Exception <a 'java/lang/NoSuchMethodError'{0x00000000849c89d0}: 'int java.lang.invoke.DirectMethodHandle$Holder.invokeStaticInit(java.lang.Object, float, float)'> (0x00000000849c89d0) 
thrown [s\open\src\hotspot\share\interpreter\linkResolver.cpp, line 773]
Event: 2.509 Thread 0x000002712dc3b4a0 Exception <a 'java/lang/NoSuchMethodError'{0x00000000849cf2e0}: 'int java.lang.invoke.DirectMethodHandle$Holder.invokeStaticInit(java.lang.Object, double, double)'> (0x00000000849cf2e0) 
thrown [s\open\src\hotspot\share\interpreter\linkResolver.cpp, line 773]
Event: 2.509 Thread 0x000002712dc3b4a0 Exception <a 'java/lang/NoSuchMethodError'{0x00000000849d3648}: 'int java.lang.invoke.DirectMethodHandle$Holder.invokeStatic(java.lang.Object, long)'> (0x00000000849d3648) 
thrown [s\open\src\hotspot\share\interpreter\linkResolver.cpp, line 773]
Event: 2.513 Thread 0x000002712dc3b4a0 Exception <a 'java/lang/NoSuchMethodError'{0x00000000849f58b8}: 'int java.lang.invoke.DirectMethodHandle$Holder.invokeSpecial(java.lang.Object, java.lang.Object, int)'> (0x00000000849f58b8) 
thrown [s\open\src\hotspot\share\interpreter\linkResolver.cpp, line 773]
Event: 2.514 Thread 0x000002712dc3b4a0 Exception <a 'java/lang/NoSuchMethodError'{0x00000000849fcd08}: 'int java.lang.invoke.Invokers$Holder.linkToTargetMethod(java.lang.Object, java.lang.Object)'> (0x00000000849fcd08) 
thrown [s\open\src\hotspot\share\interpreter\linkResolver.cpp, line 773]
Event: 2.526 Thread 0x000002712dc3b4a0 Exception <a 'java/lang/NoSuchMethodError'{0x00000000848820b0}: 'java.lang.Object java.lang.invoke.Invokers$Holder.invoke_MT(java.lang.Object, java.lang.Object, java.lang.Object, java.lang.Object, java.lang.Object, java.lang.Object, java.lang.Object, java.lang.Object, java.lang.Object, java.lang.Object)'> (0x00000000848820b0) 
thrown [s\open\src\hotspot\share\interpreter\linkResolver.cpp, line 773]
Event: 2.532 Thread 0x000002712dc3b4a0 Exception <a 'java/lang/NoSuchMethodError'{0x00000000848bbeb0}: 'java.lang.Object java.lang.invoke.DirectMethodHandle$Holder.invokeSpecial(java.lang.Object, java.lang.Object, int, java.lang.Object, java.lang.Object)'> (0x00000000848bbeb0) 
thrown [s\open\src\hotspot\share\interpreter\linkResolver.cpp, line 773]
Event: 2.532 Thread 0x000002712dc3b4a0 Exception <a 'java/lang/NoSuchMethodError'{0x00000000848bf8e0}: 'java.lang.Object java.lang.invoke.DelegatingMethodHandle$Holder.delegate(java.lang.Object, int, java.lang.Object, java.lang.Object)'> (0x00000000848bf8e0) 
thrown [s\open\src\hotspot\share\interpreter\linkResolver.cpp, line 773]
Event: 2.534 Thread 0x000002712dc3b4a0 Exception <a 'java/lang/NoSuchMethodError'{0x00000000848cec08}: 'int java.lang.invoke.Invokers$Holder.linkToTargetMethod(java.lang.Object, java.lang.Object, java.lang.Object)'> (0x00000000848cec08) 
thrown [s\open\src\hotspot\share\interpreter\linkResolver.cpp, line 773]
Event: 2.554 Thread 0x000002712dc3b4a0 Exception <a 'java/lang/NoSuchMethodError'{0x000000008476b048}: 'void java.lang.invoke.Invokers$Holder.invokeExact_MT(java.lang.Object, java.lang.Object, java.lang.Object)'> (0x000000008476b048) 
thrown [s\open\src\hotspot\share\interpreter\linkResolver.cpp, line 773]
Event: 2.587 Thread 0x000002712dc3b4a0 Exception <a 'java/lang/NoClassDefFoundError'{0x00000000846621e0}: org/flywaydb/core/Flyway> (0x00000000846621e0) 
thrown [s\open\src\hotspot\share\classfile\systemDictionary.cpp, line 294]
Event: 2.587 Thread 0x000002712dc3b4a0 Exception <a 'java/lang/NoClassDefFoundError'{0x00000000846631e0}: liquibase/integration/spring/SpringLiquibase> (0x00000000846631e0) 
thrown [s\open\src\hotspot\share\classfile\systemDictionary.cpp, line 294]
Event: 2.640 Thread 0x000002712dc3b4a0 Exception <a 'java/lang/NoSuchMethodError'{0x00000000845dc548}: 'void java.lang.invoke.DirectMethodHandle$Holder.invokeSpecial(java.lang.Object, java.lang.Object, java.lang.Object, java.lang.Object, java.lang.Object, java.lang.Object)'> (0x00000000845dc548) 
thrown [s\open\src\hotspot\share\interpreter\linkResolver.cpp, line 773]
Event: 2.645 Thread 0x000002712dc3b4a0 Exception <a 'java/lang/NoSuchMethodError'{0x000000008441cf78}: 'void java.lang.invoke.DirectMethodHandle$Holder.invokeVirtual(java.lang.Object, java.lang.Object, int)'> (0x000000008441cf78) 
thrown [s\open\src\hotspot\share\interpreter\linkResolver.cpp, line 773]
Event: 2.645 Thread 0x000002712dc3b4a0 Exception <a 'java/lang/NoSuchMethodError'{0x0000000084420e28}: 'int java.lang.invoke.DirectMethodHandle$Holder.invokeSpecial(java.lang.Object, java.lang.Object, java.lang.Object, int)'> (0x0000000084420e28) 
thrown [s\open\src\hotspot\share\interpreter\linkResolver.cpp, line 773]
Event: 2.647 Thread 0x000002712dc3b4a0 Exception <a 'java/lang/NoSuchMethodError'{0x0000000084432b60}: 'java.lang.Object java.lang.invoke.DirectMethodHandle$Holder.invokeStatic(java.lang.Object, java.lang.Object, java.lang.Object, java.lang.Object, int)'> (0x0000000084432b60) 
thrown [s\open\src\hotspot\share\interpreter\linkResolver.cpp, line 773]
Event: 2.648 Thread 0x000002712dc3b4a0 Exception <a 'java/lang/NoSuchMethodError'{0x000000008443d218}: 'void java.lang.invoke.DelegatingMethodHandle$Holder.reinvoke_L(java.lang.Object, java.lang.Object, int)'> (0x000000008443d218) 
thrown [s\open\src\hotspot\share\interpreter\linkResolver.cpp, line 773]

VM Operations (20 events):
Event: 2.169 Executing VM operation: HandshakeAllThreads
Event: 2.169 Executing VM operation: HandshakeAllThreads done
Event: 2.170 Executing VM operation: HandshakeAllThreads
Event: 2.170 Executing VM operation: HandshakeAllThreads done
Event: 2.284 Executing VM operation: HandshakeAllThreads
Event: 2.284 Executing VM operation: HandshakeAllThreads done
Event: 2.411 Executing VM operation: ICBufferFull
Event: 2.411 Executing VM operation: ICBufferFull done
Event: 2.412 Executing VM operation: CollectForMetadataAllocation
Event: 2.430 Executing VM operation: CollectForMetadataAllocation done
Event: 2.433 Executing VM operation: G1PauseRemark
Event: 2.435 Executing VM operation: G1PauseRemark done
Event: 2.437 Executing VM operation: G1PauseCleanup
Event: 2.438 Executing VM operation: G1PauseCleanup done
Event: 2.497 Executing VM operation: HandshakeAllThreads
Event: 2.497 Executing VM operation: HandshakeAllThreads done
Event: 2.517 Executing VM operation: HandshakeAllThreads
Event: 2.517 Executing VM operation: HandshakeAllThreads done
Event: 2.597 Executing VM operation: HandshakeAllThreads
Event: 2.597 Executing VM operation: HandshakeAllThreads done

Events (19 events):
Event: 0.013 Thread 0x000002710cb22c60 Thread added: 0x000002710cb22c60
Event: 0.022 Thread 0x0000027128bd0a10 Thread added: 0x0000027128bd0a10
Event: 0.022 Thread 0x0000027128bd1710 Thread added: 0x0000027128bd1710
Event: 0.022 Thread 0x0000027128bd73f0 Thread added: 0x0000027128bd73f0
Event: 0.023 Thread 0x0000027128bd9d40 Thread added: 0x0000027128bd9d40
Event: 0.023 Thread 0x0000027128bdb240 Thread added: 0x0000027128bdb240
Event: 0.023 Thread 0x0000027128bdf8d0 Thread added: 0x0000027128bdf8d0
Event: 0.023 Thread 0x0000027128beb760 Thread added: 0x0000027128beb760
Event: 0.023 Thread 0x0000027128bef100 Thread added: 0x0000027128bef100
Event: 0.071 Thread 0x000002712d0a8200 Thread added: 0x000002712d0a8200
Event: 0.122 Thread 0x0000027128bed530 Thread added: 0x0000027128bed530
Event: 0.197 Thread 0x000002712d2e4b60 Thread added: 0x000002712d2e4b60
Event: 0.198 Thread 0x000002712d2914c0 Thread added: 0x000002712d2914c0
Event: 0.655 Thread 0x000002712da84460 Thread added: 0x000002712da84460
Event: 0.658 Thread 0x000002712dc3b4a0 Thread added: 0x000002712dc3b4a0
Event: 1.070 Thread 0x000002712de03b00 Thread added: 0x000002712de03b00
Event: 1.399 Thread 0x000002712de03b00 Thread exited: 0x000002712de03b00
Event: 1.511 Thread 0x000002712e024510 Thread added: 0x000002712e024510
Event: 1.572 Thread 0x000002712e024510 Thread exited: 0x000002712e024510


Dynamic libraries:
0x00007ff722400000 - 0x00007ff722410000 	C:\Program Files\Java\jdk-20\bin\java.exe
0x00007ff9629b0000 - 0x00007ff962b71000 	C:\Windows\SYSTEM32\ntdll.dll
0x00007ff961790000 - 0x00007ff96183d000 	C:\Windows\system32\KERNEL32.DLL
0x00007ff95fa50000 - 0x00007ff95fc38000 	C:\Windows\system32\KERNELBASE.dll
0x00007ff953eb0000 - 0x00007ff953ec9000 	C:\Program Files\Java\jdk-20\bin\jli.dll
0x00007ff94b1c0000 - 0x00007ff94b1db000 	C:\Program Files\Java\jdk-20\bin\VCRUNTIME140.dll
0x00007ff95e170000 - 0x00007ff95e264000 	C:\Windows\SYSTEM32\ucrtbase.dll
0x00007ff962070000 - 0x00007ff962117000 	C:\Windows\system32\ADVAPI32.dll
0x00007ff9622f0000 - 0x00007ff96238d000 	C:\Windows\system32\msvcrt.dll
0x00007ff961730000 - 0x00007ff96178b000 	C:\Windows\system32\sechost.dll
0x00007ff961ac0000 - 0x00007ff961bdc000 	C:\Windows\system32\RPCRT4.dll
0x00007ff961310000 - 0x00007ff961466000 	C:\Windows\system32\USER32.dll
0x00007ff961be0000 - 0x00007ff961d66000 	C:\Windows\system32\GDI32.dll
0x00007ff951550000 - 0x00007ff9517c4000 	C:\Windows\WinSxS\amd64_microsoft.windows.common-controls_6595b64144ccf1df_6.0.10586.0_none_8c15ae12515e1c22\COMCTL32.dll
0x00007ff961840000 - 0x00007ff961abd000 	C:\Windows\system32\combase.dll
0x00007ff95f0f0000 - 0x00007ff95f15a000 	C:\Windows\system32\bcryptPrimitives.dll
0x00007ff9563f0000 - 0x00007ff9563fa000 	C:\Windows\SYSTEM32\VERSION.dll
0x00007ff9623f0000 - 0x00007ff96242b000 	C:\Windows\system32\IMM32.DLL
0x00007ff953ea0000 - 0x00007ff953eac000 	C:\Program Files\Java\jdk-20\bin\vcruntime140_1.dll
0x00007ff9474c0000 - 0x00007ff94754e000 	C:\Program Files\Java\jdk-20\bin\msvcp140.dll
0x00007ff946820000 - 0x00007ff9474b7000 	C:\Program Files\Java\jdk-20\bin\server\jvm.dll
0x00007ff955d00000 - 0x00007ff955d09000 	C:\Windows\SYSTEM32\WSOCK32.dll
0x00007ff95d250000 - 0x00007ff95d273000 	C:\Windows\SYSTEM32\WINMM.dll
0x00007ff962450000 - 0x00007ff9624bb000 	C:\Windows\system32\WS2_32.dll
0x00007ff95d1f0000 - 0x00007ff95d21c000 	C:\Windows\SYSTEM32\WINMMBASE.dll
0x00007ff95f3b0000 - 0x00007ff95f3f3000 	C:\Windows\system32\cfgmgr32.dll
0x00007ff95f030000 - 0x00007ff95f03f000 	C:\Windows\system32\kernel.appcore.dll
0x00007ff94b1b0000 - 0x00007ff94b1ba000 	C:\Program Files\Java\jdk-20\bin\jimage.dll
0x00007ff95b900000 - 0x00007ff95ba8c000 	C:\Windows\SYSTEM32\DBGHELP.DLL
0x00007ff956aa0000 - 0x00007ff956ac5000 	C:\Windows\SYSTEM32\dbgcore.DLL
0x00007ff954510000 - 0x00007ff95451e000 	C:\Program Files\Java\jdk-20\bin\instrument.dll
0x00007ff9467f0000 - 0x00007ff946816000 	C:\Program Files\Java\jdk-20\bin\java.dll
0x00007ff946710000 - 0x00007ff9467e7000 	C:\Program Files\Java\jdk-20\bin\jsvml.dll
0x00007ff95fdb0000 - 0x00007ff96130c000 	C:\Windows\system32\SHELL32.dll
0x00007ff95f400000 - 0x00007ff95fa45000 	C:\Windows\system32\windows.storage.dll
0x00007ff961d70000 - 0x00007ff961dc2000 	C:\Windows\system32\shlwapi.dll
0x00007ff95fc40000 - 0x00007ff95fcf5000 	C:\Windows\system32\shcore.dll
0x00007ff95efe0000 - 0x00007ff95f02b000 	C:\Windows\system32\powrprof.dll
0x00007ff95f040000 - 0x00007ff95f054000 	C:\Windows\system32\profapi.dll
0x00007ff9466d0000 - 0x00007ff9466e8000 	C:\Program Files\Java\jdk-20\bin\zip.dll
0x00007ff94b190000 - 0x00007ff94b1a3000 	C:\Program Files\Java\jdk-20\bin\net.dll
0x00007ff9576d0000 - 0x00007ff957798000 	C:\Windows\SYSTEM32\WINHTTP.dll
0x00007ff95e8a0000 - 0x00007ff95e8fc000 	C:\Windows\system32\mswsock.dll
0x00007ff9466f0000 - 0x00007ff946706000 	C:\Program Files\Java\jdk-20\bin\nio.dll
0x00007ff9495b0000 - 0x00007ff9495ca000 	C:\Program Files\JetBrains\IntelliJ IDEA Community Edition 2023.1.3\bin\breakgen64.dll
0x00007ff948fc0000 - 0x00007ff948fc7000 	C:\Program Files\Java\jdk-20\bin\extnet.dll
0x00007ff951d70000 - 0x00007ff951d7a000 	C:\Program Files\Java\jdk-20\bin\management.dll
0x00007ff949520000 - 0x00007ff94952b000 	C:\Program Files\Java\jdk-20\bin\management_ext.dll
0x00007ff9629a0000 - 0x00007ff9629a8000 	C:\Windows\system32\PSAPI.DLL

dbghelp: loaded successfully - version: 4.0.5 - missing functions: none
symbol engine: initialized successfully - sym options: 0x614 - pdb path: .;C:\Program Files\Java\jdk-20\bin;C:\Windows\SYSTEM32;C:\Windows\WinSxS\amd64_microsoft.windows.common-controls_6595b64144ccf1df_6.0.10586.0_none_8c15ae12515e1c22;C:\Program Files\Java\jdk-20\bin\server;C:\Program Files\JetBrains\IntelliJ IDEA Community Edition 2023.1.3\bin

VM Arguments:
jvm_args: -javaagent:C:\Program Files\JetBrains\IntelliJ IDEA Community Edition 2023.1.3\lib\idea_rt.jar=50367:C:\Program Files\JetBrains\IntelliJ IDEA Community Edition 2023.1.3\bin -Dfile.encoding=UTF-8 -Dsun.stdout.encoding=UTF-8 -Dsun.stderr.encoding=UTF-8 
java_command: com.example.ElectroJwt.ElectroJwtApplication
java_class_path (initial): C:\Users\ASUS\Downloads\ElectroJwt\target\classes;C:\Users\ASUS\.m2\repository\org\springframework\boot\spring-boot-starter-data-jpa\3.1.1\spring-boot-starter-data-jpa-3.1.1.jar;C:\Users\ASUS\.m2\repository\org\springframework\boot\spring-boot-starter-aop\3.1.1\spring-boot-starter-aop-3.1.1.jar;C:\Users\ASUS\.m2\repository\org\aspectj\aspectjweaver\1.9.19\aspectjweaver-1.9.19.jar;C:\Users\ASUS\.m2\repository\org\springframework\boot\spring-boot-starter-jdbc\3.1.1\spring-boot-starter-jdbc-3.1.1.jar;C:\Users\ASUS\.m2\repository\com\zaxxer\HikariCP\5.0.1\HikariCP-5.0.1.jar;C:\Users\ASUS\.m2\repository\org\springframework\spring-jdbc\6.0.10\spring-jdbc-6.0.10.jar;C:\Users\ASUS\.m2\repository\org\hibernate\orm\hibernate-core\6.2.5.Final\hibernate-core-6.2.5.Final.jar;C:\Users\ASUS\.m2\repository\jakarta\persistence\jakarta.persistence-api\3.1.0\jakarta.persistence-api-3.1.0.jar;C:\Users\ASUS\.m2\repository\jakarta\transaction\jakarta.transaction-api\2.0.1\jakarta.transaction-api-2.0.1.jar;C:\Users\ASUS\.m2\repository\org\jboss\logging\jboss-logging\3.5.1.Final\jboss-logging-3.5.1.Final.jar;C:\Users\ASUS\.m2\repository\org\hibernate\common\hibernate-commons-annotations\6.0.6.Final\hibernate-commons-annotations-6.0.6.Final.jar;C:\Users\ASUS\.m2\repository\io\smallrye\jandex\3.0.5\jandex-3.0.5.jar;C:\Users\ASUS\.m2\repository\com\fasterxml\classmate\1.5.1\classmate-1.5.1.jar;C:\Users\ASUS\.m2\repository\net\bytebuddy\byte-buddy\1.14.5\byte-buddy-1.14.5.jar;C:\Users\ASUS\.m2\repository\org\glassfish\jaxb\jaxb-runtime\4.0.3\jaxb-runtime-4.0.3.jar;C:\Users\ASUS\.m2\repository\org\glassfish\jaxb\jaxb-core\4.0.3\jaxb-core-4.0.3.jar;C:\Users\ASUS\.m2\repository\org\eclipse\angus\angus-activation\2.0.1\angus-activation-2.0.1.jar;C:\Users\ASUS\.m2\repository\org\glassfish\jaxb\txw2\4.0.3\txw2-4.0.3.jar;C:\Users\ASUS\.m2\repository\com\sun\istack\istack-commons-runtime\4.1.2\istack-commons-runtime-4.1.2.jar;C:\Users\ASUS\.m2\repository\jakarta\inject\jakarta.inject-api\2.0.1\jakarta.inject-api-2.0.1.jar;C:\Users\ASUS\.m2\repository\org\antlr\antlr4-runtime\4.10.1\antlr4-runtime-4.10.1.jar;C:\Users\ASUS\.m2\repository\org\springframework\data\spring-data-jpa\3.1.1\spring-data-jpa-3.1.1.jar;C:\Users\ASUS\.m2\repository\org\springframework\data\spring-data-commons\3.1.1\spring-data-commons-3.1.1.jar;C:\Users\ASUS\.m2\repository\org\springframework\spring-orm\6.0.10\spring-orm-6.0.10.jar;C:\Users\ASUS\.m2\repository\org\springframework\spring-context\6.0.10\spring-context-6.0.10.jar;C:\Users\ASUS\.m2\repository\org\springframework\spring-tx\6.0.10\spring-tx-6.0.10.jar;C:\Users\ASUS\.m2\repository\org\springframework\spring-beans\6.0.10\spring-beans-6.0.10.jar;C:\Users\ASUS\.m2\repository\jakarta\annotation\jakarta.annotation-api\2.1.1\jakarta.annotation-api-2.1.1.jar;C:\Users\ASUS\.m2\repository\org\slf4j\slf4j-api\2.0.7\slf4j-api-2.0.7.jar;C:\Users\ASUS\.m2\repository\org\springframework\spring-aspects\6.0.10\spring-aspects-6.0.10.jar;C:\Users\ASUS\.m2\repository\org\springframework\boot\spring-boot-starter-data-ldap\3.1.1\spring-boot-starter-data-ldap-3.1.1.jar;C:\Users\ASUS\.m2\repository\org\springframework\boot\spring-boot-starter\3.1.1\spring-boot-starter-3.1.1.jar;C:\Users\ASUS\.m2\repository\org\springframework\boot\spring-boot-starter-logging\3.1.1\spring-boot-starter-logging-3.1.1.jar;C:\Users\ASUS\.m2\repository\ch\qos\logback\logback-classic\1.4.8\logback-classic-1.4.8.jar;C:\Users\ASUS\.m2\repository\ch\qos\logback\logback-core\1.4.8\logback-core-1.4.8.jar;C:\Users\ASUS\.m2\repository\org\apache\logging\log4j\log4j-to-slf4j\2.20.0\log4j-to-slf4j-2.20.0.jar;C:\Users\ASUS\.m2\repository\org\apache\logging\log4j\log4j-api\2.20.0\log4j-api-2.20.0.jar;C:\Users\ASUS\.m2\repository\org\slf4j\jul-to-slf4j\2.0.7\jul-to-slf4j-2.0.7.jar;C:\Users\ASUS\.m2\repository\org\yaml\snakeyaml\1.33\snakeyaml-1.33.jar;C:\Users\ASUS\.m2\repository\org\springframework\data\spring-data-ldap\3.1.1\spring-data-ldap-3.1.1.jar;C:\Users\ASUS\.m2\repository\org\springframework\ldap\spring-ldap-core\3.1.0\spring-ldap-core-3.1.0.jar;C:\Users\ASUS\.m2\repository\org\springframework\boot\spring-boot-starter-data-mongodb\3.1.1\spring-boot-starter-data-mongodb-3.1.1.jar;C:\Users\ASUS\.m2\repository\org\mongodb\mongodb-driver-sync\4.9.1\mongodb-driver-sync-4.9.1.jar;C:\Users\ASUS\.m2\repository\org\mongodb\bson\4.9.1\bson-4.9.1.jar;C:\Users\ASUS\.m2\repository\org\mongodb\mongodb-driver-core\4.9.1\mongodb-driver-core-4.9.1.jar;C:\Users\ASUS\.m2\repository\org\mongodb\bson-record-codec\4.9.1\bson-record-codec-4.9.1.jar;C:\Users\ASUS\.m2\repository\org\springframework\data\spring-data-mongodb\4.1.1\spring-data-mongodb-4.1.1.jar;C:\Users\ASUS\.m2\repository\org\springframework\spring-expression\6.0.10\spring-expression-6.0.10.jar;C:\Users\ASUS\.m2\repository\org\springframework\boot\spring-boot-starter-security\3.1.1\spring-boot-starter-security-3.1.1.jar;C:\Users\ASUS\.m2\repository\org\springframework\spring-aop\6.0.10\spring-aop-6.0.10.jar;C:\Users\ASUS\.m2\repository\org\springframework\security\spring-security-config\6.1.1\spring-security-config-6.1.1.jar;C:\Users\ASUS\.m2\repository\org\springframework\security\spring-security-web\6.1.1\spring-security-web-6.1.1.jar;C:\Users\ASUS\.m2\repository\org\springframework\boot\spring-boot-starter-web\3.1.1\spring-boot-starter-web-3.1.1.jar;C:\Users\ASUS\.m2\repository\org\springframework\boot\spring-boot-starter-json\3.1.1\spring-boot-starter-json-3.1.1.jar;C:\Users\ASUS\.m2\repository\com\fasterxml\jackson\datatype\jackson-datatype-jdk8\2.15.2\jackson-datatype-jdk8-2.15.2.jar;C:\Users\ASUS\.m2\repository\com\fasterxml\jackson\datatype\jackson-datatype-jsr310\2.15.2\jackson-datatype-jsr310-2.15.2.jar;C:\Users\ASUS\.m2\repository\com\fasterxml\jackson\module\jackson-module-parameter-names\2.15.2\jackson-module-parameter-names-2.15.2.jar;C:\Users\ASUS\.m2\repository\org\springframework\boot\spring-boot-starter-tomcat\3.1.1\spring-boot-starter-tomcat-3.1.1.jar;C:\Users\ASUS\.m2\repository\org\apache\tomcat\embed\tomcat-embed-core\10.1.10\tomcat-embed-core-10.1.10.jar;C:\Users\ASUS\.m2\repository\org\apache\tomcat\embed\tomcat-embed-el\10.1.10\tomcat-embed-el-10.1.10.jar;C:\Users\ASUS\.m2\repository\org\apache\tomcat\embed\tomcat-embed-websocket\10.1.10\tomcat-embed-websocket-10.1.10.jar;C:\Users\ASUS\.m2\repository\org\springframework\spring-web\6.0.10\spring-web-6.0.10.jar;C:\Users\ASUS\.m2\repository\io\micrometer\micrometer-observation\1.11.1\micrometer-observation-1.11.1.jar;C:\Users\ASUS\.m2\repository\io\micrometer\micrometer-commons\1.11.1\micrometer-commons-1.11.1.jar;C:\Users\ASUS\.m2\repository\org\springframework\spring-webmvc\6.0.10\spring-webmvc-6.0.10.jar;C:\Users\ASUS\.m2\repository\org\springframework\boot\spring-boot-devtools\3.1.1\spring-boot-devtools-3.1.1.jar;C:\Users\ASUS\.m2\repository\org\springframework\boot\spring-boot\3.1.1\spring-boot-3.1.1.jar;C:\Users\ASUS\.m2\repository\org\springframework\boot\spring-boot-autoconfigure\3.1.1\spring-boot-autoconfigure-3.1.1.jar;C:\Users\ASUS\.m2\repository\org\projectlombok\lombok\1.18.28\lombok-1.18.28.jar;C:\Users\ASUS\.m2\repository\io\jsonwebtoken\jjwt-api\0.11.5\jjwt-api-0.11.5.jar;C:\Users\ASUS\.m2\repository\io\jsonwebtoken\jjwt-impl\0.11.5\jjwt-impl-0.11.5.jar;C:\Users\ASUS\.m2\repository\io\jsonwebtoken\jjwt-jackson\0.11.5\jjwt-jackson-0.11.5.jar;C:\Users\ASUS\.m2\repository\com\fasterxml\jackson\core\jackson-databind\2.15.2\jackson-databind-2.15.2.jar;C:\Users\ASUS\.m2\repository\com\fasterxml\jackson\core\jackson-annotations\2.15.2\jackson-annotations-2.15.2.jar;C:\Users\ASUS\.m2\repository\com\fasterxml\jackson\core\jackson-core\2.15.2\jackson-core-2.15.2.jar;C:\Users\ASUS\.m2\repository\jakarta\xml\bind\jakarta.xml.bind-api\4.0.0\jakarta.xml.bind-api-4.0.0.jar;C:\Users\ASUS\.m2\repository\jakarta\activation\jakarta.activation-api\2.1.2\jakarta.activation-api-2.1.2.jar;C:\Users\ASUS\.m2\repository\org\springframework\spring-core\6.0.10\spring-core-6.0.10.jar;C:\Users\ASUS\.m2\repository\org\springframework\spring-jcl\6.0.10\spring-jcl-6.0.10.jar;C:\Users\ASUS\.m2\repository\org\springframework\security\spring-security-core\6.1.1\spring-security-core-6.1.1.jar;C:\Users\ASUS\.m2\repository\org\springframework\security\spring-security-crypto\6.1.1\spring-security-crypto-6.1.1.jar
Launcher Type: SUN_STANDARD

[Global flags]
     intx CICompilerCount                          = 3                                         {product} {ergonomic}
     uint ConcGCThreads                            = 1                                         {product} {ergonomic}
     uint G1ConcRefinementThreads                  = 4                                         {product} {ergonomic}
   size_t G1HeapRegionSize                         = 1048576                                   {product} {ergonomic}
    uintx GCDrainStackTargetSize                   = 64                                        {product} {ergonomic}
   size_t InitialHeapSize                          = 132120576                                 {product} {ergonomic}
   size_t MarkStackSize                            = 4194304                                   {product} {ergonomic}
   size_t MaxHeapSize                              = 2109734912                                {product} {ergonomic}
   size_t MaxNewSize                               = 1265631232                                {product} {ergonomic}
   size_t MinHeapDeltaBytes                        = 1048576                                   {product} {ergonomic}
   size_t MinHeapSize                              = 8388608                                   {product} {ergonomic}
    uintx NonNMethodCodeHeapSize                   = 5832780                                {pd product} {ergonomic}
    uintx NonProfiledCodeHeapSize                  = 122912730                              {pd product} {ergonomic}
    uintx ProfiledCodeHeapSize                     = 122912730                              {pd product} {ergonomic}
    uintx ReservedCodeCacheSize                    = 251658240                              {pd product} {ergonomic}
     bool SegmentedCodeCache                       = true                                      {product} {ergonomic}
   size_t SoftMaxHeapSize                          = 2109734912                             {manageable} {ergonomic}
     bool UseCompressedClassPointers               = true                           {product lp64_product} {ergonomic}
     bool UseCompressedOops                        = true                           {product lp64_product} {ergonomic}
     bool UseG1GC                                  = true                                      {product} {ergonomic}
     bool UseLargePagesIndividualAllocation        = false                                  {pd product} {ergonomic}

Logging:
Log output configuration:
 #0: stdout all=warning uptime,level,tags foldmultilines=false
 #1: stderr all=off uptime,level,tags foldmultilines=false

Environment Variables:
PATH=C:\Program Files\Common Files\Oracle\Java\javapath;C:\Windows\system32;C:\Windows;C:\Windows\System32\Wbem;C:\Windows\System32\WindowsPowerShell\v1.0\;C:\MinGW\bin;C:\Program Files\nodejs\;C:\Program Files\Git\cmd;C:\ProgramData\Microsoft\Windows\Start Menu\Programs\Node.js;C:\Program Files\Java\jdk-20\bin;C:\Program Files\MongoDB\Server\5.0\bin;C:\Users\ASUS\AppData\Local\Programs\Microsoft VS Code\bin;C:\Users\ASUS\AppData\Roaming\npm;C:\Program Files\JetBrains\IntelliJ IDEA 2023.1.3\bin;;C:\Program Files\JetBrains\IntelliJ IDEA Community Edition 2023.1.3\bin;;C:\Users\ASUS\AppData\Local\GitHubDesktop\bin
USERNAME=ASUS
OS=Windows_NT
PROCESSOR_IDENTIFIER=Intel64 Family 6 Model 142 Stepping 12, GenuineIntel
TMP=C:\Users\ASUS\AppData\Local\Temp
TEMP=C:\Users\ASUS\AppData\Local\Temp




---------------  S Y S T E M  ---------------

OS:
 Windows 10 , 64 bit Build 10586 (10.0.10586.0)
OS uptime: 0 days 0:26 hours

CPU: total 4 (initial active 4) (2 cores per cpu, 2 threads per core) family 6 model 142 stepping 12 microcode 0xde, cx8, cmov, fxsr, ht, mmx, 3dnowpref, sse, sse2, sse3, ssse3, sse4.1, sse4.2, popcnt, lzcnt, tsc, tscinvbit, avx, avx2, aes, erms, clmul, bmi1, bmi2, adx, fma, vzeroupper, clflush, clflushopt, rdtscp, f16c

Memory: 4k page, system-wide physical 8045M (3338M free)
TotalPageFile size 10976M (AvailPageFile size 1369M)
current process WorkingSet (physical memory assigned to process): 128M, peak: 157M
current process commit charge ("private bytes"): 4288M, peak: 4291M

vm_info: Java HotSpot(TM) 64-Bit Server VM (20.0.1+9-29) for windows-amd64 JRE (20.0.1+9-29), built on 2023-03-07T13:56:11Z by "mach5one" with MS VC++ 17.1 (VS2022)

END.
