#
# A fatal error has been detected by the Java Runtime Environment:
#
#  EXCEPTION_ACCESS_VIOLATION (0xc0000005) at pc=0x00007fffa4456462, pid=5052, tid=6240
#
# JRE version: Java(TM) SE Runtime Environment (20.0.1+9) (build 20.0.1+9-29)
# Java VM: Java HotSpot(TM) 64-Bit Server VM (20.0.1+9-29, mixed mode, sharing, tiered, compressed oops, compressed class ptrs, g1 gc, windows-amd64)
# Problematic frame:
# V  [jvm.dll+0x706462]
#
# No core dump will be written. Minidumps are not enabled by default on client versions of Windows
#
# If you would like to submit a bug report, please visit:
#   https://bugreport.java.com/bugreport/crash.jsp
#

---------------  S U M M A R Y ------------

Command Line: -javaagent:C:\Program Files\JetBrains\IntelliJ IDEA Community Edition 2023.1.3\lib\idea_rt.jar=51068:C:\Program Files\JetBrains\IntelliJ IDEA Community Edition 2023.1.3\bin -Dfile.encoding=UTF-8 -Dsun.stdout.encoding=UTF-8 -Dsun.stderr.encoding=UTF-8 com.example.ElectroJwt.ElectroJwtApplication

Host: Intel(R) Core(TM) i3-10110U CPU @ 2.10GHz, 4 cores, 7G,  Windows 10 , 64 bit Build 10586 (10.0.10586.0)
Time: Thu Jul  6 00:34:27 2023 Afr. centrale Ouest elapsed time: 9.757074 seconds (0d 0h 0m 9s)

---------------  T H R E A D  ---------------

Current thread (0x000001495781b600):  JavaThread "C2 CompilerThread1" daemon [_thread_in_native, id=6240, stack(0x00000008b9a00000,0x00000008b9b00000)]


Current CompileTask:
C2:   9757 4849       4       java.lang.invoke.MethodType::makeImpl (109 bytes)

Stack: [0x00000008b9a00000,0x00000008b9b00000],  sp=0x00000008b9afb9f0,  free space=1006k
Native frames: (J=compiled Java code, j=interpreted, Vv=VM code, C=native code)
V  [jvm.dll+0x706462]
V  [jvm.dll+0x1e6d41]
V  [jvm.dll+0x24b3ab]
V  [jvm.dll+0x24a651]
V  [jvm.dll+0x1ce491]
V  [jvm.dll+0x259e1b]
V  [jvm.dll+0x2584f0]
V  [jvm.dll+0x3f2895]
V  [jvm.dll+0x7f4b56]
V  [jvm.dll+0x6ba5cb]
C  [ucrtbase.dll+0x6be1d]
C  [KERNEL32.DLL+0x18102]
C  [ntdll.dll+0x5c5b4]


siginfo: EXCEPTION_ACCESS_VIOLATION (0xc0000005), reading address 0x000001495ee93068


Registers:
RAX=0x0000014958f887a0, RBX=0x0000000000000000, RCX=0x000001495ee93040, RDX=0x0000000000000000
RSP=0x00000008b9afb9f0, RBP=0x00000008b9afbaf0, RSI=0x00000149598d90b8, RDI=0x000001495a7c0020
R8 =0x0000000000000000, R9 =0x0000000000000000, R10=0x00000008b9afc290, R11=0x000000000000000d
R12=0x000000000000000e, R13=0x000000000000000e, R14=0x000001495816b298, R15=0x0000000000000008
RIP=0x00007fffa4456462, EFLAGS=0x0000000000010297


Register to memory mapping:

RIP=0x00007fffa4456462 jvm.dll
RAX=0x0000014958f887a0 points into unknown readable memory: 0x0000000000000000 | 00 00 00 00 00 00 00 00
RBX=0x0 is NULL
RCX=0x000001495ee93040 is an unknown value
RDX=0x0 is NULL
RSP=0x00000008b9afb9f0 is pointing into the stack for thread: 0x000001495781b600
RBP=0x00000008b9afbaf0 is pointing into the stack for thread: 0x000001495781b600
RSI=0x00000149598d90b8 points into unknown readable memory: 0x00000149598d90f8 | f8 90 8d 59 49 01 00 00
RDI=0x000001495a7c0020 points into unknown readable memory: 0x0000000000000000 | 00 00 00 00 00 00 00 00
R8 =0x0 is NULL
R9 =0x0 is NULL
R10=0x00000008b9afc290 is pointing into the stack for thread: 0x000001495781b600
R11=0x000000000000000d is an unknown value
R12=0x000000000000000e is an unknown value
R13=0x000000000000000e is an unknown value
R14=0x000001495816b298 points into unknown readable memory: 0x00007fffa46509b8 | b8 09 65 a4 ff 7f 00 00
R15=0x0000000000000008 is an unknown value


Top of Stack: (sp=0x00000008b9afb9f0)
0x00000008b9afb9f0:   00000000000c1eb0 00000149589a74c0
0x00000008b9afba00:   00000149589a7200 0000014957263da0
0x00000008b9afba10:   00000149000011e4 0000000000000001
0x00000008b9afba20:   00000000000011d5 0000000000000001
0x00000008b9afba30:   0000000000000001 00000008b9afbc90
0x00000008b9afba40:   000000000000000c 0000000000000000
0x00000008b9afba50:   00000149589a74c0 0000000700000010
0x00000008b9afba60:   000001495816b298 0000000e0000000e
0x00000008b9afba70:   00000149598d90b8 0000000000000010
0x00000008b9afba80:   000001495814af00 00007fff000011d5
0x00000008b9afba90:   000001495a7c0020 0000006f00000000
0x00000008b9afbaa0:   000001495814af70 0000000000000000
0x00000008b9afbab0:   0000014958fa8f10 0000014957ba3768
0x00000008b9afbac0:   0000014958868ad0 0000014957b9f010
0x00000008b9afbad0:   0000014958fa6710 0000000000000000
0x00000008b9afbae0:   000001490000000f 0000014959c63b38
0x00000008b9afbaf0:   000001495705cd70 000000000000000e
0x00000008b9afbb00:   00000149589a74d8 0000000000000000
0x00000008b9afbb10:   0000014958fa8f80 000001495705cd30
0x00000008b9afbb20:   00000008000011d5 0000000000000000
0x00000008b9afbb30:   000011d500000000 00000149570fd750
0x00000008b9afbb40:   00000008b9afbfc0 ffffffffffffffff
0x00000008b9afbb50:   00000149570fd750 00007fffa410b380
0x00000008b9afbb60:   000001495a7c0230 00007fffa3e12c4e
0x00000008b9afbb70:   00000008b9afc010 000001495a864940
0x00000008b9afbb80:   00000008b9afbc00 00007fffa4110028
0x00000008b9afbb90:   000000000000000f 00007fffa3e12c4e
0x00000008b9afbba0:   00000008b9afbfc0 000001495669dfc0
0x00000008b9afbbb0:   000001495669dfd0 000001495669e3a8
0x00000008b9afbbc0:   00000000000003d8 0000000000045060
0x00000008b9afbbd0:   00000008b9afbc30 00007fffa4110028
0x00000008b9afbbe0:   0000000000000009 00007fffa49011d0 

Instructions: (pc=0x00007fffa4456462)
0x00007fffa4456362:   8b 4e 08 4b 8b 0c e9 48 85 c9 74 28 4c 8b 41 10
0x00007fffa4456372:   4d 85 c0 74 1f 8b 41 20 49 8d 14 c0 66 90 4c 39
0x00007fffa4456382:   72 f8 48 8d 52 f8 75 f6 ff c8 89 41 20 49 8b 0c
0x00007fffa4456392:   c0 48 89 0a 48 8b 45 18 45 33 ed 65 48 8b 14 25
0x00007fffa44563a2:   58 00 00 00 b9 68 00 00 00 4d 89 2c d9 48 8b 04
0x00007fffa44563b2:   c2 44 38 2c 01 75 05 e8 e2 f8 19 00 41 8b d7 48
0x00007fffa44563c2:   8d 4e 10 e8 46 46 f9 ff ff 4e 28 48 8d 56 18 ff
0x00007fffa44563d2:   4e 70 41 ff cf ff 4e 78 41 ff c7 e9 30 fb ff ff
0x00007fffa44563e2:   41 8b 46 2c 83 e0 7f 3c 4a 0f 84 6c 02 00 00 49
0x00007fffa44563f2:   8b 06 49 8b ce ff 90 88 00 00 00 48 89 45 80 48
0x00007fffa4456402:   8b f0 48 85 c0 74 0b 48 8b c8 e8 af ed ac ff 44
0x00007fffa4456412:   8b e0 8b 4d 88 41 bd 01 00 00 00 44 89 64 24 68
0x00007fffa4456422:   44 89 6c 24 7c 8d 41 ff 89 45 f0 41 3b cd 0f 86
0x00007fffa4456432:   1f 02 00 00 44 3b e8 76 0e 41 8b c5 41 2b c4 a8
0x00007fffa4456442:   01 0f 84 f3 01 00 00 49 8b 46 08 4c 8b 95 20 03
0x00007fffa4456452:   00 00 45 8b e5 4a 8b 0c e0 49 8b 82 08 01 00 00
0x00007fffa4456462:   48 63 51 28 8b 0c 90 41 3b 8a e0 00 00 00 0f 83
0x00007fffa4456472:   c1 01 00 00 49 8b 42 70 8b d1 48 69 d9 b0 00 00
0x00007fffa4456482:   00 48 8b 48 20 48 89 5d b8 81 7c 19 30 2f 75 00
0x00007fffa4456492:   00 0f 8c 9e 01 00 00 48 8b 45 d8 44 8b 34 90 48
0x00007fffa44564a2:   8b 45 90 45 8b fe 44 89 74 24 6c 4c 89 75 f8 4a
0x00007fffa44564b2:   8b 3c f0 48 85 f6 0f 84 d5 02 00 00 8b 4e 14 41
0x00007fffa44564c2:   3b cd 77 0f 44 3b 6e 18 73 09 41 8b c5 2b c1 a8
0x00007fffa44564d2:   01 74 23 48 8b 0e 48 85 c9 0f 84 b2 02 00 00 41
0x00007fffa44564e2:   8b d5 e8 27 83 b2 ff 84 c0 0f 84 a2 02 00 00 4c
0x00007fffa44564f2:   8b 95 20 03 00 00 4d 8b 42 10 48 8b cf 48 8b 54
0x00007fffa4456502:   24 60 e8 c7 17 00 00 48 8b f0 48 85 c0 0f 84 f8
0x00007fffa4456512:   11 00 00 4c 8b 85 20 03 00 00 49 8b 58 10 8b 8b
0x00007fffa4456522:   50 02 00 00 2b 8b 78 02 00 00 03 0d 2e df 43 00
0x00007fffa4456532:   3b 4b 68 0f 87 ad 11 00 00 48 63 78 28 49 8d 98
0x00007fffa4456542:   00 01 00 00 3b 3b 7c 4e 3b 7b 04 7c 11 8b d7 48
0x00007fffa4456552:   8b cb e8 97 9e 9c ff 4c 8b 85 20 03 00 00 48 63 


Stack slot to memory mapping:
stack at sp + 0 slots: 0x00000000000c1eb0 is an unknown value
stack at sp + 1 slots: 0x00000149589a74c0 points into unknown readable memory: 0x00007fffa4695b90 | 90 5b 69 a4 ff 7f 00 00
stack at sp + 2 slots: 0x00000149589a7200 points into unknown readable memory: 0x00007fffa4695b90 | 90 5b 69 a4 ff 7f 00 00
stack at sp + 3 slots: 0x0000014957263da0 points into unknown readable memory: 0x000300030ffffcff | ff fc ff 0f 03 00 03 00
stack at sp + 4 slots: 0x00000149000011e4 is an unknown value
stack at sp + 5 slots: 0x0000000000000001 is an unknown value
stack at sp + 6 slots: 0x00000000000011d5 is an unknown value
stack at sp + 7 slots: 0x0000000000000001 is an unknown value


---------------  P R O C E S S  ---------------

Threads class SMR info:
_java_thread_list=0x000001495a7b2890, length=34, elements={
0x00000149522b0b00, 0x00000149522b1c20, 0x00000149522b6630, 0x00000149522b80e0,
0x00000149522bce50, 0x00000149522bdce0, 0x00000149522c43b0, 0x00000149522c53b0,
0x000001495227d6f0, 0x00000149568e8e50, 0x0000014956995c90, 0x000001495825b5a0,
0x0000014958259070, 0x000001495825a5b0, 0x0000014958259b10, 0x000001495825a060,
0x00000149582595c0, 0x000001495825ab00, 0x0000014958258080, 0x000001495825b050,
0x00000149582585d0, 0x000001495915aef0, 0x0000014959155f40, 0x0000014959159460,
0x0000014959159f00, 0x000001495915b990, 0x000001495915a450, 0x00000149591579d0,
0x00000149591589c0, 0x000001495915ced0, 0x0000014959157480, 0x000001495915bee0,
0x000001495915c980, 0x000001495781b600
}

Java Threads: ( => current thread )
  0x00000149522b0b00 JavaThread "Reference Handler" daemon [_thread_blocked, id=4532, stack(0x00000008b6c00000,0x00000008b6d00000)]
  0x00000149522b1c20 JavaThread "Finalizer" daemon [_thread_blocked, id=8980, stack(0x00000008b6d00000,0x00000008b6e00000)]
  0x00000149522b6630 JavaThread "Signal Dispatcher" daemon [_thread_blocked, id=7388, stack(0x00000008b6e00000,0x00000008b6f00000)]
  0x00000149522b80e0 JavaThread "Attach Listener" daemon [_thread_blocked, id=6432, stack(0x00000008b6f00000,0x00000008b7000000)]
  0x00000149522bce50 JavaThread "Service Thread" daemon [_thread_blocked, id=8396, stack(0x00000008b7000000,0x00000008b7100000)]
  0x00000149522bdce0 JavaThread "Monitor Deflation Thread" daemon [_thread_blocked, id=7292, stack(0x00000008b7100000,0x00000008b7200000)]
  0x00000149522c43b0 JavaThread "C2 CompilerThread0" daemon [_thread_in_native, id=6016, stack(0x00000008b7200000,0x00000008b7300000)]
  0x00000149522c53b0 JavaThread "C1 CompilerThread0" daemon [_thread_blocked, id=7256, stack(0x00000008b7300000,0x00000008b7400000)]
  0x000001495227d6f0 JavaThread "Common-Cleaner" daemon [_thread_blocked, id=8668, stack(0x00000008b7400000,0x00000008b7500000)]
  0x00000149568e8e50 JavaThread "Monitor Ctrl-Break" daemon [_thread_in_native, id=8696, stack(0x00000008b7600000,0x00000008b7700000)]
  0x0000014956995c90 JavaThread "Notification Thread" daemon [_thread_blocked, id=8688, stack(0x00000008b7700000,0x00000008b7800000)]
  0x000001495825b5a0 JavaThread "Catalina-utility-1" [_thread_blocked, id=9048, stack(0x00000008b8300000,0x00000008b8400000)]
  0x0000014958259070 JavaThread "Catalina-utility-2" [_thread_blocked, id=536, stack(0x00000008b8400000,0x00000008b8500000)]
  0x000001495825a5b0 JavaThread "container-0" [_thread_blocked, id=6236, stack(0x00000008b8500000,0x00000008b8600000)]
  0x0000014958259b10 JavaThread "BufferPoolPruner-1-thread-1" daemon [_thread_blocked, id=7156, stack(0x00000008b8600000,0x00000008b8700000)]
  0x000001495825a060 JavaThread "cluster-ClusterId{value='64a5fdfd77eef511196ee840', description='null'}-localhost:27017" daemon [_thread_in_native, id=7900, stack(0x00000008b8700000,0x00000008b8800000)]
  0x00000149582595c0 JavaThread "cluster-rtt-ClusterId{value='64a5fdfd77eef511196ee840', description='null'}-localhost:27017" daemon [_thread_blocked, id=7552, stack(0x00000008b8800000,0x00000008b8900000)]
  0x000001495825ab00 JavaThread "MaintenanceTimer-2-thread-1" daemon [_thread_blocked, id=6248, stack(0x00000008b8a00000,0x00000008b8b00000)]
  0x0000014958258080 JavaThread "Live Reload Server" daemon [_thread_in_native, id=4316, stack(0x00000008b8c00000,0x00000008b8d00000)]
  0x000001495825b050 JavaThread "File Watcher" daemon [_thread_blocked, id=7860, stack(0x00000008b8d00000,0x00000008b8e00000)]
  0x00000149582585d0 JavaThread "http-nio-6002-exec-1" daemon [_thread_blocked, id=1568, stack(0x00000008b8e00000,0x00000008b8f00000)]
  0x000001495915aef0 JavaThread "http-nio-6002-exec-2" daemon [_thread_blocked, id=5996, stack(0x00000008b8f00000,0x00000008b9000000)]
  0x0000014959155f40 JavaThread "http-nio-6002-exec-3" daemon [_thread_blocked, id=5796, stack(0x00000008b9000000,0x00000008b9100000)]
  0x0000014959159460 JavaThread "http-nio-6002-exec-4" daemon [_thread_blocked, id=2196, stack(0x00000008b9100000,0x00000008b9200000)]
  0x0000014959159f00 JavaThread "http-nio-6002-exec-5" daemon [_thread_blocked, id=4020, stack(0x00000008b9200000,0x00000008b9300000)]
  0x000001495915b990 JavaThread "http-nio-6002-exec-6" daemon [_thread_blocked, id=156, stack(0x00000008b9300000,0x00000008b9400000)]
  0x000001495915a450 JavaThread "http-nio-6002-exec-7" daemon [_thread_blocked, id=500, stack(0x00000008b9400000,0x00000008b9500000)]
  0x00000149591579d0 JavaThread "http-nio-6002-exec-8" daemon [_thread_blocked, id=8152, stack(0x00000008b9500000,0x00000008b9600000)]
  0x00000149591589c0 JavaThread "http-nio-6002-exec-9" daemon [_thread_blocked, id=9176, stack(0x00000008b9600000,0x00000008b9700000)]
  0x000001495915ced0 JavaThread "http-nio-6002-exec-10" daemon [_thread_blocked, id=7464, stack(0x00000008b9700000,0x00000008b9800000)]
  0x0000014959157480 JavaThread "http-nio-6002-Poller" daemon [_thread_in_native, id=3320, stack(0x00000008b9800000,0x00000008b9900000)]
  0x000001495915bee0 JavaThread "http-nio-6002-Acceptor" daemon [_thread_in_native, id=4892, stack(0x00000008b9900000,0x00000008b9a00000)]
  0x000001495915c980 JavaThread "DestroyJavaVM" [_thread_blocked, id=6760, stack(0x00000008b6500000,0x00000008b6600000)]
=>0x000001495781b600 JavaThread "C2 CompilerThread1" daemon [_thread_in_native, id=6240, stack(0x00000008b9a00000,0x00000008b9b00000)]

Other Threads:
  0x0000014952294b90 VMThread "VM Thread" [stack: 0x00000008b6b00000,0x00000008b6c00000] [id=9184]
  0x00000149568e93a0 WatcherThread "VM Periodic Task Thread" [stack: 0x00000008b7800000,0x00000008b7900000] [id=5988]
  0x000001493623f820 WorkerThread "GC Thread#0" [stack: 0x00000008b6600000,0x00000008b6700000] [id=336]
  0x0000014952294050 WorkerThread "GC Thread#1" [stack: 0x00000008b7900000,0x00000008b7a00000] [id=5688]
  0x00000149522937e0 WorkerThread "GC Thread#2" [stack: 0x00000008b7a00000,0x00000008b7b00000] [id=5456]
  0x0000014952293ab0 WorkerThread "GC Thread#3" [stack: 0x00000008b7b00000,0x00000008b7c00000] [id=2436]
  0x0000014936250360 ConcurrentGCThread "G1 Main Marker" [stack: 0x00000008b6700000,0x00000008b6800000] [id=8000]
  0x00000149362510c0 WorkerThread "G1 Conc#0" [stack: 0x00000008b6800000,0x00000008b6900000] [id=8352]
  0x00000149521530c0 ConcurrentGCThread "G1 Refine#0" [stack: 0x00000008b6900000,0x00000008b6a00000] [id=6472]
  0x0000014952153970 ConcurrentGCThread "G1 Service" [stack: 0x00000008b6a00000,0x00000008b6b00000] [id=1780]

Threads with active compile tasks:
C2 CompilerThread0     9783 4834       4       org.springframework.beans.factory.support.AbstractBeanFactory::isTypeMatch (619 bytes)
C2 CompilerThread1     9783 4849       4       java.lang.invoke.MethodType::makeImpl (109 bytes)

VM state: not at safepoint (normal execution)

VM Mutex/Monitor currently owned by a thread: None

Heap address: 0x0000000082400000, size: 2012 MB, Compressed Oops mode: 32-bit

CDS archive(s) mapped at: [0x0000000800000000-0x0000000800c60000-0x0000000800c60000), size 12976128, SharedBaseAddress: 0x0000000800000000, ArchiveRelocationMode: 0.
Compressed class space mapped at: 0x0000000801000000-0x0000000841000000, reserved size: 1073741824
Narrow klass base: 0x0000000800000000, Narrow klass shift: 0, Narrow klass range: 0x100000000

GC Precious Log:
 CardTable entry size: 512
 Card Set container configuration: InlinePtr #cards 5 size 8 Array Of Cards #cards 12 size 40 Howl #buckets 4 coarsen threshold 1843 Howl Bitmap #cards 512 size 80 coarsen threshold 460 Card regions per heap region 1 cards per card region 2048
 CPUs: 4 total, 4 available
 Memory: 8045M
 Large Page Support: Disabled
 NUMA Support: Disabled
 Compressed Oops: Enabled (32-bit)
 Heap Region Size: 1M
 Heap Min Capacity: 8M
 Heap Initial Capacity: 126M
 Heap Max Capacity: 2012M
 Pre-touch: Disabled
 Parallel Workers: 4
 Concurrent Workers: 1
 Concurrent Refinement Workers: 4
 Periodic GC: Disabled

Heap:
 garbage-first heap   total 51200K, used 28836K [0x0000000082400000, 0x0000000100000000)
  region size 1024K, 8 young (8192K), 2 survivors (2048K)
 Metaspace       used 43267K, committed 43968K, reserved 1114112K
  class space    used 5637K, committed 5952K, reserved 1048576K

Heap Regions: E=young(eden), S=young(survivor), O=old, HS=humongous(starts), HC=humongous(continues), CS=collection set, F=free, OA=open archive, CA=closed archive, TAMS=top-at-mark-start, PB=parsable bottom
|   0|0x0000000082400000, 0x0000000082500000, 0x0000000082500000|100%|HS|  |TAMS 0x0000000082400000| PB 0x0000000082400000| Complete 
|   1|0x0000000082500000, 0x0000000082600000, 0x0000000082600000|100%| O|  |TAMS 0x0000000082500000| PB 0x0000000082500000| Untracked 
|   2|0x0000000082600000, 0x0000000082700000, 0x0000000082700000|100%| O|  |TAMS 0x0000000082600000| PB 0x0000000082600000| Untracked 
|   3|0x0000000082700000, 0x0000000082800000, 0x0000000082800000|100%| O|  |TAMS 0x0000000082700000| PB 0x0000000082700000| Untracked 
|   4|0x0000000082800000, 0x0000000082900000, 0x0000000082900000|100%| O|  |TAMS 0x0000000082800000| PB 0x0000000082800000| Untracked 
|   5|0x0000000082900000, 0x0000000082a00000, 0x0000000082a00000|100%| O|  |TAMS 0x0000000082900000| PB 0x0000000082900000| Untracked 
|   6|0x0000000082a00000, 0x0000000082b00000, 0x0000000082b00000|100%| O|  |TAMS 0x0000000082a00000| PB 0x0000000082a00000| Untracked 
|   7|0x0000000082b00000, 0x0000000082c00000, 0x0000000082c00000|100%| O|  |TAMS 0x0000000082b00000| PB 0x0000000082b00000| Untracked 
|   8|0x0000000082c00000, 0x0000000082d00000, 0x0000000082d00000|100%| O|  |TAMS 0x0000000082c00000| PB 0x0000000082c00000| Untracked 
|   9|0x0000000082d00000, 0x0000000082e00000, 0x0000000082e00000|100%| O|  |TAMS 0x0000000082d00000| PB 0x0000000082d00000| Untracked 
|  10|0x0000000082e00000, 0x0000000082f00000, 0x0000000082f00000|100%| O|  |TAMS 0x0000000082e00000| PB 0x0000000082e00000| Untracked 
|  11|0x0000000082f00000, 0x0000000083000000, 0x0000000083000000|100%| O|  |TAMS 0x0000000082f00000| PB 0x0000000082f00000| Untracked 
|  12|0x0000000083000000, 0x0000000083100000, 0x0000000083100000|100%| O|  |TAMS 0x0000000083000000| PB 0x0000000083000000| Untracked 
|  13|0x0000000083100000, 0x0000000083200000, 0x0000000083200000|100%| O|  |TAMS 0x0000000083100000| PB 0x0000000083100000| Untracked 
|  14|0x0000000083200000, 0x0000000083300000, 0x0000000083300000|100%| O|  |TAMS 0x0000000083200000| PB 0x0000000083200000| Untracked 
|  15|0x0000000083300000, 0x0000000083400000, 0x0000000083400000|100%| O|  |TAMS 0x0000000083300000| PB 0x0000000083300000| Untracked 
|  16|0x0000000083400000, 0x0000000083500000, 0x0000000083500000|100%| O|  |TAMS 0x0000000083400000| PB 0x0000000083400000| Untracked 
|  17|0x0000000083500000, 0x0000000083500000, 0x0000000083600000|  0%| F|  |TAMS 0x0000000083500000| PB 0x0000000083500000| Untracked 
|  18|0x0000000083600000, 0x0000000083700000, 0x0000000083700000|100%| O|  |TAMS 0x0000000083600000| PB 0x0000000083600000| Untracked 
|  19|0x0000000083700000, 0x0000000083800000, 0x0000000083800000|100%| O|  |TAMS 0x0000000083700000| PB 0x0000000083700000| Untracked 
|  20|0x0000000083800000, 0x0000000083900000, 0x0000000083900000|100%| O|  |TAMS 0x0000000083800000| PB 0x0000000083800000| Untracked 
|  21|0x0000000083900000, 0x0000000083a00000, 0x0000000083a00000|100%| O|  |TAMS 0x0000000083900000| PB 0x0000000083900000| Untracked 
|  22|0x0000000083a00000, 0x0000000083a71400, 0x0000000083b00000| 44%| O|  |TAMS 0x0000000083a00000| PB 0x0000000083a00000| Untracked 
|  23|0x0000000083b00000, 0x0000000083b00000, 0x0000000083c00000|  0%| F|  |TAMS 0x0000000083b00000| PB 0x0000000083b00000| Untracked 
|  24|0x0000000083c00000, 0x0000000083c00000, 0x0000000083d00000|  0%| F|  |TAMS 0x0000000083c00000| PB 0x0000000083c00000| Untracked 
|  25|0x0000000083d00000, 0x0000000083d00000, 0x0000000083e00000|  0%| F|  |TAMS 0x0000000083d00000| PB 0x0000000083d00000| Untracked 
|  26|0x0000000083e00000, 0x0000000083e00000, 0x0000000083f00000|  0%| F|  |TAMS 0x0000000083e00000| PB 0x0000000083e00000| Untracked 
|  27|0x0000000083f00000, 0x0000000083fb7c98, 0x0000000084000000| 71%| S|CS|TAMS 0x0000000083f00000| PB 0x0000000083f00000| Complete 
|  28|0x0000000084000000, 0x0000000084100000, 0x0000000084100000|100%| S|CS|TAMS 0x0000000084000000| PB 0x0000000084000000| Complete 
|  29|0x0000000084100000, 0x0000000084100000, 0x0000000084200000|  0%| F|  |TAMS 0x0000000084100000| PB 0x0000000084100000| Untracked 
|  30|0x0000000084200000, 0x0000000084200000, 0x0000000084300000|  0%| F|  |TAMS 0x0000000084200000| PB 0x0000000084200000| Untracked 
|  31|0x0000000084300000, 0x0000000084300000, 0x0000000084400000|  0%| F|  |TAMS 0x0000000084300000| PB 0x0000000084300000| Untracked 
|  32|0x0000000084400000, 0x0000000084400000, 0x0000000084500000|  0%| F|  |TAMS 0x0000000084400000| PB 0x0000000084400000| Untracked 
|  33|0x0000000084500000, 0x0000000084500000, 0x0000000084600000|  0%| F|  |TAMS 0x0000000084500000| PB 0x0000000084500000| Untracked 
|  34|0x0000000084600000, 0x0000000084600000, 0x0000000084700000|  0%| F|  |TAMS 0x0000000084600000| PB 0x0000000084600000| Untracked 
|  35|0x0000000084700000, 0x0000000084700000, 0x0000000084800000|  0%| F|  |TAMS 0x0000000084700000| PB 0x0000000084700000| Untracked 
|  36|0x0000000084800000, 0x0000000084800000, 0x0000000084900000|  0%| F|  |TAMS 0x0000000084800000| PB 0x0000000084800000| Untracked 
|  37|0x0000000084900000, 0x0000000084900000, 0x0000000084a00000|  0%| F|  |TAMS 0x0000000084900000| PB 0x0000000084900000| Untracked 
|  38|0x0000000084a00000, 0x0000000084a00000, 0x0000000084b00000|  0%| F|  |TAMS 0x0000000084a00000| PB 0x0000000084a00000| Untracked 
|  39|0x0000000084b00000, 0x0000000084b00000, 0x0000000084c00000|  0%| F|  |TAMS 0x0000000084b00000| PB 0x0000000084b00000| Untracked 
|  40|0x0000000084c00000, 0x0000000084c00000, 0x0000000084d00000|  0%| F|  |TAMS 0x0000000084c00000| PB 0x0000000084c00000| Untracked 
|  41|0x0000000084d00000, 0x0000000084d00000, 0x0000000084e00000|  0%| F|  |TAMS 0x0000000084d00000| PB 0x0000000084d00000| Untracked 
|  71|0x0000000086b00000, 0x0000000086b00000, 0x0000000086c00000|  0%| F|  |TAMS 0x0000000086b00000| PB 0x0000000086b00000| Untracked 
|  72|0x0000000086c00000, 0x0000000086c00000, 0x0000000086d00000|  0%| F|  |TAMS 0x0000000086c00000| PB 0x0000000086c00000| Untracked 
|  73|0x0000000086d00000, 0x0000000086d3ff50, 0x0000000086e00000| 24%| E|  |TAMS 0x0000000086d00000| PB 0x0000000086d00000| Complete 
|  74|0x0000000086e00000, 0x0000000086f00000, 0x0000000086f00000|100%| E|CS|TAMS 0x0000000086e00000| PB 0x0000000086e00000| Complete 
|  75|0x0000000086f00000, 0x0000000087000000, 0x0000000087000000|100%| E|CS|TAMS 0x0000000086f00000| PB 0x0000000086f00000| Complete 
|  76|0x0000000087000000, 0x0000000087100000, 0x0000000087100000|100%| E|CS|TAMS 0x0000000087000000| PB 0x0000000087000000| Complete 
|  77|0x0000000087100000, 0x0000000087200000, 0x0000000087200000|100%| E|CS|TAMS 0x0000000087100000| PB 0x0000000087100000| Complete 
| 125|0x000000008a100000, 0x000000008a200000, 0x000000008a200000|100%| E|CS|TAMS 0x000000008a100000| PB 0x000000008a100000| Complete 

Card table byte_map: [0x000001494d690000,0x000001494da80000] _byte_map_base: 0x000001494d27e000

Marking Bits: (CMBitMap*) 0x000001493623fd60
 Bits: [0x000001494de70000, 0x000001494fde0000)

Polling page: 0x00000149341b0000

Metaspace:

Usage:
  Non-class:     36.75 MB used.
      Class:      5.50 MB used.
       Both:     42.25 MB used.

Virtual space:
  Non-class space:       64.00 MB reserved,      37.13 MB ( 58%) committed,  1 nodes.
      Class space:        1.00 GB reserved,       5.81 MB ( <1%) committed,  1 nodes.
             Both:        1.06 GB reserved,      42.94 MB (  4%) committed. 

Chunk freelists:
   Non-Class:  2.67 MB
       Class:  2.23 MB
        Both:  4.91 MB

MaxMetaspaceSize: unlimited
CompressedClassSpaceSize: 1.00 GB
Initial GC threshold: 21.00 MB
Current GC threshold: 58.69 MB
CDS: on
MetaspaceReclaimPolicy: balanced
 - commit_granule_bytes: 65536.
 - commit_granule_words: 8192.
 - virtual_space_node_default_size: 8388608.
 - enlarge_chunks_in_place: 1.
 - new_chunks_are_fully_committed: 0.
 - uncommit_free_chunks: 1.
 - use_allocation_guard: 0.


Internal statistics:

num_allocs_failed_limit: 6.
num_arena_births: 884.
num_arena_deaths: 0.
num_vsnodes_births: 2.
num_vsnodes_deaths: 0.
num_space_committed: 687.
num_space_uncommitted: 0.
num_chunks_returned_to_freelist: 6.
num_chunks_taken_from_freelist: 2484.
num_chunk_merges: 3.
num_chunk_splits: 1681.
num_chunks_enlarged: 1227.
num_inconsistent_stats: 0.

CodeHeap 'non-profiled nmethods': size=120000Kb used=2525Kb max_used=2525Kb free=117474Kb
 bounds [0x0000014945d70000, 0x0000014945ff0000, 0x000001494d2a0000]
CodeHeap 'profiled nmethods': size=120000Kb used=8509Kb max_used=8853Kb free=111490Kb
 bounds [0x000001493e2a0000, 0x000001493eb50000, 0x00000149457d0000]
CodeHeap 'non-nmethods': size=5760Kb used=1572Kb max_used=1615Kb free=4187Kb
 bounds [0x00000149457d0000, 0x0000014945a40000, 0x0000014945d70000]
 total_blobs=5007 nmethods=4424 adapters=493
 compilation: enabled
              stopped_count=0, restarted_count=0
 full_count=0

Compilation events (20 events):
Event: 9.687 Thread 0x00000149522c53b0 4870       1       java.lang.Thread::threadId (5 bytes)
Event: 9.687 Thread 0x00000149522c53b0 nmethod 4870 0x0000014945fe6e10 code [0x0000014945fe6f80, 0x0000014945fe7048]
Event: 9.687 Thread 0x00000149522c53b0 4871       3       com.fasterxml.jackson.databind.AnnotationIntrospector::_findAnnotation (6 bytes)
Event: 9.687 Thread 0x00000149522c53b0 nmethod 4871 0x000001493e331d90 code [0x000001493e331f20, 0x000001493e3320f8]
Event: 9.690 Thread 0x00000149522c53b0 4872       1       com.fasterxml.jackson.databind.type.TypeBase::getBindings (5 bytes)
Event: 9.690 Thread 0x00000149522c53b0 nmethod 4872 0x0000014945fe7110 code [0x0000014945fe7280, 0x0000014945fe7348]
Event: 9.691 Thread 0x00000149522c53b0 4873       1       com.fasterxml.jackson.databind.JavaType::getReferencedType (2 bytes)
Event: 9.691 Thread 0x00000149522c53b0 nmethod 4873 0x0000014945fe7410 code [0x0000014945fe7580, 0x0000014945fe7650]
Event: 9.692 Thread 0x00000149522c53b0 4874       3       com.fasterxml.jackson.databind.util.internal.PrivateMaxEntriesMap::readBufferIndex (7 bytes)
Event: 9.692 Thread 0x00000149522c53b0 nmethod 4874 0x000001493e552d90 code [0x000001493e552f20, 0x000001493e553018]
Event: 9.693 Thread 0x00000149522c53b0 4875       3       org.apache.tomcat.util.buf.MessageBytes::equalsIgnoreCase (78 bytes)
Event: 9.693 Thread 0x00000149522c53b0 nmethod 4875 0x000001493e331710 code [0x000001493e3318e0, 0x000001493e331c58]
Event: 9.693 Thread 0x00000149522c53b0 4876       3       java.lang.ClassLoader::definePackage (85 bytes)
Event: 9.694 Thread 0x00000149522c53b0 nmethod 4876 0x000001493e771710 code [0x000001493e7719c0, 0x000001493e772930]
Event: 9.694 Thread 0x00000149522c53b0 4877       3       org.apache.tomcat.util.buf.AbstractChunk::getLength (10 bytes)
Event: 9.694 Thread 0x00000149522c53b0 nmethod 4877 0x000001493e331390 code [0x000001493e331520, 0x000001493e331638]
Event: 9.696 Thread 0x00000149522c53b0 4879       3       java.util.HashMap::putVal (300 bytes)
Event: 9.697 Thread 0x00000149522c53b0 nmethod 4879 0x000001493e76fd90 code [0x000001493e770020, 0x000001493e771228]
Event: 9.699 Thread 0x00000149522c53b0 4880       3       org.springframework.context.event.GenericApplicationListenerAdapter::resolveDeclaredEventType (57 bytes)
Event: 9.699 Thread 0x00000149522c53b0 nmethod 4880 0x000001493e2aff10 code [0x000001493e2b0100, 0x000001493e2b07c0]

GC Heap History (20 events):
Event: 0.438 GC heap before
{Heap before GC invocations=0 (full 0):
 garbage-first heap   total 129024K, used 14336K [0x0000000082400000, 0x0000000100000000)
  region size 1024K, 13 young (13312K), 0 survivors (0K)
 Metaspace       used 3276K, committed 3456K, reserved 1114112K
  class space    used 335K, committed 448K, reserved 1048576K
}
Event: 0.442 GC heap after
{Heap after GC invocations=1 (full 0):
 garbage-first heap   total 129024K, used 6744K [0x0000000082400000, 0x0000000100000000)
  region size 1024K, 2 young (2048K), 2 survivors (2048K)
 Metaspace       used 3276K, committed 3456K, reserved 1114112K
  class space    used 335K, committed 448K, reserved 1048576K
}
Event: 0.751 GC heap before
{Heap before GC invocations=1 (full 0):
 garbage-first heap   total 129024K, used 19032K [0x0000000082400000, 0x0000000100000000)
  region size 1024K, 15 young (15360K), 2 survivors (2048K)
 Metaspace       used 6748K, committed 6912K, reserved 1114112K
  class space    used 776K, committed 832K, reserved 1048576K
}
Event: 0.754 GC heap after
{Heap after GC invocations=2 (full 0):
 garbage-first heap   total 129024K, used 7674K [0x0000000082400000, 0x0000000100000000)
  region size 1024K, 1 young (1024K), 1 survivors (1024K)
 Metaspace       used 6748K, committed 6912K, reserved 1114112K
  class space    used 776K, committed 832K, reserved 1048576K
}
Event: 1.209 GC heap before
{Heap before GC invocations=2 (full 0):
 garbage-first heap   total 129024K, used 35322K [0x0000000082400000, 0x0000000100000000)
  region size 1024K, 29 young (29696K), 1 survivors (1024K)
 Metaspace       used 14435K, committed 14656K, reserved 1114112K
  class space    used 1697K, committed 1792K, reserved 1048576K
}
Event: 1.213 GC heap after
{Heap after GC invocations=3 (full 0):
 garbage-first heap   total 129024K, used 10210K [0x0000000082400000, 0x0000000100000000)
  region size 1024K, 4 young (4096K), 4 survivors (4096K)
 Metaspace       used 14435K, committed 14656K, reserved 1114112K
  class space    used 1697K, committed 1792K, reserved 1048576K
}
Event: 2.261 GC heap before
{Heap before GC invocations=3 (full 0):
 garbage-first heap   total 129024K, used 53218K [0x0000000082400000, 0x0000000100000000)
  region size 1024K, 48 young (49152K), 4 survivors (4096K)
 Metaspace       used 21185K, committed 21504K, reserved 1114112K
  class space    used 2530K, committed 2688K, reserved 1048576K
}
Event: 2.268 GC heap after
{Heap after GC invocations=4 (full 0):
 garbage-first heap   total 129024K, used 13907K [0x0000000082400000, 0x0000000100000000)
  region size 1024K, 7 young (7168K), 7 survivors (7168K)
 Metaspace       used 21185K, committed 21504K, reserved 1114112K
  class space    used 2530K, committed 2688K, reserved 1048576K
}
Event: 2.876 GC heap before
{Heap before GC invocations=5 (full 0):
 garbage-first heap   total 51200K, used 37459K [0x0000000082400000, 0x0000000100000000)
  region size 1024K, 30 young (30720K), 7 survivors (7168K)
 Metaspace       used 25774K, committed 26176K, reserved 1114112K
  class space    used 3227K, committed 3392K, reserved 1048576K
}
Event: 2.885 GC heap after
{Heap after GC invocations=6 (full 0):
 garbage-first heap   total 51200K, used 16468K [0x0000000082400000, 0x0000000100000000)
  region size 1024K, 3 young (3072K), 3 survivors (3072K)
 Metaspace       used 25774K, committed 26176K, reserved 1114112K
  class space    used 3227K, committed 3392K, reserved 1048576K
}
Event: 3.436 GC heap before
{Heap before GC invocations=6 (full 0):
 garbage-first heap   total 51200K, used 38996K [0x0000000082400000, 0x0000000100000000)
  region size 1024K, 25 young (25600K), 3 survivors (3072K)
 Metaspace       used 30396K, committed 30912K, reserved 1114112K
  class space    used 3785K, committed 3968K, reserved 1048576K
}
Event: 3.444 GC heap after
{Heap after GC invocations=7 (full 0):
 garbage-first heap   total 51200K, used 18187K [0x0000000082400000, 0x0000000100000000)
  region size 1024K, 3 young (3072K), 3 survivors (3072K)
 Metaspace       used 30396K, committed 30912K, reserved 1114112K
  class space    used 3785K, committed 3968K, reserved 1048576K
}
Event: 3.895 GC heap before
{Heap before GC invocations=7 (full 0):
 garbage-first heap   total 51200K, used 40715K [0x0000000082400000, 0x0000000100000000)
  region size 1024K, 25 young (25600K), 3 survivors (3072K)
 Metaspace       used 35360K, committed 35840K, reserved 1114112K
  class space    used 4510K, committed 4736K, reserved 1048576K
}
Event: 3.900 GC heap after
{Heap after GC invocations=8 (full 0):
 garbage-first heap   total 51200K, used 20529K [0x0000000082400000, 0x0000000100000000)
  region size 1024K, 3 young (3072K), 3 survivors (3072K)
 Metaspace       used 35360K, committed 35840K, reserved 1114112K
  class space    used 4510K, committed 4736K, reserved 1048576K
}
Event: 3.902 GC heap before
{Heap before GC invocations=8 (full 0):
 garbage-first heap   total 51200K, used 20529K [0x0000000082400000, 0x0000000100000000)
  region size 1024K, 4 young (4096K), 3 survivors (3072K)
 Metaspace       used 35437K, committed 35968K, reserved 1114112K
  class space    used 4513K, committed 4736K, reserved 1048576K
}
Event: 3.905 GC heap after
{Heap after GC invocations=9 (full 0):
 garbage-first heap   total 51200K, used 20723K [0x0000000082400000, 0x0000000100000000)
  region size 1024K, 1 young (1024K), 1 survivors (1024K)
 Metaspace       used 35437K, committed 35968K, reserved 1114112K
  class space    used 4513K, committed 4736K, reserved 1048576K
}
Event: 4.347 GC heap before
{Heap before GC invocations=10 (full 0):
 garbage-first heap   total 51200K, used 43251K [0x0000000082400000, 0x0000000100000000)
  region size 1024K, 23 young (23552K), 1 survivors (1024K)
 Metaspace       used 38685K, committed 39296K, reserved 1114112K
  class space    used 4991K, committed 5248K, reserved 1048576K
}
Event: 4.349 GC heap after
{Heap after GC invocations=11 (full 0):
 garbage-first heap   total 51200K, used 22356K [0x0000000082400000, 0x0000000100000000)
  region size 1024K, 2 young (2048K), 2 survivors (2048K)
 Metaspace       used 38685K, committed 39296K, reserved 1114112K
  class space    used 4991K, committed 5248K, reserved 1048576K
}
Event: 9.532 GC heap before
{Heap before GC invocations=11 (full 0):
 garbage-first heap   total 51200K, used 43860K [0x0000000082400000, 0x0000000100000000)
  region size 1024K, 23 young (23552K), 2 survivors (2048K)
 Metaspace       used 41645K, committed 42304K, reserved 1114112K
  class space    used 5433K, committed 5760K, reserved 1048576K
}
Event: 9.537 GC heap after
{Heap after GC invocations=12 (full 0):
 garbage-first heap   total 51200K, used 23716K [0x0000000082400000, 0x0000000100000000)
  region size 1024K, 2 young (2048K), 2 survivors (2048K)
 Metaspace       used 41645K, committed 42304K, reserved 1114112K
  class space    used 5433K, committed 5760K, reserved 1048576K
}

Dll operation events (13 events):
Event: 0.006 Loaded shared library C:\Program Files\Java\jdk-20\bin\java.dll
Event: 0.015 Loaded shared library C:\Program Files\Java\jdk-20\bin\jsvml.dll
Event: 0.103 Loaded shared library C:\Program Files\Java\jdk-20\bin\zip.dll
Event: 0.105 Loaded shared library C:\Program Files\Java\jdk-20\bin\instrument.dll
Event: 0.109 Loaded shared library C:\Program Files\Java\jdk-20\bin\net.dll
Event: 0.111 Loaded shared library C:\Program Files\Java\jdk-20\bin\nio.dll
Event: 0.114 Loaded shared library C:\Program Files\Java\jdk-20\bin\zip.dll
Event: 0.217 Loaded shared library C:\Program Files\JetBrains\IntelliJ IDEA Community Edition 2023.1.3\bin\breakgen64.dll
Event: 0.227 Loaded shared library C:\Program Files\Java\jdk-20\bin\extnet.dll
Event: 0.259 Loaded shared library C:\Program Files\Java\jdk-20\bin\jimage.dll
Event: 0.526 Loaded shared library C:\Program Files\Java\jdk-20\bin\management.dll
Event: 0.528 Loaded shared library C:\Program Files\Java\jdk-20\bin\management_ext.dll
Event: 3.069 Loaded shared library C:\Program Files\Java\jdk-20\bin\sunmscapi.dll

Deoptimization events (20 events):
Event: 9.581 Thread 0x00000149582585d0 Uncommon trap: trap_request=0xffffff45 fr.pc=0x0000014945df5edc relative=0x000000000000005c
Event: 9.581 Thread 0x00000149582585d0 Uncommon trap: reason=unstable_if action=reinterpret pc=0x0000014945df5edc method=java.lang.StringConcatHelper.stringOf(Ljava/lang/Object;)Ljava/lang/String; @ 1 c2
Event: 9.581 Thread 0x00000149582585d0 DEOPT PACKING pc=0x0000014945df5edc sp=0x00000008b8efd820
Event: 9.581 Thread 0x00000149582585d0 DEOPT UNPACKING pc=0x0000014945839d22 sp=0x00000008b8efd7b0 mode 2
Event: 9.587 Thread 0x00000149582585d0 Uncommon trap: trap_request=0xffffff45 fr.pc=0x0000014945e35730 relative=0x00000000000001b0
Event: 9.588 Thread 0x00000149582585d0 Uncommon trap: reason=unstable_if action=reinterpret pc=0x0000014945e35730 method=java.lang.StringLatin1.indexOf([B[B)I @ 9 c2
Event: 9.588 Thread 0x00000149582585d0 DEOPT PACKING pc=0x0000014945e35730 sp=0x00000008b8efe080
Event: 9.588 Thread 0x00000149582585d0 DEOPT UNPACKING pc=0x0000014945839d22 sp=0x00000008b8efe000 mode 2
Event: 9.677 Thread 0x00000149582585d0 Uncommon trap: trap_request=0xffffff45 fr.pc=0x0000014945fd8dc8 relative=0x0000000000000228
Event: 9.677 Thread 0x00000149582585d0 Uncommon trap: reason=unstable_if action=reinterpret pc=0x0000014945fd8dc8 method=java.util.HashMap.getNode(Ljava/lang/Object;)Ljava/util/HashMap$Node; @ 66 c2
Event: 9.677 Thread 0x00000149582585d0 DEOPT PACKING pc=0x0000014945fd8dc8 sp=0x00000008b8efb970
Event: 9.677 Thread 0x00000149582585d0 DEOPT UNPACKING pc=0x0000014945839d22 sp=0x00000008b8efb880 mode 2
Event: 9.677 Thread 0x00000149582585d0 Uncommon trap: trap_request=0xffffff45 fr.pc=0x0000014945eb291c relative=0x000000000000083c
Event: 9.677 Thread 0x00000149582585d0 Uncommon trap: reason=unstable_if action=reinterpret pc=0x0000014945eb291c method=java.util.HashMap.putVal(ILjava/lang/Object;Ljava/lang/Object;ZZ)Ljava/lang/Object; @ 94 c2
Event: 9.677 Thread 0x00000149582585d0 DEOPT PACKING pc=0x0000014945eb291c sp=0x00000008b8efb930
Event: 9.677 Thread 0x00000149582585d0 DEOPT UNPACKING pc=0x0000014945839d22 sp=0x00000008b8efb860 mode 2
Event: 9.678 Thread 0x00000149582585d0 Uncommon trap: trap_request=0xffffff45 fr.pc=0x0000014945e97538 relative=0x0000000000000838
Event: 9.678 Thread 0x00000149582585d0 Uncommon trap: reason=unstable_if action=reinterpret pc=0x0000014945e97538 method=java.util.HashMap.putVal(ILjava/lang/Object;Ljava/lang/Object;ZZ)Ljava/lang/Object; @ 94 c2
Event: 9.678 Thread 0x00000149582585d0 DEOPT PACKING pc=0x0000014945e97538 sp=0x00000008b8efb950
Event: 9.678 Thread 0x00000149582585d0 DEOPT UNPACKING pc=0x0000014945839d22 sp=0x00000008b8efb918 mode 2

Classes loaded (20 events):
Event: 9.530 Loading class sun/nio/cs/ThreadLocalCoders$Cache done
Event: 9.530 Loading class sun/nio/cs/ThreadLocalCoders$1 done
Event: 9.530 Loading class sun/nio/cs/ThreadLocalCoders$2
Event: 9.530 Loading class sun/nio/cs/ThreadLocalCoders$2 done
Event: 9.581 Loading class java/util/Base64$Decoder
Event: 9.581 Loading class java/util/Base64$Decoder done
Event: 9.631 Loading class java/time/format/DateTimeFormatterBuilder$ZoneTextPrinterParser
Event: 9.631 Loading class java/time/format/DateTimeFormatterBuilder$ZoneTextPrinterParser done
Event: 9.631 Loading class java/time/format/DateTimeFormatterBuilder$ReducedPrinterParser
Event: 9.632 Loading class java/time/format/DateTimeFormatterBuilder$ReducedPrinterParser done
Event: 9.639 Loading class java/util/OptionalLong
Event: 9.639 Loading class java/util/OptionalLong done
Event: 9.639 Loading class java/util/OptionalDouble
Event: 9.639 Loading class java/util/OptionalDouble done
Event: 9.647 Loading class java/util/AbstractMap$SimpleEntry
Event: 9.647 Loading class java/util/AbstractMap$SimpleEntry done
Event: 9.669 Loading class java/util/stream/LongStream
Event: 9.669 Loading class java/util/stream/LongStream done
Event: 9.669 Loading class java/util/stream/DoubleStream
Event: 9.669 Loading class java/util/stream/DoubleStream done

Classes unloaded (0 events):
No events

Classes redefined (0 events):
No events

Internal exceptions (20 events):
Event: 3.686 Thread 0x00000149573320d0 Exception <a 'java/lang/IncompatibleClassChangeError'{0x0000000084a74aa0}: Found class java.lang.Object, but interface was expected> (0x0000000084a74aa0) 
thrown [s\open\src\hotspot\share\interpreter\linkResolver.cpp, line 840]
Event: 3.775 Thread 0x00000149573320d0 Exception <a 'java/lang/NoSuchMethodError'{0x00000000846c1d40}: 'long java.lang.invoke.DirectMethodHandle$Holder.invokeVirtual(java.lang.Object, java.lang.Object, java.lang.Object, java.lang.Object, java.lang.Object, java.lang.Object)'> (0x00000000846c1d40) 
thrown [s\open\src\hotspot\share\interpreter\linkResolver.cpp, line 773]
Event: 3.815 Thread 0x00000149573320d0 Exception <a 'java/lang/NoSuchMethodError'{0x00000000844d9c50}: 'java.lang.Object java.lang.invoke.Invokers$Holder.invoke_MT(java.lang.Object, java.lang.Object, java.lang.Object, java.lang.Object, java.lang.Object, java.lang.Object, java.lang.Object, java.lang.Object, java.lang.Object)'> (0x00000000844d9c50) 
thrown [s\open\src\hotspot\share\interpreter\linkResolver.cpp, line 773]
Event: 3.978 Thread 0x00000149573320d0 Exception <a 'java/lang/IncompatibleClassChangeError'{0x000000008700a2b8}: Found class java.lang.Object, but interface was expected> (0x000000008700a2b8) 
thrown [s\open\src\hotspot\share\interpreter\linkResolver.cpp, line 840]
Event: 3.987 Thread 0x00000149573320d0 Exception <a 'java/lang/NoSuchMethodError'{0x0000000087066098}: 'java.lang.Object java.lang.invoke.DirectMethodHandle$Holder.newInvokeSpecial(java.lang.Object, java.lang.Object, java.lang.Object, java.lang.Object, java.lang.Object, java.lang.Object)'> (0x0000000087066098) 
thrown [s\open\src\hotspot\share\interpreter\linkResolver.cpp, line 773]
Event: 4.028 Thread 0x00000149573320d0 Exception <a 'java/lang/NoSuchMethodError'{0x0000000086e73ba0}: 'java.lang.Object java.lang.invoke.DirectMethodHandle$Holder.invokeStatic(java.lang.Object, java.lang.Object, int, java.lang.Object)'> (0x0000000086e73ba0) 
thrown [s\open\src\hotspot\share\interpreter\linkResolver.cpp, line 773]
Event: 4.029 Thread 0x00000149573320d0 Exception <a 'java/lang/NoSuchMethodError'{0x0000000086e7afe8}: 'java.lang.Object java.lang.invoke.DirectMethodHandle$Holder.newInvokeSpecial(java.lang.Object, java.lang.Object, int)'> (0x0000000086e7afe8) 
thrown [s\open\src\hotspot\share\interpreter\linkResolver.cpp, line 773]
Event: 4.052 Thread 0x00000149573320d0 Exception <a 'sun/nio/fs/WindowsException'{0x0000000086dd5cb0}> (0x0000000086dd5cb0) 
thrown [s\open\src\hotspot\share\prims\jni.cpp, line 519]
Event: 4.065 Thread 0x00000149573320d0 Implicit null exception at 0x0000014945e5a332 to 0x0000014945e5a3f2
Event: 4.100 Thread 0x00000149573320d0 Exception <a 'java/lang/NoSuchMethodError'{0x0000000086be20b0}: 'java.lang.Object java.lang.invoke.DirectMethodHandle$Holder.newInvokeSpecial(java.lang.Object, java.lang.Object, java.lang.Object, java.lang.Object, java.lang.Object, java.lang.Object, java.lang.Object, java.lang.Object)'> (0x0000000086be20b0) 
thrown [s\open\src\hotspot\share\interpreter\linkResolver.cpp, line 773]
Event: 4.329 Thread 0x00000149573320d0 Exception <a 'java/lang/IncompatibleClassChangeError'{0x00000000840e3990}: Found class java.lang.Object, but interface was expected> (0x00000000840e3990) 
thrown [s\open\src\hotspot\share\interpreter\linkResolver.cpp, line 840]
Event: 4.481 Thread 0x00000149573320d0 Exception <a 'java/lang/NoSuchMethodError'{0x0000000086ccf598}: 'void java.lang.invoke.DirectMethodHandle$Holder.invokeVirtual(java.lang.Object, java.lang.Object, long)'> (0x0000000086ccf598) 
thrown [s\open\src\hotspot\share\interpreter\linkResolver.cpp, line 773]
Event: 4.538 Thread 0x00000149573320d0 Exception <a 'java/lang/NoSuchMethodError'{0x0000000084b86fb8}: 'int java.lang.invoke.DirectMethodHandle$Holder.invokeStaticInit(java.lang.Object, java.lang.Object, java.lang.Object, java.lang.Object)'> (0x0000000084b86fb8) 
thrown [s\open\src\hotspot\share\interpreter\linkResolver.cpp, line 773]
Event: 4.649 Thread 0x00000149573320d0 Exception <a 'java/lang/NoSuchMethodError'{0x00000000845bab18}: 'java.lang.Object java.lang.invoke.DirectMethodHandle$Holder.newInvokeSpecial(java.lang.Object, java.lang.Object, int, java.lang.Object, java.lang.Object)'> (0x00000000845bab18) 
thrown [s\open\src\hotspot\share\interpreter\linkResolver.cpp, line 773]
Event: 4.650 Thread 0x00000149573320d0 Exception <a 'java/lang/NoSuchMethodError'{0x00000000845c5cf8}: 'java.lang.Object java.lang.invoke.DirectMethodHandle$Holder.invokeSpecial(java.lang.Object, java.lang.Object, int, java.lang.Object, int, java.lang.Object)'> (0x00000000845c5cf8) 
thrown [s\open\src\hotspot\share\interpreter\linkResolver.cpp, line 773]
Event: 4.650 Thread 0x00000149573320d0 Exception <a 'java/lang/NoSuchMethodError'{0x00000000845cdac8}: 'java.lang.Object java.lang.invoke.DirectMethodHandle$Holder.newInvokeSpecial(java.lang.Object, java.lang.Object, int, java.lang.Object, int)'> (0x00000000845cdac8) 
thrown [s\open\src\hotspot\share\interpreter\linkResolver.cpp, line 773]
Event: 4.651 Thread 0x00000149573320d0 Exception <a 'java/lang/NoSuchMethodError'{0x00000000845d1938}: 'java.lang.Object java.lang.invoke.DirectMethodHandle$Holder.invokeSpecial(java.lang.Object, java.lang.Object, java.lang.Object, int, java.lang.Object, int)'> (0x00000000845d1938) 
thrown [s\open\src\hotspot\share\interpreter\linkResolver.cpp, line 773]
Event: 9.524 Thread 0x000001495915aef0 Exception <a 'java/lang/NoSuchMethodError'{0x00000000841c87c0}: 'java.lang.Object java.lang.invoke.DirectMethodHandle$Holder.invokeSpecial(java.lang.Object, java.lang.Object, java.lang.Object, java.lang.Object, java.lang.Object, long)'> (0x00000000841c87c0) 
thrown [s\open\src\hotspot\share\interpreter\linkResolver.cpp, line 773]
Event: 9.524 Thread 0x000001495915aef0 Exception <a 'java/lang/NoSuchMethodError'{0x00000000841cbf80}: 'java.lang.Object java.lang.invoke.Invokers$Holder.linkToTargetMethod(java.lang.Object, java.lang.Object, java.lang.Object, long, java.lang.Object)'> (0x00000000841cbf80) 
thrown [s\open\src\hotspot\share\interpreter\linkResolver.cpp, line 773]
Event: 9.581 Thread 0x00000149582585d0 Exception <a 'java/lang/NullPointerException'{0x00000000871925e0}> (0x00000000871925e0) 
thrown [s\open\src\hotspot\share\interpreter\linkResolver.cpp, line 1373]

VM Operations (20 events):
Event: 4.245 Executing VM operation: HandshakeAllThreads
Event: 4.245 Executing VM operation: HandshakeAllThreads done
Event: 4.271 Executing VM operation: ICBufferFull
Event: 4.271 Executing VM operation: ICBufferFull done
Event: 4.346 Executing VM operation: G1CollectForAllocation
Event: 4.349 Executing VM operation: G1CollectForAllocation done
Event: 4.495 Executing VM operation: HandshakeAllThreads
Event: 4.495 Executing VM operation: HandshakeAllThreads done
Event: 4.681 Executing VM operation: HandshakeAllThreads
Event: 4.681 Executing VM operation: HandshakeAllThreads done
Event: 5.681 Executing VM operation: Cleanup
Event: 5.681 Executing VM operation: Cleanup done
Event: 9.532 Executing VM operation: G1CollectForAllocation
Event: 9.537 Executing VM operation: G1CollectForAllocation done
Event: 9.546 Executing VM operation: HandshakeAllThreads
Event: 9.546 Executing VM operation: HandshakeAllThreads done
Event: 9.632 Executing VM operation: HandshakeAllThreads
Event: 9.632 Executing VM operation: HandshakeAllThreads done
Event: 9.673 Executing VM operation: HandshakeAllThreads
Event: 9.673 Executing VM operation: HandshakeAllThreads done

Events (20 events):
Event: 3.947 Thread 0x0000014952294b90 flushing nmethod 0x0000014945d71410
Event: 4.640 Thread 0x000001495825b050 Thread added: 0x000001495825b050
Event: 4.659 Thread 0x00000149582585d0 Thread added: 0x00000149582585d0
Event: 4.659 Thread 0x000001495915aef0 Thread added: 0x000001495915aef0
Event: 4.659 Thread 0x0000014959155f40 Thread added: 0x0000014959155f40
Event: 4.659 Thread 0x0000014959159460 Thread added: 0x0000014959159460
Event: 4.659 Thread 0x0000014959159f00 Thread added: 0x0000014959159f00
Event: 4.659 Thread 0x000001495915b990 Thread added: 0x000001495915b990
Event: 4.659 Thread 0x000001495915a450 Thread added: 0x000001495915a450
Event: 4.659 Thread 0x00000149591579d0 Thread added: 0x00000149591579d0
Event: 4.659 Thread 0x00000149591589c0 Thread added: 0x00000149591589c0
Event: 4.659 Thread 0x000001495915ced0 Thread added: 0x000001495915ced0
Event: 4.668 Thread 0x0000014959157480 Thread added: 0x0000014959157480
Event: 4.669 Thread 0x000001495915bee0 Thread added: 0x000001495915bee0
Event: 4.685 Thread 0x00000149573320d0 Thread exited: 0x00000149573320d0
Event: 4.686 Thread 0x000001495732f870 Thread exited: 0x000001495732f870
Event: 4.687 Thread 0x00000149361e1bf0 Thread exited: 0x00000149361e1bf0
Event: 4.687 Thread 0x000001495915c980 Thread added: 0x000001495915c980
Event: 6.663 Thread 0x0000014956745cd0 Thread exited: 0x0000014956745cd0
Event: 9.523 Thread 0x000001495781b600 Thread added: 0x000001495781b600


Dynamic libraries:
0x00007ff68e240000 - 0x00007ff68e250000 	C:\Program Files\Java\jdk-20\bin\java.exe
0x00007fffbff30000 - 0x00007fffc00f1000 	C:\Windows\SYSTEM32\ntdll.dll
0x00007fffbfc20000 - 0x00007fffbfccd000 	C:\Windows\system32\KERNEL32.DLL
0x00007fffbc6d0000 - 0x00007fffbc8b8000 	C:\Windows\system32\KERNELBASE.dll
0x00007fffa6b40000 - 0x00007fffa6b59000 	C:\Program Files\Java\jdk-20\bin\jli.dll
0x00007fffa6580000 - 0x00007fffa659b000 	C:\Program Files\Java\jdk-20\bin\VCRUNTIME140.dll
0x00007fffbd7c0000 - 0x00007fffbd867000 	C:\Windows\system32\ADVAPI32.dll
0x00007fffbd880000 - 0x00007fffbd91d000 	C:\Windows\system32\msvcrt.dll
0x00007fffbfa60000 - 0x00007fffbfabb000 	C:\Windows\system32\sechost.dll
0x00007fffbfd30000 - 0x00007fffbfe4c000 	C:\Windows\system32\RPCRT4.dll
0x00007fffbe190000 - 0x00007fffbe2e6000 	C:\Windows\system32\USER32.dll
0x00007fffbd630000 - 0x00007fffbd7b6000 	C:\Windows\system32\GDI32.dll
0x0000014934070000 - 0x0000014934164000 	C:\Windows\SYSTEM32\ucrtbase.dll
0x00007fffaf050000 - 0x00007fffaf2c4000 	C:\Windows\WinSxS\amd64_microsoft.windows.common-controls_6595b64144ccf1df_6.0.10586.0_none_8c15ae12515e1c22\COMCTL32.dll
0x00007fffbd330000 - 0x00007fffbd5ad000 	C:\Windows\system32\combase.dll
0x00007fffbd100000 - 0x00007fffbd16a000 	C:\Windows\system32\bcryptPrimitives.dll
0x00007fffbabe0000 - 0x00007fffbabea000 	C:\Windows\SYSTEM32\VERSION.dll
0x00007fffbfbe0000 - 0x00007fffbfc1b000 	C:\Windows\system32\IMM32.DLL
0x00007fffb1f60000 - 0x00007fffb1f6c000 	C:\Program Files\Java\jdk-20\bin\vcruntime140_1.dll
0x00007fffa49f0000 - 0x00007fffa4a7e000 	C:\Program Files\Java\jdk-20\bin\msvcp140.dll
0x00007fffa3d50000 - 0x00007fffa49e7000 	C:\Program Files\Java\jdk-20\bin\server\jvm.dll
0x00007fffb82d0000 - 0x00007fffb82d9000 	C:\Windows\SYSTEM32\WSOCK32.dll
0x00007fffb9f50000 - 0x00007fffb9f73000 	C:\Windows\SYSTEM32\WINMM.dll
0x00007fffbdd50000 - 0x00007fffbddbb000 	C:\Windows\system32\WS2_32.dll
0x00007fffb9ef0000 - 0x00007fffb9f1c000 	C:\Windows\SYSTEM32\WINMMBASE.dll
0x00007fffbd2e0000 - 0x00007fffbd323000 	C:\Windows\system32\cfgmgr32.dll
0x00007fffbc5d0000 - 0x00007fffbc5df000 	C:\Windows\system32\kernel.appcore.dll
0x00007fffb1e00000 - 0x00007fffb1e0a000 	C:\Program Files\Java\jdk-20\bin\jimage.dll
0x00007fffbbf40000 - 0x00007fffbc0cc000 	C:\Windows\SYSTEM32\DBGHELP.DLL
0x00007fffbbee0000 - 0x00007fffbbf05000 	C:\Windows\SYSTEM32\dbgcore.DLL
0x00007fffbc110000 - 0x00007fffbc11e000 	C:\Program Files\Java\jdk-20\bin\instrument.dll
0x00007fffa6550000 - 0x00007fffa6576000 	C:\Program Files\Java\jdk-20\bin\java.dll
0x00007fffa3c70000 - 0x00007fffa3d47000 	C:\Program Files\Java\jdk-20\bin\jsvml.dll
0x00007fffbe2f0000 - 0x00007fffbf84c000 	C:\Windows\system32\SHELL32.dll
0x00007fffbcab0000 - 0x00007fffbd0f5000 	C:\Windows\system32\windows.storage.dll
0x00007fffbfcd0000 - 0x00007fffbfd22000 	C:\Windows\system32\shlwapi.dll
0x00007fffbd220000 - 0x00007fffbd2d5000 	C:\Windows\system32\shcore.dll
0x00007fffbc570000 - 0x00007fffbc5bb000 	C:\Windows\system32\powrprof.dll
0x00007fffbc550000 - 0x00007fffbc564000 	C:\Windows\system32\profapi.dll
0x00007fffa6060000 - 0x00007fffa6078000 	C:\Program Files\Java\jdk-20\bin\zip.dll
0x00007fffa60a0000 - 0x00007fffa60b3000 	C:\Program Files\Java\jdk-20\bin\net.dll
0x00007fffb4dc0000 - 0x00007fffb4e88000 	C:\Windows\SYSTEM32\WINHTTP.dll
0x00007fffbbb10000 - 0x00007fffbbb6c000 	C:\Windows\system32\mswsock.dll
0x00007fffa6080000 - 0x00007fffa6096000 	C:\Program Files\Java\jdk-20\bin\nio.dll
0x00007fffb8160000 - 0x00007fffb817a000 	C:\Program Files\JetBrains\IntelliJ IDEA Community Edition 2023.1.3\bin\breakgen64.dll
0x00007fffb1260000 - 0x00007fffb1267000 	C:\Program Files\Java\jdk-20\bin\extnet.dll
0x00007fffb9b10000 - 0x00007fffb9b1a000 	C:\Program Files\Java\jdk-20\bin\management.dll
0x00007fffb86d0000 - 0x00007fffb86db000 	C:\Program Files\Java\jdk-20\bin\management_ext.dll
0x00007fffbfac0000 - 0x00007fffbfac8000 	C:\Windows\system32\PSAPI.DLL
0x00007fffbbbc0000 - 0x00007fffbbbd7000 	C:\Windows\SYSTEM32\CRYPTSP.dll
0x00007fffbb850000 - 0x00007fffbb884000 	C:\Windows\system32\rsaenh.dll
0x00007fffbc490000 - 0x00007fffbc4b9000 	C:\Windows\SYSTEM32\bcrypt.dll
0x00007fffbb9a0000 - 0x00007fffbb9bf000 	C:\Windows\SYSTEM32\USERENV.dll
0x00007fffbbce0000 - 0x00007fffbbceb000 	C:\Windows\SYSTEM32\CRYPTBASE.dll
0x00007fffb7410000 - 0x00007fffb7448000 	C:\Windows\SYSTEM32\IPHLPAPI.DLL
0x00007fffbfe50000 - 0x00007fffbfe58000 	C:\Windows\system32\NSI.dll
0x00007fffb7210000 - 0x00007fffb7226000 	C:\Windows\SYSTEM32\dhcpcsvc6.DLL
0x00007fffb71f0000 - 0x00007fffb720a000 	C:\Windows\SYSTEM32\dhcpcsvc.DLL
0x00007fffb86b0000 - 0x00007fffb86be000 	C:\Program Files\Java\jdk-20\bin\sunmscapi.dll
0x00007fffbc8c0000 - 0x00007fffbca87000 	C:\Windows\system32\CRYPT32.dll
0x00007fffbc5c0000 - 0x00007fffbc5d0000 	C:\Windows\system32\MSASN1.dll
0x00007fffbbdd0000 - 0x00007fffbbdf7000 	C:\Windows\SYSTEM32\ncrypt.dll
0x00007fffbbd90000 - 0x00007fffbbdca000 	C:\Windows\SYSTEM32\NTASN1.dll
0x00007fffba590000 - 0x00007fffba63a000 	C:\Windows\SYSTEM32\DNSAPI.dll
0x00007fffb3bd0000 - 0x00007fffb3bda000 	C:\Windows\System32\rasadhlp.dll
0x00007fffb72e0000 - 0x00007fffb7347000 	C:\Windows\System32\fwpuclnt.dll

dbghelp: loaded successfully - version: 4.0.5 - missing functions: none
symbol engine: initialized successfully - sym options: 0x614 - pdb path: .;C:\Program Files\Java\jdk-20\bin;C:\Windows\SYSTEM32;C:\Windows\WinSxS\amd64_microsoft.windows.common-controls_6595b64144ccf1df_6.0.10586.0_none_8c15ae12515e1c22;C:\Program Files\Java\jdk-20\bin\server;C:\Program Files\JetBrains\IntelliJ IDEA Community Edition 2023.1.3\bin

VM Arguments:
jvm_args: -javaagent:C:\Program Files\JetBrains\IntelliJ IDEA Community Edition 2023.1.3\lib\idea_rt.jar=51068:C:\Program Files\JetBrains\IntelliJ IDEA Community Edition 2023.1.3\bin -Dfile.encoding=UTF-8 -Dsun.stdout.encoding=UTF-8 -Dsun.stderr.encoding=UTF-8 
java_command: com.example.ElectroJwt.ElectroJwtApplication
java_class_path (initial): C:\Users\ASUS\Downloads\ElectroJwt\target\classes;C:\Users\ASUS\.m2\repository\org\springframework\boot\spring-boot-starter-data-jpa\3.1.1\spring-boot-starter-data-jpa-3.1.1.jar;C:\Users\ASUS\.m2\repository\org\springframework\boot\spring-boot-starter-aop\3.1.1\spring-boot-starter-aop-3.1.1.jar;C:\Users\ASUS\.m2\repository\org\aspectj\aspectjweaver\1.9.19\aspectjweaver-1.9.19.jar;C:\Users\ASUS\.m2\repository\org\springframework\boot\spring-boot-starter-jdbc\3.1.1\spring-boot-starter-jdbc-3.1.1.jar;C:\Users\ASUS\.m2\repository\com\zaxxer\HikariCP\5.0.1\HikariCP-5.0.1.jar;C:\Users\ASUS\.m2\repository\org\springframework\spring-jdbc\6.0.10\spring-jdbc-6.0.10.jar;C:\Users\ASUS\.m2\repository\org\hibernate\orm\hibernate-core\6.2.5.Final\hibernate-core-6.2.5.Final.jar;C:\Users\ASUS\.m2\repository\jakarta\persistence\jakarta.persistence-api\3.1.0\jakarta.persistence-api-3.1.0.jar;C:\Users\ASUS\.m2\repository\jakarta\transaction\jakarta.transaction-api\2.0.1\jakarta.transaction-api-2.0.1.jar;C:\Users\ASUS\.m2\repository\org\jboss\logging\jboss-logging\3.5.1.Final\jboss-logging-3.5.1.Final.jar;C:\Users\ASUS\.m2\repository\org\hibernate\common\hibernate-commons-annotations\6.0.6.Final\hibernate-commons-annotations-6.0.6.Final.jar;C:\Users\ASUS\.m2\repository\io\smallrye\jandex\3.0.5\jandex-3.0.5.jar;C:\Users\ASUS\.m2\repository\com\fasterxml\classmate\1.5.1\classmate-1.5.1.jar;C:\Users\ASUS\.m2\repository\net\bytebuddy\byte-buddy\1.14.5\byte-buddy-1.14.5.jar;C:\Users\ASUS\.m2\repository\org\glassfish\jaxb\jaxb-runtime\4.0.3\jaxb-runtime-4.0.3.jar;C:\Users\ASUS\.m2\repository\org\glassfish\jaxb\jaxb-core\4.0.3\jaxb-core-4.0.3.jar;C:\Users\ASUS\.m2\repository\org\eclipse\angus\angus-activation\2.0.1\angus-activation-2.0.1.jar;C:\Users\ASUS\.m2\repository\org\glassfish\jaxb\txw2\4.0.3\txw2-4.0.3.jar;C:\Users\ASUS\.m2\repository\com\sun\istack\istack-commons-runtime\4.1.2\istack-commons-runtime-4.1.2.jar;C:\Users\ASUS\.m2\repository\jakarta\inject\jakarta.inject-api\2.0.1\jakarta.inject-api-2.0.1.jar;C:\Users\ASUS\.m2\repository\org\antlr\antlr4-runtime\4.10.1\antlr4-runtime-4.10.1.jar;C:\Users\ASUS\.m2\repository\org\springframework\data\spring-data-jpa\3.1.1\spring-data-jpa-3.1.1.jar;C:\Users\ASUS\.m2\repository\org\springframework\data\spring-data-commons\3.1.1\spring-data-commons-3.1.1.jar;C:\Users\ASUS\.m2\repository\org\springframework\spring-orm\6.0.10\spring-orm-6.0.10.jar;C:\Users\ASUS\.m2\repository\org\springframework\spring-context\6.0.10\spring-context-6.0.10.jar;C:\Users\ASUS\.m2\repository\org\springframework\spring-tx\6.0.10\spring-tx-6.0.10.jar;C:\Users\ASUS\.m2\repository\org\springframework\spring-beans\6.0.10\spring-beans-6.0.10.jar;C:\Users\ASUS\.m2\repository\jakarta\annotation\jakarta.annotation-api\2.1.1\jakarta.annotation-api-2.1.1.jar;C:\Users\ASUS\.m2\repository\org\slf4j\slf4j-api\2.0.7\slf4j-api-2.0.7.jar;C:\Users\ASUS\.m2\repository\org\springframework\spring-aspects\6.0.10\spring-aspects-6.0.10.jar;C:\Users\ASUS\.m2\repository\org\springframework\boot\spring-boot-starter-data-ldap\3.1.1\spring-boot-starter-data-ldap-3.1.1.jar;C:\Users\ASUS\.m2\repository\org\springframework\boot\spring-boot-starter\3.1.1\spring-boot-starter-3.1.1.jar;C:\Users\ASUS\.m2\repository\org\springframework\boot\spring-boot-starter-logging\3.1.1\spring-boot-starter-logging-3.1.1.jar;C:\Users\ASUS\.m2\repository\ch\qos\logback\logback-classic\1.4.8\logback-classic-1.4.8.jar;C:\Users\ASUS\.m2\repository\ch\qos\logback\logback-core\1.4.8\logback-core-1.4.8.jar;C:\Users\ASUS\.m2\repository\org\apache\logging\log4j\log4j-to-slf4j\2.20.0\log4j-to-slf4j-2.20.0.jar;C:\Users\ASUS\.m2\repository\org\apache\logging\log4j\log4j-api\2.20.0\log4j-api-2.20.0.jar;C:\Users\ASUS\.m2\repository\org\slf4j\jul-to-slf4j\2.0.7\jul-to-slf4j-2.0.7.jar;C:\Users\ASUS\.m2\repository\org\yaml\snakeyaml\1.33\snakeyaml-1.33.jar;C:\Users\ASUS\.m2\repository\org\springframework\data\spring-data-ldap\3.1.1\spring-data-ldap-3.1.1.jar;C:\Users\ASUS\.m2\repository\org\springframework\ldap\spring-ldap-core\3.1.0\spring-ldap-core-3.1.0.jar;C:\Users\ASUS\.m2\repository\org\springframework\boot\spring-boot-starter-data-mongodb\3.1.1\spring-boot-starter-data-mongodb-3.1.1.jar;C:\Users\ASUS\.m2\repository\org\mongodb\mongodb-driver-sync\4.9.1\mongodb-driver-sync-4.9.1.jar;C:\Users\ASUS\.m2\repository\org\mongodb\bson\4.9.1\bson-4.9.1.jar;C:\Users\ASUS\.m2\repository\org\mongodb\mongodb-driver-core\4.9.1\mongodb-driver-core-4.9.1.jar;C:\Users\ASUS\.m2\repository\org\mongodb\bson-record-codec\4.9.1\bson-record-codec-4.9.1.jar;C:\Users\ASUS\.m2\repository\org\springframework\data\spring-data-mongodb\4.1.1\spring-data-mongodb-4.1.1.jar;C:\Users\ASUS\.m2\repository\org\springframework\spring-expression\6.0.10\spring-expression-6.0.10.jar;C:\Users\ASUS\.m2\repository\org\springframework\boot\spring-boot-starter-security\3.1.1\spring-boot-starter-security-3.1.1.jar;C:\Users\ASUS\.m2\repository\org\springframework\spring-aop\6.0.10\spring-aop-6.0.10.jar;C:\Users\ASUS\.m2\repository\org\springframework\security\spring-security-config\6.1.1\spring-security-config-6.1.1.jar;C:\Users\ASUS\.m2\repository\org\springframework\security\spring-security-web\6.1.1\spring-security-web-6.1.1.jar;C:\Users\ASUS\.m2\repository\org\springframework\boot\spring-boot-starter-web\3.1.1\spring-boot-starter-web-3.1.1.jar;C:\Users\ASUS\.m2\repository\org\springframework\boot\spring-boot-starter-json\3.1.1\spring-boot-starter-json-3.1.1.jar;C:\Users\ASUS\.m2\repository\com\fasterxml\jackson\datatype\jackson-datatype-jdk8\2.15.2\jackson-datatype-jdk8-2.15.2.jar;C:\Users\ASUS\.m2\repository\com\fasterxml\jackson\datatype\jackson-datatype-jsr310\2.15.2\jackson-datatype-jsr310-2.15.2.jar;C:\Users\ASUS\.m2\repository\com\fasterxml\jackson\module\jackson-module-parameter-names\2.15.2\jackson-module-parameter-names-2.15.2.jar;C:\Users\ASUS\.m2\repository\org\springframework\boot\spring-boot-starter-tomcat\3.1.1\spring-boot-starter-tomcat-3.1.1.jar;C:\Users\ASUS\.m2\repository\org\apache\tomcat\embed\tomcat-embed-core\10.1.10\tomcat-embed-core-10.1.10.jar;C:\Users\ASUS\.m2\repository\org\apache\tomcat\embed\tomcat-embed-el\10.1.10\tomcat-embed-el-10.1.10.jar;C:\Users\ASUS\.m2\repository\org\apache\tomcat\embed\tomcat-embed-websocket\10.1.10\tomcat-embed-websocket-10.1.10.jar;C:\Users\ASUS\.m2\repository\org\springframework\spring-web\6.0.10\spring-web-6.0.10.jar;C:\Users\ASUS\.m2\repository\io\micrometer\micrometer-observation\1.11.1\micrometer-observation-1.11.1.jar;C:\Users\ASUS\.m2\repository\io\micrometer\micrometer-commons\1.11.1\micrometer-commons-1.11.1.jar;C:\Users\ASUS\.m2\repository\org\springframework\spring-webmvc\6.0.10\spring-webmvc-6.0.10.jar;C:\Users\ASUS\.m2\repository\org\springframework\boot\spring-boot-devtools\3.1.1\spring-boot-devtools-3.1.1.jar;C:\Users\ASUS\.m2\repository\org\springframework\boot\spring-boot\3.1.1\spring-boot-3.1.1.jar;C:\Users\ASUS\.m2\repository\org\springframework\boot\spring-boot-autoconfigure\3.1.1\spring-boot-autoconfigure-3.1.1.jar;C:\Users\ASUS\.m2\repository\org\projectlombok\lombok\1.18.28\lombok-1.18.28.jar;C:\Users\ASUS\.m2\repository\io\jsonwebtoken\jjwt-api\0.11.5\jjwt-api-0.11.5.jar;C:\Users\ASUS\.m2\repository\io\jsonwebtoken\jjwt-impl\0.11.5\jjwt-impl-0.11.5.jar;C:\Users\ASUS\.m2\repository\io\jsonwebtoken\jjwt-jackson\0.11.5\jjwt-jackson-0.11.5.jar;C:\Users\ASUS\.m2\repository\com\fasterxml\jackson\core\jackson-databind\2.15.2\jackson-databind-2.15.2.jar;C:\Users\ASUS\.m2\repository\com\fasterxml\jackson\core\jackson-annotations\2.15.2\jackson-annotations-2.15.2.jar;C:\Users\ASUS\.m2\repository\com\fasterxml\jackson\core\jackson-core\2.15.2\jackson-core-2.15.2.jar;C:\Users\ASUS\.m2\repository\jakarta\xml\bind\jakarta.xml.bind-api\4.0.0\jakarta.xml.bind-api-4.0.0.jar;C:\Users\ASUS\.m2\repository\jakarta\activation\jakarta.activation-api\2.1.2\jakarta.activation-api-2.1.2.jar;C:\Users\ASUS\.m2\repository\org\springframework\spring-core\6.0.10\spring-core-6.0.10.jar;C:\Users\ASUS\.m2\repository\org\springframework\spring-jcl\6.0.10\spring-jcl-6.0.10.jar;C:\Users\ASUS\.m2\repository\org\springframework\security\spring-security-core\6.1.1\spring-security-core-6.1.1.jar;C:\Users\ASUS\.m2\repository\org\springframework\security\spring-security-crypto\6.1.1\spring-security-crypto-6.1.1.jar
Launcher Type: SUN_STANDARD

[Global flags]
     intx CICompilerCount                          = 3                                         {product} {ergonomic}
     uint ConcGCThreads                            = 1                                         {product} {ergonomic}
     uint G1ConcRefinementThreads                  = 4                                         {product} {ergonomic}
   size_t G1HeapRegionSize                         = 1048576                                   {product} {ergonomic}
    uintx GCDrainStackTargetSize                   = 64                                        {product} {ergonomic}
   size_t InitialHeapSize                          = 132120576                                 {product} {ergonomic}
   size_t MarkStackSize                            = 4194304                                   {product} {ergonomic}
   size_t MaxHeapSize                              = 2109734912                                {product} {ergonomic}
   size_t MaxNewSize                               = 1265631232                                {product} {ergonomic}
   size_t MinHeapDeltaBytes                        = 1048576                                   {product} {ergonomic}
   size_t MinHeapSize                              = 8388608                                   {product} {ergonomic}
    uintx NonNMethodCodeHeapSize                   = 5832780                                {pd product} {ergonomic}
    uintx NonProfiledCodeHeapSize                  = 122912730                              {pd product} {ergonomic}
    uintx ProfiledCodeHeapSize                     = 122912730                              {pd product} {ergonomic}
    uintx ReservedCodeCacheSize                    = 251658240                              {pd product} {ergonomic}
     bool SegmentedCodeCache                       = true                                      {product} {ergonomic}
   size_t SoftMaxHeapSize                          = 2109734912                             {manageable} {ergonomic}
     bool UseCompressedClassPointers               = true                           {product lp64_product} {ergonomic}
     bool UseCompressedOops                        = true                           {product lp64_product} {ergonomic}
     bool UseG1GC                                  = true                                      {product} {ergonomic}
     bool UseLargePagesIndividualAllocation        = false                                  {pd product} {ergonomic}

Logging:
Log output configuration:
 #0: stdout all=warning uptime,level,tags foldmultilines=false
 #1: stderr all=off uptime,level,tags foldmultilines=false

Environment Variables:
PATH=C:\Program Files\Common Files\Oracle\Java\javapath;C:\Windows\system32;C:\Windows;C:\Windows\System32\Wbem;C:\Windows\System32\WindowsPowerShell\v1.0\;C:\MinGW\bin;C:\Program Files\nodejs\;C:\Program Files\Git\cmd;C:\ProgramData\Microsoft\Windows\Start Menu\Programs\Node.js;C:\Program Files\Java\jdk-20\bin;C:\Program Files\MongoDB\Server\5.0\bin;C:\Users\ASUS\AppData\Local\Programs\Microsoft VS Code\bin;C:\Users\ASUS\AppData\Roaming\npm;C:\Program Files\JetBrains\IntelliJ IDEA 2023.1.3\bin;;C:\Program Files\JetBrains\IntelliJ IDEA Community Edition 2023.1.3\bin;;C:\Users\ASUS\AppData\Local\GitHubDesktop\bin
USERNAME=ASUS
OS=Windows_NT
PROCESSOR_IDENTIFIER=Intel64 Family 6 Model 142 Stepping 12, GenuineIntel
TMP=C:\Users\ASUS\AppData\Local\Temp
TEMP=C:\Users\ASUS\AppData\Local\Temp




---------------  S Y S T E M  ---------------

OS:
 Windows 10 , 64 bit Build 10586 (10.0.10586.0)
OS uptime: 0 days 1:39 hours

CPU: total 4 (initial active 4) (2 cores per cpu, 2 threads per core) family 6 model 142 stepping 12 microcode 0xde, cx8, cmov, fxsr, ht, mmx, 3dnowpref, sse, sse2, sse3, ssse3, sse4.1, sse4.2, popcnt, lzcnt, tsc, tscinvbit, avx, avx2, aes, erms, clmul, bmi1, bmi2, adx, fma, vzeroupper, clflush, clflushopt, rdtscp, f16c

Memory: 4k page, system-wide physical 8045M (3109M free)
TotalPageFile size 9965M (AvailPageFile size 3612M)
current process WorkingSet (physical memory assigned to process): 199M, peak: 202M
current process commit charge ("private bytes"): 231M, peak: 263M

vm_info: Java HotSpot(TM) 64-Bit Server VM (20.0.1+9-29) for windows-amd64 JRE (20.0.1+9-29), built on 2023-03-07T13:56:11Z by "mach5one" with MS VC++ 17.1 (VS2022)

END.
