#
# A fatal error has been detected by the Java Runtime Environment:
#
#  EXCEPTION_ACCESS_VIOLATION (0xc0000005) at pc=0x00007ffe6caccae9, pid=760, tid=2820
#
# JRE version: Java(TM) SE Runtime Environment (20.0.1+9) (build 20.0.1+9-29)
# Java VM: Java HotSpot(TM) 64-Bit Server VM (20.0.1+9-29, mixed mode, sharing, tiered, compressed oops, compressed class ptrs, g1 gc, windows-amd64)
# Problematic frame:
# V  [jvm.dll+0x31cae9]
#
# No core dump will be written. Minidumps are not enabled by default on client versions of Windows
#
# If you would like to submit a bug report, please visit:
#   https://bugreport.java.com/bugreport/crash.jsp
#

---------------  S U M M A R Y ------------

Command Line: -agentlib:jdwp=transport=dt_socket,address=127.0.0.1:49711,suspend=y,server=n -javaagent:C:\Users\ASUS\AppData\Local\JetBrains\IdeaIC2023.1\captureAgent\debugger-agent.jar -Dfile.encoding=UTF-8 -Dsun.stdout.encoding=UTF-8 -Dsun.stderr.encoding=UTF-8 com.example.ElectroJwt.ElectroJwtApplication

Host: Intel(R) Core(TM) i3-10110U CPU @ 2.10GHz, 4 cores, 7G,  Windows 10 , 64 bit Build 10586 (10.0.10586.0)
Time: Wed Jul  5 21:18:26 2023 Afr. centrale Ouest elapsed time: 6.918281 seconds (0d 0h 0m 6s)

---------------  T H R E A D  ---------------

Current thread (0x0000014315eef9d0):  WorkerThread "G1 Conc#0" [stack: 0x0000001420b00000,0x0000001420c00000] [id=2820]

Stack: [0x0000001420b00000,0x0000001420c00000],  sp=0x0000001420bff980,  free space=1022k
Native frames: (J=compiled Java code, j=interpreted, Vv=VM code, C=native code)
V  [jvm.dll+0x31cae9]
V  [jvm.dll+0x31c97f]
V  [jvm.dll+0x31a9fd]
V  [jvm.dll+0x319ef2]
V  [jvm.dll+0x338720]
V  [jvm.dll+0x334cb1]
V  [jvm.dll+0x33693c]
V  [jvm.dll+0x335589]
V  [jvm.dll+0x339256]
V  [jvm.dll+0x8759c7]
V  [jvm.dll+0x7f4b56]
V  [jvm.dll+0x6ba5cb]
C  [ucrtbase.dll+0x6be1d]
C  [KERNEL32.DLL+0x18102]
C  [ntdll.dll+0x5c5b4]


siginfo: EXCEPTION_ACCESS_VIOLATION (0xc0000005), reading address 0x0000000000000060


Registers:
RAX=0x0000000000000000, RBX=0x0000014315ef13d0, RCX=0x0000000000000014, RDX=0x0000000000000000
RSP=0x0000001420bff980, RBP=0x0000000000000000, RSI=0x0000014315edeb30, RDI=0x00000000a3241648
R8 =0x00000000a3241648, R9 =0x000000000000020e, R10=0x0000014315e96050, R11=0x0000000000000003
R12=0x0000000000000000, R13=0xaaaaaaaaaaaaaaab, R14=0x0000000000000001, R15=0x0000001420bffb00
RIP=0x00007ffe6caccae9, EFLAGS=0x0000000000010202


Register to memory mapping:

RIP=0x00007ffe6caccae9 jvm.dll
RAX=0x0 is NULL
RBX=0x0000014315ef13d0 points into unknown readable memory: 0x00007ffe6d12fdf8 | f8 fd 12 6d fe 7f 00 00
RCX=0x0000000000000014 is an unknown value
RDX=0x0 is NULL
RSP=0x0000001420bff980 points into unknown readable memory: 0x0000014315ef13d0 | d0 13 ef 15 43 01 00 00
RBP=0x0 is NULL
RSI=0x0000014315edeb30 points into unknown readable memory: 0x0000014315eeefa0 | a0 ef ee 15 43 01 00 00
RDI=0x00000000a3241648 is an unallocated location in the heap
R8 =0x00000000a3241648 is an unallocated location in the heap
R9 =0x000000000000020e is an unknown value
R10=0x0000014315e96050 points into unknown readable memory: 0x00007ffe6d12e3e8 | e8 e3 12 6d fe 7f 00 00
R11=0x0000000000000003 is an unknown value
R12=0x0 is NULL
R13=0xaaaaaaaaaaaaaaab is an unknown value
R14=0x0000000000000001 is an unknown value
R15=0x0000001420bffb00 points into unknown readable memory: 0x0000014315edeb30 | 30 eb ed 15 43 01 00 00


Top of Stack: (sp=0x0000001420bff980)
0x0000001420bff980:   0000014315ef13d0 0000001420bffb40
0x0000001420bff990:   000000080000edb8 0000001420bffb40
0x0000001420bff9a0:   00000000a3241648 00007ffe6cacc97f
0x0000001420bff9b0:   0000014315ef13d0 0000001420bffb40
0x0000001420bff9c0:   00000000833a1fd0 00007ffe6caca2ad
0x0000001420bff9d0:   0000001420bffb40 00007ffe6caca9fd
0x0000001420bff9e0:   00000000833a1fc4 00007ffe6cac9ef2
0x0000001420bff9f0:   000000080000eb30 0000000000000003
0x0000001420bffa00:   0000000800043bd8 00007ffe6cac9ef2
0x0000001420bffa10:   0000000000000005 00000000833a1fa8
0x0000001420bffa20:   0000014315ef13d0 0000000000000040
0x0000001420bffa30:   0000014315ef13d0 00007ffe6cae8720
0x0000001420bffa40:   00000000833a1fa8 0000014315edeb40
0x0000001420bffa50:   0000001420bffb00 0000014315edeb40
0x0000001420bffa60:   00000000833a1fa8 00007ffe6cae4cb1
0x0000001420bffa70:   00000000001f43f5 0000000000000000
0x0000001420bffa80:   0000000083385ab0 00007ffe6cae63c4
0x0000001420bffa90:   0000000000200000 00007ffe6cae693c
0x0000001420bffaa0:   00000000833a1f88 00000000001f43f5
0x0000001420bffab0:   000000000007270e 0000000000000000
0x0000001420bffac0:   0000014315eefe50 0000000000000001
0x0000001420bffad0:   0000014315ef13d0 00007ffe6cae5589
0x0000001420bffae0:   0000014315ef1468 0000000000000000
0x0000001420bffaf0:   0000001420aff801 0000000000000000
0x0000001420bffb00:   0000014315edeb30 0000014315ef13d0
0x0000001420bffb10:   0000000083300000 0000000000020000
0x0000001420bffb20:   0000000083300000 0000000000020000
0x0000001420bffb30:   0000000000000000 000000000002625a
0x0000001420bffb40:   00007ffe6d12fe18 0000014315f02490
0x0000001420bffb50:   0000001400000003 0000014315e96050
0x0000001420bffb60:   0000014315ef13d0 00007ffe6ce3c473
0x0000001420bffb70:   c215b08487ffef9e 0000000000000000 

Instructions: (pc=0x00007ffe6caccae9)
0x00007ffe6cacc9e9:   8b 83 a8 00 00 00 48 39 83 a0 00 00 00 73 10 48
0x00007ffe6cacc9f9:   8b 83 c0 00 00 00 48 39 83 b8 00 00 00 72 7f 48
0x00007ffe6cacca09:   8b cb e8 10 af 01 00 b0 01 48 8b 5c 24 30 48 83
0x00007ffe6cacca19:   c4 20 5f c3 48 8b 53 30 44 8b 82 80 00 00 00 8b
0x00007ffe6cacca29:   82 00 01 00 00 41 8b c8 2b c8 81 e1 ff ff 01 00
0x00007ffe6cacca39:   81 f9 fe ff 01 00 72 2c 48 8b cb e8 e7 a0 01 00
0x00007ffe6cacca49:   48 8b 53 30 44 8b 82 80 00 00 00 8b 82 00 01 00
0x00007ffe6cacca59:   00 41 8b c8 2b c8 81 e1 ff ff 01 00 81 f9 fe ff
0x00007ffe6cacca69:   01 00 73 1a 48 8b 82 80 01 00 00 4a 89 3c c0 41
0x00007ffe6cacca79:   8d 40 01 25 ff ff 01 00 89 82 80 00 00 00 48 8b
0x00007ffe6cacca89:   5c 24 30 b0 01 48 83 c4 20 5f c3 cc cc cc cc cc
0x00007ffe6cacca99:   cc cc cc cc cc cc cc 48 89 6c 24 10 48 89 74 24
0x00007ffe6caccaa9:   18 57 48 83 ec 20 4c 8b 51 08 48 8b f1 4d 8b c8
0x00007ffe6caccab9:   8b ea 49 8b f8 41 8b 8a 48 02 00 00 49 8b 82 40
0x00007ffe6caccac9:   02 00 00 48 d3 e0 8b 0d ab 46 89 00 4c 2b c8 49
0x00007ffe6caccad9:   8b 82 28 02 00 00 49 d3 e9 45 8b c9 4a 8b 04 c8
0x00007ffe6caccae9:   48 8b 40 60 4c 3b c0 72 12 32 c0 48 8b 6c 24 38
0x00007ffe6caccaf9:   48 8b 74 24 40 48 83 c4 20 5f c3 48 8b 46 10 48
0x00007ffe6caccb09:   8d 4e 10 48 8b d7 48 89 5c 24 30 ff 10 8b 4e 28
0x00007ffe6caccb19:   48 8b d7 48 2b 56 18 48 8b 46 30 48 c1 ea 03 48
0x00007ffe6caccb29:   d3 ea 48 8b ca 48 c1 e9 06 4c 8d 04 c8 0f b6 ca
0x00007ffe6caccb39:   49 8b 00 80 e1 3f ba 01 00 00 00 48 d3 e2 48 8b
0x00007ffe6caccb49:   c8 48 0b ca 48 3b c8 74 12 f0 49 0f b1 08 74 25
0x00007ffe6caccb59:   48 8b c8 48 0b ca 48 3b c8 75 ee 32 db 48 8b 6c
0x00007ffe6caccb69:   24 38 0f b6 c3 48 8b 5c 24 30 48 8b 74 24 40 48
0x00007ffe6caccb79:   83 c4 20 5f c3 80 3d 56 3c 89 00 00 b3 01 74 15
0x00007ffe6caccb89:   8b 57 08 8b 0d 56 64 82 00 48 d3 e2 48 03 15 44
0x00007ffe6caccb99:   64 82 00 eb 04 48 8b 57 08 48 8b cf e8 06 3b e2
0x00007ffe6caccba9:   ff 48 8b 8e b8 02 00 00 4c 8b d8 4c 8b 0c e9 49
0x00007ffe6caccbb9:   8b 51 18 8b 8a 48 02 00 00 4c 8b 82 40 02 00 00
0x00007ffe6caccbc9:   41 8b 51 60 49 d3 e0 8b 0d aa 45 89 00 49 2b f8
0x00007ffe6caccbd9:   48 d3 ef 44 8b d7 49 23 d2 48 c1 e2 04 49 03 51 


Stack slot to memory mapping:
stack at sp + 0 slots: 0x0000014315ef13d0 points into unknown readable memory: 0x00007ffe6d12fdf8 | f8 fd 12 6d fe 7f 00 00
stack at sp + 1 slots: 0x0000001420bffb40 points into unknown readable memory: 0x00007ffe6d12fe18 | 18 fe 12 6d fe 7f 00 00
stack at sp + 2 slots: 0x000000080000edb8 is pointing into metadata
stack at sp + 3 slots: 0x0000001420bffb40 points into unknown readable memory: 0x00007ffe6d12fe18 | 18 fe 12 6d fe 7f 00 00
stack at sp + 4 slots: 0x00000000a3241648 is an unallocated location in the heap
stack at sp + 5 slots: 0x00007ffe6cacc97f jvm.dll
stack at sp + 6 slots: 0x0000014315ef13d0 points into unknown readable memory: 0x00007ffe6d12fdf8 | f8 fd 12 6d fe 7f 00 00
stack at sp + 7 slots: 0x0000001420bffb40 points into unknown readable memory: 0x00007ffe6d12fe18 | 18 fe 12 6d fe 7f 00 00


---------------  P R O C E S S  ---------------

Threads class SMR info:
_java_thread_list=0x000001433e2e9f10, length=25, elements={
0x0000014315e7ee20, 0x0000014333e32490, 0x0000014333e32fd0, 0x0000014333e36ab0,
0x0000014333e3ba20, 0x0000014333e3d370, 0x0000014333e3df10, 0x0000014333e3ea10,
0x0000014333ea3da0, 0x0000014333eae680, 0x0000014338186fa0, 0x0000014338149fb0,
0x000001433814a510, 0x00000143381928c0, 0x00000143381986a0, 0x00000143383c6db0,
0x0000014338881ab0, 0x000001433dc4c480, 0x000001433dc6b900, 0x000001433df09a00,
0x000001433b19a470, 0x000001433a9ca5b0, 0x000001433a9cab00, 0x000001433a9cb050,
0x000001433a9cc590
}

Java Threads: ( => current thread )
  0x0000014315e7ee20 JavaThread "main" [_thread_blocked, id=820, stack(0x0000001420800000,0x0000001420900000)]
  0x0000014333e32490 JavaThread "Reference Handler" daemon [_thread_blocked, id=3408, stack(0x0000001420f00000,0x0000001421000000)]
  0x0000014333e32fd0 JavaThread "Finalizer" daemon [_thread_blocked, id=3404, stack(0x0000001421000000,0x0000001421100000)]
  0x0000014333e36ab0 JavaThread "Signal Dispatcher" daemon [_thread_blocked, id=4108, stack(0x0000001421100000,0x0000001421200000)]
  0x0000014333e3ba20 JavaThread "Attach Listener" daemon [_thread_blocked, id=4508, stack(0x0000001421200000,0x0000001421300000)]
  0x0000014333e3d370 JavaThread "Service Thread" daemon [_thread_blocked, id=3808, stack(0x0000001421300000,0x0000001421400000)]
  0x0000014333e3df10 JavaThread "Monitor Deflation Thread" daemon [_thread_blocked, id=3440, stack(0x0000001421400000,0x0000001421500000)]
  0x0000014333e3ea10 JavaThread "C2 CompilerThread0" daemon [_thread_in_native, id=884, stack(0x0000001421500000,0x0000001421600000)]
  0x0000014333ea3da0 JavaThread "C1 CompilerThread0" daemon [_thread_blocked, id=876, stack(0x0000001421600000,0x0000001421700000)]
  0x0000014333eae680 JavaThread "Common-Cleaner" daemon [_thread_blocked, id=1004, stack(0x0000001421700000,0x0000001421800000)]
  0x0000014338186fa0 JavaThread "JDWP Transport Listener: dt_socket" daemon [_thread_blocked, id=348, stack(0x0000001421800000,0x0000001421900000)]
  0x0000014338149fb0 JavaThread "JDWP Event Helper Thread" daemon [_thread_blocked, id=344, stack(0x0000001421900000,0x0000001421a00000)]
  0x000001433814a510 JavaThread "JDWP Command Reader" daemon [_thread_in_native, id=336, stack(0x0000001421a00000,0x0000001421b00000)]
  0x00000143381928c0 JavaThread "Notification Thread" daemon [_thread_blocked, id=556, stack(0x0000001421b00000,0x0000001421c00000)]
  0x00000143381986a0 JavaThread "C2 CompilerThread1" daemon [_thread_in_native, id=1348, stack(0x0000001421d00000,0x0000001421e00000)]
  0x00000143383c6db0 JavaThread "Thread-0" [_thread_blocked, id=1568, stack(0x0000001422100000,0x0000001422200000)]
  0x0000014338881ab0 JavaThread "restartedMain" [_thread_blocked, id=1572, stack(0x0000001422200000,0x0000001422300000)]
  0x000001433dc4c480 JavaThread "Catalina-utility-1" [_thread_blocked, id=2592, stack(0x0000001422500000,0x0000001422600000)]
  0x000001433dc6b900 JavaThread "Catalina-utility-2" [_thread_blocked, id=2564, stack(0x0000001422600000,0x0000001422700000)]
  0x000001433df09a00 JavaThread "container-0" [_thread_blocked, id=2568, stack(0x0000001422700000,0x0000001422800000)]
  0x000001433b19a470 JavaThread "BufferPoolPruner-1-thread-1" daemon [_thread_blocked, id=2588, stack(0x0000001422800000,0x0000001422900000)]
  0x000001433a9ca5b0 JavaThread "cluster-ClusterId{value='64a5d011bf5ad307cc10e952', description='null'}-localhost:27017" daemon [_thread_in_native, id=2776, stack(0x0000001422900000,0x0000001422a00000)]
  0x000001433a9cab00 JavaThread "cluster-rtt-ClusterId{value='64a5d011bf5ad307cc10e952', description='null'}-localhost:27017" daemon [_thread_blocked, id=2596, stack(0x0000001422a00000,0x0000001422b00000)]
  0x000001433a9cb050 JavaThread "MaintenanceTimer-2-thread-1" daemon [_thread_blocked, id=2824, stack(0x0000001422c00000,0x0000001422d00000)]
  0x000001433a9cc590 JavaThread "Live Reload Server" daemon [_thread_in_native, id=5284, stack(0x0000001422e00000,0x0000001422f00000)]

Other Threads:
  0x0000014333e15500 VMThread "VM Thread" [stack: 0x0000001420e00000,0x0000001420f00000] [id=4112]
  0x0000014338192e10 WatcherThread "VM Periodic Task Thread" [stack: 0x0000001421c00000,0x0000001421d00000] [id=1032]
  0x0000014315ede510 WorkerThread "GC Thread#0" [stack: 0x0000001420900000,0x0000001420a00000] [id=824]
  0x00000143387daff0 WorkerThread "GC Thread#1" [stack: 0x0000001421e00000,0x0000001421f00000] [id=1140]
  0x0000014338735460 WorkerThread "GC Thread#2" [stack: 0x0000001421f00000,0x0000001422000000] [id=1188]
  0x000001433869e710 WorkerThread "GC Thread#3" [stack: 0x0000001422000000,0x0000001422100000] [id=1184]
  0x0000014315eeefa0 ConcurrentGCThread "G1 Main Marker" [stack: 0x0000001420a00000,0x0000001420b00000] [id=4160]
=>0x0000014315eef9d0 WorkerThread "G1 Conc#0" [stack: 0x0000001420b00000,0x0000001420c00000] [id=2820]
  0x0000014333cd10b0 ConcurrentGCThread "G1 Refine#0" [stack: 0x0000001420c00000,0x0000001420d00000] [id=2908]
  0x0000014333cd1b50 ConcurrentGCThread "G1 Service" [stack: 0x0000001420d00000,0x0000001420e00000] [id=3864]

Threads with active compile tasks:
C2 CompilerThread0     6946 4304   !   4       org.springframework.core.annotation.AnnotationsScanner::processClassHierarchy (234 bytes)
C2 CompilerThread1     6946 4309       4       org.springframework.core.annotation.AnnotatedElementUtils::hasAnnotation (38 bytes)

VM state: not at safepoint (normal execution)

VM Mutex/Monitor currently owned by a thread:  ([mutex/lock_event])
[0x0000014315e7d760] Heap_lock - owner thread: 0x0000014338881ab0

Heap address: 0x0000000082400000, size: 2012 MB, Compressed Oops mode: 32-bit

CDS archive(s) mapped at: [0x0000000800000000-0x0000000800c60000-0x0000000800c60000), size 12976128, SharedBaseAddress: 0x0000000800000000, ArchiveRelocationMode: 0.
Compressed class space mapped at: 0x0000000801000000-0x0000000841000000, reserved size: 1073741824
Narrow klass base: 0x0000000800000000, Narrow klass shift: 0, Narrow klass range: 0x100000000

GC Precious Log:
 CardTable entry size: 512
 Card Set container configuration: InlinePtr #cards 5 size 8 Array Of Cards #cards 12 size 40 Howl #buckets 4 coarsen threshold 1843 Howl Bitmap #cards 512 size 80 coarsen threshold 460 Card regions per heap region 1 cards per card region 2048
 CPUs: 4 total, 4 available
 Memory: 8045M
 Large Page Support: Disabled
 NUMA Support: Disabled
 Compressed Oops: Enabled (32-bit)
 Heap Region Size: 1M
 Heap Min Capacity: 8M
 Heap Initial Capacity: 126M
 Heap Max Capacity: 2012M
 Pre-touch: Disabled
 Parallel Workers: 4
 Concurrent Workers: 1
 Concurrent Refinement Workers: 4
 Periodic GC: Disabled

Heap:
 garbage-first heap   total 51200K, used 20517K [0x0000000082400000, 0x0000000100000000)
  region size 1024K, 1 young (1024K), 1 survivors (1024K)
 Metaspace       used 35444K, committed 36032K, reserved 1114112K
  class space    used 4505K, committed 4736K, reserved 1048576K

Heap Regions: E=young(eden), S=young(survivor), O=old, HS=humongous(starts), HC=humongous(continues), CS=collection set, F=free, OA=open archive, CA=closed archive, TAMS=top-at-mark-start, PB=parsable bottom
|   0|0x0000000082400000, 0x0000000082500000, 0x0000000082500000|100%|HS|  |TAMS 0x0000000082500000| PB 0x0000000082400000| Complete 
|   1|0x0000000082500000, 0x0000000082600000, 0x0000000082600000|100%| O|  |TAMS 0x0000000082600000| PB 0x0000000082500000| Untracked 
|   2|0x0000000082600000, 0x0000000082700000, 0x0000000082700000|100%| O|  |TAMS 0x0000000082700000| PB 0x0000000082600000| Untracked 
|   3|0x0000000082700000, 0x0000000082800000, 0x0000000082800000|100%| O|  |TAMS 0x0000000082800000| PB 0x0000000082700000| Untracked 
|   4|0x0000000082800000, 0x0000000082900000, 0x0000000082900000|100%| O|  |TAMS 0x0000000082900000| PB 0x0000000082800000| Untracked 
|   5|0x0000000082900000, 0x0000000082a00000, 0x0000000082a00000|100%| O|  |TAMS 0x0000000082a00000| PB 0x0000000082900000| Untracked 
|   6|0x0000000082a00000, 0x0000000082b00000, 0x0000000082b00000|100%| O|  |TAMS 0x0000000082b00000| PB 0x0000000082a00000| Untracked 
|   7|0x0000000082b00000, 0x0000000082c00000, 0x0000000082c00000|100%| O|  |TAMS 0x0000000082c00000| PB 0x0000000082b00000| Untracked 
|   8|0x0000000082c00000, 0x0000000082d00000, 0x0000000082d00000|100%| O|  |TAMS 0x0000000082d00000| PB 0x0000000082c00000| Untracked 
|   9|0x0000000082d00000, 0x0000000082e00000, 0x0000000082e00000|100%| O|  |TAMS 0x0000000082e00000| PB 0x0000000082d00000| Untracked 
|  10|0x0000000082e00000, 0x0000000082f00000, 0x0000000082f00000|100%| O|  |TAMS 0x0000000082f00000| PB 0x0000000082e00000| Untracked 
|  11|0x0000000082f00000, 0x0000000083000000, 0x0000000083000000|100%| O|  |TAMS 0x0000000083000000| PB 0x0000000082f00000| Untracked 
|  12|0x0000000083000000, 0x0000000083100000, 0x0000000083100000|100%| O|  |TAMS 0x0000000083100000| PB 0x0000000083000000| Untracked 
|  13|0x0000000083100000, 0x0000000083200000, 0x0000000083200000|100%| O|  |TAMS 0x0000000083200000| PB 0x0000000083100000| Untracked 
|  14|0x0000000083200000, 0x0000000083300000, 0x0000000083300000|100%| O|  |TAMS 0x0000000083300000| PB 0x0000000083200000| Untracked 
|  15|0x0000000083300000, 0x0000000083400000, 0x0000000083400000|100%| O|  |TAMS 0x0000000083400000| PB 0x0000000083300000| Untracked 
|  16|0x0000000083400000, 0x0000000083500000, 0x0000000083500000|100%| O|  |TAMS 0x0000000083500000| PB 0x0000000083400000| Untracked 
|  17|0x0000000083500000, 0x0000000083600000, 0x0000000083600000|100%| O|  |TAMS 0x000000008358f600| PB 0x0000000083500000| Untracked 
|  18|0x0000000083600000, 0x0000000083700000, 0x0000000083700000|100%| O|  |TAMS 0x0000000083600000| PB 0x0000000083600000| Untracked 
|  19|0x0000000083700000, 0x0000000083777600, 0x0000000083800000| 46%| O|  |TAMS 0x0000000083700000| PB 0x0000000083700000| Untracked 
|  20|0x0000000083800000, 0x0000000083800000, 0x0000000083900000|  0%| F|  |TAMS 0x0000000083800000| PB 0x0000000083800000| Untracked 
|  21|0x0000000083900000, 0x0000000083900000, 0x0000000083a00000|  0%| F|  |TAMS 0x0000000083900000| PB 0x0000000083900000| Untracked 
|  22|0x0000000083a00000, 0x0000000083a00000, 0x0000000083b00000|  0%| F|  |TAMS 0x0000000083a00000| PB 0x0000000083a00000| Untracked 
|  23|0x0000000083b00000, 0x0000000083b00000, 0x0000000083c00000|  0%| F|  |TAMS 0x0000000083b00000| PB 0x0000000083b00000| Untracked 
|  24|0x0000000083c00000, 0x0000000083c00000, 0x0000000083d00000|  0%| F|  |TAMS 0x0000000083c00000| PB 0x0000000083c00000| Untracked 
|  25|0x0000000083d00000, 0x0000000083d00000, 0x0000000083e00000|  0%| F|  |TAMS 0x0000000083d00000| PB 0x0000000083d00000| Untracked 
|  26|0x0000000083e00000, 0x0000000083e00000, 0x0000000083f00000|  0%| F|  |TAMS 0x0000000083e00000| PB 0x0000000083e00000| Untracked 
|  27|0x0000000083f00000, 0x0000000083f00000, 0x0000000084000000|  0%| F|  |TAMS 0x0000000083f00000| PB 0x0000000083f00000| Untracked 
|  28|0x0000000084000000, 0x0000000084000000, 0x0000000084100000|  0%| F|  |TAMS 0x0000000084000000| PB 0x0000000084000000| Untracked 
|  29|0x0000000084100000, 0x0000000084100000, 0x0000000084200000|  0%| F|  |TAMS 0x0000000084100000| PB 0x0000000084100000| Untracked 
|  30|0x0000000084200000, 0x0000000084200000, 0x0000000084300000|  0%| F|  |TAMS 0x0000000084200000| PB 0x0000000084200000| Untracked 
|  31|0x0000000084300000, 0x0000000084300000, 0x0000000084400000|  0%| F|  |TAMS 0x0000000084300000| PB 0x0000000084300000| Untracked 
|  32|0x0000000084400000, 0x0000000084400000, 0x0000000084500000|  0%| F|  |TAMS 0x0000000084400000| PB 0x0000000084400000| Untracked 
|  33|0x0000000084500000, 0x0000000084500000, 0x0000000084600000|  0%| F|  |TAMS 0x0000000084500000| PB 0x0000000084500000| Untracked 
|  34|0x0000000084600000, 0x0000000084600000, 0x0000000084700000|  0%| F|  |TAMS 0x0000000084600000| PB 0x0000000084600000| Untracked 
|  35|0x0000000084700000, 0x0000000084700000, 0x0000000084800000|  0%| F|  |TAMS 0x0000000084700000| PB 0x0000000084700000| Untracked 
|  36|0x0000000084800000, 0x0000000084800000, 0x0000000084900000|  0%| F|  |TAMS 0x0000000084800000| PB 0x0000000084800000| Untracked 
|  37|0x0000000084900000, 0x0000000084900000, 0x0000000084a00000|  0%| F|  |TAMS 0x0000000084900000| PB 0x0000000084900000| Untracked 
|  38|0x0000000084a00000, 0x0000000084a00000, 0x0000000084b00000|  0%| F|  |TAMS 0x0000000084a00000| PB 0x0000000084a00000| Untracked 
|  39|0x0000000084b00000, 0x0000000084b00000, 0x0000000084c00000|  0%| F|  |TAMS 0x0000000084b00000| PB 0x0000000084b00000| Untracked 
|  40|0x0000000084c00000, 0x0000000084c00000, 0x0000000084d00000|  0%| F|  |TAMS 0x0000000084c00000| PB 0x0000000084c00000| Untracked 
|  41|0x0000000084d00000, 0x0000000084d00000, 0x0000000084e00000|  0%| F|  |TAMS 0x0000000084d00000| PB 0x0000000084d00000| Untracked 
|  56|0x0000000085c00000, 0x0000000085c00000, 0x0000000085d00000|  0%| F|  |TAMS 0x0000000085c00000| PB 0x0000000085c00000| Untracked 
|  57|0x0000000085d00000, 0x0000000085d91f50, 0x0000000085e00000| 57%| S|CS|TAMS 0x0000000085d00000| PB 0x0000000085d00000| Complete 
|  58|0x0000000085e00000, 0x0000000085e00000, 0x0000000085f00000|  0%| F|  |TAMS 0x0000000085e00000| PB 0x0000000085e00000| Untracked 
|  59|0x0000000085f00000, 0x0000000085f00000, 0x0000000086000000|  0%| F|  |TAMS 0x0000000085f00000| PB 0x0000000085f00000| Untracked 
|  60|0x0000000086000000, 0x0000000086000000, 0x0000000086100000|  0%| F|  |TAMS 0x0000000086000000| PB 0x0000000086000000| Untracked 
|  61|0x0000000086100000, 0x0000000086100000, 0x0000000086200000|  0%| F|  |TAMS 0x0000000086100000| PB 0x0000000086100000| Untracked 
|  62|0x0000000086200000, 0x0000000086200000, 0x0000000086300000|  0%| F|  |TAMS 0x0000000086200000| PB 0x0000000086200000| Untracked 
| 125|0x000000008a100000, 0x000000008a100000, 0x000000008a200000|  0%| F|  |TAMS 0x000000008a100000| PB 0x000000008a100000| Untracked 

Card table byte_map: [0x000001432f0d0000,0x000001432f4c0000] _byte_map_base: 0x000001432ecbe000

Marking Bits: (CMBitMap*) 0x0000014315edeb40
 Bits: [0x000001432f8b0000, 0x0000014331820000)

Polling page: 0x0000014315d30000

Metaspace:

Usage:
  Non-class:     30.21 MB used.
      Class:      4.40 MB used.
       Both:     34.61 MB used.

Virtual space:
  Non-class space:       64.00 MB reserved,      30.56 MB ( 48%) committed,  1 nodes.
      Class space:        1.00 GB reserved,       4.63 MB ( <1%) committed,  1 nodes.
             Both:        1.06 GB reserved,      35.19 MB (  3%) committed. 

Chunk freelists:
   Non-Class:  1.17 MB
       Class:  3.28 MB
        Both:  4.45 MB

MaxMetaspaceSize: unlimited
CompressedClassSpaceSize: 1.00 GB
Initial GC threshold: 21.00 MB
Current GC threshold: 35.44 MB
CDS: on
MetaspaceReclaimPolicy: balanced
 - commit_granule_bytes: 65536.
 - commit_granule_words: 8192.
 - virtual_space_node_default_size: 8388608.
 - enlarge_chunks_in_place: 1.
 - new_chunks_are_fully_committed: 0.
 - uncommit_free_chunks: 1.
 - use_allocation_guard: 0.


Internal statistics:

num_allocs_failed_limit: 6.
num_arena_births: 664.
num_arena_deaths: 0.
num_vsnodes_births: 2.
num_vsnodes_deaths: 0.
num_space_committed: 563.
num_space_uncommitted: 0.
num_chunks_returned_to_freelist: 6.
num_chunks_taken_from_freelist: 1941.
num_chunk_merges: 6.
num_chunk_splits: 1294.
num_chunks_enlarged: 960.
num_inconsistent_stats: 0.

CodeHeap 'non-profiled nmethods': size=120000Kb used=2410Kb max_used=2410Kb free=117589Kb
 bounds [0x0000014327190000, 0x0000014327400000, 0x000001432e6c0000]
CodeHeap 'profiled nmethods': size=120000Kb used=9219Kb max_used=9219Kb free=110780Kb
 bounds [0x000001431f6c0000, 0x000001431ffd0000, 0x0000014326bf0000]
CodeHeap 'non-nmethods': size=5760Kb used=1587Kb max_used=1654Kb free=4173Kb
 bounds [0x0000014326bf0000, 0x0000014326e60000, 0x0000014327190000]
 total_blobs=4910 nmethods=4364 adapters=455
 compilation: enabled
              stopped_count=0, restarted_count=0
 full_count=0

Compilation events (20 events):
Event: 6.827 Thread 0x0000014333ea3da0 4381       2       java.util.stream.ReferencePipeline$7::<init> (15 bytes)
Event: 6.827 Thread 0x0000014333ea3da0 nmethod 4381 0x000001431ffbe910 code [0x000001431ffbeaa0, 0x000001431ffbec50]
Event: 6.827 Thread 0x0000014333ea3da0 4383       2       java.util.Collections$2::characteristics (33 bytes)
Event: 6.827 Thread 0x0000014333ea3da0 nmethod 4383 0x000001431ffbed90 code [0x000001431ffbef20, 0x000001431ffbf050]
Event: 6.827 Thread 0x0000014333ea3da0 4382       2       java.util.stream.FindOps$FindOp::evaluateSequential (39 bytes)
Event: 6.827 Thread 0x0000014333ea3da0 nmethod 4382 0x000001431ffbf110 code [0x000001431ffbf2c0, 0x000001431ffbf518]
Event: 6.828 Thread 0x0000014333ea3da0 4385       2       java.util.Optional::of (12 bytes)
Event: 6.828 Thread 0x0000014333ea3da0 nmethod 4385 0x000001431ffbf610 code [0x000001431ffbf7c0, 0x000001431ffbfa28]
Event: 6.828 Thread 0x0000014333ea3da0 4386       2       org.springframework.data.repository.core.support.RepositoryComposition$RepositoryFragments$$Lambda$953/0x00000008014a1740::test (16 bytes)
Event: 6.828 Thread 0x0000014333ea3da0 nmethod 4386 0x000001431ffbfb90 code [0x000001431ffbfd20, 0x000001431ffbfeb8]
Event: 6.828 Thread 0x0000014333ea3da0 4384       2       org.springframework.data.repository.core.support.MethodLookups$$Lambda$859/0x00000008014849f0::test (6 bytes)
Event: 6.828 Thread 0x0000014333ea3da0 nmethod 4384 0x000001431ffbff90 code [0x000001431ffc0120, 0x000001431ffc0250]
Event: 6.828 Thread 0x0000014333ea3da0 4387       2       org.springframework.data.repository.core.support.RepositoryComposition$RepositoryFragments::lambda$findMethod$3 (9 bytes)
Event: 6.828 Thread 0x0000014333ea3da0 nmethod 4387 0x000001431ffc0310 code [0x000001431ffc04a0, 0x000001431ffc05d0]
Event: 6.828 Thread 0x0000014333ea3da0 4388       2       org.springframework.data.repository.core.support.MethodLookup$InvokedMethod::getName (8 bytes)
Event: 6.828 Thread 0x0000014333ea3da0 nmethod 4388 0x000001431ffc0690 code [0x000001431ffc0820, 0x000001431ffc0930]
Event: 6.837 Thread 0x0000014333ea3da0 4389       2       java.util.concurrent.ConcurrentHashMap::<init> (9 bytes)
Event: 6.837 Thread 0x0000014333ea3da0 nmethod 4389 0x000001431ffc0a10 code [0x000001431ffc0bc0, 0x000001431ffc0d00]
Event: 6.845 Thread 0x0000014333ea3da0 4390       1       org.springframework.data.util.ClassTypeInformation::getType (5 bytes)
Event: 6.846 Thread 0x0000014333ea3da0 nmethod 4390 0x00000143273ea690 code [0x00000143273ea800, 0x00000143273ea8c8]

GC Heap History (16 events):
Event: 1.255 GC heap before
{Heap before GC invocations=0 (full 0):
 garbage-first heap   total 129024K, used 13312K [0x0000000082400000, 0x0000000100000000)
  region size 1024K, 13 young (13312K), 0 survivors (0K)
 Metaspace       used 2280K, committed 2368K, reserved 1114112K
  class space    used 205K, committed 256K, reserved 1048576K
}
Event: 1.258 GC heap after
{Heap after GC invocations=1 (full 0):
 garbage-first heap   total 129024K, used 6357K [0x0000000082400000, 0x0000000100000000)
  region size 1024K, 2 young (2048K), 2 survivors (2048K)
 Metaspace       used 2280K, committed 2368K, reserved 1114112K
  class space    used 205K, committed 256K, reserved 1048576K
}
Event: 1.761 GC heap before
{Heap before GC invocations=1 (full 0):
 garbage-first heap   total 129024K, used 19669K [0x0000000082400000, 0x0000000100000000)
  region size 1024K, 15 young (15360K), 2 survivors (2048K)
 Metaspace       used 5065K, committed 5248K, reserved 1114112K
  class space    used 553K, committed 640K, reserved 1048576K
}
Event: 1.764 GC heap after
{Heap after GC invocations=2 (full 0):
 garbage-first heap   total 129024K, used 7079K [0x0000000082400000, 0x0000000100000000)
  region size 1024K, 1 young (1024K), 1 survivors (1024K)
 Metaspace       used 5065K, committed 5248K, reserved 1114112K
  class space    used 553K, committed 640K, reserved 1048576K
}
Event: 2.569 GC heap before
{Heap before GC invocations=2 (full 0):
 garbage-first heap   total 129024K, used 36775K [0x0000000082400000, 0x0000000100000000)
  region size 1024K, 31 young (31744K), 1 survivors (1024K)
 Metaspace       used 11810K, committed 12032K, reserved 1114112K
  class space    used 1375K, committed 1472K, reserved 1048576K
}
Event: 2.573 GC heap after
{Heap after GC invocations=3 (full 0):
 garbage-first heap   total 129024K, used 9427K [0x0000000082400000, 0x0000000100000000)
  region size 1024K, 3 young (3072K), 3 survivors (3072K)
 Metaspace       used 11810K, committed 12032K, reserved 1114112K
  class space    used 1375K, committed 1472K, reserved 1048576K
}
Event: 4.451 GC heap before
{Heap before GC invocations=3 (full 0):
 garbage-first heap   total 129024K, used 68819K [0x0000000082400000, 0x0000000100000000)
  region size 1024K, 63 young (64512K), 3 survivors (3072K)
 Metaspace       used 21283K, committed 21504K, reserved 1114112K
  class space    used 2526K, committed 2624K, reserved 1048576K
}
Event: 4.460 GC heap after
{Heap after GC invocations=4 (full 0):
 garbage-first heap   total 129024K, used 13462K [0x0000000082400000, 0x0000000100000000)
  region size 1024K, 7 young (7168K), 7 survivors (7168K)
 Metaspace       used 21283K, committed 21504K, reserved 1114112K
  class space    used 2526K, committed 2624K, reserved 1048576K
}
Event: 5.208 GC heap before
{Heap before GC invocations=5 (full 0):
 garbage-first heap   total 51200K, used 37014K [0x0000000082400000, 0x0000000100000000)
  region size 1024K, 30 young (30720K), 7 survivors (7168K)
 Metaspace       used 25650K, committed 26112K, reserved 1114112K
  class space    used 3177K, committed 3392K, reserved 1048576K
}
Event: 5.217 GC heap after
{Heap after GC invocations=6 (full 0):
 garbage-first heap   total 51200K, used 16189K [0x0000000082400000, 0x0000000100000000)
  region size 1024K, 3 young (3072K), 3 survivors (3072K)
 Metaspace       used 25650K, committed 26112K, reserved 1114112K
  class space    used 3177K, committed 3392K, reserved 1048576K
}
Event: 6.042 GC heap before
{Heap before GC invocations=6 (full 0):
 garbage-first heap   total 51200K, used 39741K [0x0000000082400000, 0x0000000100000000)
  region size 1024K, 26 young (26624K), 3 survivors (3072K)
 Metaspace       used 29562K, committed 30080K, reserved 1114112K
  class space    used 3631K, committed 3904K, reserved 1048576K
}
Event: 6.051 GC heap after
{Heap after GC invocations=7 (full 0):
 garbage-first heap   total 51200K, used 17875K [0x0000000082400000, 0x0000000100000000)
  region size 1024K, 3 young (3072K), 3 survivors (3072K)
 Metaspace       used 29562K, committed 30080K, reserved 1114112K
  class space    used 3631K, committed 3904K, reserved 1048576K
}
Event: 6.718 GC heap before
{Heap before GC invocations=7 (full 0):
 garbage-first heap   total 51200K, used 41427K [0x0000000082400000, 0x0000000100000000)
  region size 1024K, 26 young (26624K), 3 survivors (3072K)
 Metaspace       used 34583K, committed 35072K, reserved 1114112K
  class space    used 4347K, committed 4544K, reserved 1048576K
}
Event: 6.724 GC heap after
{Heap after GC invocations=8 (full 0):
 garbage-first heap   total 51200K, used 20008K [0x0000000082400000, 0x0000000100000000)
  region size 1024K, 2 young (2048K), 2 survivors (2048K)
 Metaspace       used 34583K, committed 35072K, reserved 1114112K
  class space    used 4347K, committed 4544K, reserved 1048576K
}
Event: 6.866 GC heap before
{Heap before GC invocations=8 (full 0):
 garbage-first heap   total 51200K, used 25128K [0x0000000082400000, 0x0000000100000000)
  region size 1024K, 8 young (8192K), 2 survivors (2048K)
 Metaspace       used 35444K, committed 35968K, reserved 1114112K
  class space    used 4505K, committed 4736K, reserved 1048576K
}
Event: 6.870 GC heap after
{Heap after GC invocations=9 (full 0):
 garbage-first heap   total 51200K, used 20517K [0x0000000082400000, 0x0000000100000000)
  region size 1024K, 1 young (1024K), 1 survivors (1024K)
 Metaspace       used 35444K, committed 35968K, reserved 1114112K
  class space    used 4505K, committed 4736K, reserved 1048576K
}

Dll operation events (12 events):
Event: 0.015 Loaded shared library C:\Program Files\Java\jdk-20\bin\java.dll
Event: 0.016 Loaded shared library C:\Program Files\Java\jdk-20\bin\zip.dll
Event: 0.038 Loaded shared library C:\Program Files\Java\jdk-20\bin\jsvml.dll
Event: 0.613 Loaded shared library C:\Program Files\Java\jdk-20\bin\instrument.dll
Event: 0.701 Loaded shared library C:\Program Files\Java\jdk-20\bin\net.dll
Event: 0.703 Loaded shared library C:\Program Files\Java\jdk-20\bin\nio.dll
Event: 0.737 Loaded shared library C:\Program Files\Java\jdk-20\bin\zip.dll
Event: 1.086 Loaded shared library C:\Program Files\Java\jdk-20\bin\jimage.dll
Event: 1.606 Loaded shared library C:\Program Files\Java\jdk-20\bin\management.dll
Event: 1.609 Loaded shared library C:\Program Files\Java\jdk-20\bin\management_ext.dll
Event: 5.473 Loaded shared library C:\Program Files\Java\jdk-20\bin\sunmscapi.dll
Event: 6.269 Loaded shared library C:\Program Files\Java\jdk-20\bin\extnet.dll

Deoptimization events (20 events):
Event: 6.812 Thread 0x0000014338881ab0 DEOPT PACKING pc=0x000001431fb3d4a4 sp=0x00000014222fb7d0
Event: 6.812 Thread 0x0000014338881ab0 DEOPT UNPACKING pc=0x0000014326c5a4c2 sp=0x00000014222fad90 mode 1
Event: 6.839 Thread 0x0000014338881ab0 DEOPT PACKING pc=0x000001431f7d69c9 sp=0x00000014222f9d20
Event: 6.839 Thread 0x0000014338881ab0 DEOPT UNPACKING pc=0x0000014326c5a4c2 sp=0x00000014222f9178 mode 1
Event: 6.839 Thread 0x0000014338881ab0 DEOPT PACKING pc=0x000001431f7d63c4 sp=0x00000014222f9db0
Event: 6.839 Thread 0x0000014338881ab0 DEOPT UNPACKING pc=0x0000014326c5a4c2 sp=0x00000014222f9258 mode 1
Event: 6.839 Thread 0x0000014338881ab0 DEOPT PACKING pc=0x000001431f89b2f4 sp=0x00000014222fa7b0
Event: 6.839 Thread 0x0000014338881ab0 DEOPT UNPACKING pc=0x0000014326c5a4c2 sp=0x00000014222f9c78 mode 1
Event: 6.839 Thread 0x0000014338881ab0 DEOPT PACKING pc=0x000001431f89adec sp=0x00000014222fa840
Event: 6.839 Thread 0x0000014338881ab0 DEOPT UNPACKING pc=0x0000014326c5a4c2 sp=0x00000014222f9d00 mode 1
Event: 6.839 Thread 0x0000014338881ab0 DEOPT PACKING pc=0x000001431fb2ad2c sp=0x00000014222fa8c0
Event: 6.839 Thread 0x0000014338881ab0 DEOPT UNPACKING pc=0x0000014326c5a4c2 sp=0x00000014222f9f38 mode 1
Event: 6.840 Thread 0x0000014338881ab0 DEOPT PACKING pc=0x000001431f7d69c9 sp=0x00000014222f9ec0
Event: 6.840 Thread 0x0000014338881ab0 DEOPT UNPACKING pc=0x0000014326c5a4c2 sp=0x00000014222f9318 mode 1
Event: 6.840 Thread 0x0000014338881ab0 DEOPT PACKING pc=0x000001431f7d63c4 sp=0x00000014222f9f50
Event: 6.840 Thread 0x0000014338881ab0 DEOPT UNPACKING pc=0x0000014326c5a4c2 sp=0x00000014222f93f8 mode 1
Event: 6.840 Thread 0x0000014338881ab0 DEOPT PACKING pc=0x000001431f89b2f4 sp=0x00000014222fa950
Event: 6.840 Thread 0x0000014338881ab0 DEOPT UNPACKING pc=0x0000014326c5a4c2 sp=0x00000014222f9e18 mode 1
Event: 6.840 Thread 0x0000014338881ab0 DEOPT PACKING pc=0x000001431f89adec sp=0x00000014222fa9e0
Event: 6.840 Thread 0x0000014338881ab0 DEOPT UNPACKING pc=0x0000014326c5a4c2 sp=0x00000014222f9eb8 mode 1

Classes loaded (20 events):
Event: 6.862 Loading class org/springframework/data/mongodb/core/ExecutableFindOperation$DistinctWithQuery
Event: 6.862 Loading class org/springframework/data/mongodb/core/ExecutableFindOperation$DistinctWithQuery done
Event: 6.862 Loading class org/springframework/data/mongodb/core/ExecutableFindOperation$DistinctWithProjection
Event: 6.862 Loading class org/springframework/data/mongodb/core/ExecutableFindOperation$DistinctWithProjection done
Event: 6.863 Loading class org/springframework/data/mongodb/core/ExecutableUpdateOperationSupport
Event: 6.863 Loading class org/springframework/data/mongodb/core/ExecutableUpdateOperationSupport done
Event: 6.863 Loading class org/springframework/data/mongodb/core/ExecutableUpdateOperationSupport$ExecutableUpdateSupport
Event: 6.863 Loading class org/springframework/data/mongodb/core/ExecutableUpdateOperationSupport$ExecutableUpdateSupport done
Event: 6.864 Loading class org/springframework/data/mongodb/core/ExecutableUpdateOperation$TerminatingUpdate
Event: 6.864 Loading class org/springframework/data/mongodb/core/ExecutableUpdateOperation$TerminatingUpdate done
Event: 6.864 Loading class org/springframework/data/mongodb/core/ExecutableUpdateOperation$TerminatingFindAndModify
Event: 6.864 Loading class org/springframework/data/mongodb/core/ExecutableUpdateOperation$TerminatingFindAndModify done
Event: 6.864 Loading class org/springframework/data/mongodb/core/ExecutableUpdateOperation$FindAndModifyWithOptions
Event: 6.864 Loading class org/springframework/data/mongodb/core/ExecutableUpdateOperation$FindAndModifyWithOptions done
Event: 6.864 Loading class org/springframework/data/mongodb/core/ExecutableUpdateOperation$FindAndReplaceWithOptions
Event: 6.864 Loading class org/springframework/data/mongodb/core/ExecutableUpdateOperation$FindAndReplaceWithOptions done
Event: 6.865 Loading class org/springframework/data/mongodb/core/ExecutableUpdateOperation$TerminatingFindAndReplace
Event: 6.865 Loading class org/springframework/data/mongodb/core/ExecutableUpdateOperation$TerminatingFindAndReplace done
Event: 6.865 Loading class org/springframework/data/mongodb/core/ExecutableUpdateOperation$FindAndReplaceWithProjection
Event: 6.865 Loading class org/springframework/data/mongodb/core/ExecutableUpdateOperation$FindAndReplaceWithProjection done

Classes unloaded (0 events):
No events

Classes redefined (0 events):
No events

Internal exceptions (20 events):
Event: 5.352 Thread 0x0000014338881ab0 Exception <a 'java/lang/NoSuchMethodError'{0x0000000085e3a178}: 'int java.lang.invoke.DirectMethodHandle$Holder.invokeVirtual(java.lang.Object, java.lang.Object, java.lang.Object, java.lang.Object)'> (0x0000000085e3a178) 
thrown [s\open\src\hotspot\share\interpreter\linkResolver.cpp, line 773]
Event: 5.353 Thread 0x0000014338881ab0 Exception <a 'java/lang/NoSuchMethodError'{0x0000000085e3dbe0}: 'int java.lang.invoke.DelegatingMethodHandle$Holder.reinvoke_L(java.lang.Object, java.lang.Object, java.lang.Object, java.lang.Object)'> (0x0000000085e3dbe0) 
thrown [s\open\src\hotspot\share\interpreter\linkResolver.cpp, line 773]
Event: 5.583 Thread 0x0000014338881ab0 Exception <a 'sun/nio/fs/WindowsException'{0x0000000084a8fb10}> (0x0000000084a8fb10) 
thrown [s\open\src\hotspot\share\prims\jni.cpp, line 519]
Event: 5.584 Thread 0x0000014338881ab0 Exception <a 'sun/nio/fs/WindowsException'{0x0000000084a90260}> (0x0000000084a90260) 
thrown [s\open\src\hotspot\share\prims\jni.cpp, line 519]
Event: 5.722 Thread 0x0000014338881ab0 Exception <a 'java/io/FileNotFoundException'{0x00000000847cd328}> (0x00000000847cd328) 
thrown [s\open\src\hotspot\share\prims\jni.cpp, line 519]
Event: 5.769 Thread 0x0000014338881ab0 Exception <a 'java/lang/NoSuchMethodError'{0x00000000845259b8}: 'int java.lang.invoke.DirectMethodHandle$Holder.invokeInterface(java.lang.Object, java.lang.Object, java.lang.Object, java.lang.Object)'> (0x00000000845259b8) 
thrown [s\open\src\hotspot\share\interpreter\linkResolver.cpp, line 773]
Event: 5.926 Thread 0x0000014338881ab0 Exception <a 'java/lang/NoSuchMethodError'{0x00000000843f5e18}: 'long java.lang.invoke.DirectMethodHandle$Holder.invokeVirtual(java.lang.Object, java.lang.Object)'> (0x00000000843f5e18) 
thrown [s\open\src\hotspot\share\interpreter\linkResolver.cpp, line 773]
Event: 5.932 Thread 0x0000014338881ab0 Exception <a 'java/io/FileNotFoundException'{0x00000000842259b0}> (0x00000000842259b0) 
thrown [s\open\src\hotspot\share\prims\jni.cpp, line 519]
Event: 5.955 Thread 0x0000014338881ab0 Exception <a 'java/lang/NoSuchMethodError'{0x00000000842ad830}: 'void java.lang.invoke.Invokers$Holder.invokeExact_MT(java.lang.Object, java.lang.Object, java.lang.Object, java.lang.Object)'> (0x00000000842ad830) 
thrown [s\open\src\hotspot\share\interpreter\linkResolver.cpp, line 773]
Event: 6.181 Thread 0x0000014338881ab0 Implicit null exception at 0x00000143271d54e1 to 0x00000143271d59dc
Event: 6.182 Thread 0x0000014338881ab0 Implicit null exception at 0x00000143271d62e1 to 0x00000143271d67b4
Event: 6.215 Thread 0x0000014338881ab0 Exception <a 'java/lang/NoSuchMethodError'{0x0000000085d55090}: 'long java.lang.invoke.DirectMethodHandle$Holder.invokeStatic(java.lang.Object)'> (0x0000000085d55090) 
thrown [s\open\src\hotspot\share\interpreter\linkResolver.cpp, line 773]
Event: 6.479 Thread 0x0000014338881ab0 Exception <a 'java/lang/IncompatibleClassChangeError'{0x000000008493b998}: Found class java.lang.Object, but interface was expected> (0x000000008493b998) 
thrown [s\open\src\hotspot\share\interpreter\linkResolver.cpp, line 840]
Event: 6.486 Thread 0x0000014338881ab0 Exception <a 'java/lang/NoSuchMethodError'{0x0000000084976540}: 'java.lang.Object java.lang.invoke.DirectMethodHandle$Holder.newInvokeSpecial(java.lang.Object, java.lang.Object, java.lang.Object, int, int)'> (0x0000000084976540) 
thrown [s\open\src\hotspot\share\interpreter\linkResolver.cpp, line 773]
Event: 6.518 Thread 0x0000014338881ab0 Exception <a 'java/lang/IncompatibleClassChangeError'{0x00000000848a49f8}: Found class java.lang.Object, but interface was expected> (0x00000000848a49f8) 
thrown [s\open\src\hotspot\share\interpreter\linkResolver.cpp, line 840]
Event: 6.598 Thread 0x0000014338881ab0 Exception <a 'java/lang/IncompatibleClassChangeError'{0x000000008440f230}: Found class java.lang.Object, but interface was expected> (0x000000008440f230) 
thrown [s\open\src\hotspot\share\interpreter\linkResolver.cpp, line 840]
Event: 6.621 Thread 0x0000014338881ab0 Exception <a 'java/lang/NoSuchMethodError'{0x000000008430a7c8}: 'long java.lang.invoke.DirectMethodHandle$Holder.invokeVirtual(java.lang.Object, java.lang.Object, java.lang.Object, java.lang.Object, java.lang.Object, java.lang.Object)'> (0x000000008430a7c8) 
thrown [s\open\src\hotspot\share\interpreter\linkResolver.cpp, line 773]
Event: 6.756 Thread 0x0000014338881ab0 Implicit null exception at 0x00000143272eab40 to 0x00000143272eab67
Event: 6.804 Thread 0x0000014338881ab0 Exception <a 'java/lang/IncompatibleClassChangeError'{0x00000000861ae600}: Found class java.lang.Object, but interface was expected> (0x00000000861ae600) 
thrown [s\open\src\hotspot\share\interpreter\linkResolver.cpp, line 840]
Event: 6.814 Thread 0x0000014338881ab0 Exception <a 'java/lang/NoSuchMethodError'{0x0000000086015358}: 'java.lang.Object java.lang.invoke.DirectMethodHandle$Holder.newInvokeSpecial(java.lang.Object, java.lang.Object, java.lang.Object, java.lang.Object, java.lang.Object, java.lang.Object)'> (0x0000000086015358) 
thrown [s\open\src\hotspot\share\interpreter\linkResolver.cpp, line 773]

VM Operations (20 events):
Event: 5.965 Executing VM operation: ICBufferFull
Event: 5.965 Executing VM operation: ICBufferFull done
Event: 6.042 Executing VM operation: G1CollectForAllocation
Event: 6.051 Executing VM operation: G1CollectForAllocation done
Event: 6.192 Executing VM operation: HandshakeAllThreads
Event: 6.192 Executing VM operation: HandshakeAllThreads done
Event: 6.321 Executing VM operation: HandshakeAllThreads
Event: 6.322 Executing VM operation: HandshakeAllThreads done
Event: 6.333 Executing VM operation: HandshakeAllThreads
Event: 6.337 Executing VM operation: HandshakeAllThreads done
Event: 6.348 Executing VM operation: HandshakeAllThreads
Event: 6.351 Executing VM operation: HandshakeAllThreads done
Event: 6.563 Executing VM operation: HandshakeAllThreads
Event: 6.563 Executing VM operation: HandshakeAllThreads done
Event: 6.704 Executing VM operation: HandshakeAllThreads
Event: 6.704 Executing VM operation: HandshakeAllThreads done
Event: 6.717 Executing VM operation: G1CollectForAllocation
Event: 6.724 Executing VM operation: G1CollectForAllocation done
Event: 6.866 Executing VM operation: CollectForMetadataAllocation
Event: 6.870 Executing VM operation: CollectForMetadataAllocation done

Events (20 events):
Event: 0.175 Thread 0x0000014338149fb0 Thread added: 0x0000014338149fb0
Event: 0.176 Thread 0x000001433814a510 Thread added: 0x000001433814a510
Event: 0.658 Thread 0x00000143381928c0 Thread added: 0x00000143381928c0
Event: 0.927 Thread 0x00000143381986a0 Thread added: 0x00000143381986a0
Event: 1.686 Thread 0x00000143383c6db0 Thread added: 0x00000143383c6db0
Event: 1.689 Thread 0x0000014338881ab0 Thread added: 0x0000014338881ab0
Event: 2.266 Thread 0x0000014338ec7040 Thread added: 0x0000014338ec7040
Event: 2.790 Thread 0x0000014338ec7040 Thread exited: 0x0000014338ec7040
Event: 2.952 Thread 0x00000143395cdbd0 Thread added: 0x00000143395cdbd0
Event: 3.062 Thread 0x00000143395cdbd0 Thread exited: 0x00000143395cdbd0
Event: 5.943 Thread 0x000001433dc4c480 Thread added: 0x000001433dc4c480
Event: 5.946 Thread 0x000001433dc6b900 Thread added: 0x000001433dc6b900
Event: 5.950 Thread 0x000001433df09a00 Thread added: 0x000001433df09a00
Event: 6.141 Thread 0x000001433b19a470 Thread added: 0x000001433b19a470
Event: 6.206 Thread 0x000001433a9ca5b0 Thread added: 0x000001433a9ca5b0
Event: 6.206 Thread 0x000001433a9cab00 Thread added: 0x000001433a9cab00
Event: 6.396 Thread 0x000001433a9cb050 Thread added: 0x000001433a9cb050
Event: 6.789 Thread 0x000001433a9cb5a0 Thread added: 0x000001433a9cb5a0
Event: 6.789 Thread 0x000001433a9cc590 Thread added: 0x000001433a9cc590
Event: 6.789 Thread 0x000001433a9cb5a0 Thread exited: 0x000001433a9cb5a0


Dynamic libraries:
0x00007ff7471d0000 - 0x00007ff7471e0000 	C:\Program Files\Java\jdk-20\bin\java.exe
0x00007ffe88830000 - 0x00007ffe889f1000 	C:\Windows\SYSTEM32\ntdll.dll
0x00007ffe86b90000 - 0x00007ffe86c3d000 	C:\Windows\system32\KERNEL32.DLL
0x00007ffe855f0000 - 0x00007ffe857d8000 	C:\Windows\system32\KERNELBASE.dll
0x00007ffe6eea0000 - 0x00007ffe6eeb9000 	C:\Program Files\Java\jdk-20\bin\jli.dll
0x00007ffe6eec0000 - 0x00007ffe6eedb000 	C:\Program Files\Java\jdk-20\bin\VCRUNTIME140.dll
0x00007ffe83ff0000 - 0x00007ffe840e4000 	C:\Windows\SYSTEM32\ucrtbase.dll
0x00007ffe85d00000 - 0x00007ffe85da7000 	C:\Windows\system32\ADVAPI32.dll
0x00007ffe86830000 - 0x00007ffe868cd000 	C:\Windows\system32\msvcrt.dll
0x00007ffe86c40000 - 0x00007ffe86c9b000 	C:\Windows\system32\sechost.dll
0x00007ffe886a0000 - 0x00007ffe887bc000 	C:\Windows\system32\RPCRT4.dll
0x00007ffe86a30000 - 0x00007ffe86b86000 	C:\Windows\system32\USER32.dll
0x00007ffe85db0000 - 0x00007ffe85f36000 	C:\Windows\system32\GDI32.dll
0x00007ffe77770000 - 0x00007ffe779e4000 	C:\Windows\WinSxS\amd64_microsoft.windows.common-controls_6595b64144ccf1df_6.0.10586.0_none_8c15ae12515e1c22\COMCTL32.dll
0x00007ffe88400000 - 0x00007ffe8867d000 	C:\Windows\system32\combase.dll
0x00007ffe84ee0000 - 0x00007ffe84f4a000 	C:\Windows\system32\bcryptPrimitives.dll
0x00007ffe7ae70000 - 0x00007ffe7ae7a000 	C:\Windows\SYSTEM32\VERSION.dll
0x00007ffe86e60000 - 0x00007ffe86e9b000 	C:\Windows\system32\IMM32.DLL
0x00007ffe7f020000 - 0x00007ffe7f02c000 	C:\Program Files\Java\jdk-20\bin\vcruntime140_1.dll
0x00007ffe6d450000 - 0x00007ffe6d4de000 	C:\Program Files\Java\jdk-20\bin\msvcp140.dll
0x00007ffe6c7b0000 - 0x00007ffe6d447000 	C:\Program Files\Java\jdk-20\bin\server\jvm.dll
0x00007ffe80520000 - 0x00007ffe80529000 	C:\Windows\SYSTEM32\WSOCK32.dll
0x00007ffe83130000 - 0x00007ffe83153000 	C:\Windows\SYSTEM32\WINMM.dll
0x00007ffe86ca0000 - 0x00007ffe86d0b000 	C:\Windows\system32\WS2_32.dll
0x00007ffe83010000 - 0x00007ffe8303c000 	C:\Windows\SYSTEM32\WINMMBASE.dll
0x00007ffe84f50000 - 0x00007ffe84f93000 	C:\Windows\system32\cfgmgr32.dll
0x00007ffe84ec0000 - 0x00007ffe84ecf000 	C:\Windows\system32\kernel.appcore.dll
0x00007ffe77e40000 - 0x00007ffe77e4a000 	C:\Program Files\Java\jdk-20\bin\jimage.dll
0x00007ffe81d10000 - 0x00007ffe81e9c000 	C:\Windows\SYSTEM32\DBGHELP.DLL
0x00007ffe7ecc0000 - 0x00007ffe7ece5000 	C:\Windows\SYSTEM32\dbgcore.DLL
0x00007ffe6b850000 - 0x00007ffe6b88c000 	C:\Program Files\Java\jdk-20\bin\jdwp.dll
0x00007ffe6be80000 - 0x00007ffe6be8e000 	C:\Program Files\Java\jdk-20\bin\instrument.dll
0x00007ffe6ee70000 - 0x00007ffe6ee96000 	C:\Program Files\Java\jdk-20\bin\java.dll
0x00007ffe6c790000 - 0x00007ffe6c7a8000 	C:\Program Files\Java\jdk-20\bin\zip.dll
0x00007ffe6c120000 - 0x00007ffe6c1f7000 	C:\Program Files\Java\jdk-20\bin\jsvml.dll
0x00007ffe86ea0000 - 0x00007ffe883fc000 	C:\Windows\system32\SHELL32.dll
0x00007ffe84fa0000 - 0x00007ffe855e5000 	C:\Windows\system32\windows.storage.dll
0x00007ffe887d0000 - 0x00007ffe88822000 	C:\Windows\system32\shlwapi.dll
0x00007ffe858d0000 - 0x00007ffe85985000 	C:\Windows\system32\shcore.dll
0x00007ffe84e50000 - 0x00007ffe84e9b000 	C:\Windows\system32\powrprof.dll
0x00007ffe84ea0000 - 0x00007ffe84eb4000 	C:\Windows\system32\profapi.dll
0x00007ffe6be70000 - 0x00007ffe6be7c000 	C:\Program Files\Java\jdk-20\bin\dt_socket.dll
0x00007ffe80f50000 - 0x00007ffe80f88000 	C:\Windows\SYSTEM32\IPHLPAPI.DLL
0x00007ffe84720000 - 0x00007ffe8477c000 	C:\Windows\system32\mswsock.dll
0x00007ffe6ee50000 - 0x00007ffe6ee63000 	C:\Program Files\Java\jdk-20\bin\net.dll
0x00007ffe7e790000 - 0x00007ffe7e858000 	C:\Windows\SYSTEM32\WINHTTP.dll
0x00007ffe6e920000 - 0x00007ffe6e936000 	C:\Program Files\Java\jdk-20\bin\nio.dll
0x00007ffe82dc0000 - 0x00007ffe82dca000 	C:\Program Files\Java\jdk-20\bin\management.dll
0x00007ffe82db0000 - 0x00007ffe82dbb000 	C:\Program Files\Java\jdk-20\bin\management_ext.dll
0x00007ffe88690000 - 0x00007ffe88698000 	C:\Windows\system32\PSAPI.DLL
0x00007ffe847d0000 - 0x00007ffe847e7000 	C:\Windows\SYSTEM32\CRYPTSP.dll
0x00007ffe84460000 - 0x00007ffe84494000 	C:\Windows\system32\rsaenh.dll
0x00007ffe84d90000 - 0x00007ffe84db9000 	C:\Windows\SYSTEM32\bcrypt.dll
0x00007ffe845b0000 - 0x00007ffe845cf000 	C:\Windows\SYSTEM32\USERENV.dll
0x00007ffe848f0000 - 0x00007ffe848fb000 	C:\Windows\SYSTEM32\CRYPTBASE.dll
0x00007ffe88680000 - 0x00007ffe88688000 	C:\Windows\system32\NSI.dll
0x00007ffe7fe30000 - 0x00007ffe7fe46000 	C:\Windows\SYSTEM32\dhcpcsvc6.DLL
0x00007ffe7fe60000 - 0x00007ffe7fe7a000 	C:\Windows\SYSTEM32\dhcpcsvc.DLL
0x00007ffe6b840000 - 0x00007ffe6b84e000 	C:\Program Files\Java\jdk-20\bin\sunmscapi.dll
0x00007ffe85a60000 - 0x00007ffe85c27000 	C:\Windows\system32\CRYPT32.dll
0x00007ffe84ed0000 - 0x00007ffe84ee0000 	C:\Windows\system32\MSASN1.dll
0x00007ffe849c0000 - 0x00007ffe849e7000 	C:\Windows\SYSTEM32\ncrypt.dll
0x00007ffe84980000 - 0x00007ffe849ba000 	C:\Windows\SYSTEM32\NTASN1.dll
0x00007ffe837d0000 - 0x00007ffe8387a000 	C:\Windows\SYSTEM32\DNSAPI.dll
0x00007ffe7cf10000 - 0x00007ffe7cf1a000 	C:\Windows\System32\rasadhlp.dll
0x00007ffe7fff0000 - 0x00007ffe80057000 	C:\Windows\System32\fwpuclnt.dll
0x00007ffe70140000 - 0x00007ffe70147000 	C:\Program Files\Java\jdk-20\bin\extnet.dll

dbghelp: loaded successfully - version: 4.0.5 - missing functions: none
symbol engine: initialized successfully - sym options: 0x614 - pdb path: .;C:\Program Files\Java\jdk-20\bin;C:\Windows\SYSTEM32;C:\Windows\WinSxS\amd64_microsoft.windows.common-controls_6595b64144ccf1df_6.0.10586.0_none_8c15ae12515e1c22;C:\Program Files\Java\jdk-20\bin\server

VM Arguments:
jvm_args: -agentlib:jdwp=transport=dt_socket,address=127.0.0.1:49711,suspend=y,server=n -javaagent:C:\Users\ASUS\AppData\Local\JetBrains\IdeaIC2023.1\captureAgent\debugger-agent.jar -Dfile.encoding=UTF-8 -Dsun.stdout.encoding=UTF-8 -Dsun.stderr.encoding=UTF-8 
java_command: com.example.ElectroJwt.ElectroJwtApplication
java_class_path (initial): C:\Users\ASUS\Downloads\ElectroJwt\target\classes;C:\Users\ASUS\.m2\repository\org\springframework\boot\spring-boot-starter-data-jpa\3.1.1\spring-boot-starter-data-jpa-3.1.1.jar;C:\Users\ASUS\.m2\repository\org\springframework\boot\spring-boot-starter-aop\3.1.1\spring-boot-starter-aop-3.1.1.jar;C:\Users\ASUS\.m2\repository\org\aspectj\aspectjweaver\1.9.19\aspectjweaver-1.9.19.jar;C:\Users\ASUS\.m2\repository\org\springframework\boot\spring-boot-starter-jdbc\3.1.1\spring-boot-starter-jdbc-3.1.1.jar;C:\Users\ASUS\.m2\repository\com\zaxxer\HikariCP\5.0.1\HikariCP-5.0.1.jar;C:\Users\ASUS\.m2\repository\org\springframework\spring-jdbc\6.0.10\spring-jdbc-6.0.10.jar;C:\Users\ASUS\.m2\repository\org\hibernate\orm\hibernate-core\6.2.5.Final\hibernate-core-6.2.5.Final.jar;C:\Users\ASUS\.m2\repository\jakarta\persistence\jakarta.persistence-api\3.1.0\jakarta.persistence-api-3.1.0.jar;C:\Users\ASUS\.m2\repository\jakarta\transaction\jakarta.transaction-api\2.0.1\jakarta.transaction-api-2.0.1.jar;C:\Users\ASUS\.m2\repository\org\jboss\logging\jboss-logging\3.5.1.Final\jboss-logging-3.5.1.Final.jar;C:\Users\ASUS\.m2\repository\org\hibernate\common\hibernate-commons-annotations\6.0.6.Final\hibernate-commons-annotations-6.0.6.Final.jar;C:\Users\ASUS\.m2\repository\io\smallrye\jandex\3.0.5\jandex-3.0.5.jar;C:\Users\ASUS\.m2\repository\com\fasterxml\classmate\1.5.1\classmate-1.5.1.jar;C:\Users\ASUS\.m2\repository\net\bytebuddy\byte-buddy\1.14.5\byte-buddy-1.14.5.jar;C:\Users\ASUS\.m2\repository\org\glassfish\jaxb\jaxb-runtime\4.0.3\jaxb-runtime-4.0.3.jar;C:\Users\ASUS\.m2\repository\org\glassfish\jaxb\jaxb-core\4.0.3\jaxb-core-4.0.3.jar;C:\Users\ASUS\.m2\repository\org\eclipse\angus\angus-activation\2.0.1\angus-activation-2.0.1.jar;C:\Users\ASUS\.m2\repository\org\glassfish\jaxb\txw2\4.0.3\txw2-4.0.3.jar;C:\Users\ASUS\.m2\repository\com\sun\istack\istack-commons-runtime\4.1.2\istack-commons-runtime-4.1.2.jar;C:\Users\ASUS\.m2\repository\jakarta\inject\jakarta.inject-api\2.0.1\jakarta.inject-api-2.0.1.jar;C:\Users\ASUS\.m2\repository\org\antlr\antlr4-runtime\4.10.1\antlr4-runtime-4.10.1.jar;C:\Users\ASUS\.m2\repository\org\springframework\data\spring-data-jpa\3.1.1\spring-data-jpa-3.1.1.jar;C:\Users\ASUS\.m2\repository\org\springframework\data\spring-data-commons\3.1.1\spring-data-commons-3.1.1.jar;C:\Users\ASUS\.m2\repository\org\springframework\spring-orm\6.0.10\spring-orm-6.0.10.jar;C:\Users\ASUS\.m2\repository\org\springframework\spring-context\6.0.10\spring-context-6.0.10.jar;C:\Users\ASUS\.m2\repository\org\springframework\spring-tx\6.0.10\spring-tx-6.0.10.jar;C:\Users\ASUS\.m2\repository\org\springframework\spring-beans\6.0.10\spring-beans-6.0.10.jar;C:\Users\ASUS\.m2\repository\jakarta\annotation\jakarta.annotation-api\2.1.1\jakarta.annotation-api-2.1.1.jar;C:\Users\ASUS\.m2\repository\org\slf4j\slf4j-api\2.0.7\slf4j-api-2.0.7.jar;C:\Users\ASUS\.m2\repository\org\springframework\spring-aspects\6.0.10\spring-aspects-6.0.10.jar;C:\Users\ASUS\.m2\repository\org\springframework\boot\spring-boot-starter-data-ldap\3.1.1\spring-boot-starter-data-ldap-3.1.1.jar;C:\Users\ASUS\.m2\repository\org\springframework\boot\spring-boot-starter\3.1.1\spring-boot-starter-3.1.1.jar;C:\Users\ASUS\.m2\repository\org\springframework\boot\spring-boot-starter-logging\3.1.1\spring-boot-starter-logging-3.1.1.jar;C:\Users\ASUS\.m2\repository\ch\qos\logback\logback-classic\1.4.8\logback-classic-1.4.8.jar;C:\Users\ASUS\.m2\repository\ch\qos\logback\logback-core\1.4.8\logback-core-1.4.8.jar;C:\Users\ASUS\.m2\repository\org\apache\logging\log4j\log4j-to-slf4j\2.20.0\log4j-to-slf4j-2.20.0.jar;C:\Users\ASUS\.m2\repository\org\apache\logging\log4j\log4j-api\2.20.0\log4j-api-2.20.0.jar;C:\Users\ASUS\.m2\repository\org\slf4j\jul-to-slf4j\2.0.7\jul-to-slf4j-2.0.7.jar;C:\Users\ASUS\.m2\repository\org\yaml\snakeyaml\1.33\snakeyaml-1.33.jar;C:\Users\ASUS\.m2\repository\org\springframework\data\spring-data-ldap\3.1.1\spring-data-ldap-3.1.1.jar;C:\Users\ASUS\.m2\repository\org\springframework\ldap\spring-ldap-core\3.1.0\spring-ldap-core-3.1.0.jar;C:\Users\ASUS\.m2\repository\org\springframework\boot\spring-boot-starter-data-mongodb\3.1.1\spring-boot-starter-data-mongodb-3.1.1.jar;C:\Users\ASUS\.m2\repository\org\mongodb\mongodb-driver-sync\4.9.1\mongodb-driver-sync-4.9.1.jar;C:\Users\ASUS\.m2\repository\org\mongodb\bson\4.9.1\bson-4.9.1.jar;C:\Users\ASUS\.m2\repository\org\mongodb\mongodb-driver-core\4.9.1\mongodb-driver-core-4.9.1.jar;C:\Users\ASUS\.m2\repository\org\mongodb\bson-record-codec\4.9.1\bson-record-codec-4.9.1.jar;C:\Users\ASUS\.m2\repository\org\springframework\data\spring-data-mongodb\4.1.1\spring-data-mongodb-4.1.1.jar;C:\Users\ASUS\.m2\repository\org\springframework\spring-expression\6.0.10\spring-expression-6.0.10.jar;C:\Users\ASUS\.m2\repository\org\springframework\boot\spring-boot-starter-security\3.1.1\spring-boot-starter-security-3.1.1.jar;C:\Users\ASUS\.m2\repository\org\springframework\spring-aop\6.0.10\spring-aop-6.0.10.jar;C:\Users\ASUS\.m2\repository\org\springframework\security\spring-security-config\6.1.1\spring-security-config-6.1.1.jar;C:\Users\ASUS\.m2\repository\org\springframework\security\spring-security-web\6.1.1\spring-security-web-6.1.1.jar;C:\Users\ASUS\.m2\repository\org\springframework\boot\spring-boot-starter-web\3.1.1\spring-boot-starter-web-3.1.1.jar;C:\Users\ASUS\.m2\repository\org\springframework\boot\spring-boot-starter-json\3.1.1\spring-boot-starter-json-3.1.1.jar;C:\Users\ASUS\.m2\repository\com\fasterxml\jackson\datatype\jackson-datatype-jdk8\2.15.2\jackson-datatype-jdk8-2.15.2.jar;C:\Users\ASUS\.m2\repository\com\fasterxml\jackson\datatype\jackson-datatype-jsr310\2.15.2\jackson-datatype-jsr310-2.15.2.jar;C:\Users\ASUS\.m2\repository\com\fasterxml\jackson\module\jackson-module-parameter-names\2.15.2\jackson-module-parameter-names-2.15.2.jar;C:\Users\ASUS\.m2\repository\org\springframework\boot\spring-boot-starter-tomcat\3.1.1\spring-boot-starter-tomcat-3.1.1.jar;C:\Users\ASUS\.m2\repository\org\apache\tomcat\embed\tomcat-embed-core\10.1.10\tomcat-embed-core-10.1.10.jar;C:\Users\ASUS\.m2\repository\org\apache\tomcat\embed\tomcat-embed-el\10.1.10\tomcat-embed-el-10.1.10.jar;C:\Users\ASUS\.m2\repository\org\apache\tomcat\embed\tomcat-embed-websocket\10.1.10\tomcat-embed-websocket-10.1.10.jar;C:\Users\ASUS\.m2\repository\org\springframework\spring-web\6.0.10\spring-web-6.0.10.jar;C:\Users\ASUS\.m2\repository\io\micrometer\micrometer-observation\1.11.1\micrometer-observation-1.11.1.jar;C:\Users\ASUS\.m2\repository\io\micrometer\micrometer-commons\1.11.1\micrometer-commons-1.11.1.jar;C:\Users\ASUS\.m2\repository\org\springframework\spring-webmvc\6.0.10\spring-webmvc-6.0.10.jar;C:\Users\ASUS\.m2\repository\org\springframework\boot\spring-boot-devtools\3.1.1\spring-boot-devtools-3.1.1.jar;C:\Users\ASUS\.m2\repository\org\springframework\boot\spring-boot\3.1.1\spring-boot-3.1.1.jar;C:\Users\ASUS\.m2\repository\org\springframework\boot\spring-boot-autoconfigure\3.1.1\spring-boot-autoconfigure-3.1.1.jar;C:\Users\ASUS\.m2\repository\org\projectlombok\lombok\1.18.28\lombok-1.18.28.jar;C:\Users\ASUS\.m2\repository\io\jsonwebtoken\jjwt-api\0.11.5\jjwt-api-0.11.5.jar;C:\Users\ASUS\.m2\repository\io\jsonwebtoken\jjwt-impl\0.11.5\jjwt-impl-0.11.5.jar;C:\Users\ASUS\.m2\repository\io\jsonwebtoken\jjwt-jackson\0.11.5\jjwt-jackson-0.11.5.jar;C:\Users\ASUS\.m2\repository\com\fasterxml\jackson\core\jackson-databind\2.15.2\jackson-databind-2.15.2.jar;C:\Users\ASUS\.m2\repository\com\fasterxml\jackson\core\jackson-annotations\2.15.2\jackson-annotations-2.15.2.jar;C:\Users\ASUS\.m2\repository\com\fasterxml\jackson\core\jackson-core\2.15.2\jackson-core-2.15.2.jar;C:\Users\ASUS\.m2\repository\jakarta\xml\bind\jakarta.xml.bind-api\4.0.0\jakarta.xml.bind-api-4.0.0.jar;C:\Users\ASUS\.m2\repository\jakarta\activation\jakarta.activation-api\2.1.2\jakarta.activation-api-2.1.2.jar;C:\Users\ASUS\.m2\repository\org\springframework\spring-core\6.0.10\spring-core-6.0.10.jar;C:\Users\ASUS\.m2\repository\org\springframework\spring-jcl\6.0.10\spring-jcl-6.0.10.jar;C:\Users\ASUS\.m2\repository\org\springframework\security\spring-security-core\6.1.1\spring-security-core-6.1.1.jar;C:\Users\ASUS\.m2\repository\org\springframework\security\spring-security-crypto\6.1.1\spring-security-crypto-6.1.1.jar;C:\Program Files\JetBrains\IntelliJ IDEA Community Edition 2023.1.3\lib\idea_rt.jar
Launcher Type: SUN_STANDARD

[Global flags]
     intx CICompilerCount                          = 3                                         {product} {ergonomic}
     uint ConcGCThreads                            = 1                                         {product} {ergonomic}
     uint G1ConcRefinementThreads                  = 4                                         {product} {ergonomic}
   size_t G1HeapRegionSize                         = 1048576                                   {product} {ergonomic}
    uintx GCDrainStackTargetSize                   = 64                                        {product} {ergonomic}
   size_t InitialHeapSize                          = 132120576                                 {product} {ergonomic}
   size_t MarkStackSize                            = 4194304                                   {product} {ergonomic}
   size_t MaxHeapSize                              = 2109734912                                {product} {ergonomic}
   size_t MaxNewSize                               = 1265631232                                {product} {ergonomic}
   size_t MinHeapDeltaBytes                        = 1048576                                   {product} {ergonomic}
   size_t MinHeapSize                              = 8388608                                   {product} {ergonomic}
    uintx NonNMethodCodeHeapSize                   = 5832780                                {pd product} {ergonomic}
    uintx NonProfiledCodeHeapSize                  = 122912730                              {pd product} {ergonomic}
    uintx ProfiledCodeHeapSize                     = 122912730                              {pd product} {ergonomic}
    uintx ReservedCodeCacheSize                    = 251658240                              {pd product} {ergonomic}
     bool SegmentedCodeCache                       = true                                      {product} {ergonomic}
   size_t SoftMaxHeapSize                          = 2109734912                             {manageable} {ergonomic}
     bool UseCompressedClassPointers               = true                           {product lp64_product} {ergonomic}
     bool UseCompressedOops                        = true                           {product lp64_product} {ergonomic}
     bool UseG1GC                                  = true                                      {product} {ergonomic}
     bool UseLargePagesIndividualAllocation        = false                                  {pd product} {ergonomic}

Logging:
Log output configuration:
 #0: stdout all=warning uptime,level,tags foldmultilines=false
 #1: stderr all=off uptime,level,tags foldmultilines=false

Environment Variables:
PATH=C:\Program Files\Common Files\Oracle\Java\javapath;C:\Windows\system32;C:\Windows;C:\Windows\System32\Wbem;C:\Windows\System32\WindowsPowerShell\v1.0\;C:\MinGW\bin;C:\Program Files\nodejs\;C:\Program Files\Git\cmd;C:\ProgramData\Microsoft\Windows\Start Menu\Programs\Node.js;C:\Program Files\Java\jdk-20\bin;C:\Program Files\MongoDB\Server\5.0\bin;C:\Users\ASUS\AppData\Local\Programs\Microsoft VS Code\bin;C:\Users\ASUS\AppData\Roaming\npm;C:\Program Files\JetBrains\IntelliJ IDEA 2023.1.3\bin;;C:\Program Files\JetBrains\IntelliJ IDEA Community Edition 2023.1.3\bin;;C:\Users\ASUS\AppData\Local\GitHubDesktop\bin
USERNAME=ASUS
OS=Windows_NT
PROCESSOR_IDENTIFIER=Intel64 Family 6 Model 142 Stepping 12, GenuineIntel
TMP=C:\Users\ASUS\AppData\Local\Temp
TEMP=C:\Users\ASUS\AppData\Local\Temp




---------------  S Y S T E M  ---------------

OS:
 Windows 10 , 64 bit Build 10586 (10.0.10586.0)
OS uptime: 0 days 0:02 hours

CPU: total 4 (initial active 4) (2 cores per cpu, 2 threads per core) family 6 model 142 stepping 12 microcode 0xde, cx8, cmov, fxsr, ht, mmx, 3dnowpref, sse, sse2, sse3, ssse3, sse4.1, sse4.2, popcnt, lzcnt, tsc, tscinvbit, avx, avx2, aes, erms, clmul, bmi1, bmi2, adx, fma, vzeroupper, clflush, clflushopt, rdtscp, f16c

Memory: 4k page, system-wide physical 8045M (4708M free)
TotalPageFile size 9965M (AvailPageFile size 6345M)
current process WorkingSet (physical memory assigned to process): 223M, peak: 223M
current process commit charge ("private bytes"): 253M, peak: 282M

vm_info: Java HotSpot(TM) 64-Bit Server VM (20.0.1+9-29) for windows-amd64 JRE (20.0.1+9-29), built on 2023-03-07T13:56:11Z by "mach5one" with MS VC++ 17.1 (VS2022)

END.
