#
# A fatal error has been detected by the Java Runtime Environment:
#
#  EXCEPTION_ACCESS_VIOLATION (0xc0000005) at pc=0x00007fffa3dd9fca, pid=7160, tid=7416
#
# JRE version: Java(TM) SE Runtime Environment (20.0.1+9) (build 20.0.1+9-29)
# Java VM: Java HotSpot(TM) 64-Bit Server VM (20.0.1+9-29, mixed mode, sharing, tiered, compressed oops, compressed class ptrs, g1 gc, windows-amd64)
# Problematic frame:
# V  [jvm.dll+0x89fca]
#
# No core dump will be written. Minidumps are not enabled by default on client versions of Windows
#
# If you would like to submit a bug report, please visit:
#   https://bugreport.java.com/bugreport/crash.jsp
#

---------------  S U M M A R Y ------------

Command Line: -javaagent:C:\Program Files\JetBrains\IntelliJ IDEA Community Edition 2023.1.3\lib\idea_rt.jar=50779:C:\Program Files\JetBrains\IntelliJ IDEA Community Edition 2023.1.3\bin -Dfile.encoding=UTF-8 -Dsun.stdout.encoding=UTF-8 -Dsun.stderr.encoding=UTF-8 com.example.ElectroJwt.ElectroJwtApplication

Host: Intel(R) Core(TM) i3-10110U CPU @ 2.10GHz, 4 cores, 7G,  Windows 10 , 64 bit Build 10586 (10.0.10586.0)
Time: Thu Jul  6 00:17:19 2023 Afr. centrale Ouest elapsed time: 1.917092 seconds (0d 0h 0m 1s)

---------------  T H R E A D  ---------------

Current thread (0x000002c9c76e0130):  JavaThread "C2 CompilerThread0" daemon [_thread_in_native, id=7416, stack(0x000000d485c00000,0x000000d485d00000)]


Current CompileTask:
C2:   1917 2719       4       java.lang.invoke.MethodType::methodType (69 bytes)

Stack: [0x000000d485c00000,0x000000d485d00000],  sp=0x000000d485cfb7f0,  free space=1005k
Native frames: (J=compiled Java code, j=interpreted, Vv=VM code, C=native code)
V  [jvm.dll+0x89fca]
V  [jvm.dll+0x698107]
V  [jvm.dll+0x646317]
V  [jvm.dll+0x6460ce]
V  [jvm.dll+0x64bf87]
V  [jvm.dll+0x64b54d]
V  [jvm.dll+0x64cef5]
V  [jvm.dll+0x64b2b0]
V  [jvm.dll+0x24b0de]
V  [jvm.dll+0x24a651]
V  [jvm.dll+0x1ce491]
V  [jvm.dll+0x259e1b]
V  [jvm.dll+0x2584f0]
V  [jvm.dll+0x3f2895]
V  [jvm.dll+0x7f4b56]
V  [jvm.dll+0x6ba5cb]
C  [ucrtbase.dll+0x6be1d]
C  [KERNEL32.DLL+0x18102]
C  [ntdll.dll+0x5c5b4]


siginfo: EXCEPTION_ACCESS_VIOLATION (0xc0000005), reading address 0x0000000008000010


Registers:
RAX=0x000002c9cce9b860, RBX=0x0000000008000000, RCX=0x0000000008000000, RDX=0x000002c9cce9b790
RSP=0x000000d485cfb7f0, RBP=0x000000d485cfbec0, RSI=0x000002c9cce9b790, RDI=0x000002c9cd712cf0
R8 =0x000002c9cce9b860, R9 =0x000002c9cd1c8b10, R10=0x000000d485cfe290, R11=0x0000000000000000
R12=0x000000d485cfb9e0, R13=0x000000d485cfb9e0, R14=0x000002c9cce9b790, R15=0x000000d485cfbec0
RIP=0x00007fffa3dd9fca, EFLAGS=0x0000000000010206


Register to memory mapping:

RIP=0x00007fffa3dd9fca jvm.dll
RAX=0x000002c9cce9b860 points into unknown readable memory: 0x000002c9cd713258 | 58 32 71 cd c9 02 00 00
RBX=0x0000000008000000 is an unknown value
RCX=0x0000000008000000 is an unknown value
RDX=0x000002c9cce9b790 points into unknown readable memory: 0x00007fffa46509b8 | b8 09 65 a4 ff 7f 00 00
RSP=0x000000d485cfb7f0 is pointing into the stack for thread: 0x000002c9c76e0130
RBP=0x000000d485cfbec0 is pointing into the stack for thread: 0x000002c9c76e0130
RSI=0x000002c9cce9b790 points into unknown readable memory: 0x00007fffa46509b8 | b8 09 65 a4 ff 7f 00 00
RDI=0x000002c9cd712cf0 points into unknown readable memory: 0x00007fffa46a54a8 | a8 54 6a a4 ff 7f 00 00
R8 =0x000002c9cce9b860 points into unknown readable memory: 0x000002c9cd713258 | 58 32 71 cd c9 02 00 00
R9 =0x000002c9cd1c8b10 points into unknown readable memory: 0x000002c90000012c | 2c 01 00 00 c9 02 00 00
R10=0x000000d485cfe290 is pointing into the stack for thread: 0x000002c9c76e0130
R11=0x0 is NULL
R12=0x000000d485cfb9e0 is pointing into the stack for thread: 0x000002c9c76e0130
R13=0x000000d485cfb9e0 is pointing into the stack for thread: 0x000002c9c76e0130
R14=0x000002c9cce9b790 points into unknown readable memory: 0x00007fffa46509b8 | b8 09 65 a4 ff 7f 00 00
R15=0x000000d485cfbec0 is pointing into the stack for thread: 0x000002c9c76e0130


Top of Stack: (sp=0x000000d485cfb7f0)
0x000000d485cfb7f0:   000000d485cfb9e0 0000000000000000
0x000000d485cfb800:   000000d485cfbec0 00007fffa43e7b1e
0x000000d485cfb810:   000002c9cd712cf0 00007fffa43e8107
0x000000d485cfb820:   0000000008000000 0000000000001cf8
0x000000d485cfb830:   000002c9cd1c8b10 00007fffa3dda550
0x000000d485cfb840:   000002c9cd712cf0 00007fffa4396317
0x000000d485cfb850:   000000000000003f 00000000000010cc
0x000000d485cfb860:   000002c9cd1c8b10 00007fffa3dfd5b2
0x000000d485cfb870:   0000000000000007 0000000000000001
0x000000d485cfb880:   0000000000000048 00007fffbc6eaadf
0x000000d485cfb890:   000002c9cd712cf0 0000000000000433
0x000000d485cfb8a0:   000002c9cbb6c050 000000d485cfb9e0
0x000000d485cfb8b0:   000002c9cd1c8b10 00000000000010cc
0x000000d485cfb8c0:   000000d485cfbec0 00007fffa43960ce
0x000000d485cfb8d0:   000002c9cce9b790 000002c9cd1c8b10
0x000000d485cfb8e0:   000002c900000433 0000000000000108
0x000000d485cfb8f0:   000002c9cce9b790 000000d400000001
0x000000d485cfb900:   000002c9cd712cf0 000000d485cfbec0
0x000000d485cfb910:   0000000000000000 000002c9cd1c8b10
0x000000d485cfb920:   000000d485cfc848 00007fffa439bf87
0x000000d485cfb930:   000002c9cbb6c050 000002c9cd1c8b10
0x000000d485cfb940:   000000d485cfbec0 0000000000000001
0x000000d485cfb950:   000000d485cfb9e8 00007fffa3e12cfc
0x000000d485cfb960:   00000000000027d8 000002c9cbb6e4d8
0x000000d485cfb970:   000002c9cbb6e838 00007fffa3dc2e95
0x000000d485cfb980:   0000000000000000 0000000000000001
0x000000d485cfb990:   0000000000000000 000002c9cd712cf0
0x000000d485cfb9a0:   000000d485cfbec0 0000000000000007
0x000000d485cfb9b0:   000002c9cc09c748 0000000000000000
0x000000d485cfb9c0:   0000000000000005 00007fffa439b54d
0x000000d485cfb9d0:   000000000000fffe 00007fff00000118
0x000000d485cfb9e0:   0000000000000001 0000000000000001 

Instructions: (pc=0x00007fffa3dd9fca)
0x00007fffa3dd9eca:   00 e8 f0 32 f8 ff 48 8b d8 48 85 c0 0f 84 94 00
0x00007fffa3dd9eda:   00 00 48 8b d5 48 8b c8 e8 09 e0 60 00 48 8d 05
0x00007fffa3dd9eea:   ea 1b 84 00 c7 43 38 02 00 00 00 48 89 03 c6 43
0x00007fffa3dd9efa:   3c 00 c7 43 2c 08 00 00 00 8b 4d 2c 83 e1 0f 80
0x00007fffa3dd9f0a:   f9 09 75 04 83 4b 30 40 4c 89 23 0f 28 05 84 68
0x00007fffa3dd9f1a:   ab 00 0f 11 43 40 0f 28 0d 89 68 ab 00 0f 11 4b
0x00007fffa3dd9f2a:   50 0f 28 05 8e 68 ab 00 0f 11 43 60 0f 28 0d 93
0x00007fffa3dd9f3a:   68 ab 00 0f 11 4b 70 0f 28 05 98 68 ab 00 0f 11
0x00007fffa3dd9f4a:   83 80 00 00 00 0f 28 0d 9a 68 ab 00 0f 11 8b 90
0x00007fffa3dd9f5a:   00 00 00 c7 83 a0 00 00 00 0f 00 00 00 c7 43 2c
0x00007fffa3dd9f6a:   08 02 00 00 eb 02 33 db 8b 77 18 8d 46 01 89 47
0x00007fffa3dd9f7a:   18 3b 77 08 72 0a 8b d6 48 8b cf e8 96 f8 60 00
0x00007fffa3dd9f8a:   48 8b 47 10 48 8b 7c 24 58 48 89 1c f0 48 8b c5
0x00007fffa3dd9f9a:   48 8b 6c 24 48 48 8b 5c 24 40 48 8b 74 24 50 48
0x00007fffa3dd9faa:   83 c4 20 41 5f 41 5e 41 5c c3 cc cc cc cc cc cc
0x00007fffa3dd9fba:   cc cc cc cc cc cc 48 89 5c 24 08 57 48 83 ec 20
0x00007fffa3dd9fca:   48 83 79 10 00 48 8b fa 48 8b d9 74 1b 8b 51 20
0x00007fffa3dd9fda:   3b 51 24 75 05 e8 bc 08 61 00 8b 4b 20 48 8b 43
0x00007fffa3dd9fea:   10 48 89 3c c8 ff 43 20 48 8b 5c 24 30 48 83 c4
0x00007fffa3dd9ffa:   20 5f c3 cc cc cc 48 89 5c 24 08 57 48 83 ec 20
0x00007fffa3dda00a:   48 8b 01 48 8b d9 ff 90 c0 00 00 00 8d 50 01 48
0x00007fffa3dda01a:   8b 43 08 48 8b 0c d0 48 8b 01 ff 50 28 48 8b 13
0x00007fffa3dda02a:   48 8b cb 48 8b f8 ff 92 c0 00 00 00 83 c0 02 39
0x00007fffa3dda03a:   43 18 77 0e 48 8b c7 48 8b 5c 24 30 48 83 c4 20
0x00007fffa3dda04a:   5f c3 48 8b 03 48 8b cb ff 90 c0 00 00 00 8d 48
0x00007fffa3dda05a:   02 48 8b 43 08 48 8b 0c c8 48 8b 01 ff 50 28 45
0x00007fffa3dda06a:   33 c0 48 8b cf 48 8b d0 48 8b 5c 24 30 48 83 c4
0x00007fffa3dda07a:   20 5f e9 1f f1 77 00 cc cc cc cc cc cc cc cc cc
0x00007fffa3dda08a:   cc cc cc cc cc cc 48 8b 41 60 c3 cc cc cc cc cc
0x00007fffa3dda09a:   cc cc cc cc cc cc 48 8b 41 70 c3 cc cc cc cc cc
0x00007fffa3dda0aa:   cc cc cc cc cc cc 8b 81 a0 00 00 00 c3 cc cc cc
0x00007fffa3dda0ba:   cc cc cc cc cc cc 48 89 5c 24 08 48 89 74 24 10 


Stack slot to memory mapping:
stack at sp + 0 slots: 0x000000d485cfb9e0 is pointing into the stack for thread: 0x000002c9c76e0130
stack at sp + 1 slots: 0x0 is NULL
stack at sp + 2 slots: 0x000000d485cfbec0 is pointing into the stack for thread: 0x000002c9c76e0130
stack at sp + 3 slots: 0x00007fffa43e7b1e jvm.dll
stack at sp + 4 slots: 0x000002c9cd712cf0 points into unknown readable memory: 0x00007fffa46a54a8 | a8 54 6a a4 ff 7f 00 00
stack at sp + 5 slots: 0x00007fffa43e8107 jvm.dll
stack at sp + 6 slots: 0x0000000008000000 is an unknown value
stack at sp + 7 slots: 0x0000000000001cf8 is an unknown value


---------------  P R O C E S S  ---------------

Threads class SMR info:
_java_thread_list=0x000002c9ccd1d720, length=15, elements={
0x000002c9a96e4d30, 0x000002c9c76d64e0, 0x000002c9c76d72e0, 0x000002c9c76d8470,
0x000002c9c76da120, 0x000002c9c76dcb70, 0x000002c9c76dd4b0, 0x000002c9c76e0130,
0x000002c9c770e570, 0x000002c9cb9efba0, 0x000002c9cbbdd950, 0x000002c9cbd0e3e0,
0x000002c9cbd0e930, 0x000002c9cc632f30, 0x000002c9cc251be0
}

Java Threads: ( => current thread )
  0x000002c9a96e4d30 JavaThread "main" [_thread_blocked, id=1744, stack(0x000000d484f00000,0x000000d485000000)]
  0x000002c9c76d64e0 JavaThread "Reference Handler" daemon [_thread_blocked, id=8612, stack(0x000000d485600000,0x000000d485700000)]
  0x000002c9c76d72e0 JavaThread "Finalizer" daemon [_thread_blocked, id=2200, stack(0x000000d485700000,0x000000d485800000)]
  0x000002c9c76d8470 JavaThread "Signal Dispatcher" daemon [_thread_blocked, id=4276, stack(0x000000d485800000,0x000000d485900000)]
  0x000002c9c76da120 JavaThread "Attach Listener" daemon [_thread_blocked, id=7968, stack(0x000000d485900000,0x000000d485a00000)]
  0x000002c9c76dcb70 JavaThread "Service Thread" daemon [_thread_blocked, id=8136, stack(0x000000d485a00000,0x000000d485b00000)]
  0x000002c9c76dd4b0 JavaThread "Monitor Deflation Thread" daemon [_thread_blocked, id=3240, stack(0x000000d485b00000,0x000000d485c00000)]
=>0x000002c9c76e0130 JavaThread "C2 CompilerThread0" daemon [_thread_in_native, id=7416, stack(0x000000d485c00000,0x000000d485d00000)]
  0x000002c9c770e570 JavaThread "C1 CompilerThread0" daemon [_thread_blocked, id=9080, stack(0x000000d485d00000,0x000000d485e00000)]
  0x000002c9cb9efba0 JavaThread "Common-Cleaner" daemon [_thread_blocked, id=7712, stack(0x000000d485e00000,0x000000d485f00000)]
  0x000002c9cbbdd950 JavaThread "C2 CompilerThread1" daemon [_thread_in_native, id=5984, stack(0x000000d485f00000,0x000000d486000000)]
  0x000002c9cbd0e3e0 JavaThread "Monitor Ctrl-Break" daemon [_thread_in_native, id=7596, stack(0x000000d486000000,0x000000d486100000)]
  0x000002c9cbd0e930 JavaThread "Notification Thread" daemon [_thread_blocked, id=2188, stack(0x000000d486100000,0x000000d486200000)]
  0x000002c9cc632f30 JavaThread "Thread-0" [_thread_blocked, id=7988, stack(0x000000d486600000,0x000000d486700000)]
  0x000002c9cc251be0 JavaThread "restartedMain" [_thread_in_vm, id=3956, stack(0x000000d486700000,0x000000d486800000)]

Other Threads:
  0x000002c9c76be010 VMThread "VM Thread" [stack: 0x000000d485500000,0x000000d485600000] [id=8708]
  0x000002c9cbb3e710 WatcherThread "VM Periodic Task Thread" [stack: 0x000000d486200000,0x000000d486300000] [id=2248]
  0x000002c9a9742720 WorkerThread "GC Thread#0" [stack: 0x000000d485000000,0x000000d485100000] [id=9124]
  0x000002c9cc1bab60 WorkerThread "GC Thread#1" [stack: 0x000000d486300000,0x000000d486400000] [id=2332]
  0x000002c9cc1aa820 WorkerThread "GC Thread#2" [stack: 0x000000d486400000,0x000000d486500000] [id=6072]
  0x000002c9cc1aaaf0 WorkerThread "GC Thread#3" [stack: 0x000000d486500000,0x000000d486600000] [id=5232]
  0x000002c9a958b650 ConcurrentGCThread "G1 Main Marker" [stack: 0x000000d485100000,0x000000d485200000] [id=7084]
  0x000002c9a958ca50 WorkerThread "G1 Conc#0" [stack: 0x000000d485200000,0x000000d485300000] [id=7320]
  0x000002c9a97ae1a0 ConcurrentGCThread "G1 Refine#0" [stack: 0x000000d485300000,0x000000d485400000] [id=7144]
  0x000002c9a97aec40 ConcurrentGCThread "G1 Service" [stack: 0x000000d485400000,0x000000d485500000] [id=8328]

Threads with active compile tasks:
C2 CompilerThread0     1935 2719       4       java.lang.invoke.MethodType::methodType (69 bytes)
C2 CompilerThread1     1935 2718       4       java.lang.invoke.MethodType::makeImpl (109 bytes)

VM state: not at safepoint (normal execution)

VM Mutex/Monitor currently owned by a thread:  ([mutex/lock_event])
[0x000002c9a96e0670] Module_lock - owner thread: 0x0000000000000000

Heap address: 0x0000000082400000, size: 2012 MB, Compressed Oops mode: 32-bit

CDS archive(s) mapped at: [0x0000000800000000-0x0000000800c60000-0x0000000800c60000), size 12976128, SharedBaseAddress: 0x0000000800000000, ArchiveRelocationMode: 0.
Compressed class space mapped at: 0x0000000801000000-0x0000000841000000, reserved size: 1073741824
Narrow klass base: 0x0000000800000000, Narrow klass shift: 0, Narrow klass range: 0x100000000

GC Precious Log:
 CardTable entry size: 512
 Card Set container configuration: InlinePtr #cards 5 size 8 Array Of Cards #cards 12 size 40 Howl #buckets 4 coarsen threshold 1843 Howl Bitmap #cards 512 size 80 coarsen threshold 460 Card regions per heap region 1 cards per card region 2048
 CPUs: 4 total, 4 available
 Memory: 8045M
 Large Page Support: Disabled
 NUMA Support: Disabled
 Compressed Oops: Enabled (32-bit)
 Heap Region Size: 1M
 Heap Min Capacity: 8M
 Heap Initial Capacity: 126M
 Heap Max Capacity: 2012M
 Pre-touch: Disabled
 Parallel Workers: 4
 Concurrent Workers: 1
 Concurrent Refinement Workers: 4
 Periodic GC: Disabled

Heap:
 garbage-first heap   total 129024K, used 42910K [0x0000000082400000, 0x0000000100000000)
  region size 1024K, 37 young (37888K), 4 survivors (4096K)
 Metaspace       used 19446K, committed 19648K, reserved 1114112K
  class space    used 2298K, committed 2368K, reserved 1048576K

Heap Regions: E=young(eden), S=young(survivor), O=old, HS=humongous(starts), HC=humongous(continues), CS=collection set, F=free, OA=open archive, CA=closed archive, TAMS=top-at-mark-start, PB=parsable bottom
|   0|0x0000000082400000, 0x0000000082500000, 0x0000000082500000|100%|HS|  |TAMS 0x0000000082400000| PB 0x0000000082400000| Complete 
|   1|0x0000000082500000, 0x0000000082600000, 0x0000000082600000|100%| O|  |TAMS 0x0000000082500000| PB 0x0000000082500000| Untracked 
|   2|0x0000000082600000, 0x0000000082700000, 0x0000000082700000|100%| O|  |TAMS 0x0000000082600000| PB 0x0000000082600000| Untracked 
|   3|0x0000000082700000, 0x0000000082800000, 0x0000000082800000|100%| O|  |TAMS 0x0000000082700000| PB 0x0000000082700000| Untracked 
|   4|0x0000000082800000, 0x0000000082900000, 0x0000000082900000|100%| O|  |TAMS 0x0000000082800000| PB 0x0000000082800000| Untracked 
|   5|0x0000000082900000, 0x0000000082a00000, 0x0000000082a00000|100%| O|  |TAMS 0x0000000082900000| PB 0x0000000082900000| Untracked 
|   6|0x0000000082a00000, 0x0000000082a6c400, 0x0000000082b00000| 42%| O|  |TAMS 0x0000000082a00000| PB 0x0000000082a00000| Untracked 
|   7|0x0000000082b00000, 0x0000000082b00000, 0x0000000082c00000|  0%| F|  |TAMS 0x0000000082b00000| PB 0x0000000082b00000| Untracked 
|   8|0x0000000082c00000, 0x0000000082c00000, 0x0000000082d00000|  0%| F|  |TAMS 0x0000000082c00000| PB 0x0000000082c00000| Untracked 
|   9|0x0000000082d00000, 0x0000000082d00000, 0x0000000082e00000|  0%| F|  |TAMS 0x0000000082d00000| PB 0x0000000082d00000| Untracked 
|  10|0x0000000082e00000, 0x0000000082e00000, 0x0000000082f00000|  0%| F|  |TAMS 0x0000000082e00000| PB 0x0000000082e00000| Untracked 
|  11|0x0000000082f00000, 0x0000000082f00000, 0x0000000083000000|  0%| F|  |TAMS 0x0000000082f00000| PB 0x0000000082f00000| Untracked 
|  12|0x0000000083000000, 0x0000000083000000, 0x0000000083100000|  0%| F|  |TAMS 0x0000000083000000| PB 0x0000000083000000| Untracked 
|  13|0x0000000083100000, 0x0000000083100000, 0x0000000083200000|  0%| F|  |TAMS 0x0000000083100000| PB 0x0000000083100000| Untracked 
|  14|0x0000000083200000, 0x0000000083200000, 0x0000000083300000|  0%| F|  |TAMS 0x0000000083200000| PB 0x0000000083200000| Untracked 
|  15|0x0000000083300000, 0x0000000083300000, 0x0000000083400000|  0%| F|  |TAMS 0x0000000083300000| PB 0x0000000083300000| Untracked 
|  16|0x0000000083400000, 0x0000000083400000, 0x0000000083500000|  0%| F|  |TAMS 0x0000000083400000| PB 0x0000000083400000| Untracked 
|  17|0x0000000083500000, 0x0000000083500000, 0x0000000083600000|  0%| F|  |TAMS 0x0000000083500000| PB 0x0000000083500000| Untracked 
|  18|0x0000000083600000, 0x0000000083600000, 0x0000000083700000|  0%| F|  |TAMS 0x0000000083600000| PB 0x0000000083600000| Untracked 
|  19|0x0000000083700000, 0x0000000083700000, 0x0000000083800000|  0%| F|  |TAMS 0x0000000083700000| PB 0x0000000083700000| Untracked 
|  20|0x0000000083800000, 0x0000000083800000, 0x0000000083900000|  0%| F|  |TAMS 0x0000000083800000| PB 0x0000000083800000| Untracked 
|  21|0x0000000083900000, 0x0000000083900000, 0x0000000083a00000|  0%| F|  |TAMS 0x0000000083900000| PB 0x0000000083900000| Untracked 
|  22|0x0000000083a00000, 0x0000000083a00000, 0x0000000083b00000|  0%| F|  |TAMS 0x0000000083a00000| PB 0x0000000083a00000| Untracked 
|  23|0x0000000083b00000, 0x0000000083b00000, 0x0000000083c00000|  0%| F|  |TAMS 0x0000000083b00000| PB 0x0000000083b00000| Untracked 
|  24|0x0000000083c00000, 0x0000000083c00000, 0x0000000083d00000|  0%| F|  |TAMS 0x0000000083c00000| PB 0x0000000083c00000| Untracked 
|  25|0x0000000083d00000, 0x0000000083d00000, 0x0000000083e00000|  0%| F|  |TAMS 0x0000000083d00000| PB 0x0000000083d00000| Untracked 
|  26|0x0000000083e00000, 0x0000000083e00000, 0x0000000083f00000|  0%| F|  |TAMS 0x0000000083e00000| PB 0x0000000083e00000| Untracked 
|  27|0x0000000083f00000, 0x0000000083f00000, 0x0000000084000000|  0%| F|  |TAMS 0x0000000083f00000| PB 0x0000000083f00000| Untracked 
|  28|0x0000000084000000, 0x0000000084000000, 0x0000000084100000|  0%| F|  |TAMS 0x0000000084000000| PB 0x0000000084000000| Untracked 
|  29|0x0000000084100000, 0x0000000084100000, 0x0000000084200000|  0%| F|  |TAMS 0x0000000084100000| PB 0x0000000084100000| Untracked 
|  30|0x0000000084200000, 0x0000000084200000, 0x0000000084300000|  0%| F|  |TAMS 0x0000000084200000| PB 0x0000000084200000| Untracked 
|  31|0x0000000084300000, 0x0000000084300000, 0x0000000084400000|  0%| F|  |TAMS 0x0000000084300000| PB 0x0000000084300000| Untracked 
|  32|0x0000000084400000, 0x0000000084400000, 0x0000000084500000|  0%| F|  |TAMS 0x0000000084400000| PB 0x0000000084400000| Untracked 
|  33|0x0000000084500000, 0x0000000084500000, 0x0000000084600000|  0%| F|  |TAMS 0x0000000084500000| PB 0x0000000084500000| Untracked 
|  34|0x0000000084600000, 0x0000000084600000, 0x0000000084700000|  0%| F|  |TAMS 0x0000000084600000| PB 0x0000000084600000| Untracked 
|  35|0x0000000084700000, 0x0000000084700000, 0x0000000084800000|  0%| F|  |TAMS 0x0000000084700000| PB 0x0000000084700000| Untracked 
|  36|0x0000000084800000, 0x0000000084800000, 0x0000000084900000|  0%| F|  |TAMS 0x0000000084800000| PB 0x0000000084800000| Untracked 
|  37|0x0000000084900000, 0x0000000084900000, 0x0000000084a00000|  0%| F|  |TAMS 0x0000000084900000| PB 0x0000000084900000| Untracked 
|  38|0x0000000084a00000, 0x0000000084a00000, 0x0000000084b00000|  0%| F|  |TAMS 0x0000000084a00000| PB 0x0000000084a00000| Untracked 
|  39|0x0000000084b00000, 0x0000000084b00000, 0x0000000084c00000|  0%| F|  |TAMS 0x0000000084b00000| PB 0x0000000084b00000| Untracked 
|  40|0x0000000084c00000, 0x0000000084c00000, 0x0000000084d00000|  0%| F|  |TAMS 0x0000000084c00000| PB 0x0000000084c00000| Untracked 
|  41|0x0000000084d00000, 0x0000000084d00000, 0x0000000084e00000|  0%| F|  |TAMS 0x0000000084d00000| PB 0x0000000084d00000| Untracked 
|  42|0x0000000084e00000, 0x0000000084e00000, 0x0000000084f00000|  0%| F|  |TAMS 0x0000000084e00000| PB 0x0000000084e00000| Untracked 
|  43|0x0000000084f00000, 0x0000000084f00000, 0x0000000085000000|  0%| F|  |TAMS 0x0000000084f00000| PB 0x0000000084f00000| Untracked 
|  44|0x0000000085000000, 0x0000000085000000, 0x0000000085100000|  0%| F|  |TAMS 0x0000000085000000| PB 0x0000000085000000| Untracked 
|  45|0x0000000085100000, 0x0000000085100000, 0x0000000085200000|  0%| F|  |TAMS 0x0000000085100000| PB 0x0000000085100000| Untracked 
|  46|0x0000000085200000, 0x0000000085200000, 0x0000000085300000|  0%| F|  |TAMS 0x0000000085200000| PB 0x0000000085200000| Untracked 
|  47|0x0000000085300000, 0x0000000085300000, 0x0000000085400000|  0%| F|  |TAMS 0x0000000085300000| PB 0x0000000085300000| Untracked 
|  48|0x0000000085400000, 0x0000000085400000, 0x0000000085500000|  0%| F|  |TAMS 0x0000000085400000| PB 0x0000000085400000| Untracked 
|  49|0x0000000085500000, 0x0000000085500000, 0x0000000085600000|  0%| F|  |TAMS 0x0000000085500000| PB 0x0000000085500000| Untracked 
|  50|0x0000000085600000, 0x0000000085600000, 0x0000000085700000|  0%| F|  |TAMS 0x0000000085600000| PB 0x0000000085600000| Untracked 
|  51|0x0000000085700000, 0x0000000085700000, 0x0000000085800000|  0%| F|  |TAMS 0x0000000085700000| PB 0x0000000085700000| Untracked 
|  52|0x0000000085800000, 0x0000000085800000, 0x0000000085900000|  0%| F|  |TAMS 0x0000000085800000| PB 0x0000000085800000| Untracked 
|  53|0x0000000085900000, 0x0000000085900000, 0x0000000085a00000|  0%| F|  |TAMS 0x0000000085900000| PB 0x0000000085900000| Untracked 
|  54|0x0000000085a00000, 0x0000000085a00000, 0x0000000085b00000|  0%| F|  |TAMS 0x0000000085a00000| PB 0x0000000085a00000| Untracked 
|  55|0x0000000085b00000, 0x0000000085b00000, 0x0000000085c00000|  0%| F|  |TAMS 0x0000000085b00000| PB 0x0000000085b00000| Untracked 
|  56|0x0000000085c00000, 0x0000000085c00000, 0x0000000085d00000|  0%| F|  |TAMS 0x0000000085c00000| PB 0x0000000085c00000| Untracked 
|  57|0x0000000085d00000, 0x0000000085d00000, 0x0000000085e00000|  0%| F|  |TAMS 0x0000000085d00000| PB 0x0000000085d00000| Untracked 
|  58|0x0000000085e00000, 0x0000000085e00000, 0x0000000085f00000|  0%| F|  |TAMS 0x0000000085e00000| PB 0x0000000085e00000| Untracked 
|  59|0x0000000085f00000, 0x0000000085f00000, 0x0000000086000000|  0%| F|  |TAMS 0x0000000085f00000| PB 0x0000000085f00000| Untracked 
|  60|0x0000000086000000, 0x0000000086000000, 0x0000000086100000|  0%| F|  |TAMS 0x0000000086000000| PB 0x0000000086000000| Untracked 
|  61|0x0000000086100000, 0x0000000086100000, 0x0000000086200000|  0%| F|  |TAMS 0x0000000086100000| PB 0x0000000086100000| Untracked 
|  62|0x0000000086200000, 0x0000000086200000, 0x0000000086300000|  0%| F|  |TAMS 0x0000000086200000| PB 0x0000000086200000| Untracked 
|  63|0x0000000086300000, 0x0000000086300000, 0x0000000086400000|  0%| F|  |TAMS 0x0000000086300000| PB 0x0000000086300000| Untracked 
|  64|0x0000000086400000, 0x0000000086400000, 0x0000000086500000|  0%| F|  |TAMS 0x0000000086400000| PB 0x0000000086400000| Untracked 
|  65|0x0000000086500000, 0x0000000086500000, 0x0000000086600000|  0%| F|  |TAMS 0x0000000086500000| PB 0x0000000086500000| Untracked 
|  66|0x0000000086600000, 0x0000000086600000, 0x0000000086700000|  0%| F|  |TAMS 0x0000000086600000| PB 0x0000000086600000| Untracked 
|  67|0x0000000086700000, 0x0000000086700000, 0x0000000086800000|  0%| F|  |TAMS 0x0000000086700000| PB 0x0000000086700000| Untracked 
|  68|0x0000000086800000, 0x0000000086800000, 0x0000000086900000|  0%| F|  |TAMS 0x0000000086800000| PB 0x0000000086800000| Untracked 
|  69|0x0000000086900000, 0x0000000086900000, 0x0000000086a00000|  0%| F|  |TAMS 0x0000000086900000| PB 0x0000000086900000| Untracked 
|  70|0x0000000086a00000, 0x0000000086a00000, 0x0000000086b00000|  0%| F|  |TAMS 0x0000000086a00000| PB 0x0000000086a00000| Untracked 
|  71|0x0000000086b00000, 0x0000000086b00000, 0x0000000086c00000|  0%| F|  |TAMS 0x0000000086b00000| PB 0x0000000086b00000| Untracked 
|  72|0x0000000086c00000, 0x0000000086c00000, 0x0000000086d00000|  0%| F|  |TAMS 0x0000000086c00000| PB 0x0000000086c00000| Untracked 
|  73|0x0000000086d00000, 0x0000000086d00000, 0x0000000086e00000|  0%| F|  |TAMS 0x0000000086d00000| PB 0x0000000086d00000| Untracked 
|  74|0x0000000086e00000, 0x0000000086e00000, 0x0000000086f00000|  0%| F|  |TAMS 0x0000000086e00000| PB 0x0000000086e00000| Untracked 
|  75|0x0000000086f00000, 0x0000000086f00000, 0x0000000087000000|  0%| F|  |TAMS 0x0000000086f00000| PB 0x0000000086f00000| Untracked 
|  76|0x0000000087000000, 0x0000000087000000, 0x0000000087100000|  0%| F|  |TAMS 0x0000000087000000| PB 0x0000000087000000| Untracked 
|  77|0x0000000087100000, 0x0000000087100000, 0x0000000087200000|  0%| F|  |TAMS 0x0000000087100000| PB 0x0000000087100000| Untracked 
|  78|0x0000000087200000, 0x0000000087200000, 0x0000000087300000|  0%| F|  |TAMS 0x0000000087200000| PB 0x0000000087200000| Untracked 
|  79|0x0000000087300000, 0x0000000087300000, 0x0000000087400000|  0%| F|  |TAMS 0x0000000087300000| PB 0x0000000087300000| Untracked 
|  80|0x0000000087400000, 0x0000000087400000, 0x0000000087500000|  0%| F|  |TAMS 0x0000000087400000| PB 0x0000000087400000| Untracked 
|  81|0x0000000087500000, 0x0000000087500000, 0x0000000087600000|  0%| F|  |TAMS 0x0000000087500000| PB 0x0000000087500000| Untracked 
|  82|0x0000000087600000, 0x0000000087600000, 0x0000000087700000|  0%| F|  |TAMS 0x0000000087600000| PB 0x0000000087600000| Untracked 
|  83|0x0000000087700000, 0x0000000087700000, 0x0000000087800000|  0%| F|  |TAMS 0x0000000087700000| PB 0x0000000087700000| Untracked 
|  84|0x0000000087800000, 0x0000000087800000, 0x0000000087900000|  0%| F|  |TAMS 0x0000000087800000| PB 0x0000000087800000| Untracked 
|  85|0x0000000087900000, 0x0000000087900000, 0x0000000087a00000|  0%| F|  |TAMS 0x0000000087900000| PB 0x0000000087900000| Untracked 
|  86|0x0000000087a00000, 0x0000000087a00000, 0x0000000087b00000|  0%| F|  |TAMS 0x0000000087a00000| PB 0x0000000087a00000| Untracked 
|  87|0x0000000087b00000, 0x0000000087b00000, 0x0000000087c00000|  0%| F|  |TAMS 0x0000000087b00000| PB 0x0000000087b00000| Untracked 
|  88|0x0000000087c00000, 0x0000000087c39650, 0x0000000087d00000| 22%| E|  |TAMS 0x0000000087c00000| PB 0x0000000087c00000| Complete 
|  89|0x0000000087d00000, 0x0000000087e00000, 0x0000000087e00000|100%| E|CS|TAMS 0x0000000087d00000| PB 0x0000000087d00000| Complete 
|  90|0x0000000087e00000, 0x0000000087f00000, 0x0000000087f00000|100%| E|CS|TAMS 0x0000000087e00000| PB 0x0000000087e00000| Complete 
|  91|0x0000000087f00000, 0x0000000088000000, 0x0000000088000000|100%| E|CS|TAMS 0x0000000087f00000| PB 0x0000000087f00000| Complete 
|  92|0x0000000088000000, 0x0000000088100000, 0x0000000088100000|100%| E|CS|TAMS 0x0000000088000000| PB 0x0000000088000000| Complete 
|  93|0x0000000088100000, 0x000000008817b720, 0x0000000088200000| 48%| S|CS|TAMS 0x0000000088100000| PB 0x0000000088100000| Complete 
|  94|0x0000000088200000, 0x0000000088300000, 0x0000000088300000|100%| S|CS|TAMS 0x0000000088200000| PB 0x0000000088200000| Complete 
|  95|0x0000000088300000, 0x0000000088400000, 0x0000000088400000|100%| S|CS|TAMS 0x0000000088300000| PB 0x0000000088300000| Complete 
|  96|0x0000000088400000, 0x0000000088500000, 0x0000000088500000|100%| S|CS|TAMS 0x0000000088400000| PB 0x0000000088400000| Complete 
|  97|0x0000000088500000, 0x0000000088600000, 0x0000000088600000|100%| E|CS|TAMS 0x0000000088500000| PB 0x0000000088500000| Complete 
|  98|0x0000000088600000, 0x0000000088700000, 0x0000000088700000|100%| E|CS|TAMS 0x0000000088600000| PB 0x0000000088600000| Complete 
|  99|0x0000000088700000, 0x0000000088800000, 0x0000000088800000|100%| E|CS|TAMS 0x0000000088700000| PB 0x0000000088700000| Complete 
| 100|0x0000000088800000, 0x0000000088900000, 0x0000000088900000|100%| E|CS|TAMS 0x0000000088800000| PB 0x0000000088800000| Complete 
| 101|0x0000000088900000, 0x0000000088a00000, 0x0000000088a00000|100%| E|CS|TAMS 0x0000000088900000| PB 0x0000000088900000| Complete 
| 102|0x0000000088a00000, 0x0000000088b00000, 0x0000000088b00000|100%| E|CS|TAMS 0x0000000088a00000| PB 0x0000000088a00000| Complete 
| 103|0x0000000088b00000, 0x0000000088c00000, 0x0000000088c00000|100%| E|CS|TAMS 0x0000000088b00000| PB 0x0000000088b00000| Complete 
| 104|0x0000000088c00000, 0x0000000088d00000, 0x0000000088d00000|100%| E|CS|TAMS 0x0000000088c00000| PB 0x0000000088c00000| Complete 
| 105|0x0000000088d00000, 0x0000000088e00000, 0x0000000088e00000|100%| E|CS|TAMS 0x0000000088d00000| PB 0x0000000088d00000| Complete 
| 106|0x0000000088e00000, 0x0000000088f00000, 0x0000000088f00000|100%| E|CS|TAMS 0x0000000088e00000| PB 0x0000000088e00000| Complete 
| 107|0x0000000088f00000, 0x0000000089000000, 0x0000000089000000|100%| E|CS|TAMS 0x0000000088f00000| PB 0x0000000088f00000| Complete 
| 108|0x0000000089000000, 0x0000000089100000, 0x0000000089100000|100%| E|CS|TAMS 0x0000000089000000| PB 0x0000000089000000| Complete 
| 109|0x0000000089100000, 0x0000000089200000, 0x0000000089200000|100%| E|CS|TAMS 0x0000000089100000| PB 0x0000000089100000| Complete 
| 110|0x0000000089200000, 0x0000000089300000, 0x0000000089300000|100%| E|CS|TAMS 0x0000000089200000| PB 0x0000000089200000| Complete 
| 111|0x0000000089300000, 0x0000000089400000, 0x0000000089400000|100%| E|CS|TAMS 0x0000000089300000| PB 0x0000000089300000| Complete 
| 112|0x0000000089400000, 0x0000000089500000, 0x0000000089500000|100%| E|CS|TAMS 0x0000000089400000| PB 0x0000000089400000| Complete 
| 113|0x0000000089500000, 0x0000000089600000, 0x0000000089600000|100%| E|CS|TAMS 0x0000000089500000| PB 0x0000000089500000| Complete 
| 114|0x0000000089600000, 0x0000000089700000, 0x0000000089700000|100%| E|CS|TAMS 0x0000000089600000| PB 0x0000000089600000| Complete 
| 115|0x0000000089700000, 0x0000000089800000, 0x0000000089800000|100%| E|CS|TAMS 0x0000000089700000| PB 0x0000000089700000| Complete 
| 116|0x0000000089800000, 0x0000000089900000, 0x0000000089900000|100%| E|CS|TAMS 0x0000000089800000| PB 0x0000000089800000| Complete 
| 117|0x0000000089900000, 0x0000000089a00000, 0x0000000089a00000|100%| E|CS|TAMS 0x0000000089900000| PB 0x0000000089900000| Complete 
| 118|0x0000000089a00000, 0x0000000089b00000, 0x0000000089b00000|100%| E|CS|TAMS 0x0000000089a00000| PB 0x0000000089a00000| Complete 
| 119|0x0000000089b00000, 0x0000000089c00000, 0x0000000089c00000|100%| E|CS|TAMS 0x0000000089b00000| PB 0x0000000089b00000| Complete 
| 120|0x0000000089c00000, 0x0000000089d00000, 0x0000000089d00000|100%| E|CS|TAMS 0x0000000089c00000| PB 0x0000000089c00000| Complete 
| 121|0x0000000089d00000, 0x0000000089e00000, 0x0000000089e00000|100%| E|CS|TAMS 0x0000000089d00000| PB 0x0000000089d00000| Complete 
| 122|0x0000000089e00000, 0x0000000089f00000, 0x0000000089f00000|100%| E|CS|TAMS 0x0000000089e00000| PB 0x0000000089e00000| Complete 
| 123|0x0000000089f00000, 0x000000008a000000, 0x000000008a000000|100%| E|CS|TAMS 0x0000000089f00000| PB 0x0000000089f00000| Complete 
| 124|0x000000008a000000, 0x000000008a100000, 0x000000008a100000|100%| E|CS|TAMS 0x000000008a000000| PB 0x000000008a000000| Complete 
| 125|0x000000008a100000, 0x000000008a200000, 0x000000008a200000|100%| E|CS|TAMS 0x000000008a100000| PB 0x000000008a100000| Complete 

Card table byte_map: [0x000002c9c2920000,0x000002c9c2d10000] _byte_map_base: 0x000002c9c250e000

Marking Bits: (CMBitMap*) 0x000002c9a958afe0
 Bits: [0x000002c9c3100000, 0x000002c9c5070000)

Polling page: 0x000002c9a97b0000

Metaspace:

Usage:
  Non-class:     16.77 MB used.
      Class:      2.25 MB used.
       Both:     19.02 MB used.

Virtual space:
  Non-class space:       64.00 MB reserved,      16.94 MB ( 26%) committed,  1 nodes.
      Class space:        1.00 GB reserved,       2.38 MB ( <1%) committed,  1 nodes.
             Both:        1.06 GB reserved,      19.31 MB (  2%) committed. 

Chunk freelists:
   Non-Class:  2.78 MB
       Class:  1.61 MB
        Both:  4.39 MB

MaxMetaspaceSize: unlimited
CompressedClassSpaceSize: 1.00 GB
Initial GC threshold: 21.00 MB
Current GC threshold: 21.00 MB
CDS: on
MetaspaceReclaimPolicy: balanced
 - commit_granule_bytes: 65536.
 - commit_granule_words: 8192.
 - virtual_space_node_default_size: 8388608.
 - enlarge_chunks_in_place: 1.
 - new_chunks_are_fully_committed: 0.
 - uncommit_free_chunks: 1.
 - use_allocation_guard: 0.


Internal statistics:

num_allocs_failed_limit: 0.
num_arena_births: 256.
num_arena_deaths: 0.
num_vsnodes_births: 2.
num_vsnodes_deaths: 0.
num_space_committed: 309.
num_space_uncommitted: 0.
num_chunks_returned_to_freelist: 0.
num_chunks_taken_from_freelist: 897.
num_chunk_merges: 0.
num_chunk_splits: 618.
num_chunks_enlarged: 482.
num_inconsistent_stats: 0.

CodeHeap 'non-profiled nmethods': size=120000Kb used=1041Kb max_used=1041Kb free=118958Kb
 bounds [0x000002c9ba9e0000, 0x000002c9bac50000, 0x000002c9c1f10000]
CodeHeap 'profiled nmethods': size=120000Kb used=5737Kb max_used=5737Kb free=114262Kb
 bounds [0x000002c9b2f10000, 0x000002c9b34b0000, 0x000002c9ba440000]
CodeHeap 'non-nmethods': size=5760Kb used=1470Kb max_used=1529Kb free=4289Kb
 bounds [0x000002c9ba440000, 0x000002c9ba6b0000, 0x000002c9ba9e0000]
 total_blobs=3334 nmethods=2835 adapters=409
 compilation: enabled
              stopped_count=0, restarted_count=0
 full_count=0

Compilation events (20 events):
Event: 1.904 Thread 0x000002c9c770e570 nmethod 2808 0x000002c9b349fe90 code [0x000002c9b34a0060, 0x000002c9b34a0518]
Event: 1.904 Thread 0x000002c9c770e570 2811       1       org.springframework.beans.BeanMetadataAttributeAccessor::setSource (6 bytes)
Event: 1.904 Thread 0x000002c9c770e570 nmethod 2811 0x000002c9baae2990 code [0x000002c9baae2b20, 0x000002c9baae2c38]
Event: 1.905 Thread 0x000002c9c770e570 2813       3       org.springframework.core.ResolvableType$1::getGenerics (4 bytes)
Event: 1.905 Thread 0x000002c9c770e570 nmethod 2813 0x000002c9b34a0710 code [0x000002c9b34a08a0, 0x000002c9b34a09b8]
Event: 1.907 Thread 0x000002c9c770e570 2815       3       org.springframework.boot.autoconfigure.condition.ConditionMessage::<init> (6 bytes)
Event: 1.907 Thread 0x000002c9c770e570 nmethod 2815 0x000002c9b34a0a90 code [0x000002c9b34a0c20, 0x000002c9b34a0e18]
Event: 1.907 Thread 0x000002c9c770e570 2816       3       org.springframework.boot.autoconfigure.condition.ConditionMessage::<init> (10 bytes)
Event: 1.907 Thread 0x000002c9c770e570 nmethod 2816 0x000002c9b34a0f10 code [0x000002c9b34a10a0, 0x000002c9b34a1258]
Event: 1.908 Thread 0x000002c9c770e570 2817       3       java.util.LinkedHashMap::valuesToArray (38 bytes)
Event: 1.908 Thread 0x000002c9c770e570 nmethod 2817 0x000002c9b34a1310 code [0x000002c9b34a14c0, 0x000002c9b34a1838]
Event: 1.908 Thread 0x000002c9c770e570 2818       3       org.springframework.core.annotation.AttributeMethods::assertAnnotation (22 bytes)
Event: 1.909 Thread 0x000002c9c770e570 nmethod 2818 0x000002c9b34a1990 code [0x000002c9b34a1b80, 0x000002c9b34a2110]
Event: 1.909 Thread 0x000002c9c770e570 2819       3       java.lang.Boolean::hashCode (14 bytes)
Event: 1.909 Thread 0x000002c9c770e570 nmethod 2819 0x000002c9b34a2390 code [0x000002c9b34a2520, 0x000002c9b34a2688]
Event: 1.912 Thread 0x000002c9c770e570 2820       3       org.springframework.beans.factory.support.AbstractBeanFactory::isTypeMatch (8 bytes)
Event: 1.912 Thread 0x000002c9c770e570 nmethod 2820 0x000002c9b34a2710 code [0x000002c9b34a28a0, 0x000002c9b34a2a60]
Event: 1.913 Thread 0x000002c9c770e570 2822       3       org.springframework.core.annotation.TypeMappedAnnotations$MergedAnnotationFinder::doWithAnnotations (75 bytes)
Event: 1.913 Thread 0x000002c9c770e570 nmethod 2822 0x000002c9b34a2b10 code [0x000002c9b34a2ce0, 0x000002c9b34a30e0]
Event: 1.913 Thread 0x000002c9c770e570 2823       3       org.springframework.core.type.AnnotatedTypeMetadata::getAllAnnotationAttributes (59 bytes)

GC Heap History (6 events):
Event: 0.452 GC heap before
{Heap before GC invocations=0 (full 0):
 garbage-first heap   total 129024K, used 13312K [0x0000000082400000, 0x0000000100000000)
  region size 1024K, 13 young (13312K), 0 survivors (0K)
 Metaspace       used 3290K, committed 3456K, reserved 1114112K
  class space    used 336K, committed 448K, reserved 1048576K
}
Event: 0.455 GC heap after
{Heap after GC invocations=1 (full 0):
 garbage-first heap   total 129024K, used 6793K [0x0000000082400000, 0x0000000100000000)
  region size 1024K, 2 young (2048K), 2 survivors (2048K)
 Metaspace       used 3290K, committed 3456K, reserved 1114112K
  class space    used 336K, committed 448K, reserved 1048576K
}
Event: 0.762 GC heap before
{Heap before GC invocations=1 (full 0):
 garbage-first heap   total 129024K, used 19081K [0x0000000082400000, 0x0000000100000000)
  region size 1024K, 15 young (15360K), 2 survivors (2048K)
 Metaspace       used 6747K, committed 6912K, reserved 1114112K
  class space    used 775K, committed 832K, reserved 1048576K
}
Event: 0.765 GC heap after
{Heap after GC invocations=2 (full 0):
 garbage-first heap   total 129024K, used 7552K [0x0000000082400000, 0x0000000100000000)
  region size 1024K, 1 young (1024K), 1 survivors (1024K)
 Metaspace       used 6747K, committed 6912K, reserved 1114112K
  class space    used 775K, committed 832K, reserved 1048576K
}
Event: 1.208 GC heap before
{Heap before GC invocations=2 (full 0):
 garbage-first heap   total 129024K, used 35200K [0x0000000082400000, 0x0000000100000000)
  region size 1024K, 29 young (29696K), 1 survivors (1024K)
 Metaspace       used 14435K, committed 14656K, reserved 1114112K
  class space    used 1692K, committed 1792K, reserved 1048576K
}
Event: 1.212 GC heap after
{Heap after GC invocations=3 (full 0):
 garbage-first heap   total 129024K, used 10142K [0x0000000082400000, 0x0000000100000000)
  region size 1024K, 4 young (4096K), 4 survivors (4096K)
 Metaspace       used 14435K, committed 14656K, reserved 1114112K
  class space    used 1692K, committed 1792K, reserved 1048576K
}

Dll operation events (12 events):
Event: 0.007 Loaded shared library C:\Program Files\Java\jdk-20\bin\java.dll
Event: 0.017 Loaded shared library C:\Program Files\Java\jdk-20\bin\jsvml.dll
Event: 0.116 Loaded shared library C:\Program Files\Java\jdk-20\bin\zip.dll
Event: 0.118 Loaded shared library C:\Program Files\Java\jdk-20\bin\instrument.dll
Event: 0.123 Loaded shared library C:\Program Files\Java\jdk-20\bin\net.dll
Event: 0.124 Loaded shared library C:\Program Files\Java\jdk-20\bin\nio.dll
Event: 0.127 Loaded shared library C:\Program Files\Java\jdk-20\bin\zip.dll
Event: 0.250 Loaded shared library C:\Program Files\JetBrains\IntelliJ IDEA Community Edition 2023.1.3\bin\breakgen64.dll
Event: 0.258 Loaded shared library C:\Program Files\Java\jdk-20\bin\extnet.dll
Event: 0.283 Loaded shared library C:\Program Files\Java\jdk-20\bin\jimage.dll
Event: 0.540 Loaded shared library C:\Program Files\Java\jdk-20\bin\management.dll
Event: 0.542 Loaded shared library C:\Program Files\Java\jdk-20\bin\management_ext.dll

Deoptimization events (20 events):
Event: 1.540 Thread 0x000002c9cc251be0 DEOPT PACKING pc=0x000002c9baa58fc0 sp=0x000000d4867fcbb0
Event: 1.540 Thread 0x000002c9cc251be0 DEOPT UNPACKING pc=0x000002c9ba4a9d22 sp=0x000000d4867fcae8 mode 2
Event: 1.567 Thread 0x000002c9cc251be0 Uncommon trap: trap_request=0xffffffc6 fr.pc=0x000002c9baa8e484 relative=0x0000000000000344
Event: 1.567 Thread 0x000002c9cc251be0 Uncommon trap: reason=bimorphic_or_optimized_type_check action=maybe_recompile pc=0x000002c9baa8e484 method=java.util.HashMap.getNode(Ljava/lang/Object;)Ljava/util/HashMap$Node; @ 128 c2
Event: 1.567 Thread 0x000002c9cc251be0 DEOPT PACKING pc=0x000002c9baa8e484 sp=0x000000d4867fe5a0
Event: 1.567 Thread 0x000002c9cc251be0 DEOPT UNPACKING pc=0x000002c9ba4a9d22 sp=0x000000d4867fe4c8 mode 2
Event: 1.601 Thread 0x000002c9cc251be0 Uncommon trap: trap_request=0xffffffc6 fr.pc=0x000002c9baa8e484 relative=0x0000000000000344
Event: 1.601 Thread 0x000002c9cc251be0 Uncommon trap: reason=bimorphic_or_optimized_type_check action=maybe_recompile pc=0x000002c9baa8e484 method=java.util.HashMap.getNode(Ljava/lang/Object;)Ljava/util/HashMap$Node; @ 128 c2
Event: 1.601 Thread 0x000002c9cc251be0 DEOPT PACKING pc=0x000002c9baa8e484 sp=0x000000d4867fe5a0
Event: 1.602 Thread 0x000002c9cc251be0 DEOPT UNPACKING pc=0x000002c9ba4a9d22 sp=0x000000d4867fe4c8 mode 2
Event: 1.622 Thread 0x000002c9cc251be0 Uncommon trap: trap_request=0xffffff45 fr.pc=0x000002c9baab3898 relative=0x0000000000000b58
Event: 1.623 Thread 0x000002c9cc251be0 Uncommon trap: reason=unstable_if action=reinterpret pc=0x000002c9baab3898 method=jdk.internal.jimage.ImageStringsReader.stringFromByteBufferMatches(Ljava/nio/ByteBuffer;ILjava/lang/String;I)I @ 48 c2
Event: 1.623 Thread 0x000002c9cc251be0 DEOPT PACKING pc=0x000002c9baab3898 sp=0x000000d4867fdbf0
Event: 1.623 Thread 0x000002c9cc251be0 DEOPT UNPACKING pc=0x000002c9ba4a9d22 sp=0x000000d4867fd928 mode 2
Event: 1.642 Thread 0x000002c9cc251be0 DEOPT PACKING pc=0x000002c9b2f5bab1 sp=0x000000d4867fdce0
Event: 1.642 Thread 0x000002c9cc251be0 DEOPT UNPACKING pc=0x000002c9ba4aa4c2 sp=0x000000d4867fd1e0 mode 0
Event: 1.663 Thread 0x000002c9cc251be0 Uncommon trap: trap_request=0xffffffc6 fr.pc=0x000002c9baa8d388 relative=0x00000000000002c8
Event: 1.663 Thread 0x000002c9cc251be0 Uncommon trap: reason=bimorphic_or_optimized_type_check action=maybe_recompile pc=0x000002c9baa8d388 method=java.util.HashMap.getNode(Ljava/lang/Object;)Ljava/util/HashMap$Node; @ 128 c2
Event: 1.663 Thread 0x000002c9cc251be0 DEOPT PACKING pc=0x000002c9baa8d388 sp=0x000000d4867fe460
Event: 1.663 Thread 0x000002c9cc251be0 DEOPT UNPACKING pc=0x000002c9ba4a9d22 sp=0x000000d4867fe3d8 mode 2

Classes loaded (20 events):
Event: 1.259 Loading class java/util/stream/SortedOps$AbstractRefSortingSink done
Event: 1.259 Loading class java/util/stream/SortedOps$RefSortingSink done
Event: 1.259 Loading class sun/nio/fs/WindowsPath$WindowsPathWithAttributes
Event: 1.259 Loading class sun/nio/fs/BasicFileAttributesHolder
Event: 1.259 Loading class sun/nio/fs/BasicFileAttributesHolder done
Event: 1.259 Loading class sun/nio/fs/WindowsPath$WindowsPathWithAttributes done
Event: 1.259 Loading class java/util/StringTokenizer
Event: 1.259 Loading class java/util/StringTokenizer done
Event: 1.260 Loading class java/util/regex/Pattern$LazyLoop
Event: 1.260 Loading class java/util/regex/Pattern$Loop
Event: 1.260 Loading class java/util/regex/Pattern$Loop done
Event: 1.260 Loading class java/util/regex/Pattern$LazyLoop done
Event: 1.260 Loading class java/util/regex/Pattern$Prolog
Event: 1.260 Loading class java/util/regex/Pattern$Prolog done
Event: 1.269 Loading class java/lang/AssertionError
Event: 1.269 Loading class java/lang/AssertionError done
Event: 1.414 Loading class javax/naming/ldap/LdapContext
Event: 1.414 Loading class javax/naming/directory/DirContext
Event: 1.414 Loading class javax/naming/directory/DirContext done
Event: 1.414 Loading class javax/naming/ldap/LdapContext done

Classes unloaded (0 events):
No events

Classes redefined (0 events):
No events

Internal exceptions (20 events):
Event: 0.919 Thread 0x000002c9cc251be0 Exception <a 'java/lang/NoSuchMethodError'{0x0000000089c9acb0}: 'java.lang.Object java.lang.invoke.DirectMethodHandle$Holder.invokeStatic(java.lang.Object, long, java.lang.Object)'> (0x0000000089c9acb0) 
thrown [s\open\src\hotspot\share\interpreter\linkResolver.cpp, line 773]
Event: 0.919 Thread 0x000002c9cc251be0 Exception <a 'java/lang/NoSuchMethodError'{0x0000000089c9e308}: 'java.lang.Object java.lang.invoke.DirectMethodHandle$Holder.invokeStaticInit(java.lang.Object, long, java.lang.Object)'> (0x0000000089c9e308) 
thrown [s\open\src\hotspot\share\interpreter\linkResolver.cpp, line 773]
Event: 0.920 Thread 0x000002c9cc251be0 Exception <a 'java/lang/NoSuchMethodError'{0x0000000089ca4030}: 'java.lang.Object java.lang.invoke.DirectMethodHandle$Holder.newInvokeSpecial(java.lang.Object, long)'> (0x0000000089ca4030) 
thrown [s\open\src\hotspot\share\interpreter\linkResolver.cpp, line 773]
Event: 0.932 Thread 0x000002c9cc251be0 Exception <a 'java/lang/NoSuchMethodError'{0x0000000089ceb1c0}: 'void java.lang.invoke.DirectMethodHandle$Holder.invokeVirtual(java.lang.Object, java.lang.Object, java.lang.Object, java.lang.Object)'> (0x0000000089ceb1c0) 
thrown [s\open\src\hotspot\share\interpreter\linkResolver.cpp, line 773]
Event: 0.967 Thread 0x000002c9cc251be0 Exception <a 'java/lang/NoSuchMethodError'{0x0000000089a204f8}: 'void java.lang.invoke.DirectMethodHandle$Holder.invokeSpecial(java.lang.Object, java.lang.Object, java.lang.Object, java.lang.Object, java.lang.Object)'> (0x0000000089a204f8) 
thrown [s\open\src\hotspot\share\interpreter\linkResolver.cpp, line 773]
Event: 0.973 Thread 0x000002c9cc6dbf40 Exception <a 'java/lang/NoClassDefFoundError'{0x0000000089a69150}: jakarta/validation/Validation> (0x0000000089a69150) 
thrown [s\open\src\hotspot\share\classfile\systemDictionary.cpp, line 294]
Event: 0.977 Thread 0x000002c9cc251be0 Exception <a 'java/lang/IncompatibleClassChangeError'{0x0000000089a4c730}: Found class java.lang.Object, but interface was expected> (0x0000000089a4c730) 
thrown [s\open\src\hotspot\share\interpreter\linkResolver.cpp, line 840]
Event: 0.982 Thread 0x000002c9cc251be0 Exception <a 'java/lang/NoSuchMethodError'{0x0000000089ad5ae8}: 'java.lang.Object java.lang.invoke.DirectMethodHandle$Holder.invokeStaticInit(java.lang.Object, int)'> (0x0000000089ad5ae8) 
thrown [s\open\src\hotspot\share\interpreter\linkResolver.cpp, line 773]
Event: 0.983 Thread 0x000002c9cc251be0 Exception <a 'java/lang/NoSuchMethodError'{0x0000000089ae0e58}: 'java.lang.Object java.lang.invoke.DirectMethodHandle$Holder.invokeStatic(java.lang.Object, int, java.lang.Object)'> (0x0000000089ae0e58) 
thrown [s\open\src\hotspot\share\interpreter\linkResolver.cpp, line 773]
Event: 0.983 Thread 0x000002c9cc251be0 Exception <a 'java/lang/NoSuchMethodError'{0x0000000089ae44a8}: 'java.lang.Object java.lang.invoke.DirectMethodHandle$Holder.invokeStaticInit(java.lang.Object, int, java.lang.Object)'> (0x0000000089ae44a8) 
thrown [s\open\src\hotspot\share\interpreter\linkResolver.cpp, line 773]
Event: 1.100 Thread 0x000002c9cc251be0 Exception <a 'java/lang/NoSuchMethodError'{0x0000000088e493b8}: 'int java.lang.invoke.Invokers$Holder.invokeExact_MT(java.lang.Object, java.lang.Object)'> (0x0000000088e493b8) 
thrown [s\open\src\hotspot\share\interpreter\linkResolver.cpp, line 773]
Event: 1.255 Thread 0x000002c9cc251be0 Exception <a 'java/lang/NoSuchMethodError'{0x0000000089e8efd8}: 'int java.lang.invoke.DirectMethodHandle$Holder.invokeSpecial(java.lang.Object, java.lang.Object, java.lang.Object, java.lang.Object, java.lang.Object)'> (0x0000000089e8efd8) 
thrown [s\open\src\hotspot\share\interpreter\linkResolver.cpp, line 773]
Event: 1.257 Thread 0x000002c9cc251be0 Exception <a 'java/lang/NoSuchMethodError'{0x0000000089eee978}: 'void java.lang.invoke.DirectMethodHandle$Holder.invokeVirtual(java.lang.Object, java.lang.Object)'> (0x0000000089eee978) 
thrown [s\open\src\hotspot\share\interpreter\linkResolver.cpp, line 773]
Event: 1.262 Thread 0x000002c9cc6dbf40 Exception <a 'java/lang/NoSuchMethodError'{0x0000000089d28d50}: 'long java.lang.invoke.DirectMethodHandle$Holder.invokeSpecial(java.lang.Object, java.lang.Object)'> (0x0000000089d28d50) 
thrown [s\open\src\hotspot\share\interpreter\linkResolver.cpp, line 773]
Event: 1.264 Thread 0x000002c9cc6dbf40 Exception <a 'java/lang/NoSuchMethodError'{0x0000000089d6ce68}: 'long java.lang.invoke.DirectMethodHandle$Holder.invokeStatic(java.lang.Object, java.lang.Object)'> (0x0000000089d6ce68) 
thrown [s\open\src\hotspot\share\interpreter\linkResolver.cpp, line 773]
Event: 1.264 Thread 0x000002c9cc6dbf40 Exception <a 'java/lang/NoSuchMethodError'{0x0000000089d701d0}: 'long java.lang.invoke.DirectMethodHandle$Holder.invokeStaticInit(java.lang.Object, java.lang.Object)'> (0x0000000089d701d0) 
thrown [s\open\src\hotspot\share\interpreter\linkResolver.cpp, line 773]
Event: 1.266 Thread 0x000002c9cc6dbf40 Exception <a 'java/lang/NoSuchMethodError'{0x0000000089d7de30}: 'long java.lang.invoke.DirectMethodHandle$Holder.invokeInterface(java.lang.Object, java.lang.Object)'> (0x0000000089d7de30) 
thrown [s\open\src\hotspot\share\interpreter\linkResolver.cpp, line 773]
Event: 1.267 Thread 0x000002c9cc6dbf40 Exception <a 'java/lang/IncompatibleClassChangeError'{0x0000000089d810e0}: Found class java.lang.Object, but interface was expected> (0x0000000089d810e0) 
thrown [s\open\src\hotspot\share\interpreter\linkResolver.cpp, line 840]
Event: 1.275 Thread 0x000002c9cc6dbf40 Exception <a 'java/lang/NoSuchMethodError'{0x0000000089c5cdd0}: 'java.lang.Object java.lang.invoke.DirectMethodHandle$Holder.invokeVirtual(java.lang.Object, java.lang.Object, java.lang.Object, java.lang.Object)'> (0x0000000089c5cdd0) 
thrown [s\open\src\hotspot\share\interpreter\linkResolver.cpp, line 773]
Event: 1.466 Thread 0x000002c9cc251be0 Exception <a 'java/lang/IncompatibleClassChangeError'{0x00000000893569b0}: Found class java.lang.Object, but interface was expected> (0x00000000893569b0) 
thrown [s\open\src\hotspot\share\interpreter\linkResolver.cpp, line 840]

VM Operations (20 events):
Event: 0.964 Executing VM operation: HandshakeAllThreads
Event: 0.964 Executing VM operation: HandshakeAllThreads done
Event: 0.964 Executing VM operation: HandshakeAllThreads
Event: 0.964 Executing VM operation: HandshakeAllThreads done
Event: 1.083 Executing VM operation: ICBufferFull
Event: 1.083 Executing VM operation: ICBufferFull done
Event: 1.110 Executing VM operation: HandshakeAllThreads
Event: 1.110 Executing VM operation: HandshakeAllThreads done
Event: 1.188 Executing VM operation: HandshakeAllThreads
Event: 1.188 Executing VM operation: HandshakeAllThreads done
Event: 1.208 Executing VM operation: G1CollectForAllocation
Event: 1.212 Executing VM operation: G1CollectForAllocation done
Event: 1.229 Executing VM operation: HandshakeAllThreads
Event: 1.229 Executing VM operation: HandshakeAllThreads done
Event: 1.243 Executing VM operation: HandshakeAllThreads
Event: 1.243 Executing VM operation: HandshakeAllThreads done
Event: 1.613 Executing VM operation: ICBufferFull
Event: 1.613 Executing VM operation: ICBufferFull done
Event: 1.853 Executing VM operation: ICBufferFull
Event: 1.853 Executing VM operation: ICBufferFull done

Events (19 events):
Event: 0.017 Thread 0x000002c9a96e4d30 Thread added: 0x000002c9a96e4d30
Event: 0.030 Thread 0x000002c9c76d64e0 Thread added: 0x000002c9c76d64e0
Event: 0.030 Thread 0x000002c9c76d72e0 Thread added: 0x000002c9c76d72e0
Event: 0.031 Thread 0x000002c9c76d8470 Thread added: 0x000002c9c76d8470
Event: 0.031 Thread 0x000002c9c76da120 Thread added: 0x000002c9c76da120
Event: 0.031 Thread 0x000002c9c76dcb70 Thread added: 0x000002c9c76dcb70
Event: 0.031 Thread 0x000002c9c76dd4b0 Thread added: 0x000002c9c76dd4b0
Event: 0.031 Thread 0x000002c9c76e0130 Thread added: 0x000002c9c76e0130
Event: 0.033 Thread 0x000002c9c770e570 Thread added: 0x000002c9c770e570
Event: 0.094 Thread 0x000002c9cb9efba0 Thread added: 0x000002c9cb9efba0
Event: 0.152 Thread 0x000002c9cbbdd950 Thread added: 0x000002c9cbbdd950
Event: 0.250 Thread 0x000002c9cbd0e3e0 Thread added: 0x000002c9cbd0e3e0
Event: 0.250 Thread 0x000002c9cbd0e930 Thread added: 0x000002c9cbd0e930
Event: 0.588 Thread 0x000002c9cc632f30 Thread added: 0x000002c9cc632f30
Event: 0.590 Thread 0x000002c9cc251be0 Thread added: 0x000002c9cc251be0
Event: 0.970 Thread 0x000002c9cc6dbf40 Thread added: 0x000002c9cc6dbf40
Event: 1.277 Thread 0x000002c9cc6dbf40 Thread exited: 0x000002c9cc6dbf40
Event: 1.395 Thread 0x000002c9ccc38f80 Thread added: 0x000002c9ccc38f80
Event: 1.456 Thread 0x000002c9ccc38f80 Thread exited: 0x000002c9ccc38f80


Dynamic libraries:
0x00007ff68e240000 - 0x00007ff68e250000 	C:\Program Files\Java\jdk-20\bin\java.exe
0x00007fffbff30000 - 0x00007fffc00f1000 	C:\Windows\SYSTEM32\ntdll.dll
0x00007fffbfc20000 - 0x00007fffbfccd000 	C:\Windows\system32\KERNEL32.DLL
0x00007fffbc6d0000 - 0x00007fffbc8b8000 	C:\Windows\system32\KERNELBASE.dll
0x00007fffa6b40000 - 0x00007fffa6b59000 	C:\Program Files\Java\jdk-20\bin\jli.dll
0x00007fffa6580000 - 0x00007fffa659b000 	C:\Program Files\Java\jdk-20\bin\VCRUNTIME140.dll
0x00007fffbb3b0000 - 0x00007fffbb4a4000 	C:\Windows\SYSTEM32\ucrtbase.dll
0x00007fffbd7c0000 - 0x00007fffbd867000 	C:\Windows\system32\ADVAPI32.dll
0x00007fffbd880000 - 0x00007fffbd91d000 	C:\Windows\system32\msvcrt.dll
0x00007fffbfa60000 - 0x00007fffbfabb000 	C:\Windows\system32\sechost.dll
0x00007fffbfd30000 - 0x00007fffbfe4c000 	C:\Windows\system32\RPCRT4.dll
0x00007fffbe190000 - 0x00007fffbe2e6000 	C:\Windows\system32\USER32.dll
0x00007fffbd630000 - 0x00007fffbd7b6000 	C:\Windows\system32\GDI32.dll
0x00007fffaf050000 - 0x00007fffaf2c4000 	C:\Windows\WinSxS\amd64_microsoft.windows.common-controls_6595b64144ccf1df_6.0.10586.0_none_8c15ae12515e1c22\COMCTL32.dll
0x00007fffbd330000 - 0x00007fffbd5ad000 	C:\Windows\system32\combase.dll
0x00007fffbd100000 - 0x00007fffbd16a000 	C:\Windows\system32\bcryptPrimitives.dll
0x00007fffbabe0000 - 0x00007fffbabea000 	C:\Windows\SYSTEM32\VERSION.dll
0x00007fffbfbe0000 - 0x00007fffbfc1b000 	C:\Windows\system32\IMM32.DLL
0x00007fffb1f60000 - 0x00007fffb1f6c000 	C:\Program Files\Java\jdk-20\bin\vcruntime140_1.dll
0x00007fffa49f0000 - 0x00007fffa4a7e000 	C:\Program Files\Java\jdk-20\bin\msvcp140.dll
0x00007fffa3d50000 - 0x00007fffa49e7000 	C:\Program Files\Java\jdk-20\bin\server\jvm.dll
0x00007fffb9f50000 - 0x00007fffb9f73000 	C:\Windows\SYSTEM32\WINMM.dll
0x00007fffb82d0000 - 0x00007fffb82d9000 	C:\Windows\SYSTEM32\WSOCK32.dll
0x00007fffbdd50000 - 0x00007fffbddbb000 	C:\Windows\system32\WS2_32.dll
0x00007fffb9ef0000 - 0x00007fffb9f1c000 	C:\Windows\SYSTEM32\WINMMBASE.dll
0x00007fffbd2e0000 - 0x00007fffbd323000 	C:\Windows\system32\cfgmgr32.dll
0x00007fffbc5d0000 - 0x00007fffbc5df000 	C:\Windows\system32\kernel.appcore.dll
0x00007fffb1e00000 - 0x00007fffb1e0a000 	C:\Program Files\Java\jdk-20\bin\jimage.dll
0x00007fffbbf40000 - 0x00007fffbc0cc000 	C:\Windows\SYSTEM32\DBGHELP.DLL
0x00007fffbbee0000 - 0x00007fffbbf05000 	C:\Windows\SYSTEM32\dbgcore.DLL
0x00007fffbc110000 - 0x00007fffbc11e000 	C:\Program Files\Java\jdk-20\bin\instrument.dll
0x00007fffa6550000 - 0x00007fffa6576000 	C:\Program Files\Java\jdk-20\bin\java.dll
0x00007fffa3c70000 - 0x00007fffa3d47000 	C:\Program Files\Java\jdk-20\bin\jsvml.dll
0x00007fffbe2f0000 - 0x00007fffbf84c000 	C:\Windows\system32\SHELL32.dll
0x00007fffbcab0000 - 0x00007fffbd0f5000 	C:\Windows\system32\windows.storage.dll
0x00007fffbfcd0000 - 0x00007fffbfd22000 	C:\Windows\system32\shlwapi.dll
0x00007fffbd220000 - 0x00007fffbd2d5000 	C:\Windows\system32\shcore.dll
0x00007fffbc570000 - 0x00007fffbc5bb000 	C:\Windows\system32\powrprof.dll
0x00007fffbc550000 - 0x00007fffbc564000 	C:\Windows\system32\profapi.dll
0x00007fffa6060000 - 0x00007fffa6078000 	C:\Program Files\Java\jdk-20\bin\zip.dll
0x00007fffa60a0000 - 0x00007fffa60b3000 	C:\Program Files\Java\jdk-20\bin\net.dll
0x00007fffb4dc0000 - 0x00007fffb4e88000 	C:\Windows\SYSTEM32\WINHTTP.dll
0x00007fffbbb10000 - 0x00007fffbbb6c000 	C:\Windows\system32\mswsock.dll
0x00007fffa6080000 - 0x00007fffa6096000 	C:\Program Files\Java\jdk-20\bin\nio.dll
0x00007fffb8160000 - 0x00007fffb817a000 	C:\Program Files\JetBrains\IntelliJ IDEA Community Edition 2023.1.3\bin\breakgen64.dll
0x00007fffb1260000 - 0x00007fffb1267000 	C:\Program Files\Java\jdk-20\bin\extnet.dll
0x00007fffb9b10000 - 0x00007fffb9b1a000 	C:\Program Files\Java\jdk-20\bin\management.dll
0x00007fffb86d0000 - 0x00007fffb86db000 	C:\Program Files\Java\jdk-20\bin\management_ext.dll
0x00007fffbfac0000 - 0x00007fffbfac8000 	C:\Windows\system32\PSAPI.DLL

dbghelp: loaded successfully - version: 4.0.5 - missing functions: none
symbol engine: initialized successfully - sym options: 0x614 - pdb path: .;C:\Program Files\Java\jdk-20\bin;C:\Windows\SYSTEM32;C:\Windows\WinSxS\amd64_microsoft.windows.common-controls_6595b64144ccf1df_6.0.10586.0_none_8c15ae12515e1c22;C:\Program Files\Java\jdk-20\bin\server;C:\Program Files\JetBrains\IntelliJ IDEA Community Edition 2023.1.3\bin

VM Arguments:
jvm_args: -javaagent:C:\Program Files\JetBrains\IntelliJ IDEA Community Edition 2023.1.3\lib\idea_rt.jar=50779:C:\Program Files\JetBrains\IntelliJ IDEA Community Edition 2023.1.3\bin -Dfile.encoding=UTF-8 -Dsun.stdout.encoding=UTF-8 -Dsun.stderr.encoding=UTF-8 
java_command: com.example.ElectroJwt.ElectroJwtApplication
java_class_path (initial): C:\Users\ASUS\Downloads\ElectroJwt\target\classes;C:\Users\ASUS\.m2\repository\org\springframework\boot\spring-boot-starter-data-jpa\3.1.1\spring-boot-starter-data-jpa-3.1.1.jar;C:\Users\ASUS\.m2\repository\org\springframework\boot\spring-boot-starter-aop\3.1.1\spring-boot-starter-aop-3.1.1.jar;C:\Users\ASUS\.m2\repository\org\aspectj\aspectjweaver\1.9.19\aspectjweaver-1.9.19.jar;C:\Users\ASUS\.m2\repository\org\springframework\boot\spring-boot-starter-jdbc\3.1.1\spring-boot-starter-jdbc-3.1.1.jar;C:\Users\ASUS\.m2\repository\com\zaxxer\HikariCP\5.0.1\HikariCP-5.0.1.jar;C:\Users\ASUS\.m2\repository\org\springframework\spring-jdbc\6.0.10\spring-jdbc-6.0.10.jar;C:\Users\ASUS\.m2\repository\org\hibernate\orm\hibernate-core\6.2.5.Final\hibernate-core-6.2.5.Final.jar;C:\Users\ASUS\.m2\repository\jakarta\persistence\jakarta.persistence-api\3.1.0\jakarta.persistence-api-3.1.0.jar;C:\Users\ASUS\.m2\repository\jakarta\transaction\jakarta.transaction-api\2.0.1\jakarta.transaction-api-2.0.1.jar;C:\Users\ASUS\.m2\repository\org\jboss\logging\jboss-logging\3.5.1.Final\jboss-logging-3.5.1.Final.jar;C:\Users\ASUS\.m2\repository\org\hibernate\common\hibernate-commons-annotations\6.0.6.Final\hibernate-commons-annotations-6.0.6.Final.jar;C:\Users\ASUS\.m2\repository\io\smallrye\jandex\3.0.5\jandex-3.0.5.jar;C:\Users\ASUS\.m2\repository\com\fasterxml\classmate\1.5.1\classmate-1.5.1.jar;C:\Users\ASUS\.m2\repository\net\bytebuddy\byte-buddy\1.14.5\byte-buddy-1.14.5.jar;C:\Users\ASUS\.m2\repository\org\glassfish\jaxb\jaxb-runtime\4.0.3\jaxb-runtime-4.0.3.jar;C:\Users\ASUS\.m2\repository\org\glassfish\jaxb\jaxb-core\4.0.3\jaxb-core-4.0.3.jar;C:\Users\ASUS\.m2\repository\org\eclipse\angus\angus-activation\2.0.1\angus-activation-2.0.1.jar;C:\Users\ASUS\.m2\repository\org\glassfish\jaxb\txw2\4.0.3\txw2-4.0.3.jar;C:\Users\ASUS\.m2\repository\com\sun\istack\istack-commons-runtime\4.1.2\istack-commons-runtime-4.1.2.jar;C:\Users\ASUS\.m2\repository\jakarta\inject\jakarta.inject-api\2.0.1\jakarta.inject-api-2.0.1.jar;C:\Users\ASUS\.m2\repository\org\antlr\antlr4-runtime\4.10.1\antlr4-runtime-4.10.1.jar;C:\Users\ASUS\.m2\repository\org\springframework\data\spring-data-jpa\3.1.1\spring-data-jpa-3.1.1.jar;C:\Users\ASUS\.m2\repository\org\springframework\data\spring-data-commons\3.1.1\spring-data-commons-3.1.1.jar;C:\Users\ASUS\.m2\repository\org\springframework\spring-orm\6.0.10\spring-orm-6.0.10.jar;C:\Users\ASUS\.m2\repository\org\springframework\spring-context\6.0.10\spring-context-6.0.10.jar;C:\Users\ASUS\.m2\repository\org\springframework\spring-tx\6.0.10\spring-tx-6.0.10.jar;C:\Users\ASUS\.m2\repository\org\springframework\spring-beans\6.0.10\spring-beans-6.0.10.jar;C:\Users\ASUS\.m2\repository\jakarta\annotation\jakarta.annotation-api\2.1.1\jakarta.annotation-api-2.1.1.jar;C:\Users\ASUS\.m2\repository\org\slf4j\slf4j-api\2.0.7\slf4j-api-2.0.7.jar;C:\Users\ASUS\.m2\repository\org\springframework\spring-aspects\6.0.10\spring-aspects-6.0.10.jar;C:\Users\ASUS\.m2\repository\org\springframework\boot\spring-boot-starter-data-ldap\3.1.1\spring-boot-starter-data-ldap-3.1.1.jar;C:\Users\ASUS\.m2\repository\org\springframework\boot\spring-boot-starter\3.1.1\spring-boot-starter-3.1.1.jar;C:\Users\ASUS\.m2\repository\org\springframework\boot\spring-boot-starter-logging\3.1.1\spring-boot-starter-logging-3.1.1.jar;C:\Users\ASUS\.m2\repository\ch\qos\logback\logback-classic\1.4.8\logback-classic-1.4.8.jar;C:\Users\ASUS\.m2\repository\ch\qos\logback\logback-core\1.4.8\logback-core-1.4.8.jar;C:\Users\ASUS\.m2\repository\org\apache\logging\log4j\log4j-to-slf4j\2.20.0\log4j-to-slf4j-2.20.0.jar;C:\Users\ASUS\.m2\repository\org\apache\logging\log4j\log4j-api\2.20.0\log4j-api-2.20.0.jar;C:\Users\ASUS\.m2\repository\org\slf4j\jul-to-slf4j\2.0.7\jul-to-slf4j-2.0.7.jar;C:\Users\ASUS\.m2\repository\org\yaml\snakeyaml\1.33\snakeyaml-1.33.jar;C:\Users\ASUS\.m2\repository\org\springframework\data\spring-data-ldap\3.1.1\spring-data-ldap-3.1.1.jar;C:\Users\ASUS\.m2\repository\org\springframework\ldap\spring-ldap-core\3.1.0\spring-ldap-core-3.1.0.jar;C:\Users\ASUS\.m2\repository\org\springframework\boot\spring-boot-starter-data-mongodb\3.1.1\spring-boot-starter-data-mongodb-3.1.1.jar;C:\Users\ASUS\.m2\repository\org\mongodb\mongodb-driver-sync\4.9.1\mongodb-driver-sync-4.9.1.jar;C:\Users\ASUS\.m2\repository\org\mongodb\bson\4.9.1\bson-4.9.1.jar;C:\Users\ASUS\.m2\repository\org\mongodb\mongodb-driver-core\4.9.1\mongodb-driver-core-4.9.1.jar;C:\Users\ASUS\.m2\repository\org\mongodb\bson-record-codec\4.9.1\bson-record-codec-4.9.1.jar;C:\Users\ASUS\.m2\repository\org\springframework\data\spring-data-mongodb\4.1.1\spring-data-mongodb-4.1.1.jar;C:\Users\ASUS\.m2\repository\org\springframework\spring-expression\6.0.10\spring-expression-6.0.10.jar;C:\Users\ASUS\.m2\repository\org\springframework\boot\spring-boot-starter-security\3.1.1\spring-boot-starter-security-3.1.1.jar;C:\Users\ASUS\.m2\repository\org\springframework\spring-aop\6.0.10\spring-aop-6.0.10.jar;C:\Users\ASUS\.m2\repository\org\springframework\security\spring-security-config\6.1.1\spring-security-config-6.1.1.jar;C:\Users\ASUS\.m2\repository\org\springframework\security\spring-security-web\6.1.1\spring-security-web-6.1.1.jar;C:\Users\ASUS\.m2\repository\org\springframework\boot\spring-boot-starter-web\3.1.1\spring-boot-starter-web-3.1.1.jar;C:\Users\ASUS\.m2\repository\org\springframework\boot\spring-boot-starter-json\3.1.1\spring-boot-starter-json-3.1.1.jar;C:\Users\ASUS\.m2\repository\com\fasterxml\jackson\datatype\jackson-datatype-jdk8\2.15.2\jackson-datatype-jdk8-2.15.2.jar;C:\Users\ASUS\.m2\repository\com\fasterxml\jackson\datatype\jackson-datatype-jsr310\2.15.2\jackson-datatype-jsr310-2.15.2.jar;C:\Users\ASUS\.m2\repository\com\fasterxml\jackson\module\jackson-module-parameter-names\2.15.2\jackson-module-parameter-names-2.15.2.jar;C:\Users\ASUS\.m2\repository\org\springframework\boot\spring-boot-starter-tomcat\3.1.1\spring-boot-starter-tomcat-3.1.1.jar;C:\Users\ASUS\.m2\repository\org\apache\tomcat\embed\tomcat-embed-core\10.1.10\tomcat-embed-core-10.1.10.jar;C:\Users\ASUS\.m2\repository\org\apache\tomcat\embed\tomcat-embed-el\10.1.10\tomcat-embed-el-10.1.10.jar;C:\Users\ASUS\.m2\repository\org\apache\tomcat\embed\tomcat-embed-websocket\10.1.10\tomcat-embed-websocket-10.1.10.jar;C:\Users\ASUS\.m2\repository\org\springframework\spring-web\6.0.10\spring-web-6.0.10.jar;C:\Users\ASUS\.m2\repository\io\micrometer\micrometer-observation\1.11.1\micrometer-observation-1.11.1.jar;C:\Users\ASUS\.m2\repository\io\micrometer\micrometer-commons\1.11.1\micrometer-commons-1.11.1.jar;C:\Users\ASUS\.m2\repository\org\springframework\spring-webmvc\6.0.10\spring-webmvc-6.0.10.jar;C:\Users\ASUS\.m2\repository\org\springframework\boot\spring-boot-devtools\3.1.1\spring-boot-devtools-3.1.1.jar;C:\Users\ASUS\.m2\repository\org\springframework\boot\spring-boot\3.1.1\spring-boot-3.1.1.jar;C:\Users\ASUS\.m2\repository\org\springframework\boot\spring-boot-autoconfigure\3.1.1\spring-boot-autoconfigure-3.1.1.jar;C:\Users\ASUS\.m2\repository\org\projectlombok\lombok\1.18.28\lombok-1.18.28.jar;C:\Users\ASUS\.m2\repository\io\jsonwebtoken\jjwt-api\0.11.5\jjwt-api-0.11.5.jar;C:\Users\ASUS\.m2\repository\io\jsonwebtoken\jjwt-impl\0.11.5\jjwt-impl-0.11.5.jar;C:\Users\ASUS\.m2\repository\io\jsonwebtoken\jjwt-jackson\0.11.5\jjwt-jackson-0.11.5.jar;C:\Users\ASUS\.m2\repository\com\fasterxml\jackson\core\jackson-databind\2.15.2\jackson-databind-2.15.2.jar;C:\Users\ASUS\.m2\repository\com\fasterxml\jackson\core\jackson-annotations\2.15.2\jackson-annotations-2.15.2.jar;C:\Users\ASUS\.m2\repository\com\fasterxml\jackson\core\jackson-core\2.15.2\jackson-core-2.15.2.jar;C:\Users\ASUS\.m2\repository\jakarta\xml\bind\jakarta.xml.bind-api\4.0.0\jakarta.xml.bind-api-4.0.0.jar;C:\Users\ASUS\.m2\repository\jakarta\activation\jakarta.activation-api\2.1.2\jakarta.activation-api-2.1.2.jar;C:\Users\ASUS\.m2\repository\org\springframework\spring-core\6.0.10\spring-core-6.0.10.jar;C:\Users\ASUS\.m2\repository\org\springframework\spring-jcl\6.0.10\spring-jcl-6.0.10.jar;C:\Users\ASUS\.m2\repository\org\springframework\security\spring-security-core\6.1.1\spring-security-core-6.1.1.jar;C:\Users\ASUS\.m2\repository\org\springframework\security\spring-security-crypto\6.1.1\spring-security-crypto-6.1.1.jar
Launcher Type: SUN_STANDARD

[Global flags]
     intx CICompilerCount                          = 3                                         {product} {ergonomic}
     uint ConcGCThreads                            = 1                                         {product} {ergonomic}
     uint G1ConcRefinementThreads                  = 4                                         {product} {ergonomic}
   size_t G1HeapRegionSize                         = 1048576                                   {product} {ergonomic}
    uintx GCDrainStackTargetSize                   = 64                                        {product} {ergonomic}
   size_t InitialHeapSize                          = 132120576                                 {product} {ergonomic}
   size_t MarkStackSize                            = 4194304                                   {product} {ergonomic}
   size_t MaxHeapSize                              = 2109734912                                {product} {ergonomic}
   size_t MaxNewSize                               = 1265631232                                {product} {ergonomic}
   size_t MinHeapDeltaBytes                        = 1048576                                   {product} {ergonomic}
   size_t MinHeapSize                              = 8388608                                   {product} {ergonomic}
    uintx NonNMethodCodeHeapSize                   = 5832780                                {pd product} {ergonomic}
    uintx NonProfiledCodeHeapSize                  = 122912730                              {pd product} {ergonomic}
    uintx ProfiledCodeHeapSize                     = 122912730                              {pd product} {ergonomic}
    uintx ReservedCodeCacheSize                    = 251658240                              {pd product} {ergonomic}
     bool SegmentedCodeCache                       = true                                      {product} {ergonomic}
   size_t SoftMaxHeapSize                          = 2109734912                             {manageable} {ergonomic}
     bool UseCompressedClassPointers               = true                           {product lp64_product} {ergonomic}
     bool UseCompressedOops                        = true                           {product lp64_product} {ergonomic}
     bool UseG1GC                                  = true                                      {product} {ergonomic}
     bool UseLargePagesIndividualAllocation        = false                                  {pd product} {ergonomic}

Logging:
Log output configuration:
 #0: stdout all=warning uptime,level,tags foldmultilines=false
 #1: stderr all=off uptime,level,tags foldmultilines=false

Environment Variables:
PATH=C:\Program Files\Common Files\Oracle\Java\javapath;C:\Windows\system32;C:\Windows;C:\Windows\System32\Wbem;C:\Windows\System32\WindowsPowerShell\v1.0\;C:\MinGW\bin;C:\Program Files\nodejs\;C:\Program Files\Git\cmd;C:\ProgramData\Microsoft\Windows\Start Menu\Programs\Node.js;C:\Program Files\Java\jdk-20\bin;C:\Program Files\MongoDB\Server\5.0\bin;C:\Users\ASUS\AppData\Local\Programs\Microsoft VS Code\bin;C:\Users\ASUS\AppData\Roaming\npm;C:\Program Files\JetBrains\IntelliJ IDEA 2023.1.3\bin;;C:\Program Files\JetBrains\IntelliJ IDEA Community Edition 2023.1.3\bin;;C:\Users\ASUS\AppData\Local\GitHubDesktop\bin
USERNAME=ASUS
OS=Windows_NT
PROCESSOR_IDENTIFIER=Intel64 Family 6 Model 142 Stepping 12, GenuineIntel
TMP=C:\Users\ASUS\AppData\Local\Temp
TEMP=C:\Users\ASUS\AppData\Local\Temp




---------------  S Y S T E M  ---------------

OS:
 Windows 10 , 64 bit Build 10586 (10.0.10586.0)
OS uptime: 0 days 1:22 hours

CPU: total 4 (initial active 4) (2 cores per cpu, 2 threads per core) family 6 model 142 stepping 12 microcode 0xde, cx8, cmov, fxsr, ht, mmx, 3dnowpref, sse, sse2, sse3, ssse3, sse4.1, sse4.2, popcnt, lzcnt, tsc, tscinvbit, avx, avx2, aes, erms, clmul, bmi1, bmi2, adx, fma, vzeroupper, clflush, clflushopt, rdtscp, f16c

Memory: 4k page, system-wide physical 8045M (3040M free)
TotalPageFile size 9965M (AvailPageFile size 3516M)
current process WorkingSet (physical memory assigned to process): 137M, peak: 138M
current process commit charge ("private bytes"): 257M, peak: 259M

vm_info: Java HotSpot(TM) 64-Bit Server VM (20.0.1+9-29) for windows-amd64 JRE (20.0.1+9-29), built on 2023-03-07T13:56:11Z by "mach5one" with MS VC++ 17.1 (VS2022)

END.
